ARM GAS  C:\Users\PIET~1.COU\AppData\Local\Temp\cczSUzTi.s 			page 1


   1              		.syntax unified
   2              		.cpu cortex-m3
   3              		.fpu softvfp
   4              		.eabi_attribute 20, 1
   5              		.eabi_attribute 21, 1
   6              		.eabi_attribute 23, 3
   7              		.eabi_attribute 24, 1
   8              		.eabi_attribute 25, 1
   9              		.eabi_attribute 26, 1
  10              		.eabi_attribute 30, 4
  11              		.eabi_attribute 34, 1
  12              		.eabi_attribute 18, 4
  13              		.thumb
  14              		.file	"I2S_1_PM.c"
  15              		.text
  16              	.Ltext0:
  17              		.cfi_sections	.debug_frame
  18              		.section	.text.I2S_1_SaveConfig,"ax",%progbits
  19              		.align	1
  20              		.global	I2S_1_SaveConfig
  21              		.thumb
  22              		.thumb_func
  23              		.type	I2S_1_SaveConfig, %function
  24              	I2S_1_SaveConfig:
  25              	.LFB0:
  26              		.file 1 ".\\Generated_Source\\PSoC5\\I2S_1_PM.c"
   1:.\Generated_Source\PSoC5/I2S_1_PM.c **** /*******************************************************************************
   2:.\Generated_Source\PSoC5/I2S_1_PM.c **** * File Name: I2S_1_PM.c
   3:.\Generated_Source\PSoC5/I2S_1_PM.c **** * Version 2.60
   4:.\Generated_Source\PSoC5/I2S_1_PM.c **** *
   5:.\Generated_Source\PSoC5/I2S_1_PM.c **** * Description:
   6:.\Generated_Source\PSoC5/I2S_1_PM.c **** *  This file contains the setup, control and status commands to support
   7:.\Generated_Source\PSoC5/I2S_1_PM.c **** *  component operations in low power mode.
   8:.\Generated_Source\PSoC5/I2S_1_PM.c **** *
   9:.\Generated_Source\PSoC5/I2S_1_PM.c **** * Note:
  10:.\Generated_Source\PSoC5/I2S_1_PM.c **** *
  11:.\Generated_Source\PSoC5/I2S_1_PM.c **** ********************************************************************************
  12:.\Generated_Source\PSoC5/I2S_1_PM.c **** * Copyright 2008-2014, Cypress Semiconductor Corporation.  All rights reserved.
  13:.\Generated_Source\PSoC5/I2S_1_PM.c **** * You may use this file only in accordance with the license, terms, conditions,
  14:.\Generated_Source\PSoC5/I2S_1_PM.c **** * disclaimers, and limitations in the end user license agreement accompanying
  15:.\Generated_Source\PSoC5/I2S_1_PM.c **** * the software package with which this file was provided.
  16:.\Generated_Source\PSoC5/I2S_1_PM.c **** *******************************************************************************/
  17:.\Generated_Source\PSoC5/I2S_1_PM.c **** 
  18:.\Generated_Source\PSoC5/I2S_1_PM.c **** #include "I2S_1.h"
  19:.\Generated_Source\PSoC5/I2S_1_PM.c **** 
  20:.\Generated_Source\PSoC5/I2S_1_PM.c **** static I2S_1_BACKUP_STRUCT  I2S_1_backup = {0u};
  21:.\Generated_Source\PSoC5/I2S_1_PM.c **** 
  22:.\Generated_Source\PSoC5/I2S_1_PM.c **** 
  23:.\Generated_Source\PSoC5/I2S_1_PM.c **** /*******************************************************************************
  24:.\Generated_Source\PSoC5/I2S_1_PM.c **** * Function Name: I2S_1_SaveConfig
  25:.\Generated_Source\PSoC5/I2S_1_PM.c **** ********************************************************************************
  26:.\Generated_Source\PSoC5/I2S_1_PM.c **** *
  27:.\Generated_Source\PSoC5/I2S_1_PM.c **** * Summary:
  28:.\Generated_Source\PSoC5/I2S_1_PM.c **** *  Empty function. Left to preserve backward compatibility.
  29:.\Generated_Source\PSoC5/I2S_1_PM.c **** *
  30:.\Generated_Source\PSoC5/I2S_1_PM.c **** * Parameters:
  31:.\Generated_Source\PSoC5/I2S_1_PM.c **** *  None.
ARM GAS  C:\Users\PIET~1.COU\AppData\Local\Temp\cczSUzTi.s 			page 2


  32:.\Generated_Source\PSoC5/I2S_1_PM.c **** *
  33:.\Generated_Source\PSoC5/I2S_1_PM.c **** * Return:
  34:.\Generated_Source\PSoC5/I2S_1_PM.c **** *  None.
  35:.\Generated_Source\PSoC5/I2S_1_PM.c **** *
  36:.\Generated_Source\PSoC5/I2S_1_PM.c **** *******************************************************************************/
  37:.\Generated_Source\PSoC5/I2S_1_PM.c **** void I2S_1_SaveConfig(void) 
  38:.\Generated_Source\PSoC5/I2S_1_PM.c **** {
  27              		.loc 1 38 0
  28              		.cfi_startproc
  29              		@ args = 0, pretend = 0, frame = 0
  30              		@ frame_needed = 0, uses_anonymous_args = 0
  31              		@ link register save eliminated.
  32 0000 7047     		bx	lr
  33              		.cfi_endproc
  34              	.LFE0:
  35              		.size	I2S_1_SaveConfig, .-I2S_1_SaveConfig
  36              		.section	.text.I2S_1_RestoreConfig,"ax",%progbits
  37              		.align	1
  38              		.global	I2S_1_RestoreConfig
  39              		.thumb
  40              		.thumb_func
  41              		.type	I2S_1_RestoreConfig, %function
  42              	I2S_1_RestoreConfig:
  43              	.LFB1:
  39:.\Generated_Source\PSoC5/I2S_1_PM.c ****     /* Nothing to save. All registers are retention. */
  40:.\Generated_Source\PSoC5/I2S_1_PM.c **** }
  41:.\Generated_Source\PSoC5/I2S_1_PM.c **** 
  42:.\Generated_Source\PSoC5/I2S_1_PM.c **** 
  43:.\Generated_Source\PSoC5/I2S_1_PM.c **** /*******************************************************************************
  44:.\Generated_Source\PSoC5/I2S_1_PM.c **** * Function Name: I2S_1_RestoreConfig
  45:.\Generated_Source\PSoC5/I2S_1_PM.c **** ********************************************************************************
  46:.\Generated_Source\PSoC5/I2S_1_PM.c **** *
  47:.\Generated_Source\PSoC5/I2S_1_PM.c **** * Summary:
  48:.\Generated_Source\PSoC5/I2S_1_PM.c **** *  Empty function. Left to preserve backward compatibility.
  49:.\Generated_Source\PSoC5/I2S_1_PM.c **** *
  50:.\Generated_Source\PSoC5/I2S_1_PM.c **** * Parameters:
  51:.\Generated_Source\PSoC5/I2S_1_PM.c **** *  None.
  52:.\Generated_Source\PSoC5/I2S_1_PM.c **** *
  53:.\Generated_Source\PSoC5/I2S_1_PM.c **** * Return:
  54:.\Generated_Source\PSoC5/I2S_1_PM.c **** *  None.
  55:.\Generated_Source\PSoC5/I2S_1_PM.c **** *
  56:.\Generated_Source\PSoC5/I2S_1_PM.c **** *******************************************************************************/
  57:.\Generated_Source\PSoC5/I2S_1_PM.c **** void I2S_1_RestoreConfig(void) 
  58:.\Generated_Source\PSoC5/I2S_1_PM.c **** {
  44              		.loc 1 58 0
  45              		.cfi_startproc
  46              		@ args = 0, pretend = 0, frame = 0
  47              		@ frame_needed = 0, uses_anonymous_args = 0
  48              		@ link register save eliminated.
  49 0000 7047     		bx	lr
  50              		.cfi_endproc
  51              	.LFE1:
  52              		.size	I2S_1_RestoreConfig, .-I2S_1_RestoreConfig
  53              		.section	.text.I2S_1_Sleep,"ax",%progbits
  54              		.align	1
  55              		.global	I2S_1_Sleep
  56              		.thumb
ARM GAS  C:\Users\PIET~1.COU\AppData\Local\Temp\cczSUzTi.s 			page 3


  57              		.thumb_func
  58              		.type	I2S_1_Sleep, %function
  59              	I2S_1_Sleep:
  60              	.LFB2:
  59:.\Generated_Source\PSoC5/I2S_1_PM.c ****     /* Nothing to restore. All registers are retention. */
  60:.\Generated_Source\PSoC5/I2S_1_PM.c **** }
  61:.\Generated_Source\PSoC5/I2S_1_PM.c **** 
  62:.\Generated_Source\PSoC5/I2S_1_PM.c **** 
  63:.\Generated_Source\PSoC5/I2S_1_PM.c **** /*******************************************************************************
  64:.\Generated_Source\PSoC5/I2S_1_PM.c **** * Function Name: I2S_1_Sleep
  65:.\Generated_Source\PSoC5/I2S_1_PM.c **** ********************************************************************************
  66:.\Generated_Source\PSoC5/I2S_1_PM.c **** *
  67:.\Generated_Source\PSoC5/I2S_1_PM.c **** * Summary:
  68:.\Generated_Source\PSoC5/I2S_1_PM.c **** *  Prepares I2S for entering sleep mode.
  69:.\Generated_Source\PSoC5/I2S_1_PM.c **** *
  70:.\Generated_Source\PSoC5/I2S_1_PM.c **** * Parameters:
  71:.\Generated_Source\PSoC5/I2S_1_PM.c **** *  None.
  72:.\Generated_Source\PSoC5/I2S_1_PM.c **** *
  73:.\Generated_Source\PSoC5/I2S_1_PM.c **** * Return:
  74:.\Generated_Source\PSoC5/I2S_1_PM.c **** *  None.
  75:.\Generated_Source\PSoC5/I2S_1_PM.c **** *
  76:.\Generated_Source\PSoC5/I2S_1_PM.c **** * Global Variables:
  77:.\Generated_Source\PSoC5/I2S_1_PM.c **** *  I2S_1_backup - used to store component state prior entering 
  78:.\Generated_Source\PSoC5/I2S_1_PM.c **** *    sleep mode.
  79:.\Generated_Source\PSoC5/I2S_1_PM.c **** *
  80:.\Generated_Source\PSoC5/I2S_1_PM.c **** * Reentrant:
  81:.\Generated_Source\PSoC5/I2S_1_PM.c **** *  No.
  82:.\Generated_Source\PSoC5/I2S_1_PM.c **** *
  83:.\Generated_Source\PSoC5/I2S_1_PM.c **** *******************************************************************************/
  84:.\Generated_Source\PSoC5/I2S_1_PM.c **** void I2S_1_Sleep(void) 
  85:.\Generated_Source\PSoC5/I2S_1_PM.c **** {
  61              		.loc 1 85 0
  62              		.cfi_startproc
  63              		@ args = 0, pretend = 0, frame = 0
  64              		@ frame_needed = 0, uses_anonymous_args = 0
  65              		@ link register save eliminated.
  86:.\Generated_Source\PSoC5/I2S_1_PM.c ****     /* Get component state */
  87:.\Generated_Source\PSoC5/I2S_1_PM.c ****     I2S_1_backup.enableState = I2S_1_CONTROL_REG;
  66              		.loc 1 87 0
  67 0000 024B     		ldr	r3, .L4
  68 0002 1A78     		ldrb	r2, [r3]	@ zero_extendqisi2
  69 0004 024B     		ldr	r3, .L4+4
  70 0006 1A70     		strb	r2, [r3]
  88:.\Generated_Source\PSoC5/I2S_1_PM.c **** 
  89:.\Generated_Source\PSoC5/I2S_1_PM.c ****     /* Stop component */
  90:.\Generated_Source\PSoC5/I2S_1_PM.c ****     I2S_1_Stop();
  71              		.loc 1 90 0
  72 0008 FFF7FEBF 		b	I2S_1_Stop
  73              	.LVL0:
  74              	.L5:
  75              		.align	2
  76              	.L4:
  77 000c 77640040 		.word	1073767543
  78 0010 00000000 		.word	.LANCHOR0
  79              		.cfi_endproc
  80              	.LFE2:
  81              		.size	I2S_1_Sleep, .-I2S_1_Sleep
ARM GAS  C:\Users\PIET~1.COU\AppData\Local\Temp\cczSUzTi.s 			page 4


  82              		.section	.text.I2S_1_Wakeup,"ax",%progbits
  83              		.align	1
  84              		.global	I2S_1_Wakeup
  85              		.thumb
  86              		.thumb_func
  87              		.type	I2S_1_Wakeup, %function
  88              	I2S_1_Wakeup:
  89              	.LFB3:
  91:.\Generated_Source\PSoC5/I2S_1_PM.c **** }
  92:.\Generated_Source\PSoC5/I2S_1_PM.c **** 
  93:.\Generated_Source\PSoC5/I2S_1_PM.c **** 
  94:.\Generated_Source\PSoC5/I2S_1_PM.c **** /*******************************************************************************
  95:.\Generated_Source\PSoC5/I2S_1_PM.c **** * Function Name: I2S_1_Wakeup
  96:.\Generated_Source\PSoC5/I2S_1_PM.c **** ********************************************************************************
  97:.\Generated_Source\PSoC5/I2S_1_PM.c **** *
  98:.\Generated_Source\PSoC5/I2S_1_PM.c **** * Summary:
  99:.\Generated_Source\PSoC5/I2S_1_PM.c **** *  Prepares I2S for exit from sleep mode.
 100:.\Generated_Source\PSoC5/I2S_1_PM.c **** *
 101:.\Generated_Source\PSoC5/I2S_1_PM.c **** * Parameters:
 102:.\Generated_Source\PSoC5/I2S_1_PM.c **** *  None.
 103:.\Generated_Source\PSoC5/I2S_1_PM.c **** *
 104:.\Generated_Source\PSoC5/I2S_1_PM.c **** * Return:
 105:.\Generated_Source\PSoC5/I2S_1_PM.c **** *  None.
 106:.\Generated_Source\PSoC5/I2S_1_PM.c **** *
 107:.\Generated_Source\PSoC5/I2S_1_PM.c **** * Global Variables:
 108:.\Generated_Source\PSoC5/I2S_1_PM.c **** *  I2S_1_backup - used to restore component state after exit from
 109:.\Generated_Source\PSoC5/I2S_1_PM.c **** *    sleep mode.
 110:.\Generated_Source\PSoC5/I2S_1_PM.c **** *
 111:.\Generated_Source\PSoC5/I2S_1_PM.c **** *******************************************************************************/
 112:.\Generated_Source\PSoC5/I2S_1_PM.c **** void I2S_1_Wakeup(void) 
 113:.\Generated_Source\PSoC5/I2S_1_PM.c **** {
  90              		.loc 1 113 0
  91              		.cfi_startproc
  92              		@ args = 0, pretend = 0, frame = 0
  93              		@ frame_needed = 0, uses_anonymous_args = 0
  94 0000 10B5     		push	{r4, lr}
  95              		.cfi_def_cfa_offset 8
  96              		.cfi_offset 4, -8
  97              		.cfi_offset 14, -4
 114:.\Generated_Source\PSoC5/I2S_1_PM.c ****     #if (I2S_1_DYNAMIC_BIT_RESOLUTION)
 115:.\Generated_Source\PSoC5/I2S_1_PM.c ****         I2S_1_CONTROL_REG = I2S_1_backup.enableState & I2S_1_BIT_RESOLUTION_MODE_MASK;
 116:.\Generated_Source\PSoC5/I2S_1_PM.c ****     #endif /* I2S_1_DYNAMIC_BIT_RESOLUTION */
 117:.\Generated_Source\PSoC5/I2S_1_PM.c **** 
 118:.\Generated_Source\PSoC5/I2S_1_PM.c ****     if(0u != (I2S_1_backup.enableState & I2S_1_EN))
  98              		.loc 1 118 0
  99 0002 094C     		ldr	r4, .L18
 100 0004 2378     		ldrb	r3, [r4]	@ zero_extendqisi2
 101 0006 5907     		lsls	r1, r3, #29
 102 0008 0DD5     		bpl	.L6
 119:.\Generated_Source\PSoC5/I2S_1_PM.c ****     {
 120:.\Generated_Source\PSoC5/I2S_1_PM.c ****         /* Enable component's operation */
 121:.\Generated_Source\PSoC5/I2S_1_PM.c ****         I2S_1_Enable();
 103              		.loc 1 121 0
 104 000a FFF7FEFF 		bl	I2S_1_Enable
 105              	.LVL1:
 122:.\Generated_Source\PSoC5/I2S_1_PM.c **** 
 123:.\Generated_Source\PSoC5/I2S_1_PM.c ****         /* Enable Tx/Rx direction if they were enabled before sleep */
ARM GAS  C:\Users\PIET~1.COU\AppData\Local\Temp\cczSUzTi.s 			page 5


 124:.\Generated_Source\PSoC5/I2S_1_PM.c ****         #if(I2S_1_TX_DIRECTION_ENABLE)
 125:.\Generated_Source\PSoC5/I2S_1_PM.c ****             if(0u != (I2S_1_backup.enableState & I2S_1_TX_EN))
 106              		.loc 1 125 0
 107 000e 2378     		ldrb	r3, [r4]	@ zero_extendqisi2
 108 0010 DA07     		lsls	r2, r3, #31
 109 0012 01D5     		bpl	.L9
 126:.\Generated_Source\PSoC5/I2S_1_PM.c ****             {
 127:.\Generated_Source\PSoC5/I2S_1_PM.c ****                 I2S_1_EnableTx();
 110              		.loc 1 127 0
 111 0014 FFF7FEFF 		bl	I2S_1_EnableTx
 112              	.LVL2:
 113              	.L9:
 128:.\Generated_Source\PSoC5/I2S_1_PM.c ****             }
 129:.\Generated_Source\PSoC5/I2S_1_PM.c ****         #endif /* (I2S_1_TX_DIRECTION_ENABLE) */
 130:.\Generated_Source\PSoC5/I2S_1_PM.c ****         
 131:.\Generated_Source\PSoC5/I2S_1_PM.c ****         #if(I2S_1_RX_DIRECTION_ENABLE)
 132:.\Generated_Source\PSoC5/I2S_1_PM.c ****             if(0u != (I2S_1_backup.enableState & I2S_1_RX_EN))
 114              		.loc 1 132 0
 115 0018 2378     		ldrb	r3, [r4]	@ zero_extendqisi2
 116 001a 9B07     		lsls	r3, r3, #30
 117 001c 03D5     		bpl	.L6
 133:.\Generated_Source\PSoC5/I2S_1_PM.c ****             {
 134:.\Generated_Source\PSoC5/I2S_1_PM.c ****                 I2S_1_EnableRx();
 135:.\Generated_Source\PSoC5/I2S_1_PM.c ****             }
 136:.\Generated_Source\PSoC5/I2S_1_PM.c ****         #endif /* (I2S_1_RX_DIRECTION_ENABLE) */
 137:.\Generated_Source\PSoC5/I2S_1_PM.c ****     }
 138:.\Generated_Source\PSoC5/I2S_1_PM.c **** }
 118              		.loc 1 138 0
 119 001e BDE81040 		pop	{r4, lr}
 120              		.cfi_remember_state
 121              		.cfi_restore 14
 122              		.cfi_restore 4
 123              		.cfi_def_cfa_offset 0
 134:.\Generated_Source\PSoC5/I2S_1_PM.c ****             }
 124              		.loc 1 134 0
 125 0022 FFF7FEBF 		b	I2S_1_EnableRx
 126              	.LVL3:
 127              	.L6:
 128              		.cfi_restore_state
 129 0026 10BD     		pop	{r4, pc}
 130              	.L19:
 131              		.align	2
 132              	.L18:
 133 0028 00000000 		.word	.LANCHOR0
 134              		.cfi_endproc
 135              	.LFE3:
 136              		.size	I2S_1_Wakeup, .-I2S_1_Wakeup
 137              		.bss
 138              		.set	.LANCHOR0,. + 0
 139              		.type	I2S_1_backup, %object
 140              		.size	I2S_1_backup, 1
 141              	I2S_1_backup:
 142 0000 00       		.space	1
 143              		.text
 144              	.Letext0:
 145              		.file 2 ".\\Generated_Source\\PSoC5\\cytypes.h"
 146              		.file 3 ".\\Generated_Source\\PSoC5\\I2S_1.h"
ARM GAS  C:\Users\PIET~1.COU\AppData\Local\Temp\cczSUzTi.s 			page 6


 147              		.section	.debug_info,"",%progbits
 148              	.Ldebug_info0:
 149 0000 58010000 		.4byte	0x158
 150 0004 0400     		.2byte	0x4
 151 0006 00000000 		.4byte	.Ldebug_abbrev0
 152 000a 04       		.byte	0x4
 153 000b 01       		.uleb128 0x1
 154 000c 69010000 		.4byte	.LASF23
 155 0010 01       		.byte	0x1
 156 0011 0D000000 		.4byte	.LASF24
 157 0015 4B000000 		.4byte	.LASF25
 158 0019 00000000 		.4byte	.Ldebug_ranges0+0
 159 001d 00000000 		.4byte	0
 160 0021 00000000 		.4byte	.Ldebug_line0
 161 0025 02       		.uleb128 0x2
 162 0026 01       		.byte	0x1
 163 0027 06       		.byte	0x6
 164 0028 0C020000 		.4byte	.LASF0
 165 002c 02       		.uleb128 0x2
 166 002d 01       		.byte	0x1
 167 002e 08       		.byte	0x8
 168 002f 3D000000 		.4byte	.LASF1
 169 0033 02       		.uleb128 0x2
 170 0034 02       		.byte	0x2
 171 0035 05       		.byte	0x5
 172 0036 5F010000 		.4byte	.LASF2
 173 003a 02       		.uleb128 0x2
 174 003b 02       		.byte	0x2
 175 003c 07       		.byte	0x7
 176 003d 8E000000 		.4byte	.LASF3
 177 0041 02       		.uleb128 0x2
 178 0042 04       		.byte	0x4
 179 0043 05       		.byte	0x5
 180 0044 F7010000 		.4byte	.LASF4
 181 0048 02       		.uleb128 0x2
 182 0049 04       		.byte	0x4
 183 004a 07       		.byte	0x7
 184 004b 7C000000 		.4byte	.LASF5
 185 004f 02       		.uleb128 0x2
 186 0050 08       		.byte	0x8
 187 0051 05       		.byte	0x5
 188 0052 1D010000 		.4byte	.LASF6
 189 0056 02       		.uleb128 0x2
 190 0057 08       		.byte	0x8
 191 0058 07       		.byte	0x7
 192 0059 CD000000 		.4byte	.LASF7
 193 005d 03       		.uleb128 0x3
 194 005e 04       		.byte	0x4
 195 005f 05       		.byte	0x5
 196 0060 696E7400 		.ascii	"int\000"
 197 0064 02       		.uleb128 0x2
 198 0065 04       		.byte	0x4
 199 0066 07       		.byte	0x7
 200 0067 C0000000 		.4byte	.LASF8
 201 006b 04       		.uleb128 0x4
 202 006c 37000000 		.4byte	.LASF12
 203 0070 02       		.byte	0x2
ARM GAS  C:\Users\PIET~1.COU\AppData\Local\Temp\cczSUzTi.s 			page 7


 204 0071 C2       		.byte	0xc2
 205 0072 2C000000 		.4byte	0x2c
 206 0076 02       		.uleb128 0x2
 207 0077 04       		.byte	0x4
 208 0078 04       		.byte	0x4
 209 0079 31000000 		.4byte	.LASF9
 210 007d 02       		.uleb128 0x2
 211 007e 08       		.byte	0x8
 212 007f 04       		.byte	0x4
 213 0080 A1000000 		.4byte	.LASF10
 214 0084 02       		.uleb128 0x2
 215 0085 01       		.byte	0x1
 216 0086 08       		.byte	0x8
 217 0087 2B010000 		.4byte	.LASF11
 218 008b 05       		.uleb128 0x5
 219 008c 09010000 		.4byte	.LASF13
 220 0090 02       		.byte	0x2
 221 0091 6C01     		.2byte	0x16c
 222 0093 97000000 		.4byte	0x97
 223 0097 06       		.uleb128 0x6
 224 0098 6B000000 		.4byte	0x6b
 225 009c 07       		.uleb128 0x7
 226 009d 01       		.byte	0x1
 227 009e 03       		.byte	0x3
 228 009f 1D       		.byte	0x1d
 229 00a0 B1000000 		.4byte	0xb1
 230 00a4 08       		.uleb128 0x8
 231 00a5 00020000 		.4byte	.LASF26
 232 00a9 03       		.byte	0x3
 233 00aa 1F       		.byte	0x1f
 234 00ab 6B000000 		.4byte	0x6b
 235 00af 00       		.byte	0
 236 00b0 00       		.byte	0
 237 00b1 04       		.uleb128 0x4
 238 00b2 E4000000 		.4byte	.LASF14
 239 00b6 03       		.byte	0x3
 240 00b7 21       		.byte	0x21
 241 00b8 9C000000 		.4byte	0x9c
 242 00bc 09       		.uleb128 0x9
 243 00bd F8000000 		.4byte	.LASF15
 244 00c1 01       		.byte	0x1
 245 00c2 25       		.byte	0x25
 246 00c3 00000000 		.4byte	.LFB0
 247 00c7 02000000 		.4byte	.LFE0-.LFB0
 248 00cb 01       		.uleb128 0x1
 249 00cc 9C       		.byte	0x9c
 250 00cd 09       		.uleb128 0x9
 251 00ce 4B010000 		.4byte	.LASF16
 252 00d2 01       		.byte	0x1
 253 00d3 39       		.byte	0x39
 254 00d4 00000000 		.4byte	.LFB1
 255 00d8 02000000 		.4byte	.LFE1-.LFB1
 256 00dc 01       		.uleb128 0x1
 257 00dd 9C       		.byte	0x9c
 258 00de 0A       		.uleb128 0xa
 259 00df 3F010000 		.4byte	.LASF17
 260 00e3 01       		.byte	0x1
ARM GAS  C:\Users\PIET~1.COU\AppData\Local\Temp\cczSUzTi.s 			page 8


 261 00e4 54       		.byte	0x54
 262 00e5 00000000 		.4byte	.LFB2
 263 00e9 14000000 		.4byte	.LFE2-.LFB2
 264 00ed 01       		.uleb128 0x1
 265 00ee 9C       		.byte	0x9c
 266 00ef FD000000 		.4byte	0xfd
 267 00f3 0B       		.uleb128 0xb
 268 00f4 0C000000 		.4byte	.LVL0
 269 00f8 3F010000 		.4byte	0x13f
 270 00fc 00       		.byte	0
 271 00fd 0A       		.uleb128 0xa
 272 00fe 18020000 		.4byte	.LASF18
 273 0102 01       		.byte	0x1
 274 0103 70       		.byte	0x70
 275 0104 00000000 		.4byte	.LFB3
 276 0108 2C000000 		.4byte	.LFE3-.LFB3
 277 010c 01       		.uleb128 0x1
 278 010d 9C       		.byte	0x9c
 279 010e 2E010000 		.4byte	0x12e
 280 0112 0C       		.uleb128 0xc
 281 0113 0E000000 		.4byte	.LVL1
 282 0117 46010000 		.4byte	0x146
 283 011b 0C       		.uleb128 0xc
 284 011c 18000000 		.4byte	.LVL2
 285 0120 4D010000 		.4byte	0x14d
 286 0124 0B       		.uleb128 0xb
 287 0125 26000000 		.4byte	.LVL3
 288 0129 54010000 		.4byte	0x154
 289 012d 00       		.byte	0
 290 012e 0D       		.uleb128 0xd
 291 012f 00000000 		.4byte	.LASF27
 292 0133 01       		.byte	0x1
 293 0134 14       		.byte	0x14
 294 0135 B1000000 		.4byte	0xb1
 295 0139 05       		.uleb128 0x5
 296 013a 03       		.byte	0x3
 297 013b 00000000 		.4byte	I2S_1_backup
 298 013f 0E       		.uleb128 0xe
 299 0140 A8000000 		.4byte	.LASF19
 300 0144 03       		.byte	0x3
 301 0145 29       		.byte	0x29
 302 0146 0E       		.uleb128 0xe
 303 0147 B3000000 		.4byte	.LASF20
 304 014b 03       		.byte	0x3
 305 014c 2B       		.byte	0x2b
 306 014d 0E       		.uleb128 0xe
 307 014e 30010000 		.4byte	.LASF21
 308 0152 03       		.byte	0x3
 309 0153 34       		.byte	0x34
 310 0154 0E       		.uleb128 0xe
 311 0155 0E010000 		.4byte	.LASF22
 312 0159 03       		.byte	0x3
 313 015a 3A       		.byte	0x3a
 314 015b 00       		.byte	0
 315              		.section	.debug_abbrev,"",%progbits
 316              	.Ldebug_abbrev0:
 317 0000 01       		.uleb128 0x1
ARM GAS  C:\Users\PIET~1.COU\AppData\Local\Temp\cczSUzTi.s 			page 9


 318 0001 11       		.uleb128 0x11
 319 0002 01       		.byte	0x1
 320 0003 25       		.uleb128 0x25
 321 0004 0E       		.uleb128 0xe
 322 0005 13       		.uleb128 0x13
 323 0006 0B       		.uleb128 0xb
 324 0007 03       		.uleb128 0x3
 325 0008 0E       		.uleb128 0xe
 326 0009 1B       		.uleb128 0x1b
 327 000a 0E       		.uleb128 0xe
 328 000b 55       		.uleb128 0x55
 329 000c 17       		.uleb128 0x17
 330 000d 11       		.uleb128 0x11
 331 000e 01       		.uleb128 0x1
 332 000f 10       		.uleb128 0x10
 333 0010 17       		.uleb128 0x17
 334 0011 00       		.byte	0
 335 0012 00       		.byte	0
 336 0013 02       		.uleb128 0x2
 337 0014 24       		.uleb128 0x24
 338 0015 00       		.byte	0
 339 0016 0B       		.uleb128 0xb
 340 0017 0B       		.uleb128 0xb
 341 0018 3E       		.uleb128 0x3e
 342 0019 0B       		.uleb128 0xb
 343 001a 03       		.uleb128 0x3
 344 001b 0E       		.uleb128 0xe
 345 001c 00       		.byte	0
 346 001d 00       		.byte	0
 347 001e 03       		.uleb128 0x3
 348 001f 24       		.uleb128 0x24
 349 0020 00       		.byte	0
 350 0021 0B       		.uleb128 0xb
 351 0022 0B       		.uleb128 0xb
 352 0023 3E       		.uleb128 0x3e
 353 0024 0B       		.uleb128 0xb
 354 0025 03       		.uleb128 0x3
 355 0026 08       		.uleb128 0x8
 356 0027 00       		.byte	0
 357 0028 00       		.byte	0
 358 0029 04       		.uleb128 0x4
 359 002a 16       		.uleb128 0x16
 360 002b 00       		.byte	0
 361 002c 03       		.uleb128 0x3
 362 002d 0E       		.uleb128 0xe
 363 002e 3A       		.uleb128 0x3a
 364 002f 0B       		.uleb128 0xb
 365 0030 3B       		.uleb128 0x3b
 366 0031 0B       		.uleb128 0xb
 367 0032 49       		.uleb128 0x49
 368 0033 13       		.uleb128 0x13
 369 0034 00       		.byte	0
 370 0035 00       		.byte	0
 371 0036 05       		.uleb128 0x5
 372 0037 16       		.uleb128 0x16
 373 0038 00       		.byte	0
 374 0039 03       		.uleb128 0x3
ARM GAS  C:\Users\PIET~1.COU\AppData\Local\Temp\cczSUzTi.s 			page 10


 375 003a 0E       		.uleb128 0xe
 376 003b 3A       		.uleb128 0x3a
 377 003c 0B       		.uleb128 0xb
 378 003d 3B       		.uleb128 0x3b
 379 003e 05       		.uleb128 0x5
 380 003f 49       		.uleb128 0x49
 381 0040 13       		.uleb128 0x13
 382 0041 00       		.byte	0
 383 0042 00       		.byte	0
 384 0043 06       		.uleb128 0x6
 385 0044 35       		.uleb128 0x35
 386 0045 00       		.byte	0
 387 0046 49       		.uleb128 0x49
 388 0047 13       		.uleb128 0x13
 389 0048 00       		.byte	0
 390 0049 00       		.byte	0
 391 004a 07       		.uleb128 0x7
 392 004b 13       		.uleb128 0x13
 393 004c 01       		.byte	0x1
 394 004d 0B       		.uleb128 0xb
 395 004e 0B       		.uleb128 0xb
 396 004f 3A       		.uleb128 0x3a
 397 0050 0B       		.uleb128 0xb
 398 0051 3B       		.uleb128 0x3b
 399 0052 0B       		.uleb128 0xb
 400 0053 01       		.uleb128 0x1
 401 0054 13       		.uleb128 0x13
 402 0055 00       		.byte	0
 403 0056 00       		.byte	0
 404 0057 08       		.uleb128 0x8
 405 0058 0D       		.uleb128 0xd
 406 0059 00       		.byte	0
 407 005a 03       		.uleb128 0x3
 408 005b 0E       		.uleb128 0xe
 409 005c 3A       		.uleb128 0x3a
 410 005d 0B       		.uleb128 0xb
 411 005e 3B       		.uleb128 0x3b
 412 005f 0B       		.uleb128 0xb
 413 0060 49       		.uleb128 0x49
 414 0061 13       		.uleb128 0x13
 415 0062 38       		.uleb128 0x38
 416 0063 0B       		.uleb128 0xb
 417 0064 00       		.byte	0
 418 0065 00       		.byte	0
 419 0066 09       		.uleb128 0x9
 420 0067 2E       		.uleb128 0x2e
 421 0068 00       		.byte	0
 422 0069 3F       		.uleb128 0x3f
 423 006a 19       		.uleb128 0x19
 424 006b 03       		.uleb128 0x3
 425 006c 0E       		.uleb128 0xe
 426 006d 3A       		.uleb128 0x3a
 427 006e 0B       		.uleb128 0xb
 428 006f 3B       		.uleb128 0x3b
 429 0070 0B       		.uleb128 0xb
 430 0071 27       		.uleb128 0x27
 431 0072 19       		.uleb128 0x19
ARM GAS  C:\Users\PIET~1.COU\AppData\Local\Temp\cczSUzTi.s 			page 11


 432 0073 11       		.uleb128 0x11
 433 0074 01       		.uleb128 0x1
 434 0075 12       		.uleb128 0x12
 435 0076 06       		.uleb128 0x6
 436 0077 40       		.uleb128 0x40
 437 0078 18       		.uleb128 0x18
 438 0079 9742     		.uleb128 0x2117
 439 007b 19       		.uleb128 0x19
 440 007c 00       		.byte	0
 441 007d 00       		.byte	0
 442 007e 0A       		.uleb128 0xa
 443 007f 2E       		.uleb128 0x2e
 444 0080 01       		.byte	0x1
 445 0081 3F       		.uleb128 0x3f
 446 0082 19       		.uleb128 0x19
 447 0083 03       		.uleb128 0x3
 448 0084 0E       		.uleb128 0xe
 449 0085 3A       		.uleb128 0x3a
 450 0086 0B       		.uleb128 0xb
 451 0087 3B       		.uleb128 0x3b
 452 0088 0B       		.uleb128 0xb
 453 0089 27       		.uleb128 0x27
 454 008a 19       		.uleb128 0x19
 455 008b 11       		.uleb128 0x11
 456 008c 01       		.uleb128 0x1
 457 008d 12       		.uleb128 0x12
 458 008e 06       		.uleb128 0x6
 459 008f 40       		.uleb128 0x40
 460 0090 18       		.uleb128 0x18
 461 0091 9742     		.uleb128 0x2117
 462 0093 19       		.uleb128 0x19
 463 0094 01       		.uleb128 0x1
 464 0095 13       		.uleb128 0x13
 465 0096 00       		.byte	0
 466 0097 00       		.byte	0
 467 0098 0B       		.uleb128 0xb
 468 0099 898201   		.uleb128 0x4109
 469 009c 00       		.byte	0
 470 009d 11       		.uleb128 0x11
 471 009e 01       		.uleb128 0x1
 472 009f 9542     		.uleb128 0x2115
 473 00a1 19       		.uleb128 0x19
 474 00a2 31       		.uleb128 0x31
 475 00a3 13       		.uleb128 0x13
 476 00a4 00       		.byte	0
 477 00a5 00       		.byte	0
 478 00a6 0C       		.uleb128 0xc
 479 00a7 898201   		.uleb128 0x4109
 480 00aa 00       		.byte	0
 481 00ab 11       		.uleb128 0x11
 482 00ac 01       		.uleb128 0x1
 483 00ad 31       		.uleb128 0x31
 484 00ae 13       		.uleb128 0x13
 485 00af 00       		.byte	0
 486 00b0 00       		.byte	0
 487 00b1 0D       		.uleb128 0xd
 488 00b2 34       		.uleb128 0x34
ARM GAS  C:\Users\PIET~1.COU\AppData\Local\Temp\cczSUzTi.s 			page 12


 489 00b3 00       		.byte	0
 490 00b4 03       		.uleb128 0x3
 491 00b5 0E       		.uleb128 0xe
 492 00b6 3A       		.uleb128 0x3a
 493 00b7 0B       		.uleb128 0xb
 494 00b8 3B       		.uleb128 0x3b
 495 00b9 0B       		.uleb128 0xb
 496 00ba 49       		.uleb128 0x49
 497 00bb 13       		.uleb128 0x13
 498 00bc 02       		.uleb128 0x2
 499 00bd 18       		.uleb128 0x18
 500 00be 00       		.byte	0
 501 00bf 00       		.byte	0
 502 00c0 0E       		.uleb128 0xe
 503 00c1 2E       		.uleb128 0x2e
 504 00c2 00       		.byte	0
 505 00c3 3F       		.uleb128 0x3f
 506 00c4 19       		.uleb128 0x19
 507 00c5 03       		.uleb128 0x3
 508 00c6 0E       		.uleb128 0xe
 509 00c7 3A       		.uleb128 0x3a
 510 00c8 0B       		.uleb128 0xb
 511 00c9 3B       		.uleb128 0x3b
 512 00ca 0B       		.uleb128 0xb
 513 00cb 27       		.uleb128 0x27
 514 00cc 19       		.uleb128 0x19
 515 00cd 3C       		.uleb128 0x3c
 516 00ce 19       		.uleb128 0x19
 517 00cf 00       		.byte	0
 518 00d0 00       		.byte	0
 519 00d1 00       		.byte	0
 520              		.section	.debug_aranges,"",%progbits
 521 0000 34000000 		.4byte	0x34
 522 0004 0200     		.2byte	0x2
 523 0006 00000000 		.4byte	.Ldebug_info0
 524 000a 04       		.byte	0x4
 525 000b 00       		.byte	0
 526 000c 0000     		.2byte	0
 527 000e 0000     		.2byte	0
 528 0010 00000000 		.4byte	.LFB0
 529 0014 02000000 		.4byte	.LFE0-.LFB0
 530 0018 00000000 		.4byte	.LFB1
 531 001c 02000000 		.4byte	.LFE1-.LFB1
 532 0020 00000000 		.4byte	.LFB2
 533 0024 14000000 		.4byte	.LFE2-.LFB2
 534 0028 00000000 		.4byte	.LFB3
 535 002c 2C000000 		.4byte	.LFE3-.LFB3
 536 0030 00000000 		.4byte	0
 537 0034 00000000 		.4byte	0
 538              		.section	.debug_ranges,"",%progbits
 539              	.Ldebug_ranges0:
 540 0000 00000000 		.4byte	.LFB0
 541 0004 02000000 		.4byte	.LFE0
 542 0008 00000000 		.4byte	.LFB1
 543 000c 02000000 		.4byte	.LFE1
 544 0010 00000000 		.4byte	.LFB2
 545 0014 14000000 		.4byte	.LFE2
ARM GAS  C:\Users\PIET~1.COU\AppData\Local\Temp\cczSUzTi.s 			page 13


 546 0018 00000000 		.4byte	.LFB3
 547 001c 2C000000 		.4byte	.LFE3
 548 0020 00000000 		.4byte	0
 549 0024 00000000 		.4byte	0
 550              		.section	.debug_line,"",%progbits
 551              	.Ldebug_line0:
 552 0000 9F000000 		.section	.debug_str,"MS",%progbits,1
 552      02005200 
 552      00000201 
 552      FB0E0D00 
 552      01010101 
 553              	.LASF27:
 554 0000 4932535F 		.ascii	"I2S_1_backup\000"
 554      315F6261 
 554      636B7570 
 554      00
 555              	.LASF24:
 556 000d 2E5C4765 		.ascii	".\\Generated_Source\\PSoC5\\I2S_1_PM.c\000"
 556      6E657261 
 556      7465645F 
 556      536F7572 
 556      63655C50 
 557              	.LASF9:
 558 0031 666C6F61 		.ascii	"float\000"
 558      7400
 559              	.LASF12:
 560 0037 75696E74 		.ascii	"uint8\000"
 560      3800
 561              	.LASF1:
 562 003d 756E7369 		.ascii	"unsigned char\000"
 562      676E6564 
 562      20636861 
 562      7200
 563              	.LASF25:
 564 004b 473A5C50 		.ascii	"G:\\PSoC_5LP\\I2S_DMA_example\\InterIcSound01.cydsn"
 564      536F435F 
 564      354C505C 
 564      4932535F 
 564      444D415F 
 565 007b 00       		.ascii	"\000"
 566              	.LASF5:
 567 007c 6C6F6E67 		.ascii	"long unsigned int\000"
 567      20756E73 
 567      69676E65 
 567      6420696E 
 567      7400
 568              	.LASF3:
 569 008e 73686F72 		.ascii	"short unsigned int\000"
 569      7420756E 
 569      7369676E 
 569      65642069 
 569      6E7400
 570              	.LASF10:
 571 00a1 646F7562 		.ascii	"double\000"
 571      6C6500
 572              	.LASF19:
 573 00a8 4932535F 		.ascii	"I2S_1_Stop\000"
ARM GAS  C:\Users\PIET~1.COU\AppData\Local\Temp\cczSUzTi.s 			page 14


 573      315F5374 
 573      6F7000
 574              	.LASF20:
 575 00b3 4932535F 		.ascii	"I2S_1_Enable\000"
 575      315F456E 
 575      61626C65 
 575      00
 576              	.LASF8:
 577 00c0 756E7369 		.ascii	"unsigned int\000"
 577      676E6564 
 577      20696E74 
 577      00
 578              	.LASF7:
 579 00cd 6C6F6E67 		.ascii	"long long unsigned int\000"
 579      206C6F6E 
 579      6720756E 
 579      7369676E 
 579      65642069 
 580              	.LASF14:
 581 00e4 4932535F 		.ascii	"I2S_1_BACKUP_STRUCT\000"
 581      315F4241 
 581      434B5550 
 581      5F535452 
 581      55435400 
 582              	.LASF15:
 583 00f8 4932535F 		.ascii	"I2S_1_SaveConfig\000"
 583      315F5361 
 583      7665436F 
 583      6E666967 
 583      00
 584              	.LASF13:
 585 0109 72656738 		.ascii	"reg8\000"
 585      00
 586              	.LASF22:
 587 010e 4932535F 		.ascii	"I2S_1_EnableRx\000"
 587      315F456E 
 587      61626C65 
 587      527800
 588              	.LASF6:
 589 011d 6C6F6E67 		.ascii	"long long int\000"
 589      206C6F6E 
 589      6720696E 
 589      7400
 590              	.LASF11:
 591 012b 63686172 		.ascii	"char\000"
 591      00
 592              	.LASF21:
 593 0130 4932535F 		.ascii	"I2S_1_EnableTx\000"
 593      315F456E 
 593      61626C65 
 593      547800
 594              	.LASF17:
 595 013f 4932535F 		.ascii	"I2S_1_Sleep\000"
 595      315F536C 
 595      65657000 
 596              	.LASF16:
 597 014b 4932535F 		.ascii	"I2S_1_RestoreConfig\000"
ARM GAS  C:\Users\PIET~1.COU\AppData\Local\Temp\cczSUzTi.s 			page 15


 597      315F5265 
 597      73746F72 
 597      65436F6E 
 597      66696700 
 598              	.LASF2:
 599 015f 73686F72 		.ascii	"short int\000"
 599      7420696E 
 599      7400
 600              	.LASF23:
 601 0169 474E5520 		.ascii	"GNU C 4.9.3 20150303 (release) [ARM/embedded-4_9-br"
 601      4320342E 
 601      392E3320 
 601      32303135 
 601      30333033 
 602 019c 616E6368 		.ascii	"anch revision 221220] -mcpu=cortex-m3 -mthumb -g -O"
 602      20726576 
 602      6973696F 
 602      6E203232 
 602      31323230 
 603 01cf 73202D66 		.ascii	"s -ffunction-sections -ffat-lto-objects\000"
 603      66756E63 
 603      74696F6E 
 603      2D736563 
 603      74696F6E 
 604              	.LASF4:
 605 01f7 6C6F6E67 		.ascii	"long int\000"
 605      20696E74 
 605      00
 606              	.LASF26:
 607 0200 656E6162 		.ascii	"enableState\000"
 607      6C655374 
 607      61746500 
 608              	.LASF0:
 609 020c 7369676E 		.ascii	"signed char\000"
 609      65642063 
 609      68617200 
 610              	.LASF18:
 611 0218 4932535F 		.ascii	"I2S_1_Wakeup\000"
 611      315F5761 
 611      6B657570 
 611      00
 612              		.ident	"GCC: (GNU Tools for ARM Embedded Processors) 4.9.3 20150303 (release) [ARM/embedded-4_9-br
