ARM GAS  C:\Users\PIET~1.COU\AppData\Local\Temp\ccwmCtxI.s 			page 1


   1              		.syntax unified
   2              		.cpu cortex-m3
   3              		.fpu softvfp
   4              		.eabi_attribute 20, 1
   5              		.eabi_attribute 21, 1
   6              		.eabi_attribute 23, 3
   7              		.eabi_attribute 24, 1
   8              		.eabi_attribute 25, 1
   9              		.eabi_attribute 26, 1
  10              		.eabi_attribute 30, 4
  11              		.eabi_attribute 34, 1
  12              		.eabi_attribute 18, 4
  13              		.thumb
  14              		.file	"TxDMA_dma.c"
  15              		.text
  16              	.Ltext0:
  17              		.cfi_sections	.debug_frame
  18              		.section	.text.TxDMA_DmaInitialize,"ax",%progbits
  19              		.align	1
  20              		.global	TxDMA_DmaInitialize
  21              		.thumb
  22              		.thumb_func
  23              		.type	TxDMA_DmaInitialize, %function
  24              	TxDMA_DmaInitialize:
  25              	.LFB0:
  26              		.file 1 ".\\Generated_Source\\PSoC5\\TxDMA_dma.c"
   1:.\Generated_Source\PSoC5/TxDMA_dma.c **** /***************************************************************************
   2:.\Generated_Source\PSoC5/TxDMA_dma.c **** * File Name: TxDMA_dma.c  
   3:.\Generated_Source\PSoC5/TxDMA_dma.c **** * Version 1.70
   4:.\Generated_Source\PSoC5/TxDMA_dma.c **** *
   5:.\Generated_Source\PSoC5/TxDMA_dma.c **** *  Description:
   6:.\Generated_Source\PSoC5/TxDMA_dma.c **** *   Provides an API for the DMAC component. The API includes functions
   7:.\Generated_Source\PSoC5/TxDMA_dma.c **** *   for the DMA controller, DMA channels and Transfer Descriptors.
   8:.\Generated_Source\PSoC5/TxDMA_dma.c **** *
   9:.\Generated_Source\PSoC5/TxDMA_dma.c **** *
  10:.\Generated_Source\PSoC5/TxDMA_dma.c **** *   Note:
  11:.\Generated_Source\PSoC5/TxDMA_dma.c **** *     This module requires the developer to finish or fill in the auto
  12:.\Generated_Source\PSoC5/TxDMA_dma.c **** *     generated funcions and setup the dma channel and TD's.
  13:.\Generated_Source\PSoC5/TxDMA_dma.c **** *
  14:.\Generated_Source\PSoC5/TxDMA_dma.c **** ********************************************************************************
  15:.\Generated_Source\PSoC5/TxDMA_dma.c **** * Copyright 2008-2010, Cypress Semiconductor Corporation.  All rights reserved.
  16:.\Generated_Source\PSoC5/TxDMA_dma.c **** * You may use this file only in accordance with the license, terms, conditions, 
  17:.\Generated_Source\PSoC5/TxDMA_dma.c **** * disclaimers, and limitations in the end user license agreement accompanying 
  18:.\Generated_Source\PSoC5/TxDMA_dma.c **** * the software package with which this file was provided.
  19:.\Generated_Source\PSoC5/TxDMA_dma.c **** ********************************************************************************/
  20:.\Generated_Source\PSoC5/TxDMA_dma.c **** #include <CYLIB.H>
  21:.\Generated_Source\PSoC5/TxDMA_dma.c **** #include <CYDMAC.H>
  22:.\Generated_Source\PSoC5/TxDMA_dma.c **** #include <TxDMA_dma.H>
  23:.\Generated_Source\PSoC5/TxDMA_dma.c **** 
  24:.\Generated_Source\PSoC5/TxDMA_dma.c **** 
  25:.\Generated_Source\PSoC5/TxDMA_dma.c **** 
  26:.\Generated_Source\PSoC5/TxDMA_dma.c **** /****************************************************************************
  27:.\Generated_Source\PSoC5/TxDMA_dma.c **** * 
  28:.\Generated_Source\PSoC5/TxDMA_dma.c **** * The following defines are available in Cyfitter.h
  29:.\Generated_Source\PSoC5/TxDMA_dma.c **** * 
  30:.\Generated_Source\PSoC5/TxDMA_dma.c **** * 
  31:.\Generated_Source\PSoC5/TxDMA_dma.c **** * 
ARM GAS  C:\Users\PIET~1.COU\AppData\Local\Temp\ccwmCtxI.s 			page 2


  32:.\Generated_Source\PSoC5/TxDMA_dma.c **** * TxDMA__DRQ_CTL_REG
  33:.\Generated_Source\PSoC5/TxDMA_dma.c **** * 
  34:.\Generated_Source\PSoC5/TxDMA_dma.c **** * 
  35:.\Generated_Source\PSoC5/TxDMA_dma.c **** * TxDMA__DRQ_NUMBER
  36:.\Generated_Source\PSoC5/TxDMA_dma.c **** * 
  37:.\Generated_Source\PSoC5/TxDMA_dma.c **** * Number of TD's used by this channel.
  38:.\Generated_Source\PSoC5/TxDMA_dma.c **** * TxDMA__NUMBEROF_TDS
  39:.\Generated_Source\PSoC5/TxDMA_dma.c **** * 
  40:.\Generated_Source\PSoC5/TxDMA_dma.c **** * Priority of this channel.
  41:.\Generated_Source\PSoC5/TxDMA_dma.c **** * TxDMA__PRIORITY
  42:.\Generated_Source\PSoC5/TxDMA_dma.c **** * 
  43:.\Generated_Source\PSoC5/TxDMA_dma.c **** * True if TxDMA_TERMIN_SEL is used.
  44:.\Generated_Source\PSoC5/TxDMA_dma.c **** * TxDMA__TERMIN_EN
  45:.\Generated_Source\PSoC5/TxDMA_dma.c **** * 
  46:.\Generated_Source\PSoC5/TxDMA_dma.c **** * TERMIN interrupt line to signal terminate.
  47:.\Generated_Source\PSoC5/TxDMA_dma.c **** * TxDMA__TERMIN_SEL
  48:.\Generated_Source\PSoC5/TxDMA_dma.c **** * 
  49:.\Generated_Source\PSoC5/TxDMA_dma.c **** * 
  50:.\Generated_Source\PSoC5/TxDMA_dma.c **** * True if TxDMA_TERMOUT0_SEL is used.
  51:.\Generated_Source\PSoC5/TxDMA_dma.c **** * TxDMA__TERMOUT0_EN
  52:.\Generated_Source\PSoC5/TxDMA_dma.c **** * 
  53:.\Generated_Source\PSoC5/TxDMA_dma.c **** * 
  54:.\Generated_Source\PSoC5/TxDMA_dma.c **** * TERMOUT0 interrupt line to signal completion.
  55:.\Generated_Source\PSoC5/TxDMA_dma.c **** * TxDMA__TERMOUT0_SEL
  56:.\Generated_Source\PSoC5/TxDMA_dma.c **** * 
  57:.\Generated_Source\PSoC5/TxDMA_dma.c **** * 
  58:.\Generated_Source\PSoC5/TxDMA_dma.c **** * True if TxDMA_TERMOUT1_SEL is used.
  59:.\Generated_Source\PSoC5/TxDMA_dma.c **** * TxDMA__TERMOUT1_EN
  60:.\Generated_Source\PSoC5/TxDMA_dma.c **** * 
  61:.\Generated_Source\PSoC5/TxDMA_dma.c **** * 
  62:.\Generated_Source\PSoC5/TxDMA_dma.c **** * TERMOUT1 interrupt line to signal completion.
  63:.\Generated_Source\PSoC5/TxDMA_dma.c **** * TxDMA__TERMOUT1_SEL
  64:.\Generated_Source\PSoC5/TxDMA_dma.c **** * 
  65:.\Generated_Source\PSoC5/TxDMA_dma.c **** ****************************************************************************/
  66:.\Generated_Source\PSoC5/TxDMA_dma.c **** 
  67:.\Generated_Source\PSoC5/TxDMA_dma.c **** 
  68:.\Generated_Source\PSoC5/TxDMA_dma.c **** /* Zero based index of TxDMA dma channel */
  69:.\Generated_Source\PSoC5/TxDMA_dma.c **** uint8 TxDMA_DmaHandle = DMA_INVALID_CHANNEL;
  70:.\Generated_Source\PSoC5/TxDMA_dma.c **** 
  71:.\Generated_Source\PSoC5/TxDMA_dma.c **** /*********************************************************************
  72:.\Generated_Source\PSoC5/TxDMA_dma.c **** * Function Name: uint8 TxDMA_DmaInitalize
  73:.\Generated_Source\PSoC5/TxDMA_dma.c **** **********************************************************************
  74:.\Generated_Source\PSoC5/TxDMA_dma.c **** * Summary:
  75:.\Generated_Source\PSoC5/TxDMA_dma.c **** *   Allocates and initialises a channel of the DMAC to be used by the
  76:.\Generated_Source\PSoC5/TxDMA_dma.c **** *   caller.
  77:.\Generated_Source\PSoC5/TxDMA_dma.c **** *
  78:.\Generated_Source\PSoC5/TxDMA_dma.c **** * Parameters:
  79:.\Generated_Source\PSoC5/TxDMA_dma.c **** *   BurstCount.
  80:.\Generated_Source\PSoC5/TxDMA_dma.c **** *       
  81:.\Generated_Source\PSoC5/TxDMA_dma.c **** *       
  82:.\Generated_Source\PSoC5/TxDMA_dma.c **** *   ReqestPerBurst.
  83:.\Generated_Source\PSoC5/TxDMA_dma.c **** *       
  84:.\Generated_Source\PSoC5/TxDMA_dma.c **** *       
  85:.\Generated_Source\PSoC5/TxDMA_dma.c **** *   UpperSrcAddress.
  86:.\Generated_Source\PSoC5/TxDMA_dma.c **** *       
  87:.\Generated_Source\PSoC5/TxDMA_dma.c **** *       
  88:.\Generated_Source\PSoC5/TxDMA_dma.c **** *   UpperDestAddress.
ARM GAS  C:\Users\PIET~1.COU\AppData\Local\Temp\ccwmCtxI.s 			page 3


  89:.\Generated_Source\PSoC5/TxDMA_dma.c **** *       
  90:.\Generated_Source\PSoC5/TxDMA_dma.c **** *
  91:.\Generated_Source\PSoC5/TxDMA_dma.c **** * Return:
  92:.\Generated_Source\PSoC5/TxDMA_dma.c **** *   The channel that can be used by the caller for DMA activity.
  93:.\Generated_Source\PSoC5/TxDMA_dma.c **** *   DMA_INVALID_CHANNEL (0xFF) if there are no channels left. 
  94:.\Generated_Source\PSoC5/TxDMA_dma.c **** *
  95:.\Generated_Source\PSoC5/TxDMA_dma.c **** *
  96:.\Generated_Source\PSoC5/TxDMA_dma.c **** *******************************************************************/
  97:.\Generated_Source\PSoC5/TxDMA_dma.c **** uint8 TxDMA_DmaInitialize(uint8 BurstCount, uint8 ReqestPerBurst, uint16 UpperSrcAddress, uint16 Up
  98:.\Generated_Source\PSoC5/TxDMA_dma.c **** {
  27              		.loc 1 98 0
  28              		.cfi_startproc
  29              		@ args = 0, pretend = 0, frame = 0
  30              		@ frame_needed = 0, uses_anonymous_args = 0
  31              	.LVL0:
  32 0000 F7B5     		push	{r0, r1, r2, r4, r5, r6, r7, lr}
  33              		.cfi_def_cfa_offset 32
  34              		.cfi_offset 4, -20
  35              		.cfi_offset 5, -16
  36              		.cfi_offset 6, -12
  37              		.cfi_offset 7, -8
  38              		.cfi_offset 14, -4
  39              		.loc 1 98 0
  40 0002 8646     		mov	lr, r0
  41 0004 0F46     		mov	r7, r1
  42 0006 1646     		mov	r6, r2
  43 0008 1D46     		mov	r5, r3
  99:.\Generated_Source\PSoC5/TxDMA_dma.c **** 
 100:.\Generated_Source\PSoC5/TxDMA_dma.c ****     /* Allocate a DMA channel. */
 101:.\Generated_Source\PSoC5/TxDMA_dma.c ****     TxDMA_DmaHandle = (uint8)TxDMA__DRQ_NUMBER;
  44              		.loc 1 101 0
  45 000a 0B4C     		ldr	r4, .L2
 102:.\Generated_Source\PSoC5/TxDMA_dma.c **** 
 103:.\Generated_Source\PSoC5/TxDMA_dma.c ****     /* Configure the channel. */
 104:.\Generated_Source\PSoC5/TxDMA_dma.c ****     (void)CyDmaChSetConfiguration(TxDMA_DmaHandle,
  46              		.loc 1 104 0
  47 000c 0023     		movs	r3, #0
  48              	.LVL1:
  49 000e 7146     		mov	r1, lr
  50              	.LVL2:
  51 0010 0093     		str	r3, [sp]
  52 0012 0193     		str	r3, [sp, #4]
  53 0014 3A46     		mov	r2, r7
  54              	.LVL3:
 101:.\Generated_Source\PSoC5/TxDMA_dma.c **** 
  55              		.loc 1 101 0
  56 0016 0120     		movs	r0, #1
  57              	.LVL4:
  58 0018 2070     		strb	r0, [r4]
  59              		.loc 1 104 0
  60 001a FFF7FEFF 		bl	CyDmaChSetConfiguration
  61              	.LVL5:
 105:.\Generated_Source\PSoC5/TxDMA_dma.c ****                                   BurstCount,
 106:.\Generated_Source\PSoC5/TxDMA_dma.c ****                                   ReqestPerBurst,
 107:.\Generated_Source\PSoC5/TxDMA_dma.c ****                                   (uint8)TxDMA__TERMOUT0_SEL,
 108:.\Generated_Source\PSoC5/TxDMA_dma.c ****                                   (uint8)TxDMA__TERMOUT1_SEL,
 109:.\Generated_Source\PSoC5/TxDMA_dma.c ****                                   (uint8)TxDMA__TERMIN_SEL);
ARM GAS  C:\Users\PIET~1.COU\AppData\Local\Temp\ccwmCtxI.s 			page 4


 110:.\Generated_Source\PSoC5/TxDMA_dma.c **** 
 111:.\Generated_Source\PSoC5/TxDMA_dma.c ****     /* Set the extended address for the transfers */
 112:.\Generated_Source\PSoC5/TxDMA_dma.c ****     (void)CyDmaChSetExtendedAddress(TxDMA_DmaHandle, UpperSrcAddress, UpperDestAddress);
  62              		.loc 1 112 0
  63 001e 3146     		mov	r1, r6
  64 0020 2A46     		mov	r2, r5
  65 0022 2078     		ldrb	r0, [r4]	@ zero_extendqisi2
  66 0024 FFF7FEFF 		bl	CyDmaChSetExtendedAddress
  67              	.LVL6:
 113:.\Generated_Source\PSoC5/TxDMA_dma.c **** 
 114:.\Generated_Source\PSoC5/TxDMA_dma.c ****     /* Set the priority for this channel */
 115:.\Generated_Source\PSoC5/TxDMA_dma.c ****     (void)CyDmaChPriority(TxDMA_DmaHandle, (uint8)TxDMA__PRIORITY);
  68              		.loc 1 115 0
  69 0028 2078     		ldrb	r0, [r4]	@ zero_extendqisi2
  70 002a 0221     		movs	r1, #2
  71 002c FFF7FEFF 		bl	CyDmaChPriority
  72              	.LVL7:
 116:.\Generated_Source\PSoC5/TxDMA_dma.c ****     
 117:.\Generated_Source\PSoC5/TxDMA_dma.c ****     return TxDMA_DmaHandle;
 118:.\Generated_Source\PSoC5/TxDMA_dma.c **** }
  73              		.loc 1 118 0
  74 0030 2078     		ldrb	r0, [r4]	@ zero_extendqisi2
  75 0032 03B0     		add	sp, sp, #12
  76              		.cfi_def_cfa_offset 20
  77              		@ sp needed
  78 0034 F0BD     		pop	{r4, r5, r6, r7, pc}
  79              	.L3:
  80 0036 00BF     		.align	2
  81              	.L2:
  82 0038 00000000 		.word	.LANCHOR0
  83              		.cfi_endproc
  84              	.LFE0:
  85              		.size	TxDMA_DmaInitialize, .-TxDMA_DmaInitialize
  86              		.section	.text.TxDMA_DmaRelease,"ax",%progbits
  87              		.align	1
  88              		.global	TxDMA_DmaRelease
  89              		.thumb
  90              		.thumb_func
  91              		.type	TxDMA_DmaRelease, %function
  92              	TxDMA_DmaRelease:
  93              	.LFB1:
 119:.\Generated_Source\PSoC5/TxDMA_dma.c **** 
 120:.\Generated_Source\PSoC5/TxDMA_dma.c **** /*********************************************************************
 121:.\Generated_Source\PSoC5/TxDMA_dma.c **** * Function Name: void TxDMA_DmaRelease
 122:.\Generated_Source\PSoC5/TxDMA_dma.c **** **********************************************************************
 123:.\Generated_Source\PSoC5/TxDMA_dma.c **** * Summary:
 124:.\Generated_Source\PSoC5/TxDMA_dma.c **** *   Frees the channel associated with TxDMA.
 125:.\Generated_Source\PSoC5/TxDMA_dma.c **** *
 126:.\Generated_Source\PSoC5/TxDMA_dma.c **** *
 127:.\Generated_Source\PSoC5/TxDMA_dma.c **** * Parameters:
 128:.\Generated_Source\PSoC5/TxDMA_dma.c **** *   void.
 129:.\Generated_Source\PSoC5/TxDMA_dma.c **** *
 130:.\Generated_Source\PSoC5/TxDMA_dma.c **** *
 131:.\Generated_Source\PSoC5/TxDMA_dma.c **** *
 132:.\Generated_Source\PSoC5/TxDMA_dma.c **** * Return:
 133:.\Generated_Source\PSoC5/TxDMA_dma.c **** *   void.
 134:.\Generated_Source\PSoC5/TxDMA_dma.c **** *
ARM GAS  C:\Users\PIET~1.COU\AppData\Local\Temp\ccwmCtxI.s 			page 5


 135:.\Generated_Source\PSoC5/TxDMA_dma.c **** *******************************************************************/
 136:.\Generated_Source\PSoC5/TxDMA_dma.c **** void TxDMA_DmaRelease(void) 
 137:.\Generated_Source\PSoC5/TxDMA_dma.c **** {
  94              		.loc 1 137 0
  95              		.cfi_startproc
  96              		@ args = 0, pretend = 0, frame = 0
  97              		@ frame_needed = 0, uses_anonymous_args = 0
  98              		@ link register save eliminated.
 138:.\Generated_Source\PSoC5/TxDMA_dma.c ****     /* Disable the channel */
 139:.\Generated_Source\PSoC5/TxDMA_dma.c ****     (void)CyDmaChDisable(TxDMA_DmaHandle);
  99              		.loc 1 139 0
 100 0000 014B     		ldr	r3, .L5
 101 0002 1878     		ldrb	r0, [r3]	@ zero_extendqisi2
 102 0004 FFF7FEBF 		b	CyDmaChDisable
 103              	.LVL8:
 104              	.L6:
 105              		.align	2
 106              	.L5:
 107 0008 00000000 		.word	.LANCHOR0
 108              		.cfi_endproc
 109              	.LFE1:
 110              		.size	TxDMA_DmaRelease, .-TxDMA_DmaRelease
 111              		.global	TxDMA_DmaHandle
 112              		.data
 113              		.set	.LANCHOR0,. + 0
 114              		.type	TxDMA_DmaHandle, %object
 115              		.size	TxDMA_DmaHandle, 1
 116              	TxDMA_DmaHandle:
 117 0000 FF       		.byte	-1
 118              		.text
 119              	.Letext0:
 120              		.file 2 "Generated_Source\\PSoC5/cytypes.h"
 121              		.file 3 "Generated_Source\\PSoC5/CYDMAC.H"
 122              		.section	.debug_info,"",%progbits
 123              	.Ldebug_info0:
 124 0000 F7010000 		.4byte	0x1f7
 125 0004 0400     		.2byte	0x4
 126 0006 00000000 		.4byte	.Ldebug_abbrev0
 127 000a 04       		.byte	0x4
 128 000b 01       		.uleb128 0x1
 129 000c 80010000 		.4byte	.LASF23
 130 0010 01       		.byte	0x1
 131 0011 65000000 		.4byte	.LASF24
 132 0015 A3000000 		.4byte	.LASF25
 133 0019 00000000 		.4byte	.Ldebug_ranges0+0
 134 001d 00000000 		.4byte	0
 135 0021 00000000 		.4byte	.Ldebug_line0
 136 0025 02       		.uleb128 0x2
 137 0026 04       		.byte	0x4
 138 0027 05       		.byte	0x5
 139 0028 696E7400 		.ascii	"int\000"
 140 002c 03       		.uleb128 0x3
 141 002d 04       		.byte	0x4
 142 002e 07       		.byte	0x7
 143 002f 0B010000 		.4byte	.LASF0
 144 0033 03       		.uleb128 0x3
 145 0034 01       		.byte	0x1
ARM GAS  C:\Users\PIET~1.COU\AppData\Local\Temp\ccwmCtxI.s 			page 6


 146 0035 06       		.byte	0x6
 147 0036 17020000 		.4byte	.LASF1
 148 003a 03       		.uleb128 0x3
 149 003b 01       		.byte	0x1
 150 003c 08       		.byte	0x8
 151 003d 8A000000 		.4byte	.LASF2
 152 0041 03       		.uleb128 0x3
 153 0042 02       		.byte	0x2
 154 0043 05       		.byte	0x5
 155 0044 76010000 		.4byte	.LASF3
 156 0048 03       		.uleb128 0x3
 157 0049 02       		.byte	0x2
 158 004a 07       		.byte	0x7
 159 004b 4C000000 		.4byte	.LASF4
 160 004f 03       		.uleb128 0x3
 161 0050 04       		.byte	0x4
 162 0051 05       		.byte	0x5
 163 0052 0E020000 		.4byte	.LASF5
 164 0056 03       		.uleb128 0x3
 165 0057 04       		.byte	0x4
 166 0058 07       		.byte	0x7
 167 0059 D4000000 		.4byte	.LASF6
 168 005d 03       		.uleb128 0x3
 169 005e 08       		.byte	0x8
 170 005f 05       		.byte	0x5
 171 0060 49010000 		.4byte	.LASF7
 172 0064 03       		.uleb128 0x3
 173 0065 08       		.byte	0x8
 174 0066 07       		.byte	0x7
 175 0067 18010000 		.4byte	.LASF8
 176 006b 03       		.uleb128 0x3
 177 006c 04       		.byte	0x4
 178 006d 07       		.byte	0x7
 179 006e 40010000 		.4byte	.LASF9
 180 0072 03       		.uleb128 0x3
 181 0073 01       		.byte	0x1
 182 0074 08       		.byte	0x8
 183 0075 71010000 		.4byte	.LASF10
 184 0079 04       		.uleb128 0x4
 185 007a E6000000 		.4byte	.LASF11
 186 007e 02       		.byte	0x2
 187 007f C2       		.byte	0xc2
 188 0080 3A000000 		.4byte	0x3a
 189 0084 04       		.uleb128 0x4
 190 0085 04010000 		.4byte	.LASF12
 191 0089 02       		.byte	0x2
 192 008a C3       		.byte	0xc3
 193 008b 48000000 		.4byte	0x48
 194 008f 03       		.uleb128 0x3
 195 0090 04       		.byte	0x4
 196 0091 04       		.byte	0x4
 197 0092 5F000000 		.4byte	.LASF13
 198 0096 03       		.uleb128 0x3
 199 0097 08       		.byte	0x8
 200 0098 04       		.byte	0x4
 201 0099 FD000000 		.4byte	.LASF14
 202 009d 05       		.uleb128 0x5
ARM GAS  C:\Users\PIET~1.COU\AppData\Local\Temp\ccwmCtxI.s 			page 7


 203 009e 00000000 		.4byte	.LASF15
 204 00a2 02       		.byte	0x2
 205 00a3 6401     		.2byte	0x164
 206 00a5 56000000 		.4byte	0x56
 207 00a9 06       		.uleb128 0x6
 208 00aa 19000000 		.4byte	.LASF26
 209 00ae 01       		.byte	0x1
 210 00af 61       		.byte	0x61
 211 00b0 79000000 		.4byte	0x79
 212 00b4 00000000 		.4byte	.LFB0
 213 00b8 3C000000 		.4byte	.LFE0-.LFB0
 214 00bc 01       		.uleb128 0x1
 215 00bd 9C       		.byte	0x9c
 216 00be 52010000 		.4byte	0x152
 217 00c2 07       		.uleb128 0x7
 218 00c3 98000000 		.4byte	.LASF16
 219 00c7 01       		.byte	0x1
 220 00c8 61       		.byte	0x61
 221 00c9 79000000 		.4byte	0x79
 222 00cd 00000000 		.4byte	.LLST0
 223 00d1 07       		.uleb128 0x7
 224 00d2 3D000000 		.4byte	.LASF17
 225 00d6 01       		.byte	0x1
 226 00d7 61       		.byte	0x61
 227 00d8 79000000 		.4byte	0x79
 228 00dc 21000000 		.4byte	.LLST1
 229 00e0 07       		.uleb128 0x7
 230 00e1 09000000 		.4byte	.LASF18
 231 00e5 01       		.byte	0x1
 232 00e6 61       		.byte	0x61
 233 00e7 84000000 		.4byte	0x84
 234 00eb 42000000 		.4byte	.LLST2
 235 00ef 07       		.uleb128 0x7
 236 00f0 2F010000 		.4byte	.LASF19
 237 00f4 01       		.byte	0x1
 238 00f5 61       		.byte	0x61
 239 00f6 84000000 		.4byte	0x84
 240 00fa 63000000 		.4byte	.LLST3
 241 00fe 08       		.uleb128 0x8
 242 00ff 1E000000 		.4byte	.LVL5
 243 0103 82010000 		.4byte	0x182
 244 0107 28010000 		.4byte	0x128
 245 010b 09       		.uleb128 0x9
 246 010c 01       		.uleb128 0x1
 247 010d 53       		.byte	0x53
 248 010e 01       		.uleb128 0x1
 249 010f 30       		.byte	0x30
 250 0110 09       		.uleb128 0x9
 251 0111 01       		.uleb128 0x1
 252 0112 52       		.byte	0x52
 253 0113 02       		.uleb128 0x2
 254 0114 77       		.byte	0x77
 255 0115 00       		.sleb128 0
 256 0116 09       		.uleb128 0x9
 257 0117 01       		.uleb128 0x1
 258 0118 50       		.byte	0x50
 259 0119 01       		.uleb128 0x1
ARM GAS  C:\Users\PIET~1.COU\AppData\Local\Temp\ccwmCtxI.s 			page 8


 260 011a 31       		.byte	0x31
 261 011b 09       		.uleb128 0x9
 262 011c 02       		.uleb128 0x2
 263 011d 7D       		.byte	0x7d
 264 011e 04       		.sleb128 4
 265 011f 01       		.uleb128 0x1
 266 0120 30       		.byte	0x30
 267 0121 09       		.uleb128 0x9
 268 0122 02       		.uleb128 0x2
 269 0123 7D       		.byte	0x7d
 270 0124 00       		.sleb128 0
 271 0125 01       		.uleb128 0x1
 272 0126 30       		.byte	0x30
 273 0127 00       		.byte	0
 274 0128 08       		.uleb128 0x8
 275 0129 28000000 		.4byte	.LVL6
 276 012d B0010000 		.4byte	0x1b0
 277 0131 42010000 		.4byte	0x142
 278 0135 09       		.uleb128 0x9
 279 0136 01       		.uleb128 0x1
 280 0137 52       		.byte	0x52
 281 0138 02       		.uleb128 0x2
 282 0139 75       		.byte	0x75
 283 013a 00       		.sleb128 0
 284 013b 09       		.uleb128 0x9
 285 013c 01       		.uleb128 0x1
 286 013d 51       		.byte	0x51
 287 013e 02       		.uleb128 0x2
 288 013f 76       		.byte	0x76
 289 0140 00       		.sleb128 0
 290 0141 00       		.byte	0
 291 0142 0A       		.uleb128 0xa
 292 0143 30000000 		.4byte	.LVL7
 293 0147 CF010000 		.4byte	0x1cf
 294 014b 09       		.uleb128 0x9
 295 014c 01       		.uleb128 0x1
 296 014d 51       		.byte	0x51
 297 014e 01       		.uleb128 0x1
 298 014f 32       		.byte	0x32
 299 0150 00       		.byte	0
 300 0151 00       		.byte	0
 301 0152 0B       		.uleb128 0xb
 302 0153 EC000000 		.4byte	.LASF27
 303 0157 01       		.byte	0x1
 304 0158 88       		.byte	0x88
 305 0159 00000000 		.4byte	.LFB1
 306 015d 0C000000 		.4byte	.LFE1-.LFB1
 307 0161 01       		.uleb128 0x1
 308 0162 9C       		.byte	0x9c
 309 0163 71010000 		.4byte	0x171
 310 0167 0C       		.uleb128 0xc
 311 0168 08000000 		.4byte	.LVL8
 312 016c E9010000 		.4byte	0x1e9
 313 0170 00       		.byte	0
 314 0171 0D       		.uleb128 0xd
 315 0172 32020000 		.4byte	.LASF28
 316 0176 01       		.byte	0x1
ARM GAS  C:\Users\PIET~1.COU\AppData\Local\Temp\ccwmCtxI.s 			page 9


 317 0177 45       		.byte	0x45
 318 0178 79000000 		.4byte	0x79
 319 017c 05       		.uleb128 0x5
 320 017d 03       		.byte	0x3
 321 017e 00000000 		.4byte	TxDMA_DmaHandle
 322 0182 0E       		.uleb128 0xe
 323 0183 42020000 		.4byte	.LASF20
 324 0187 03       		.byte	0x3
 325 0188 34       		.byte	0x34
 326 0189 9D000000 		.4byte	0x9d
 327 018d B0010000 		.4byte	0x1b0
 328 0191 0F       		.uleb128 0xf
 329 0192 79000000 		.4byte	0x79
 330 0196 0F       		.uleb128 0xf
 331 0197 79000000 		.4byte	0x79
 332 019b 0F       		.uleb128 0xf
 333 019c 79000000 		.4byte	0x79
 334 01a0 0F       		.uleb128 0xf
 335 01a1 79000000 		.4byte	0x79
 336 01a5 0F       		.uleb128 0xf
 337 01a6 79000000 		.4byte	0x79
 338 01aa 0F       		.uleb128 0xf
 339 01ab 79000000 		.4byte	0x79
 340 01af 00       		.byte	0
 341 01b0 0E       		.uleb128 0xe
 342 01b1 57010000 		.4byte	.LASF21
 343 01b5 03       		.byte	0x3
 344 01b6 2E       		.byte	0x2e
 345 01b7 9D000000 		.4byte	0x9d
 346 01bb CF010000 		.4byte	0x1cf
 347 01bf 0F       		.uleb128 0xf
 348 01c0 79000000 		.4byte	0x79
 349 01c4 0F       		.uleb128 0xf
 350 01c5 84000000 		.4byte	0x84
 351 01c9 0F       		.uleb128 0xf
 352 01ca 84000000 		.4byte	0x84
 353 01ce 00       		.byte	0
 354 01cf 0E       		.uleb128 0xe
 355 01d0 2D000000 		.4byte	.LASF22
 356 01d4 03       		.byte	0x3
 357 01d5 2D       		.byte	0x2d
 358 01d6 9D000000 		.4byte	0x9d
 359 01da E9010000 		.4byte	0x1e9
 360 01de 0F       		.uleb128 0xf
 361 01df 79000000 		.4byte	0x79
 362 01e3 0F       		.uleb128 0xf
 363 01e4 79000000 		.4byte	0x79
 364 01e8 00       		.byte	0
 365 01e9 10       		.uleb128 0x10
 366 01ea 23020000 		.4byte	.LASF29
 367 01ee 03       		.byte	0x3
 368 01ef 2B       		.byte	0x2b
 369 01f0 9D000000 		.4byte	0x9d
 370 01f4 0F       		.uleb128 0xf
 371 01f5 79000000 		.4byte	0x79
 372 01f9 00       		.byte	0
 373 01fa 00       		.byte	0
ARM GAS  C:\Users\PIET~1.COU\AppData\Local\Temp\ccwmCtxI.s 			page 10


 374              		.section	.debug_abbrev,"",%progbits
 375              	.Ldebug_abbrev0:
 376 0000 01       		.uleb128 0x1
 377 0001 11       		.uleb128 0x11
 378 0002 01       		.byte	0x1
 379 0003 25       		.uleb128 0x25
 380 0004 0E       		.uleb128 0xe
 381 0005 13       		.uleb128 0x13
 382 0006 0B       		.uleb128 0xb
 383 0007 03       		.uleb128 0x3
 384 0008 0E       		.uleb128 0xe
 385 0009 1B       		.uleb128 0x1b
 386 000a 0E       		.uleb128 0xe
 387 000b 55       		.uleb128 0x55
 388 000c 17       		.uleb128 0x17
 389 000d 11       		.uleb128 0x11
 390 000e 01       		.uleb128 0x1
 391 000f 10       		.uleb128 0x10
 392 0010 17       		.uleb128 0x17
 393 0011 00       		.byte	0
 394 0012 00       		.byte	0
 395 0013 02       		.uleb128 0x2
 396 0014 24       		.uleb128 0x24
 397 0015 00       		.byte	0
 398 0016 0B       		.uleb128 0xb
 399 0017 0B       		.uleb128 0xb
 400 0018 3E       		.uleb128 0x3e
 401 0019 0B       		.uleb128 0xb
 402 001a 03       		.uleb128 0x3
 403 001b 08       		.uleb128 0x8
 404 001c 00       		.byte	0
 405 001d 00       		.byte	0
 406 001e 03       		.uleb128 0x3
 407 001f 24       		.uleb128 0x24
 408 0020 00       		.byte	0
 409 0021 0B       		.uleb128 0xb
 410 0022 0B       		.uleb128 0xb
 411 0023 3E       		.uleb128 0x3e
 412 0024 0B       		.uleb128 0xb
 413 0025 03       		.uleb128 0x3
 414 0026 0E       		.uleb128 0xe
 415 0027 00       		.byte	0
 416 0028 00       		.byte	0
 417 0029 04       		.uleb128 0x4
 418 002a 16       		.uleb128 0x16
 419 002b 00       		.byte	0
 420 002c 03       		.uleb128 0x3
 421 002d 0E       		.uleb128 0xe
 422 002e 3A       		.uleb128 0x3a
 423 002f 0B       		.uleb128 0xb
 424 0030 3B       		.uleb128 0x3b
 425 0031 0B       		.uleb128 0xb
 426 0032 49       		.uleb128 0x49
 427 0033 13       		.uleb128 0x13
 428 0034 00       		.byte	0
 429 0035 00       		.byte	0
 430 0036 05       		.uleb128 0x5
ARM GAS  C:\Users\PIET~1.COU\AppData\Local\Temp\ccwmCtxI.s 			page 11


 431 0037 16       		.uleb128 0x16
 432 0038 00       		.byte	0
 433 0039 03       		.uleb128 0x3
 434 003a 0E       		.uleb128 0xe
 435 003b 3A       		.uleb128 0x3a
 436 003c 0B       		.uleb128 0xb
 437 003d 3B       		.uleb128 0x3b
 438 003e 05       		.uleb128 0x5
 439 003f 49       		.uleb128 0x49
 440 0040 13       		.uleb128 0x13
 441 0041 00       		.byte	0
 442 0042 00       		.byte	0
 443 0043 06       		.uleb128 0x6
 444 0044 2E       		.uleb128 0x2e
 445 0045 01       		.byte	0x1
 446 0046 3F       		.uleb128 0x3f
 447 0047 19       		.uleb128 0x19
 448 0048 03       		.uleb128 0x3
 449 0049 0E       		.uleb128 0xe
 450 004a 3A       		.uleb128 0x3a
 451 004b 0B       		.uleb128 0xb
 452 004c 3B       		.uleb128 0x3b
 453 004d 0B       		.uleb128 0xb
 454 004e 27       		.uleb128 0x27
 455 004f 19       		.uleb128 0x19
 456 0050 49       		.uleb128 0x49
 457 0051 13       		.uleb128 0x13
 458 0052 11       		.uleb128 0x11
 459 0053 01       		.uleb128 0x1
 460 0054 12       		.uleb128 0x12
 461 0055 06       		.uleb128 0x6
 462 0056 40       		.uleb128 0x40
 463 0057 18       		.uleb128 0x18
 464 0058 9742     		.uleb128 0x2117
 465 005a 19       		.uleb128 0x19
 466 005b 01       		.uleb128 0x1
 467 005c 13       		.uleb128 0x13
 468 005d 00       		.byte	0
 469 005e 00       		.byte	0
 470 005f 07       		.uleb128 0x7
 471 0060 05       		.uleb128 0x5
 472 0061 00       		.byte	0
 473 0062 03       		.uleb128 0x3
 474 0063 0E       		.uleb128 0xe
 475 0064 3A       		.uleb128 0x3a
 476 0065 0B       		.uleb128 0xb
 477 0066 3B       		.uleb128 0x3b
 478 0067 0B       		.uleb128 0xb
 479 0068 49       		.uleb128 0x49
 480 0069 13       		.uleb128 0x13
 481 006a 02       		.uleb128 0x2
 482 006b 17       		.uleb128 0x17
 483 006c 00       		.byte	0
 484 006d 00       		.byte	0
 485 006e 08       		.uleb128 0x8
 486 006f 898201   		.uleb128 0x4109
 487 0072 01       		.byte	0x1
ARM GAS  C:\Users\PIET~1.COU\AppData\Local\Temp\ccwmCtxI.s 			page 12


 488 0073 11       		.uleb128 0x11
 489 0074 01       		.uleb128 0x1
 490 0075 31       		.uleb128 0x31
 491 0076 13       		.uleb128 0x13
 492 0077 01       		.uleb128 0x1
 493 0078 13       		.uleb128 0x13
 494 0079 00       		.byte	0
 495 007a 00       		.byte	0
 496 007b 09       		.uleb128 0x9
 497 007c 8A8201   		.uleb128 0x410a
 498 007f 00       		.byte	0
 499 0080 02       		.uleb128 0x2
 500 0081 18       		.uleb128 0x18
 501 0082 9142     		.uleb128 0x2111
 502 0084 18       		.uleb128 0x18
 503 0085 00       		.byte	0
 504 0086 00       		.byte	0
 505 0087 0A       		.uleb128 0xa
 506 0088 898201   		.uleb128 0x4109
 507 008b 01       		.byte	0x1
 508 008c 11       		.uleb128 0x11
 509 008d 01       		.uleb128 0x1
 510 008e 31       		.uleb128 0x31
 511 008f 13       		.uleb128 0x13
 512 0090 00       		.byte	0
 513 0091 00       		.byte	0
 514 0092 0B       		.uleb128 0xb
 515 0093 2E       		.uleb128 0x2e
 516 0094 01       		.byte	0x1
 517 0095 3F       		.uleb128 0x3f
 518 0096 19       		.uleb128 0x19
 519 0097 03       		.uleb128 0x3
 520 0098 0E       		.uleb128 0xe
 521 0099 3A       		.uleb128 0x3a
 522 009a 0B       		.uleb128 0xb
 523 009b 3B       		.uleb128 0x3b
 524 009c 0B       		.uleb128 0xb
 525 009d 27       		.uleb128 0x27
 526 009e 19       		.uleb128 0x19
 527 009f 11       		.uleb128 0x11
 528 00a0 01       		.uleb128 0x1
 529 00a1 12       		.uleb128 0x12
 530 00a2 06       		.uleb128 0x6
 531 00a3 40       		.uleb128 0x40
 532 00a4 18       		.uleb128 0x18
 533 00a5 9742     		.uleb128 0x2117
 534 00a7 19       		.uleb128 0x19
 535 00a8 01       		.uleb128 0x1
 536 00a9 13       		.uleb128 0x13
 537 00aa 00       		.byte	0
 538 00ab 00       		.byte	0
 539 00ac 0C       		.uleb128 0xc
 540 00ad 898201   		.uleb128 0x4109
 541 00b0 00       		.byte	0
 542 00b1 11       		.uleb128 0x11
 543 00b2 01       		.uleb128 0x1
 544 00b3 9542     		.uleb128 0x2115
ARM GAS  C:\Users\PIET~1.COU\AppData\Local\Temp\ccwmCtxI.s 			page 13


 545 00b5 19       		.uleb128 0x19
 546 00b6 31       		.uleb128 0x31
 547 00b7 13       		.uleb128 0x13
 548 00b8 00       		.byte	0
 549 00b9 00       		.byte	0
 550 00ba 0D       		.uleb128 0xd
 551 00bb 34       		.uleb128 0x34
 552 00bc 00       		.byte	0
 553 00bd 03       		.uleb128 0x3
 554 00be 0E       		.uleb128 0xe
 555 00bf 3A       		.uleb128 0x3a
 556 00c0 0B       		.uleb128 0xb
 557 00c1 3B       		.uleb128 0x3b
 558 00c2 0B       		.uleb128 0xb
 559 00c3 49       		.uleb128 0x49
 560 00c4 13       		.uleb128 0x13
 561 00c5 3F       		.uleb128 0x3f
 562 00c6 19       		.uleb128 0x19
 563 00c7 02       		.uleb128 0x2
 564 00c8 18       		.uleb128 0x18
 565 00c9 00       		.byte	0
 566 00ca 00       		.byte	0
 567 00cb 0E       		.uleb128 0xe
 568 00cc 2E       		.uleb128 0x2e
 569 00cd 01       		.byte	0x1
 570 00ce 3F       		.uleb128 0x3f
 571 00cf 19       		.uleb128 0x19
 572 00d0 03       		.uleb128 0x3
 573 00d1 0E       		.uleb128 0xe
 574 00d2 3A       		.uleb128 0x3a
 575 00d3 0B       		.uleb128 0xb
 576 00d4 3B       		.uleb128 0x3b
 577 00d5 0B       		.uleb128 0xb
 578 00d6 27       		.uleb128 0x27
 579 00d7 19       		.uleb128 0x19
 580 00d8 49       		.uleb128 0x49
 581 00d9 13       		.uleb128 0x13
 582 00da 3C       		.uleb128 0x3c
 583 00db 19       		.uleb128 0x19
 584 00dc 01       		.uleb128 0x1
 585 00dd 13       		.uleb128 0x13
 586 00de 00       		.byte	0
 587 00df 00       		.byte	0
 588 00e0 0F       		.uleb128 0xf
 589 00e1 05       		.uleb128 0x5
 590 00e2 00       		.byte	0
 591 00e3 49       		.uleb128 0x49
 592 00e4 13       		.uleb128 0x13
 593 00e5 00       		.byte	0
 594 00e6 00       		.byte	0
 595 00e7 10       		.uleb128 0x10
 596 00e8 2E       		.uleb128 0x2e
 597 00e9 01       		.byte	0x1
 598 00ea 3F       		.uleb128 0x3f
 599 00eb 19       		.uleb128 0x19
 600 00ec 03       		.uleb128 0x3
 601 00ed 0E       		.uleb128 0xe
ARM GAS  C:\Users\PIET~1.COU\AppData\Local\Temp\ccwmCtxI.s 			page 14


 602 00ee 3A       		.uleb128 0x3a
 603 00ef 0B       		.uleb128 0xb
 604 00f0 3B       		.uleb128 0x3b
 605 00f1 0B       		.uleb128 0xb
 606 00f2 27       		.uleb128 0x27
 607 00f3 19       		.uleb128 0x19
 608 00f4 49       		.uleb128 0x49
 609 00f5 13       		.uleb128 0x13
 610 00f6 3C       		.uleb128 0x3c
 611 00f7 19       		.uleb128 0x19
 612 00f8 00       		.byte	0
 613 00f9 00       		.byte	0
 614 00fa 00       		.byte	0
 615              		.section	.debug_loc,"",%progbits
 616              	.Ldebug_loc0:
 617              	.LLST0:
 618 0000 00000000 		.4byte	.LVL0
 619 0004 18000000 		.4byte	.LVL4
 620 0008 0100     		.2byte	0x1
 621 000a 50       		.byte	0x50
 622 000b 18000000 		.4byte	.LVL4
 623 000f 3C000000 		.4byte	.LFE0
 624 0013 0400     		.2byte	0x4
 625 0015 F3       		.byte	0xf3
 626 0016 01       		.uleb128 0x1
 627 0017 50       		.byte	0x50
 628 0018 9F       		.byte	0x9f
 629 0019 00000000 		.4byte	0
 630 001d 00000000 		.4byte	0
 631              	.LLST1:
 632 0021 00000000 		.4byte	.LVL0
 633 0025 10000000 		.4byte	.LVL2
 634 0029 0100     		.2byte	0x1
 635 002b 51       		.byte	0x51
 636 002c 10000000 		.4byte	.LVL2
 637 0030 3C000000 		.4byte	.LFE0
 638 0034 0400     		.2byte	0x4
 639 0036 F3       		.byte	0xf3
 640 0037 01       		.uleb128 0x1
 641 0038 51       		.byte	0x51
 642 0039 9F       		.byte	0x9f
 643 003a 00000000 		.4byte	0
 644 003e 00000000 		.4byte	0
 645              	.LLST2:
 646 0042 00000000 		.4byte	.LVL0
 647 0046 16000000 		.4byte	.LVL3
 648 004a 0100     		.2byte	0x1
 649 004c 52       		.byte	0x52
 650 004d 16000000 		.4byte	.LVL3
 651 0051 3C000000 		.4byte	.LFE0
 652 0055 0400     		.2byte	0x4
 653 0057 F3       		.byte	0xf3
 654 0058 01       		.uleb128 0x1
 655 0059 52       		.byte	0x52
 656 005a 9F       		.byte	0x9f
 657 005b 00000000 		.4byte	0
 658 005f 00000000 		.4byte	0
ARM GAS  C:\Users\PIET~1.COU\AppData\Local\Temp\ccwmCtxI.s 			page 15


 659              	.LLST3:
 660 0063 00000000 		.4byte	.LVL0
 661 0067 0E000000 		.4byte	.LVL1
 662 006b 0100     		.2byte	0x1
 663 006d 53       		.byte	0x53
 664 006e 0E000000 		.4byte	.LVL1
 665 0072 3C000000 		.4byte	.LFE0
 666 0076 0400     		.2byte	0x4
 667 0078 F3       		.byte	0xf3
 668 0079 01       		.uleb128 0x1
 669 007a 53       		.byte	0x53
 670 007b 9F       		.byte	0x9f
 671 007c 00000000 		.4byte	0
 672 0080 00000000 		.4byte	0
 673              		.section	.debug_aranges,"",%progbits
 674 0000 24000000 		.4byte	0x24
 675 0004 0200     		.2byte	0x2
 676 0006 00000000 		.4byte	.Ldebug_info0
 677 000a 04       		.byte	0x4
 678 000b 00       		.byte	0
 679 000c 0000     		.2byte	0
 680 000e 0000     		.2byte	0
 681 0010 00000000 		.4byte	.LFB0
 682 0014 3C000000 		.4byte	.LFE0-.LFB0
 683 0018 00000000 		.4byte	.LFB1
 684 001c 0C000000 		.4byte	.LFE1-.LFB1
 685 0020 00000000 		.4byte	0
 686 0024 00000000 		.4byte	0
 687              		.section	.debug_ranges,"",%progbits
 688              	.Ldebug_ranges0:
 689 0000 00000000 		.4byte	.LFB0
 690 0004 3C000000 		.4byte	.LFE0
 691 0008 00000000 		.4byte	.LFB1
 692 000c 0C000000 		.4byte	.LFE1
 693 0010 00000000 		.4byte	0
 694 0014 00000000 		.4byte	0
 695              		.section	.debug_line,"",%progbits
 696              	.Ldebug_line0:
 697 0000 9A000000 		.section	.debug_str,"MS",%progbits,1
 697      02006B00 
 697      00000201 
 697      FB0E0D00 
 697      01010101 
 698              	.LASF15:
 699 0000 63797374 		.ascii	"cystatus\000"
 699      61747573 
 699      00
 700              	.LASF18:
 701 0009 55707065 		.ascii	"UpperSrcAddress\000"
 701      72537263 
 701      41646472 
 701      65737300 
 702              	.LASF26:
 703 0019 5478444D 		.ascii	"TxDMA_DmaInitialize\000"
 703      415F446D 
 703      61496E69 
 703      7469616C 
ARM GAS  C:\Users\PIET~1.COU\AppData\Local\Temp\ccwmCtxI.s 			page 16


 703      697A6500 
 704              	.LASF22:
 705 002d 4379446D 		.ascii	"CyDmaChPriority\000"
 705      61436850 
 705      72696F72 
 705      69747900 
 706              	.LASF17:
 707 003d 52657165 		.ascii	"ReqestPerBurst\000"
 707      73745065 
 707      72427572 
 707      737400
 708              	.LASF4:
 709 004c 73686F72 		.ascii	"short unsigned int\000"
 709      7420756E 
 709      7369676E 
 709      65642069 
 709      6E7400
 710              	.LASF13:
 711 005f 666C6F61 		.ascii	"float\000"
 711      7400
 712              	.LASF24:
 713 0065 2E5C4765 		.ascii	".\\Generated_Source\\PSoC5\\TxDMA_dma.c\000"
 713      6E657261 
 713      7465645F 
 713      536F7572 
 713      63655C50 
 714              	.LASF2:
 715 008a 756E7369 		.ascii	"unsigned char\000"
 715      676E6564 
 715      20636861 
 715      7200
 716              	.LASF16:
 717 0098 42757273 		.ascii	"BurstCount\000"
 717      74436F75 
 717      6E7400
 718              	.LASF25:
 719 00a3 473A5C50 		.ascii	"G:\\PSoC_5LP\\I2S_DMA_example\\InterIcSound01.cydsn"
 719      536F435F 
 719      354C505C 
 719      4932535F 
 719      444D415F 
 720 00d3 00       		.ascii	"\000"
 721              	.LASF6:
 722 00d4 6C6F6E67 		.ascii	"long unsigned int\000"
 722      20756E73 
 722      69676E65 
 722      6420696E 
 722      7400
 723              	.LASF11:
 724 00e6 75696E74 		.ascii	"uint8\000"
 724      3800
 725              	.LASF27:
 726 00ec 5478444D 		.ascii	"TxDMA_DmaRelease\000"
 726      415F446D 
 726      6152656C 
 726      65617365 
 726      00
ARM GAS  C:\Users\PIET~1.COU\AppData\Local\Temp\ccwmCtxI.s 			page 17


 727              	.LASF14:
 728 00fd 646F7562 		.ascii	"double\000"
 728      6C6500
 729              	.LASF12:
 730 0104 75696E74 		.ascii	"uint16\000"
 730      313600
 731              	.LASF0:
 732 010b 756E7369 		.ascii	"unsigned int\000"
 732      676E6564 
 732      20696E74 
 732      00
 733              	.LASF8:
 734 0118 6C6F6E67 		.ascii	"long long unsigned int\000"
 734      206C6F6E 
 734      6720756E 
 734      7369676E 
 734      65642069 
 735              	.LASF19:
 736 012f 55707065 		.ascii	"UpperDestAddress\000"
 736      72446573 
 736      74416464 
 736      72657373 
 736      00
 737              	.LASF9:
 738 0140 73697A65 		.ascii	"sizetype\000"
 738      74797065 
 738      00
 739              	.LASF7:
 740 0149 6C6F6E67 		.ascii	"long long int\000"
 740      206C6F6E 
 740      6720696E 
 740      7400
 741              	.LASF21:
 742 0157 4379446D 		.ascii	"CyDmaChSetExtendedAddress\000"
 742      61436853 
 742      65744578 
 742      74656E64 
 742      65644164 
 743              	.LASF10:
 744 0171 63686172 		.ascii	"char\000"
 744      00
 745              	.LASF3:
 746 0176 73686F72 		.ascii	"short int\000"
 746      7420696E 
 746      7400
 747              	.LASF23:
 748 0180 474E5520 		.ascii	"GNU C 4.9.3 20150303 (release) [ARM/embedded-4_9-br"
 748      4320342E 
 748      392E3320 
 748      32303135 
 748      30333033 
 749 01b3 616E6368 		.ascii	"anch revision 221220] -mcpu=cortex-m3 -mthumb -g -O"
 749      20726576 
 749      6973696F 
 749      6E203232 
 749      31323230 
 750 01e6 73202D66 		.ascii	"s -ffunction-sections -ffat-lto-objects\000"
ARM GAS  C:\Users\PIET~1.COU\AppData\Local\Temp\ccwmCtxI.s 			page 18


 750      66756E63 
 750      74696F6E 
 750      2D736563 
 750      74696F6E 
 751              	.LASF5:
 752 020e 6C6F6E67 		.ascii	"long int\000"
 752      20696E74 
 752      00
 753              	.LASF1:
 754 0217 7369676E 		.ascii	"signed char\000"
 754      65642063 
 754      68617200 
 755              	.LASF29:
 756 0223 4379446D 		.ascii	"CyDmaChDisable\000"
 756      61436844 
 756      69736162 
 756      6C6500
 757              	.LASF28:
 758 0232 5478444D 		.ascii	"TxDMA_DmaHandle\000"
 758      415F446D 
 758      6148616E 
 758      646C6500 
 759              	.LASF20:
 760 0242 4379446D 		.ascii	"CyDmaChSetConfiguration\000"
 760      61436853 
 760      6574436F 
 760      6E666967 
 760      75726174 
 761              		.ident	"GCC: (GNU Tools for ARM Embedded Processors) 4.9.3 20150303 (release) [ARM/embedded-4_9-br
