ARM GAS  C:\Users\Jona\AppData\Local\Temp\ccgpjHgn.s 			page 1


   1              		.syntax unified
   2              		.cpu cortex-m3
   3              		.fpu softvfp
   4              		.eabi_attribute 20, 1
   5              		.eabi_attribute 21, 1
   6              		.eabi_attribute 23, 3
   7              		.eabi_attribute 24, 1
   8              		.eabi_attribute 25, 1
   9              		.eabi_attribute 26, 1
  10              		.eabi_attribute 30, 6
  11              		.eabi_attribute 34, 1
  12              		.eabi_attribute 18, 4
  13              		.thumb
  14              		.syntax unified
  15              		.file	"Filter_Coefficients.c"
  16              		.text
  17              	.Ltext0:
  18              		.cfi_sections	.debug_frame
  19              		.global	Filter_ChannelABiquadCoefficients
  20              		.section	.rodata
  21              		.align	2
  22              		.type	Filter_ChannelABiquadCoefficients, %object
  23              		.size	Filter_ChannelABiquadCoefficients, 40
  24              	Filter_ChannelABiquadCoefficients:
  25 0000 76       		.byte	118
  26 0001 F1       		.byte	-15
  27 0002 0F       		.byte	15
  28 0003 00       		.byte	0
  29 0004 E8       		.byte	-24
  30 0005 1D       		.byte	29
  31 0006 E0       		.byte	-32
  32 0007 00       		.byte	0
  33 0008 76       		.byte	118
  34 0009 F1       		.byte	-15
  35 000a 0F       		.byte	15
  36 000b 00       		.byte	0
  37 000c 62       		.byte	98
  38 000d 88       		.byte	-120
  39 000e 7F       		.byte	127
  40 000f 00       		.byte	0
  41 0010 4D       		.byte	77
  42 0011 74       		.byte	116
  43 0012 C0       		.byte	-64
  44 0013 00       		.byte	0
  45 0014 D9       		.byte	-39
  46 0015 C5       		.byte	-59
  47 0016 3F       		.byte	63
  48 0017 00       		.byte	0
  49 0018 20       		.byte	32
  50 0019 92       		.byte	-110
  51 001a 80       		.byte	-128
  52 001b 00       		.byte	0
  53 001c D9       		.byte	-39
  54 001d C5       		.byte	-59
  55 001e 3F       		.byte	63
  56 001f 00       		.byte	0
  57 0020 E0       		.byte	-32
ARM GAS  C:\Users\Jona\AppData\Local\Temp\ccgpjHgn.s 			page 2


  58 0021 6D       		.byte	109
  59 0022 7F       		.byte	127
  60 0023 00       		.byte	0
  61 0024 4D       		.byte	77
  62 0025 74       		.byte	116
  63 0026 C0       		.byte	-64
  64 0027 00       		.byte	0
  65              		.global	Filter_ChannelBBiquadCoefficients
  66              		.align	2
  67              		.type	Filter_ChannelBBiquadCoefficients, %object
  68              		.size	Filter_ChannelBBiquadCoefficients, 40
  69              	Filter_ChannelBBiquadCoefficients:
  70 0028 76       		.byte	118
  71 0029 F1       		.byte	-15
  72 002a 0F       		.byte	15
  73 002b 00       		.byte	0
  74 002c E8       		.byte	-24
  75 002d 1D       		.byte	29
  76 002e E0       		.byte	-32
  77 002f 00       		.byte	0
  78 0030 76       		.byte	118
  79 0031 F1       		.byte	-15
  80 0032 0F       		.byte	15
  81 0033 00       		.byte	0
  82 0034 62       		.byte	98
  83 0035 88       		.byte	-120
  84 0036 7F       		.byte	127
  85 0037 00       		.byte	0
  86 0038 4D       		.byte	77
  87 0039 74       		.byte	116
  88 003a C0       		.byte	-64
  89 003b 00       		.byte	0
  90 003c D9       		.byte	-39
  91 003d C5       		.byte	-59
  92 003e 3F       		.byte	63
  93 003f 00       		.byte	0
  94 0040 20       		.byte	32
  95 0041 92       		.byte	-110
  96 0042 80       		.byte	-128
  97 0043 00       		.byte	0
  98 0044 D9       		.byte	-39
  99 0045 C5       		.byte	-59
 100 0046 3F       		.byte	63
 101 0047 00       		.byte	0
 102 0048 E0       		.byte	-32
 103 0049 6D       		.byte	109
 104 004a 7F       		.byte	127
 105 004b 00       		.byte	0
 106 004c 4D       		.byte	77
 107 004d 74       		.byte	116
 108 004e C0       		.byte	-64
 109 004f 00       		.byte	0
 110              		.text
 111              	.Letext0:
 112              		.file 1 "Generated_Source\\PSoC5\\Filter_Coefficients.c"
 113              		.file 2 "Generated_Source\\PSoC5\\cytypes.h"
 114              		.section	.debug_info,"",%progbits
ARM GAS  C:\Users\Jona\AppData\Local\Temp\ccgpjHgn.s 			page 3


 115              	.Ldebug_info0:
 116 0000 D0000000 		.4byte	0xd0
 117 0004 0400     		.2byte	0x4
 118 0006 00000000 		.4byte	.Ldebug_abbrev0
 119 000a 04       		.byte	0x4
 120 000b 01       		.uleb128 0x1
 121 000c 72000000 		.4byte	.LASF16
 122 0010 0C       		.byte	0xc
 123 0011 F4010000 		.4byte	.LASF17
 124 0015 4E010000 		.4byte	.LASF18
 125 0019 00000000 		.4byte	.Ldebug_line0
 126 001d 02       		.uleb128 0x2
 127 001e 04       		.byte	0x4
 128 001f 05       		.byte	0x5
 129 0020 696E7400 		.ascii	"int\000"
 130 0024 03       		.uleb128 0x3
 131 0025 04       		.byte	0x4
 132 0026 07       		.byte	0x7
 133 0027 0E000000 		.4byte	.LASF0
 134 002b 03       		.uleb128 0x3
 135 002c 08       		.byte	0x8
 136 002d 05       		.byte	0x5
 137 002e 00000000 		.4byte	.LASF1
 138 0032 03       		.uleb128 0x3
 139 0033 08       		.byte	0x8
 140 0034 04       		.byte	0x4
 141 0035 42010000 		.4byte	.LASF2
 142 0039 03       		.uleb128 0x3
 143 003a 01       		.byte	0x1
 144 003b 06       		.byte	0x6
 145 003c 36010000 		.4byte	.LASF3
 146 0040 03       		.uleb128 0x3
 147 0041 01       		.byte	0x1
 148 0042 08       		.byte	0x8
 149 0043 00010000 		.4byte	.LASF4
 150 0047 03       		.uleb128 0x3
 151 0048 02       		.byte	0x2
 152 0049 05       		.byte	0x5
 153 004a BF010000 		.4byte	.LASF5
 154 004e 03       		.uleb128 0x3
 155 004f 02       		.byte	0x2
 156 0050 07       		.byte	0x7
 157 0051 23010000 		.4byte	.LASF6
 158 0055 03       		.uleb128 0x3
 159 0056 04       		.byte	0x4
 160 0057 05       		.byte	0x5
 161 0058 13010000 		.4byte	.LASF7
 162 005c 03       		.uleb128 0x3
 163 005d 04       		.byte	0x4
 164 005e 07       		.byte	0x7
 165 005f 43000000 		.4byte	.LASF8
 166 0063 03       		.uleb128 0x3
 167 0064 08       		.byte	0x8
 168 0065 07       		.byte	0x7
 169 0066 55000000 		.4byte	.LASF9
 170 006a 03       		.uleb128 0x3
 171 006b 04       		.byte	0x4
ARM GAS  C:\Users\Jona\AppData\Local\Temp\ccgpjHgn.s 			page 4


 172 006c 07       		.byte	0x7
 173 006d EB010000 		.4byte	.LASF10
 174 0071 03       		.uleb128 0x3
 175 0072 01       		.byte	0x1
 176 0073 08       		.byte	0x8
 177 0074 0E010000 		.4byte	.LASF11
 178 0078 04       		.uleb128 0x4
 179 0079 3D000000 		.4byte	.LASF19
 180 007d 02       		.byte	0x2
 181 007e 9201     		.2byte	0x192
 182 0080 40000000 		.4byte	0x40
 183 0084 03       		.uleb128 0x3
 184 0085 04       		.byte	0x4
 185 0086 04       		.byte	0x4
 186 0087 6C000000 		.4byte	.LASF12
 187 008b 03       		.uleb128 0x3
 188 008c 08       		.byte	0x8
 189 008d 04       		.byte	0x4
 190 008e 1C010000 		.4byte	.LASF13
 191 0092 05       		.uleb128 0x5
 192 0093 A2000000 		.4byte	0xa2
 193 0097 A2000000 		.4byte	0xa2
 194 009b 06       		.uleb128 0x6
 195 009c 6A000000 		.4byte	0x6a
 196 00a0 27       		.byte	0x27
 197 00a1 00       		.byte	0
 198 00a2 07       		.uleb128 0x7
 199 00a3 78000000 		.4byte	0x78
 200 00a7 08       		.uleb128 0x8
 201 00a8 C9010000 		.4byte	.LASF14
 202 00ac 01       		.byte	0x1
 203 00ad 11       		.byte	0x11
 204 00ae B8000000 		.4byte	0xb8
 205 00b2 05       		.uleb128 0x5
 206 00b3 03       		.byte	0x3
 207 00b4 00000000 		.4byte	Filter_ChannelABiquadCoefficients
 208 00b8 07       		.uleb128 0x7
 209 00b9 92000000 		.4byte	0x92
 210 00bd 08       		.uleb128 0x8
 211 00be 1B000000 		.4byte	.LASF15
 212 00c2 01       		.byte	0x1
 213 00c3 37       		.byte	0x37
 214 00c4 CE000000 		.4byte	0xce
 215 00c8 05       		.uleb128 0x5
 216 00c9 03       		.byte	0x3
 217 00ca 00000000 		.4byte	Filter_ChannelBBiquadCoefficients
 218 00ce 07       		.uleb128 0x7
 219 00cf 92000000 		.4byte	0x92
 220 00d3 00       		.byte	0
 221              		.section	.debug_abbrev,"",%progbits
 222              	.Ldebug_abbrev0:
 223 0000 01       		.uleb128 0x1
 224 0001 11       		.uleb128 0x11
 225 0002 01       		.byte	0x1
 226 0003 25       		.uleb128 0x25
 227 0004 0E       		.uleb128 0xe
 228 0005 13       		.uleb128 0x13
ARM GAS  C:\Users\Jona\AppData\Local\Temp\ccgpjHgn.s 			page 5


 229 0006 0B       		.uleb128 0xb
 230 0007 03       		.uleb128 0x3
 231 0008 0E       		.uleb128 0xe
 232 0009 1B       		.uleb128 0x1b
 233 000a 0E       		.uleb128 0xe
 234 000b 10       		.uleb128 0x10
 235 000c 17       		.uleb128 0x17
 236 000d 00       		.byte	0
 237 000e 00       		.byte	0
 238 000f 02       		.uleb128 0x2
 239 0010 24       		.uleb128 0x24
 240 0011 00       		.byte	0
 241 0012 0B       		.uleb128 0xb
 242 0013 0B       		.uleb128 0xb
 243 0014 3E       		.uleb128 0x3e
 244 0015 0B       		.uleb128 0xb
 245 0016 03       		.uleb128 0x3
 246 0017 08       		.uleb128 0x8
 247 0018 00       		.byte	0
 248 0019 00       		.byte	0
 249 001a 03       		.uleb128 0x3
 250 001b 24       		.uleb128 0x24
 251 001c 00       		.byte	0
 252 001d 0B       		.uleb128 0xb
 253 001e 0B       		.uleb128 0xb
 254 001f 3E       		.uleb128 0x3e
 255 0020 0B       		.uleb128 0xb
 256 0021 03       		.uleb128 0x3
 257 0022 0E       		.uleb128 0xe
 258 0023 00       		.byte	0
 259 0024 00       		.byte	0
 260 0025 04       		.uleb128 0x4
 261 0026 16       		.uleb128 0x16
 262 0027 00       		.byte	0
 263 0028 03       		.uleb128 0x3
 264 0029 0E       		.uleb128 0xe
 265 002a 3A       		.uleb128 0x3a
 266 002b 0B       		.uleb128 0xb
 267 002c 3B       		.uleb128 0x3b
 268 002d 05       		.uleb128 0x5
 269 002e 49       		.uleb128 0x49
 270 002f 13       		.uleb128 0x13
 271 0030 00       		.byte	0
 272 0031 00       		.byte	0
 273 0032 05       		.uleb128 0x5
 274 0033 01       		.uleb128 0x1
 275 0034 01       		.byte	0x1
 276 0035 49       		.uleb128 0x49
 277 0036 13       		.uleb128 0x13
 278 0037 01       		.uleb128 0x1
 279 0038 13       		.uleb128 0x13
 280 0039 00       		.byte	0
 281 003a 00       		.byte	0
 282 003b 06       		.uleb128 0x6
 283 003c 21       		.uleb128 0x21
 284 003d 00       		.byte	0
 285 003e 49       		.uleb128 0x49
ARM GAS  C:\Users\Jona\AppData\Local\Temp\ccgpjHgn.s 			page 6


 286 003f 13       		.uleb128 0x13
 287 0040 2F       		.uleb128 0x2f
 288 0041 0B       		.uleb128 0xb
 289 0042 00       		.byte	0
 290 0043 00       		.byte	0
 291 0044 07       		.uleb128 0x7
 292 0045 26       		.uleb128 0x26
 293 0046 00       		.byte	0
 294 0047 49       		.uleb128 0x49
 295 0048 13       		.uleb128 0x13
 296 0049 00       		.byte	0
 297 004a 00       		.byte	0
 298 004b 08       		.uleb128 0x8
 299 004c 34       		.uleb128 0x34
 300 004d 00       		.byte	0
 301 004e 03       		.uleb128 0x3
 302 004f 0E       		.uleb128 0xe
 303 0050 3A       		.uleb128 0x3a
 304 0051 0B       		.uleb128 0xb
 305 0052 3B       		.uleb128 0x3b
 306 0053 0B       		.uleb128 0xb
 307 0054 49       		.uleb128 0x49
 308 0055 13       		.uleb128 0x13
 309 0056 3F       		.uleb128 0x3f
 310 0057 19       		.uleb128 0x19
 311 0058 02       		.uleb128 0x2
 312 0059 18       		.uleb128 0x18
 313 005a 00       		.byte	0
 314 005b 00       		.byte	0
 315 005c 00       		.byte	0
 316              		.section	.debug_aranges,"",%progbits
 317 0000 14000000 		.4byte	0x14
 318 0004 0200     		.2byte	0x2
 319 0006 00000000 		.4byte	.Ldebug_info0
 320 000a 04       		.byte	0x4
 321 000b 00       		.byte	0
 322 000c 0000     		.2byte	0
 323 000e 0000     		.2byte	0
 324 0010 00000000 		.4byte	0
 325 0014 00000000 		.4byte	0
 326              		.section	.debug_line,"",%progbits
 327              	.Ldebug_line0:
 328 0000 56000000 		.section	.debug_str,"MS",%progbits,1
 328      02005000 
 328      00000201 
 328      FB0E0D00 
 328      01010101 
 329              	.LASF1:
 330 0000 6C6F6E67 		.ascii	"long long int\000"
 330      206C6F6E 
 330      6720696E 
 330      7400
 331              	.LASF0:
 332 000e 756E7369 		.ascii	"unsigned int\000"
 332      676E6564 
 332      20696E74 
 332      00
ARM GAS  C:\Users\Jona\AppData\Local\Temp\ccgpjHgn.s 			page 7


 333              	.LASF15:
 334 001b 46696C74 		.ascii	"Filter_ChannelBBiquadCoefficients\000"
 334      65725F43 
 334      68616E6E 
 334      656C4242 
 334      69717561 
 335              	.LASF19:
 336 003d 75696E74 		.ascii	"uint8\000"
 336      3800
 337              	.LASF8:
 338 0043 6C6F6E67 		.ascii	"long unsigned int\000"
 338      20756E73 
 338      69676E65 
 338      6420696E 
 338      7400
 339              	.LASF9:
 340 0055 6C6F6E67 		.ascii	"long long unsigned int\000"
 340      206C6F6E 
 340      6720756E 
 340      7369676E 
 340      65642069 
 341              	.LASF12:
 342 006c 666C6F61 		.ascii	"float\000"
 342      7400
 343              	.LASF16:
 344 0072 474E5520 		.ascii	"GNU C11 5.4.1 20160609 (release) [ARM/embedded-5-br"
 344      43313120 
 344      352E342E 
 344      31203230 
 344      31363036 
 345 00a5 616E6368 		.ascii	"anch revision 237715] -mcpu=cortex-m3 -mthumb -g -O"
 345      20726576 
 345      6973696F 
 345      6E203233 
 345      37373135 
 346 00d8 30202D66 		.ascii	"0 -ffunction-sections -ffat-lto-objects\000"
 346      66756E63 
 346      74696F6E 
 346      2D736563 
 346      74696F6E 
 347              	.LASF4:
 348 0100 756E7369 		.ascii	"unsigned char\000"
 348      676E6564 
 348      20636861 
 348      7200
 349              	.LASF11:
 350 010e 63686172 		.ascii	"char\000"
 350      00
 351              	.LASF7:
 352 0113 6C6F6E67 		.ascii	"long int\000"
 352      20696E74 
 352      00
 353              	.LASF13:
 354 011c 646F7562 		.ascii	"double\000"
 354      6C6500
 355              	.LASF6:
 356 0123 73686F72 		.ascii	"short unsigned int\000"
ARM GAS  C:\Users\Jona\AppData\Local\Temp\ccgpjHgn.s 			page 8


 356      7420756E 
 356      7369676E 
 356      65642069 
 356      6E7400
 357              	.LASF3:
 358 0136 7369676E 		.ascii	"signed char\000"
 358      65642063 
 358      68617200 
 359              	.LASF2:
 360 0142 6C6F6E67 		.ascii	"long double\000"
 360      20646F75 
 360      626C6500 
 361              	.LASF18:
 362 014e 433A5C55 		.ascii	"C:\\Users\\Jona\\Documents\\GitHub\\Signaalverwerki"
 362      73657273 
 362      5C4A6F6E 
 362      615C446F 
 362      63756D65 
 363 017c 6E675C4C 		.ascii	"ng\\Labo6\\Opgave3\\IIR_filterProject_DFB\\IIR_filt"
 363      61626F36 
 363      5C4F7067 
 363      61766533 
 363      5C494952 
 364 01ab 65725072 		.ascii	"erProject_DFB.cydsn\000"
 364      6F6A6563 
 364      745F4446 
 364      422E6379 
 364      64736E00 
 365              	.LASF5:
 366 01bf 73686F72 		.ascii	"short int\000"
 366      7420696E 
 366      7400
 367              	.LASF14:
 368 01c9 46696C74 		.ascii	"Filter_ChannelABiquadCoefficients\000"
 368      65725F43 
 368      68616E6E 
 368      656C4142 
 368      69717561 
 369              	.LASF10:
 370 01eb 73697A65 		.ascii	"sizetype\000"
 370      74797065 
 370      00
 371              	.LASF17:
 372 01f4 47656E65 		.ascii	"Generated_Source\\PSoC5\\Filter_Coefficients.c\000"
 372      72617465 
 372      645F536F 
 372      75726365 
 372      5C50536F 
 373              		.ident	"GCC: (GNU Tools for ARM Embedded Processors) 5.4.1 20160609 (release) [ARM/embedded-5-bran
