ARM GAS  C:\Users\Jona\AppData\Local\Temp\ccwYR1Qn.s 			page 1


   1              		.syntax unified
   2              		.cpu cortex-m3
   3              		.fpu softvfp
   4              		.eabi_attribute 20, 1
   5              		.eabi_attribute 21, 1
   6              		.eabi_attribute 23, 3
   7              		.eabi_attribute 24, 1
   8              		.eabi_attribute 25, 1
   9              		.eabi_attribute 26, 1
  10              		.eabi_attribute 30, 6
  11              		.eabi_attribute 34, 1
  12              		.eabi_attribute 18, 4
  13              		.thumb
  14              		.syntax unified
  15              		.file	"I2S_Codec_audio_PM.c"
  16              		.text
  17              	.Ltext0:
  18              		.cfi_sections	.debug_frame
  19              		.bss
  20              		.align	2
  21              	I2S_Codec_audio_backup:
  22 0000 00       		.space	1
  23              		.section	.text.I2S_Codec_audio_SaveConfig,"ax",%progbits
  24              		.align	2
  25              		.global	I2S_Codec_audio_SaveConfig
  26              		.thumb
  27              		.thumb_func
  28              		.type	I2S_Codec_audio_SaveConfig, %function
  29              	I2S_Codec_audio_SaveConfig:
  30              	.LFB0:
  31              		.file 1 "Generated_Source\\PSoC5\\I2S_Codec_audio_PM.c"
   1:Generated_Source\PSoC5/I2S_Codec_audio_PM.c **** /*******************************************************************************
   2:Generated_Source\PSoC5/I2S_Codec_audio_PM.c **** * File Name: I2S_Codec_audio_PM.c
   3:Generated_Source\PSoC5/I2S_Codec_audio_PM.c **** * Version 2.70
   4:Generated_Source\PSoC5/I2S_Codec_audio_PM.c **** *
   5:Generated_Source\PSoC5/I2S_Codec_audio_PM.c **** * Description:
   6:Generated_Source\PSoC5/I2S_Codec_audio_PM.c **** *  This file contains the setup, control and status commands to support
   7:Generated_Source\PSoC5/I2S_Codec_audio_PM.c **** *  component operations in low power mode.
   8:Generated_Source\PSoC5/I2S_Codec_audio_PM.c **** *
   9:Generated_Source\PSoC5/I2S_Codec_audio_PM.c **** * Note:
  10:Generated_Source\PSoC5/I2S_Codec_audio_PM.c **** *
  11:Generated_Source\PSoC5/I2S_Codec_audio_PM.c **** ********************************************************************************
  12:Generated_Source\PSoC5/I2S_Codec_audio_PM.c **** * Copyright 2008-2015, Cypress Semiconductor Corporation.  All rights reserved.
  13:Generated_Source\PSoC5/I2S_Codec_audio_PM.c **** * You may use this file only in accordance with the license, terms, conditions,
  14:Generated_Source\PSoC5/I2S_Codec_audio_PM.c **** * disclaimers, and limitations in the end user license agreement accompanying
  15:Generated_Source\PSoC5/I2S_Codec_audio_PM.c **** * the software package with which this file was provided.
  16:Generated_Source\PSoC5/I2S_Codec_audio_PM.c **** *******************************************************************************/
  17:Generated_Source\PSoC5/I2S_Codec_audio_PM.c **** 
  18:Generated_Source\PSoC5/I2S_Codec_audio_PM.c **** #include "I2S_Codec_audio.h"
  19:Generated_Source\PSoC5/I2S_Codec_audio_PM.c **** 
  20:Generated_Source\PSoC5/I2S_Codec_audio_PM.c **** static I2S_Codec_audio_BACKUP_STRUCT  I2S_Codec_audio_backup = {0u};
  21:Generated_Source\PSoC5/I2S_Codec_audio_PM.c **** 
  22:Generated_Source\PSoC5/I2S_Codec_audio_PM.c **** 
  23:Generated_Source\PSoC5/I2S_Codec_audio_PM.c **** /*******************************************************************************
  24:Generated_Source\PSoC5/I2S_Codec_audio_PM.c **** * Function Name: I2S_Codec_audio_SaveConfig
  25:Generated_Source\PSoC5/I2S_Codec_audio_PM.c **** ********************************************************************************
  26:Generated_Source\PSoC5/I2S_Codec_audio_PM.c **** *
ARM GAS  C:\Users\Jona\AppData\Local\Temp\ccwYR1Qn.s 			page 2


  27:Generated_Source\PSoC5/I2S_Codec_audio_PM.c **** * Summary:
  28:Generated_Source\PSoC5/I2S_Codec_audio_PM.c **** *  Empty function. Left to preserve backward compatibility.
  29:Generated_Source\PSoC5/I2S_Codec_audio_PM.c **** *
  30:Generated_Source\PSoC5/I2S_Codec_audio_PM.c **** * Parameters:
  31:Generated_Source\PSoC5/I2S_Codec_audio_PM.c **** *  None.
  32:Generated_Source\PSoC5/I2S_Codec_audio_PM.c **** *
  33:Generated_Source\PSoC5/I2S_Codec_audio_PM.c **** * Return:
  34:Generated_Source\PSoC5/I2S_Codec_audio_PM.c **** *  None.
  35:Generated_Source\PSoC5/I2S_Codec_audio_PM.c **** *
  36:Generated_Source\PSoC5/I2S_Codec_audio_PM.c **** *******************************************************************************/
  37:Generated_Source\PSoC5/I2S_Codec_audio_PM.c **** void I2S_Codec_audio_SaveConfig(void) 
  38:Generated_Source\PSoC5/I2S_Codec_audio_PM.c **** {
  32              		.loc 1 38 0
  33              		.cfi_startproc
  34              		@ args = 0, pretend = 0, frame = 0
  35              		@ frame_needed = 1, uses_anonymous_args = 0
  36              		@ link register save eliminated.
  37 0000 80B4     		push	{r7}
  38              		.cfi_def_cfa_offset 4
  39              		.cfi_offset 7, -4
  40 0002 00AF     		add	r7, sp, #0
  41              		.cfi_def_cfa_register 7
  39:Generated_Source\PSoC5/I2S_Codec_audio_PM.c ****     /* Nothing to save. All registers are retention. */
  40:Generated_Source\PSoC5/I2S_Codec_audio_PM.c **** }
  42              		.loc 1 40 0
  43 0004 00BF     		nop
  44 0006 BD46     		mov	sp, r7
  45              		.cfi_def_cfa_register 13
  46              		@ sp needed
  47 0008 80BC     		pop	{r7}
  48              		.cfi_restore 7
  49              		.cfi_def_cfa_offset 0
  50 000a 7047     		bx	lr
  51              		.cfi_endproc
  52              	.LFE0:
  53              		.size	I2S_Codec_audio_SaveConfig, .-I2S_Codec_audio_SaveConfig
  54              		.section	.text.I2S_Codec_audio_RestoreConfig,"ax",%progbits
  55              		.align	2
  56              		.global	I2S_Codec_audio_RestoreConfig
  57              		.thumb
  58              		.thumb_func
  59              		.type	I2S_Codec_audio_RestoreConfig, %function
  60              	I2S_Codec_audio_RestoreConfig:
  61              	.LFB1:
  41:Generated_Source\PSoC5/I2S_Codec_audio_PM.c **** 
  42:Generated_Source\PSoC5/I2S_Codec_audio_PM.c **** 
  43:Generated_Source\PSoC5/I2S_Codec_audio_PM.c **** /*******************************************************************************
  44:Generated_Source\PSoC5/I2S_Codec_audio_PM.c **** * Function Name: I2S_Codec_audio_RestoreConfig
  45:Generated_Source\PSoC5/I2S_Codec_audio_PM.c **** ********************************************************************************
  46:Generated_Source\PSoC5/I2S_Codec_audio_PM.c **** *
  47:Generated_Source\PSoC5/I2S_Codec_audio_PM.c **** * Summary:
  48:Generated_Source\PSoC5/I2S_Codec_audio_PM.c **** *  Empty function. Left to preserve backward compatibility.
  49:Generated_Source\PSoC5/I2S_Codec_audio_PM.c **** *
  50:Generated_Source\PSoC5/I2S_Codec_audio_PM.c **** * Parameters:
  51:Generated_Source\PSoC5/I2S_Codec_audio_PM.c **** *  None.
  52:Generated_Source\PSoC5/I2S_Codec_audio_PM.c **** *
  53:Generated_Source\PSoC5/I2S_Codec_audio_PM.c **** * Return:
ARM GAS  C:\Users\Jona\AppData\Local\Temp\ccwYR1Qn.s 			page 3


  54:Generated_Source\PSoC5/I2S_Codec_audio_PM.c **** *  None.
  55:Generated_Source\PSoC5/I2S_Codec_audio_PM.c **** *
  56:Generated_Source\PSoC5/I2S_Codec_audio_PM.c **** *******************************************************************************/
  57:Generated_Source\PSoC5/I2S_Codec_audio_PM.c **** void I2S_Codec_audio_RestoreConfig(void) 
  58:Generated_Source\PSoC5/I2S_Codec_audio_PM.c **** {
  62              		.loc 1 58 0
  63              		.cfi_startproc
  64              		@ args = 0, pretend = 0, frame = 0
  65              		@ frame_needed = 1, uses_anonymous_args = 0
  66              		@ link register save eliminated.
  67 0000 80B4     		push	{r7}
  68              		.cfi_def_cfa_offset 4
  69              		.cfi_offset 7, -4
  70 0002 00AF     		add	r7, sp, #0
  71              		.cfi_def_cfa_register 7
  59:Generated_Source\PSoC5/I2S_Codec_audio_PM.c ****     /* Nothing to restore. All registers are retention. */
  60:Generated_Source\PSoC5/I2S_Codec_audio_PM.c **** }
  72              		.loc 1 60 0
  73 0004 00BF     		nop
  74 0006 BD46     		mov	sp, r7
  75              		.cfi_def_cfa_register 13
  76              		@ sp needed
  77 0008 80BC     		pop	{r7}
  78              		.cfi_restore 7
  79              		.cfi_def_cfa_offset 0
  80 000a 7047     		bx	lr
  81              		.cfi_endproc
  82              	.LFE1:
  83              		.size	I2S_Codec_audio_RestoreConfig, .-I2S_Codec_audio_RestoreConfig
  84              		.section	.text.I2S_Codec_audio_Sleep,"ax",%progbits
  85              		.align	2
  86              		.global	I2S_Codec_audio_Sleep
  87              		.thumb
  88              		.thumb_func
  89              		.type	I2S_Codec_audio_Sleep, %function
  90              	I2S_Codec_audio_Sleep:
  91              	.LFB2:
  61:Generated_Source\PSoC5/I2S_Codec_audio_PM.c **** 
  62:Generated_Source\PSoC5/I2S_Codec_audio_PM.c **** 
  63:Generated_Source\PSoC5/I2S_Codec_audio_PM.c **** /*******************************************************************************
  64:Generated_Source\PSoC5/I2S_Codec_audio_PM.c **** * Function Name: I2S_Codec_audio_Sleep
  65:Generated_Source\PSoC5/I2S_Codec_audio_PM.c **** ********************************************************************************
  66:Generated_Source\PSoC5/I2S_Codec_audio_PM.c **** *
  67:Generated_Source\PSoC5/I2S_Codec_audio_PM.c **** * Summary:
  68:Generated_Source\PSoC5/I2S_Codec_audio_PM.c **** *  Prepares I2S for entering sleep mode.
  69:Generated_Source\PSoC5/I2S_Codec_audio_PM.c **** *
  70:Generated_Source\PSoC5/I2S_Codec_audio_PM.c **** * Parameters:
  71:Generated_Source\PSoC5/I2S_Codec_audio_PM.c **** *  None.
  72:Generated_Source\PSoC5/I2S_Codec_audio_PM.c **** *
  73:Generated_Source\PSoC5/I2S_Codec_audio_PM.c **** * Return:
  74:Generated_Source\PSoC5/I2S_Codec_audio_PM.c **** *  None.
  75:Generated_Source\PSoC5/I2S_Codec_audio_PM.c **** *
  76:Generated_Source\PSoC5/I2S_Codec_audio_PM.c **** * Global Variables:
  77:Generated_Source\PSoC5/I2S_Codec_audio_PM.c **** *  I2S_Codec_audio_backup - used to store component state prior entering 
  78:Generated_Source\PSoC5/I2S_Codec_audio_PM.c **** *    sleep mode.
  79:Generated_Source\PSoC5/I2S_Codec_audio_PM.c **** *
  80:Generated_Source\PSoC5/I2S_Codec_audio_PM.c **** * Reentrant:
ARM GAS  C:\Users\Jona\AppData\Local\Temp\ccwYR1Qn.s 			page 4


  81:Generated_Source\PSoC5/I2S_Codec_audio_PM.c **** *  No.
  82:Generated_Source\PSoC5/I2S_Codec_audio_PM.c **** *
  83:Generated_Source\PSoC5/I2S_Codec_audio_PM.c **** *******************************************************************************/
  84:Generated_Source\PSoC5/I2S_Codec_audio_PM.c **** void I2S_Codec_audio_Sleep(void) 
  85:Generated_Source\PSoC5/I2S_Codec_audio_PM.c **** {
  92              		.loc 1 85 0
  93              		.cfi_startproc
  94              		@ args = 0, pretend = 0, frame = 0
  95              		@ frame_needed = 1, uses_anonymous_args = 0
  96 0000 80B5     		push	{r7, lr}
  97              		.cfi_def_cfa_offset 8
  98              		.cfi_offset 7, -8
  99              		.cfi_offset 14, -4
 100 0002 00AF     		add	r7, sp, #0
 101              		.cfi_def_cfa_register 7
  86:Generated_Source\PSoC5/I2S_Codec_audio_PM.c ****     /* Get component state */
  87:Generated_Source\PSoC5/I2S_Codec_audio_PM.c ****     I2S_Codec_audio_backup.enableState = I2S_Codec_audio_CONTROL_REG;
 102              		.loc 1 87 0
 103 0004 044B     		ldr	r3, .L4
 104 0006 1B78     		ldrb	r3, [r3]
 105 0008 DAB2     		uxtb	r2, r3
 106 000a 044B     		ldr	r3, .L4+4
 107 000c 1A70     		strb	r2, [r3]
  88:Generated_Source\PSoC5/I2S_Codec_audio_PM.c **** 
  89:Generated_Source\PSoC5/I2S_Codec_audio_PM.c ****     /* Stop component */
  90:Generated_Source\PSoC5/I2S_Codec_audio_PM.c ****     I2S_Codec_audio_Stop();
 108              		.loc 1 90 0
 109 000e FFF7FEFF 		bl	I2S_Codec_audio_Stop
  91:Generated_Source\PSoC5/I2S_Codec_audio_PM.c **** }
 110              		.loc 1 91 0
 111 0012 00BF     		nop
 112 0014 80BD     		pop	{r7, pc}
 113              	.L5:
 114 0016 00BF     		.align	2
 115              	.L4:
 116 0018 76650040 		.word	1073767798
 117 001c 00000000 		.word	I2S_Codec_audio_backup
 118              		.cfi_endproc
 119              	.LFE2:
 120              		.size	I2S_Codec_audio_Sleep, .-I2S_Codec_audio_Sleep
 121              		.section	.text.I2S_Codec_audio_Wakeup,"ax",%progbits
 122              		.align	2
 123              		.global	I2S_Codec_audio_Wakeup
 124              		.thumb
 125              		.thumb_func
 126              		.type	I2S_Codec_audio_Wakeup, %function
 127              	I2S_Codec_audio_Wakeup:
 128              	.LFB3:
  92:Generated_Source\PSoC5/I2S_Codec_audio_PM.c **** 
  93:Generated_Source\PSoC5/I2S_Codec_audio_PM.c **** 
  94:Generated_Source\PSoC5/I2S_Codec_audio_PM.c **** /*******************************************************************************
  95:Generated_Source\PSoC5/I2S_Codec_audio_PM.c **** * Function Name: I2S_Codec_audio_Wakeup
  96:Generated_Source\PSoC5/I2S_Codec_audio_PM.c **** ********************************************************************************
  97:Generated_Source\PSoC5/I2S_Codec_audio_PM.c **** *
  98:Generated_Source\PSoC5/I2S_Codec_audio_PM.c **** * Summary:
  99:Generated_Source\PSoC5/I2S_Codec_audio_PM.c **** *  Prepares I2S for exit from sleep mode.
 100:Generated_Source\PSoC5/I2S_Codec_audio_PM.c **** *
ARM GAS  C:\Users\Jona\AppData\Local\Temp\ccwYR1Qn.s 			page 5


 101:Generated_Source\PSoC5/I2S_Codec_audio_PM.c **** * Parameters:
 102:Generated_Source\PSoC5/I2S_Codec_audio_PM.c **** *  None.
 103:Generated_Source\PSoC5/I2S_Codec_audio_PM.c **** *
 104:Generated_Source\PSoC5/I2S_Codec_audio_PM.c **** * Return:
 105:Generated_Source\PSoC5/I2S_Codec_audio_PM.c **** *  None.
 106:Generated_Source\PSoC5/I2S_Codec_audio_PM.c **** *
 107:Generated_Source\PSoC5/I2S_Codec_audio_PM.c **** * Global Variables:
 108:Generated_Source\PSoC5/I2S_Codec_audio_PM.c **** *  I2S_Codec_audio_backup - used to restore component state after exit from
 109:Generated_Source\PSoC5/I2S_Codec_audio_PM.c **** *    sleep mode.
 110:Generated_Source\PSoC5/I2S_Codec_audio_PM.c **** *
 111:Generated_Source\PSoC5/I2S_Codec_audio_PM.c **** *******************************************************************************/
 112:Generated_Source\PSoC5/I2S_Codec_audio_PM.c **** void I2S_Codec_audio_Wakeup(void) 
 113:Generated_Source\PSoC5/I2S_Codec_audio_PM.c **** {
 129              		.loc 1 113 0
 130              		.cfi_startproc
 131              		@ args = 0, pretend = 0, frame = 0
 132              		@ frame_needed = 1, uses_anonymous_args = 0
 133 0000 80B5     		push	{r7, lr}
 134              		.cfi_def_cfa_offset 8
 135              		.cfi_offset 7, -8
 136              		.cfi_offset 14, -4
 137 0002 00AF     		add	r7, sp, #0
 138              		.cfi_def_cfa_register 7
 114:Generated_Source\PSoC5/I2S_Codec_audio_PM.c ****     #if (I2S_Codec_audio_DYNAMIC_BIT_RESOLUTION)
 115:Generated_Source\PSoC5/I2S_Codec_audio_PM.c ****         I2S_Codec_audio_CONTROL_REG = I2S_Codec_audio_backup.enableState & I2S_Codec_audio_BIT_RESO
 116:Generated_Source\PSoC5/I2S_Codec_audio_PM.c ****     #endif /* I2S_Codec_audio_DYNAMIC_BIT_RESOLUTION */
 117:Generated_Source\PSoC5/I2S_Codec_audio_PM.c **** 
 118:Generated_Source\PSoC5/I2S_Codec_audio_PM.c ****     if(0u != (I2S_Codec_audio_backup.enableState & I2S_Codec_audio_EN))
 139              		.loc 1 118 0
 140 0004 0C4B     		ldr	r3, .L10
 141 0006 1B78     		ldrb	r3, [r3]	@ zero_extendqisi2
 142 0008 03F00403 		and	r3, r3, #4
 143 000c 002B     		cmp	r3, #0
 144 000e 11D0     		beq	.L9
 119:Generated_Source\PSoC5/I2S_Codec_audio_PM.c ****     {
 120:Generated_Source\PSoC5/I2S_Codec_audio_PM.c ****         /* Enable component's operation */
 121:Generated_Source\PSoC5/I2S_Codec_audio_PM.c ****         I2S_Codec_audio_Enable();
 145              		.loc 1 121 0
 146 0010 FFF7FEFF 		bl	I2S_Codec_audio_Enable
 122:Generated_Source\PSoC5/I2S_Codec_audio_PM.c **** 
 123:Generated_Source\PSoC5/I2S_Codec_audio_PM.c ****         /* Enable Tx/Rx direction if they were enabled before sleep */
 124:Generated_Source\PSoC5/I2S_Codec_audio_PM.c ****         #if(I2S_Codec_audio_TX_DIRECTION_ENABLE)
 125:Generated_Source\PSoC5/I2S_Codec_audio_PM.c ****             if(0u != (I2S_Codec_audio_backup.enableState & I2S_Codec_audio_TX_EN))
 147              		.loc 1 125 0
 148 0014 084B     		ldr	r3, .L10
 149 0016 1B78     		ldrb	r3, [r3]	@ zero_extendqisi2
 150 0018 03F00103 		and	r3, r3, #1
 151 001c 002B     		cmp	r3, #0
 152 001e 01D0     		beq	.L8
 126:Generated_Source\PSoC5/I2S_Codec_audio_PM.c ****             {
 127:Generated_Source\PSoC5/I2S_Codec_audio_PM.c ****                 I2S_Codec_audio_EnableTx();
 153              		.loc 1 127 0
 154 0020 FFF7FEFF 		bl	I2S_Codec_audio_EnableTx
 155              	.L8:
 128:Generated_Source\PSoC5/I2S_Codec_audio_PM.c ****             }
 129:Generated_Source\PSoC5/I2S_Codec_audio_PM.c ****         #endif /* (I2S_Codec_audio_TX_DIRECTION_ENABLE) */
 130:Generated_Source\PSoC5/I2S_Codec_audio_PM.c ****         
ARM GAS  C:\Users\Jona\AppData\Local\Temp\ccwYR1Qn.s 			page 6


 131:Generated_Source\PSoC5/I2S_Codec_audio_PM.c ****         #if(I2S_Codec_audio_RX_DIRECTION_ENABLE)
 132:Generated_Source\PSoC5/I2S_Codec_audio_PM.c ****             if(0u != (I2S_Codec_audio_backup.enableState & I2S_Codec_audio_RX_EN))
 156              		.loc 1 132 0
 157 0024 044B     		ldr	r3, .L10
 158 0026 1B78     		ldrb	r3, [r3]	@ zero_extendqisi2
 159 0028 03F00203 		and	r3, r3, #2
 160 002c 002B     		cmp	r3, #0
 161 002e 01D0     		beq	.L9
 133:Generated_Source\PSoC5/I2S_Codec_audio_PM.c ****             {
 134:Generated_Source\PSoC5/I2S_Codec_audio_PM.c ****                 I2S_Codec_audio_EnableRx();
 162              		.loc 1 134 0
 163 0030 FFF7FEFF 		bl	I2S_Codec_audio_EnableRx
 164              	.L9:
 135:Generated_Source\PSoC5/I2S_Codec_audio_PM.c ****             }
 136:Generated_Source\PSoC5/I2S_Codec_audio_PM.c ****         #endif /* (I2S_Codec_audio_RX_DIRECTION_ENABLE) */
 137:Generated_Source\PSoC5/I2S_Codec_audio_PM.c ****     }
 138:Generated_Source\PSoC5/I2S_Codec_audio_PM.c **** }
 165              		.loc 1 138 0
 166 0034 00BF     		nop
 167 0036 80BD     		pop	{r7, pc}
 168              	.L11:
 169              		.align	2
 170              	.L10:
 171 0038 00000000 		.word	I2S_Codec_audio_backup
 172              		.cfi_endproc
 173              	.LFE3:
 174              		.size	I2S_Codec_audio_Wakeup, .-I2S_Codec_audio_Wakeup
 175              		.text
 176              	.Letext0:
 177              		.file 2 "Generated_Source\\PSoC5\\cytypes.h"
 178              		.file 3 "Generated_Source\\PSoC5\\I2S_Codec_audio.h"
 179              		.section	.debug_info,"",%progbits
 180              	.Ldebug_info0:
 181 0000 0F010000 		.4byte	0x10f
 182 0004 0400     		.2byte	0x4
 183 0006 00000000 		.4byte	.Ldebug_abbrev0
 184 000a 04       		.byte	0x4
 185 000b 01       		.uleb128 0x1
 186 000c 00000000 		.4byte	.LASF19
 187 0010 0C       		.byte	0xc
 188 0011 41020000 		.4byte	.LASF20
 189 0015 B5010000 		.4byte	.LASF21
 190 0019 00000000 		.4byte	.Ldebug_ranges0+0
 191 001d 00000000 		.4byte	0
 192 0021 00000000 		.4byte	.Ldebug_line0
 193 0025 02       		.uleb128 0x2
 194 0026 01       		.byte	0x1
 195 0027 06       		.byte	0x6
 196 0028 35020000 		.4byte	.LASF0
 197 002c 02       		.uleb128 0x2
 198 002d 01       		.byte	0x1
 199 002e 08       		.byte	0x8
 200 002f D8000000 		.4byte	.LASF1
 201 0033 02       		.uleb128 0x2
 202 0034 02       		.byte	0x2
 203 0035 05       		.byte	0x5
 204 0036 A5010000 		.4byte	.LASF2
ARM GAS  C:\Users\Jona\AppData\Local\Temp\ccwYR1Qn.s 			page 7


 205 003a 02       		.uleb128 0x2
 206 003b 02       		.byte	0x2
 207 003c 07       		.byte	0x7
 208 003d 18010000 		.4byte	.LASF3
 209 0041 02       		.uleb128 0x2
 210 0042 04       		.byte	0x4
 211 0043 05       		.byte	0x5
 212 0044 20020000 		.4byte	.LASF4
 213 0048 02       		.uleb128 0x2
 214 0049 04       		.byte	0x4
 215 004a 07       		.byte	0x7
 216 004b 06010000 		.4byte	.LASF5
 217 004f 02       		.uleb128 0x2
 218 0050 08       		.byte	0x8
 219 0051 05       		.byte	0x5
 220 0052 92010000 		.4byte	.LASF6
 221 0056 02       		.uleb128 0x2
 222 0057 08       		.byte	0x8
 223 0058 07       		.byte	0x7
 224 0059 5D010000 		.4byte	.LASF7
 225 005d 03       		.uleb128 0x3
 226 005e 04       		.byte	0x4
 227 005f 05       		.byte	0x5
 228 0060 696E7400 		.ascii	"int\000"
 229 0064 02       		.uleb128 0x2
 230 0065 04       		.byte	0x4
 231 0066 07       		.byte	0x7
 232 0067 50010000 		.4byte	.LASF8
 233 006b 04       		.uleb128 0x4
 234 006c AF010000 		.4byte	.LASF12
 235 0070 02       		.byte	0x2
 236 0071 9201     		.2byte	0x192
 237 0073 2C000000 		.4byte	0x2c
 238 0077 02       		.uleb128 0x2
 239 0078 04       		.byte	0x4
 240 0079 04       		.byte	0x4
 241 007a D2000000 		.4byte	.LASF9
 242 007e 02       		.uleb128 0x2
 243 007f 08       		.byte	0x8
 244 0080 04       		.byte	0x4
 245 0081 2B010000 		.4byte	.LASF10
 246 0085 02       		.uleb128 0x2
 247 0086 01       		.byte	0x1
 248 0087 08       		.byte	0x8
 249 0088 A0010000 		.4byte	.LASF11
 250 008c 04       		.uleb128 0x4
 251 008d 01010000 		.4byte	.LASF13
 252 0091 02       		.byte	0x2
 253 0092 3C02     		.2byte	0x23c
 254 0094 98000000 		.4byte	0x98
 255 0098 05       		.uleb128 0x5
 256 0099 6B000000 		.4byte	0x6b
 257 009d 06       		.uleb128 0x6
 258 009e 01       		.byte	0x1
 259 009f 03       		.byte	0x3
 260 00a0 1D       		.byte	0x1d
 261 00a1 B2000000 		.4byte	0xb2
ARM GAS  C:\Users\Jona\AppData\Local\Temp\ccwYR1Qn.s 			page 8


 262 00a5 07       		.uleb128 0x7
 263 00a6 29020000 		.4byte	.LASF22
 264 00aa 03       		.byte	0x3
 265 00ab 1F       		.byte	0x1f
 266 00ac 6B000000 		.4byte	0x6b
 267 00b0 00       		.byte	0
 268 00b1 00       		.byte	0
 269 00b2 08       		.uleb128 0x8
 270 00b3 32010000 		.4byte	.LASF14
 271 00b7 03       		.byte	0x3
 272 00b8 21       		.byte	0x21
 273 00b9 9D000000 		.4byte	0x9d
 274 00bd 09       		.uleb128 0x9
 275 00be E6000000 		.4byte	.LASF15
 276 00c2 01       		.byte	0x1
 277 00c3 25       		.byte	0x25
 278 00c4 00000000 		.4byte	.LFB0
 279 00c8 0C000000 		.4byte	.LFE0-.LFB0
 280 00cc 01       		.uleb128 0x1
 281 00cd 9C       		.byte	0x9c
 282 00ce 09       		.uleb128 0x9
 283 00cf 74010000 		.4byte	.LASF16
 284 00d3 01       		.byte	0x1
 285 00d4 39       		.byte	0x39
 286 00d5 00000000 		.4byte	.LFB1
 287 00d9 0C000000 		.4byte	.LFE1-.LFB1
 288 00dd 01       		.uleb128 0x1
 289 00de 9C       		.byte	0x9c
 290 00df 0A       		.uleb128 0xa
 291 00e0 A5000000 		.4byte	.LASF17
 292 00e4 01       		.byte	0x1
 293 00e5 54       		.byte	0x54
 294 00e6 00000000 		.4byte	.LFB2
 295 00ea 20000000 		.4byte	.LFE2-.LFB2
 296 00ee 01       		.uleb128 0x1
 297 00ef 9C       		.byte	0x9c
 298 00f0 0A       		.uleb128 0xa
 299 00f1 BB000000 		.4byte	.LASF18
 300 00f5 01       		.byte	0x1
 301 00f6 70       		.byte	0x70
 302 00f7 00000000 		.4byte	.LFB3
 303 00fb 3C000000 		.4byte	.LFE3-.LFB3
 304 00ff 01       		.uleb128 0x1
 305 0100 9C       		.byte	0x9c
 306 0101 0B       		.uleb128 0xb
 307 0102 8E000000 		.4byte	.LASF23
 308 0106 01       		.byte	0x1
 309 0107 14       		.byte	0x14
 310 0108 B2000000 		.4byte	0xb2
 311 010c 05       		.uleb128 0x5
 312 010d 03       		.byte	0x3
 313 010e 00000000 		.4byte	I2S_Codec_audio_backup
 314 0112 00       		.byte	0
 315              		.section	.debug_abbrev,"",%progbits
 316              	.Ldebug_abbrev0:
 317 0000 01       		.uleb128 0x1
 318 0001 11       		.uleb128 0x11
ARM GAS  C:\Users\Jona\AppData\Local\Temp\ccwYR1Qn.s 			page 9


 319 0002 01       		.byte	0x1
 320 0003 25       		.uleb128 0x25
 321 0004 0E       		.uleb128 0xe
 322 0005 13       		.uleb128 0x13
 323 0006 0B       		.uleb128 0xb
 324 0007 03       		.uleb128 0x3
 325 0008 0E       		.uleb128 0xe
 326 0009 1B       		.uleb128 0x1b
 327 000a 0E       		.uleb128 0xe
 328 000b 55       		.uleb128 0x55
 329 000c 17       		.uleb128 0x17
 330 000d 11       		.uleb128 0x11
 331 000e 01       		.uleb128 0x1
 332 000f 10       		.uleb128 0x10
 333 0010 17       		.uleb128 0x17
 334 0011 00       		.byte	0
 335 0012 00       		.byte	0
 336 0013 02       		.uleb128 0x2
 337 0014 24       		.uleb128 0x24
 338 0015 00       		.byte	0
 339 0016 0B       		.uleb128 0xb
 340 0017 0B       		.uleb128 0xb
 341 0018 3E       		.uleb128 0x3e
 342 0019 0B       		.uleb128 0xb
 343 001a 03       		.uleb128 0x3
 344 001b 0E       		.uleb128 0xe
 345 001c 00       		.byte	0
 346 001d 00       		.byte	0
 347 001e 03       		.uleb128 0x3
 348 001f 24       		.uleb128 0x24
 349 0020 00       		.byte	0
 350 0021 0B       		.uleb128 0xb
 351 0022 0B       		.uleb128 0xb
 352 0023 3E       		.uleb128 0x3e
 353 0024 0B       		.uleb128 0xb
 354 0025 03       		.uleb128 0x3
 355 0026 08       		.uleb128 0x8
 356 0027 00       		.byte	0
 357 0028 00       		.byte	0
 358 0029 04       		.uleb128 0x4
 359 002a 16       		.uleb128 0x16
 360 002b 00       		.byte	0
 361 002c 03       		.uleb128 0x3
 362 002d 0E       		.uleb128 0xe
 363 002e 3A       		.uleb128 0x3a
 364 002f 0B       		.uleb128 0xb
 365 0030 3B       		.uleb128 0x3b
 366 0031 05       		.uleb128 0x5
 367 0032 49       		.uleb128 0x49
 368 0033 13       		.uleb128 0x13
 369 0034 00       		.byte	0
 370 0035 00       		.byte	0
 371 0036 05       		.uleb128 0x5
 372 0037 35       		.uleb128 0x35
 373 0038 00       		.byte	0
 374 0039 49       		.uleb128 0x49
 375 003a 13       		.uleb128 0x13
ARM GAS  C:\Users\Jona\AppData\Local\Temp\ccwYR1Qn.s 			page 10


 376 003b 00       		.byte	0
 377 003c 00       		.byte	0
 378 003d 06       		.uleb128 0x6
 379 003e 13       		.uleb128 0x13
 380 003f 01       		.byte	0x1
 381 0040 0B       		.uleb128 0xb
 382 0041 0B       		.uleb128 0xb
 383 0042 3A       		.uleb128 0x3a
 384 0043 0B       		.uleb128 0xb
 385 0044 3B       		.uleb128 0x3b
 386 0045 0B       		.uleb128 0xb
 387 0046 01       		.uleb128 0x1
 388 0047 13       		.uleb128 0x13
 389 0048 00       		.byte	0
 390 0049 00       		.byte	0
 391 004a 07       		.uleb128 0x7
 392 004b 0D       		.uleb128 0xd
 393 004c 00       		.byte	0
 394 004d 03       		.uleb128 0x3
 395 004e 0E       		.uleb128 0xe
 396 004f 3A       		.uleb128 0x3a
 397 0050 0B       		.uleb128 0xb
 398 0051 3B       		.uleb128 0x3b
 399 0052 0B       		.uleb128 0xb
 400 0053 49       		.uleb128 0x49
 401 0054 13       		.uleb128 0x13
 402 0055 38       		.uleb128 0x38
 403 0056 0B       		.uleb128 0xb
 404 0057 00       		.byte	0
 405 0058 00       		.byte	0
 406 0059 08       		.uleb128 0x8
 407 005a 16       		.uleb128 0x16
 408 005b 00       		.byte	0
 409 005c 03       		.uleb128 0x3
 410 005d 0E       		.uleb128 0xe
 411 005e 3A       		.uleb128 0x3a
 412 005f 0B       		.uleb128 0xb
 413 0060 3B       		.uleb128 0x3b
 414 0061 0B       		.uleb128 0xb
 415 0062 49       		.uleb128 0x49
 416 0063 13       		.uleb128 0x13
 417 0064 00       		.byte	0
 418 0065 00       		.byte	0
 419 0066 09       		.uleb128 0x9
 420 0067 2E       		.uleb128 0x2e
 421 0068 00       		.byte	0
 422 0069 3F       		.uleb128 0x3f
 423 006a 19       		.uleb128 0x19
 424 006b 03       		.uleb128 0x3
 425 006c 0E       		.uleb128 0xe
 426 006d 3A       		.uleb128 0x3a
 427 006e 0B       		.uleb128 0xb
 428 006f 3B       		.uleb128 0x3b
 429 0070 0B       		.uleb128 0xb
 430 0071 27       		.uleb128 0x27
 431 0072 19       		.uleb128 0x19
 432 0073 11       		.uleb128 0x11
ARM GAS  C:\Users\Jona\AppData\Local\Temp\ccwYR1Qn.s 			page 11


 433 0074 01       		.uleb128 0x1
 434 0075 12       		.uleb128 0x12
 435 0076 06       		.uleb128 0x6
 436 0077 40       		.uleb128 0x40
 437 0078 18       		.uleb128 0x18
 438 0079 9742     		.uleb128 0x2117
 439 007b 19       		.uleb128 0x19
 440 007c 00       		.byte	0
 441 007d 00       		.byte	0
 442 007e 0A       		.uleb128 0xa
 443 007f 2E       		.uleb128 0x2e
 444 0080 00       		.byte	0
 445 0081 3F       		.uleb128 0x3f
 446 0082 19       		.uleb128 0x19
 447 0083 03       		.uleb128 0x3
 448 0084 0E       		.uleb128 0xe
 449 0085 3A       		.uleb128 0x3a
 450 0086 0B       		.uleb128 0xb
 451 0087 3B       		.uleb128 0x3b
 452 0088 0B       		.uleb128 0xb
 453 0089 27       		.uleb128 0x27
 454 008a 19       		.uleb128 0x19
 455 008b 11       		.uleb128 0x11
 456 008c 01       		.uleb128 0x1
 457 008d 12       		.uleb128 0x12
 458 008e 06       		.uleb128 0x6
 459 008f 40       		.uleb128 0x40
 460 0090 18       		.uleb128 0x18
 461 0091 9642     		.uleb128 0x2116
 462 0093 19       		.uleb128 0x19
 463 0094 00       		.byte	0
 464 0095 00       		.byte	0
 465 0096 0B       		.uleb128 0xb
 466 0097 34       		.uleb128 0x34
 467 0098 00       		.byte	0
 468 0099 03       		.uleb128 0x3
 469 009a 0E       		.uleb128 0xe
 470 009b 3A       		.uleb128 0x3a
 471 009c 0B       		.uleb128 0xb
 472 009d 3B       		.uleb128 0x3b
 473 009e 0B       		.uleb128 0xb
 474 009f 49       		.uleb128 0x49
 475 00a0 13       		.uleb128 0x13
 476 00a1 02       		.uleb128 0x2
 477 00a2 18       		.uleb128 0x18
 478 00a3 00       		.byte	0
 479 00a4 00       		.byte	0
 480 00a5 00       		.byte	0
 481              		.section	.debug_aranges,"",%progbits
 482 0000 34000000 		.4byte	0x34
 483 0004 0200     		.2byte	0x2
 484 0006 00000000 		.4byte	.Ldebug_info0
 485 000a 04       		.byte	0x4
 486 000b 00       		.byte	0
 487 000c 0000     		.2byte	0
 488 000e 0000     		.2byte	0
 489 0010 00000000 		.4byte	.LFB0
ARM GAS  C:\Users\Jona\AppData\Local\Temp\ccwYR1Qn.s 			page 12


 490 0014 0C000000 		.4byte	.LFE0-.LFB0
 491 0018 00000000 		.4byte	.LFB1
 492 001c 0C000000 		.4byte	.LFE1-.LFB1
 493 0020 00000000 		.4byte	.LFB2
 494 0024 20000000 		.4byte	.LFE2-.LFB2
 495 0028 00000000 		.4byte	.LFB3
 496 002c 3C000000 		.4byte	.LFE3-.LFB3
 497 0030 00000000 		.4byte	0
 498 0034 00000000 		.4byte	0
 499              		.section	.debug_ranges,"",%progbits
 500              	.Ldebug_ranges0:
 501 0000 00000000 		.4byte	.LFB0
 502 0004 0C000000 		.4byte	.LFE0
 503 0008 00000000 		.4byte	.LFB1
 504 000c 0C000000 		.4byte	.LFE1
 505 0010 00000000 		.4byte	.LFB2
 506 0014 20000000 		.4byte	.LFE2
 507 0018 00000000 		.4byte	.LFB3
 508 001c 3C000000 		.4byte	.LFE3
 509 0020 00000000 		.4byte	0
 510 0024 00000000 		.4byte	0
 511              		.section	.debug_line,"",%progbits
 512              	.Ldebug_line0:
 513 0000 B4000000 		.section	.debug_str,"MS",%progbits,1
 513      02006400 
 513      00000201 
 513      FB0E0D00 
 513      01010101 
 514              	.LASF19:
 515 0000 474E5520 		.ascii	"GNU C11 5.4.1 20160609 (release) [ARM/embedded-5-br"
 515      43313120 
 515      352E342E 
 515      31203230 
 515      31363036 
 516 0033 616E6368 		.ascii	"anch revision 237715] -mcpu=cortex-m3 -mthumb -g -O"
 516      20726576 
 516      6973696F 
 516      6E203233 
 516      37373135 
 517 0066 30202D66 		.ascii	"0 -ffunction-sections -ffat-lto-objects\000"
 517      66756E63 
 517      74696F6E 
 517      2D736563 
 517      74696F6E 
 518              	.LASF23:
 519 008e 4932535F 		.ascii	"I2S_Codec_audio_backup\000"
 519      436F6465 
 519      635F6175 
 519      64696F5F 
 519      6261636B 
 520              	.LASF17:
 521 00a5 4932535F 		.ascii	"I2S_Codec_audio_Sleep\000"
 521      436F6465 
 521      635F6175 
 521      64696F5F 
 521      536C6565 
 522              	.LASF18:
ARM GAS  C:\Users\Jona\AppData\Local\Temp\ccwYR1Qn.s 			page 13


 523 00bb 4932535F 		.ascii	"I2S_Codec_audio_Wakeup\000"
 523      436F6465 
 523      635F6175 
 523      64696F5F 
 523      57616B65 
 524              	.LASF9:
 525 00d2 666C6F61 		.ascii	"float\000"
 525      7400
 526              	.LASF1:
 527 00d8 756E7369 		.ascii	"unsigned char\000"
 527      676E6564 
 527      20636861 
 527      7200
 528              	.LASF15:
 529 00e6 4932535F 		.ascii	"I2S_Codec_audio_SaveConfig\000"
 529      436F6465 
 529      635F6175 
 529      64696F5F 
 529      53617665 
 530              	.LASF13:
 531 0101 72656738 		.ascii	"reg8\000"
 531      00
 532              	.LASF5:
 533 0106 6C6F6E67 		.ascii	"long unsigned int\000"
 533      20756E73 
 533      69676E65 
 533      6420696E 
 533      7400
 534              	.LASF3:
 535 0118 73686F72 		.ascii	"short unsigned int\000"
 535      7420756E 
 535      7369676E 
 535      65642069 
 535      6E7400
 536              	.LASF10:
 537 012b 646F7562 		.ascii	"double\000"
 537      6C6500
 538              	.LASF14:
 539 0132 4932535F 		.ascii	"I2S_Codec_audio_BACKUP_STRUCT\000"
 539      436F6465 
 539      635F6175 
 539      64696F5F 
 539      4241434B 
 540              	.LASF8:
 541 0150 756E7369 		.ascii	"unsigned int\000"
 541      676E6564 
 541      20696E74 
 541      00
 542              	.LASF7:
 543 015d 6C6F6E67 		.ascii	"long long unsigned int\000"
 543      206C6F6E 
 543      6720756E 
 543      7369676E 
 543      65642069 
 544              	.LASF16:
 545 0174 4932535F 		.ascii	"I2S_Codec_audio_RestoreConfig\000"
 545      436F6465 
ARM GAS  C:\Users\Jona\AppData\Local\Temp\ccwYR1Qn.s 			page 14


 545      635F6175 
 545      64696F5F 
 545      52657374 
 546              	.LASF6:
 547 0192 6C6F6E67 		.ascii	"long long int\000"
 547      206C6F6E 
 547      6720696E 
 547      7400
 548              	.LASF11:
 549 01a0 63686172 		.ascii	"char\000"
 549      00
 550              	.LASF2:
 551 01a5 73686F72 		.ascii	"short int\000"
 551      7420696E 
 551      7400
 552              	.LASF12:
 553 01af 75696E74 		.ascii	"uint8\000"
 553      3800
 554              	.LASF21:
 555 01b5 433A5C55 		.ascii	"C:\\Users\\Jona\\Documents\\GitHub\\Signaalverwerki"
 555      73657273 
 555      5C4A6F6E 
 555      615C446F 
 555      63756D65 
 556 01e3 6E675C4C 		.ascii	"ng\\Labo1\\Opgave3\\Labo1_opg3\\basisDSPproject_lab"
 556      61626F31 
 556      5C4F7067 
 556      61766533 
 556      5C4C6162 
 557 0212 6F315F6F 		.ascii	"o1_opg2.cydsn\000"
 557      7067322E 
 557      63796473 
 557      6E00
 558              	.LASF4:
 559 0220 6C6F6E67 		.ascii	"long int\000"
 559      20696E74 
 559      00
 560              	.LASF22:
 561 0229 656E6162 		.ascii	"enableState\000"
 561      6C655374 
 561      61746500 
 562              	.LASF0:
 563 0235 7369676E 		.ascii	"signed char\000"
 563      65642063 
 563      68617200 
 564              	.LASF20:
 565 0241 47656E65 		.ascii	"Generated_Source\\PSoC5\\I2S_Codec_audio_PM.c\000"
 565      72617465 
 565      645F536F 
 565      75726365 
 565      5C50536F 
 566              		.ident	"GCC: (GNU Tools for ARM Embedded Processors) 5.4.1 20160609 (release) [ARM/embedded-5-bran
