ARM GAS  C:\Users\PIET~1.COU\AppData\Local\Temp\ccNby969.s 			page 1


   1              		.syntax unified
   2              		.cpu cortex-m3
   3              		.fpu softvfp
   4              		.eabi_attribute 20, 1
   5              		.eabi_attribute 21, 1
   6              		.eabi_attribute 23, 3
   7              		.eabi_attribute 24, 1
   8              		.eabi_attribute 25, 1
   9              		.eabi_attribute 26, 1
  10              		.eabi_attribute 30, 4
  11              		.eabi_attribute 34, 1
  12              		.eabi_attribute 18, 4
  13              		.thumb
  14              		.file	"I2S_1.c"
  15              		.text
  16              	.Ltext0:
  17              		.cfi_sections	.debug_frame
  18              		.section	.text.I2S_1_Enable,"ax",%progbits
  19              		.align	1
  20              		.global	I2S_1_Enable
  21              		.thumb
  22              		.thumb_func
  23              		.type	I2S_1_Enable, %function
  24              	I2S_1_Enable:
  25              	.LFB0:
  26              		.file 1 ".\\Generated_Source\\PSoC5\\I2S_1.c"
   1:.\Generated_Source\PSoC5/I2S_1.c **** /*******************************************************************************
   2:.\Generated_Source\PSoC5/I2S_1.c **** * File Name: I2S_1.c
   3:.\Generated_Source\PSoC5/I2S_1.c **** * Version 2.60
   4:.\Generated_Source\PSoC5/I2S_1.c **** *
   5:.\Generated_Source\PSoC5/I2S_1.c **** * Description:
   6:.\Generated_Source\PSoC5/I2S_1.c **** *  This file contains the setup, control and status commands for the I2S
   7:.\Generated_Source\PSoC5/I2S_1.c **** *  component.
   8:.\Generated_Source\PSoC5/I2S_1.c **** *
   9:.\Generated_Source\PSoC5/I2S_1.c **** * Note:
  10:.\Generated_Source\PSoC5/I2S_1.c **** *
  11:.\Generated_Source\PSoC5/I2S_1.c **** ********************************************************************************
  12:.\Generated_Source\PSoC5/I2S_1.c **** * Copyright 2008-2014, Cypress Semiconductor Corporation.  All rights reserved.
  13:.\Generated_Source\PSoC5/I2S_1.c **** * You may use this file only in accordance with the license, terms, conditions,
  14:.\Generated_Source\PSoC5/I2S_1.c **** * disclaimers, and limitations in the end user license agreement accompanying
  15:.\Generated_Source\PSoC5/I2S_1.c **** * the software package with which this file was provided.
  16:.\Generated_Source\PSoC5/I2S_1.c **** *******************************************************************************/
  17:.\Generated_Source\PSoC5/I2S_1.c **** 
  18:.\Generated_Source\PSoC5/I2S_1.c **** #include "CyLib.h"
  19:.\Generated_Source\PSoC5/I2S_1.c **** #include "I2S_1.h"
  20:.\Generated_Source\PSoC5/I2S_1.c **** 
  21:.\Generated_Source\PSoC5/I2S_1.c **** uint8 I2S_1_initVar = 0u;
  22:.\Generated_Source\PSoC5/I2S_1.c **** 
  23:.\Generated_Source\PSoC5/I2S_1.c **** 
  24:.\Generated_Source\PSoC5/I2S_1.c **** /*******************************************************************************
  25:.\Generated_Source\PSoC5/I2S_1.c **** * Function Name: I2S_1_Enable
  26:.\Generated_Source\PSoC5/I2S_1.c **** ********************************************************************************
  27:.\Generated_Source\PSoC5/I2S_1.c **** *
  28:.\Generated_Source\PSoC5/I2S_1.c **** * Summary:
  29:.\Generated_Source\PSoC5/I2S_1.c **** *  Enables I2S interface. Starts the generation of the sck and ws outputs.
  30:.\Generated_Source\PSoC5/I2S_1.c **** *  The Tx and Rx directions remain disabled. It is not necessary to call
  31:.\Generated_Source\PSoC5/I2S_1.c **** *  I2S_Enable() because the I2S_Start() routine calls this function, which is
ARM GAS  C:\Users\PIET~1.COU\AppData\Local\Temp\ccNby969.s 			page 2


  32:.\Generated_Source\PSoC5/I2S_1.c **** *  the preferred method to begin component operation.
  33:.\Generated_Source\PSoC5/I2S_1.c **** *
  34:.\Generated_Source\PSoC5/I2S_1.c **** * Parameters:
  35:.\Generated_Source\PSoC5/I2S_1.c **** *  None.
  36:.\Generated_Source\PSoC5/I2S_1.c **** *
  37:.\Generated_Source\PSoC5/I2S_1.c **** * Return:
  38:.\Generated_Source\PSoC5/I2S_1.c **** *  None.
  39:.\Generated_Source\PSoC5/I2S_1.c **** *
  40:.\Generated_Source\PSoC5/I2S_1.c **** *******************************************************************************/
  41:.\Generated_Source\PSoC5/I2S_1.c **** void I2S_1_Enable(void) 
  42:.\Generated_Source\PSoC5/I2S_1.c **** {
  27              		.loc 1 42 0
  28              		.cfi_startproc
  29              		@ args = 0, pretend = 0, frame = 0
  30              		@ frame_needed = 0, uses_anonymous_args = 0
  31 0000 08B5     		push	{r3, lr}
  32              		.cfi_def_cfa_offset 8
  33              		.cfi_offset 3, -8
  34              		.cfi_offset 14, -4
  43:.\Generated_Source\PSoC5/I2S_1.c ****     uint8 enableInterrupts;
  44:.\Generated_Source\PSoC5/I2S_1.c **** 
  45:.\Generated_Source\PSoC5/I2S_1.c ****     enableInterrupts = CyEnterCriticalSection();
  35              		.loc 1 45 0
  36 0002 FFF7FEFF 		bl	CyEnterCriticalSection
  37              	.LVL0:
  46:.\Generated_Source\PSoC5/I2S_1.c ****     I2S_1_AUX_CONTROL_REG |= I2S_1_CNT_START;
  38              		.loc 1 46 0
  39 0006 064A     		ldr	r2, .L2
  40 0008 1378     		ldrb	r3, [r2]	@ zero_extendqisi2
  41 000a 43F02003 		orr	r3, r3, #32
  42 000e 1370     		strb	r3, [r2]
  47:.\Generated_Source\PSoC5/I2S_1.c ****     CyExitCriticalSection(enableInterrupts);
  43              		.loc 1 47 0
  44 0010 FFF7FEFF 		bl	CyExitCriticalSection
  45              	.LVL1:
  48:.\Generated_Source\PSoC5/I2S_1.c **** 
  49:.\Generated_Source\PSoC5/I2S_1.c ****     I2S_1_CONTROL_REG |= I2S_1_EN;
  46              		.loc 1 49 0
  47 0014 034A     		ldr	r2, .L2+4
  48 0016 1378     		ldrb	r3, [r2]	@ zero_extendqisi2
  49 0018 43F00403 		orr	r3, r3, #4
  50 001c 1370     		strb	r3, [r2]
  51 001e 08BD     		pop	{r3, pc}
  52              	.L3:
  53              		.align	2
  54              	.L2:
  55 0020 96640040 		.word	1073767574
  56 0024 77640040 		.word	1073767543
  57              		.cfi_endproc
  58              	.LFE0:
  59              		.size	I2S_1_Enable, .-I2S_1_Enable
  60              		.section	.text.I2S_1_Init,"ax",%progbits
  61              		.align	1
  62              		.global	I2S_1_Init
  63              		.thumb
  64              		.thumb_func
  65              		.type	I2S_1_Init, %function
ARM GAS  C:\Users\PIET~1.COU\AppData\Local\Temp\ccNby969.s 			page 3


  66              	I2S_1_Init:
  67              	.LFB1:
  50:.\Generated_Source\PSoC5/I2S_1.c **** }
  51:.\Generated_Source\PSoC5/I2S_1.c **** 
  52:.\Generated_Source\PSoC5/I2S_1.c **** 
  53:.\Generated_Source\PSoC5/I2S_1.c **** /*******************************************************************************
  54:.\Generated_Source\PSoC5/I2S_1.c **** * Function Name: I2S_1_Init
  55:.\Generated_Source\PSoC5/I2S_1.c **** ********************************************************************************
  56:.\Generated_Source\PSoC5/I2S_1.c **** *
  57:.\Generated_Source\PSoC5/I2S_1.c **** * Summary:
  58:.\Generated_Source\PSoC5/I2S_1.c **** *  Initializes or restores default I2S configuration provided with customizer.
  59:.\Generated_Source\PSoC5/I2S_1.c **** *  It is not necessary to call I2S_Init() because the I2S_Start() routine calls
  60:.\Generated_Source\PSoC5/I2S_1.c **** *  this function, which is the preferred method to begin component operation.
  61:.\Generated_Source\PSoC5/I2S_1.c **** *
  62:.\Generated_Source\PSoC5/I2S_1.c **** * Parameters:
  63:.\Generated_Source\PSoC5/I2S_1.c **** *  None.
  64:.\Generated_Source\PSoC5/I2S_1.c **** *
  65:.\Generated_Source\PSoC5/I2S_1.c **** * Return:
  66:.\Generated_Source\PSoC5/I2S_1.c **** *  None.
  67:.\Generated_Source\PSoC5/I2S_1.c **** *
  68:.\Generated_Source\PSoC5/I2S_1.c **** *******************************************************************************/
  69:.\Generated_Source\PSoC5/I2S_1.c **** void I2S_1_Init(void) 
  70:.\Generated_Source\PSoC5/I2S_1.c **** {
  68              		.loc 1 70 0
  69              		.cfi_startproc
  70              		@ args = 0, pretend = 0, frame = 0
  71              		@ frame_needed = 0, uses_anonymous_args = 0
  72              		@ link register save eliminated.
  71:.\Generated_Source\PSoC5/I2S_1.c ****     #if (I2S_1_CLIP_DETECT_ENABLE)
  72:.\Generated_Source\PSoC5/I2S_1.c ****         static const uint8 CYCODE I2S_1_posThresholds[] = {120u};
  73:.\Generated_Source\PSoC5/I2S_1.c ****         static const int8  CYCODE I2S_1_negThresholds[] = {-120};
  74:.\Generated_Source\PSoC5/I2S_1.c ****     #endif /* I2S_1_CLIP_DETECT_ENABLE */
  75:.\Generated_Source\PSoC5/I2S_1.c **** 
  76:.\Generated_Source\PSoC5/I2S_1.c ****     #if (I2S_1_DYNAMIC_BIT_RESOLUTION)
  77:.\Generated_Source\PSoC5/I2S_1.c ****         (void)I2S_1_SetDataBits(I2S_1_DATA_BITS);
  78:.\Generated_Source\PSoC5/I2S_1.c ****     #endif /* I2S_1_DYNAMIC_BIT_RESOLUTION */
  79:.\Generated_Source\PSoC5/I2S_1.c **** 
  80:.\Generated_Source\PSoC5/I2S_1.c ****     /* Initialize Tx interrupt source selected in customizer */
  81:.\Generated_Source\PSoC5/I2S_1.c ****     #if (I2S_1_TX_DIRECTION_ENABLE)
  82:.\Generated_Source\PSoC5/I2S_1.c ****         I2S_1_SET_TX_INT_MASK(CH0, I2S_1_TX_INT_SOURCE);
  73              		.loc 1 82 0
  74 0000 0C4B     		ldr	r3, .L5
  75 0002 1A78     		ldrb	r2, [r3]	@ zero_extendqisi2
  76 0004 02F0F802 		and	r2, r2, #248
  77 0008 1A70     		strb	r2, [r3]
  78 000a 1A78     		ldrb	r2, [r3]	@ zero_extendqisi2
  79 000c D2B2     		uxtb	r2, r2
  80 000e 1A70     		strb	r2, [r3]
  83:.\Generated_Source\PSoC5/I2S_1.c ****         #if (I2S_1_TX_STEREO_1_PRESENT)
  84:.\Generated_Source\PSoC5/I2S_1.c ****             I2S_1_SET_TX_INT_MASK(CH1, I2S_1_TX_INT_SOURCE);
  85:.\Generated_Source\PSoC5/I2S_1.c ****         #endif /* I2S_1_TX_STEREO_1_PRESENT */
  86:.\Generated_Source\PSoC5/I2S_1.c ****         #if (I2S_1_TX_STEREO_2_PRESENT)
  87:.\Generated_Source\PSoC5/I2S_1.c ****             I2S_1_SET_TX_INT_MASK(CH2, I2S_1_TX_INT_SOURCE);
  88:.\Generated_Source\PSoC5/I2S_1.c ****         #endif /* I2S_1_TX_STEREO_2_PRESENT */
  89:.\Generated_Source\PSoC5/I2S_1.c ****         #if (I2S_1_TX_STEREO_3_PRESENT)
  90:.\Generated_Source\PSoC5/I2S_1.c ****             I2S_1_SET_TX_INT_MASK(CH3, I2S_1_TX_INT_SOURCE);
  91:.\Generated_Source\PSoC5/I2S_1.c ****         #endif /* I2S_1_TX_STEREO_3_PRESENT */
ARM GAS  C:\Users\PIET~1.COU\AppData\Local\Temp\ccNby969.s 			page 4


  92:.\Generated_Source\PSoC5/I2S_1.c ****         #if (I2S_1_TX_STEREO_4_PRESENT)
  93:.\Generated_Source\PSoC5/I2S_1.c ****             I2S_1_SET_TX_INT_MASK(CH4, I2S_1_TX_INT_SOURCE);
  94:.\Generated_Source\PSoC5/I2S_1.c ****         #endif /* I2S_1_TX_STEREO_4_PRESENT */
  95:.\Generated_Source\PSoC5/I2S_1.c ****     #endif /* (I2S_1_TX_DIRECTION_ENABLE) */
  96:.\Generated_Source\PSoC5/I2S_1.c ****     
  97:.\Generated_Source\PSoC5/I2S_1.c ****     /* Initialize Rx interrupt source and clipping thresholds selected in customizer */
  98:.\Generated_Source\PSoC5/I2S_1.c ****     #if (I2S_1_RX_DIRECTION_ENABLE)
  99:.\Generated_Source\PSoC5/I2S_1.c ****         I2S_1_SET_RX_INT_MASK(CH0, I2S_1_RX_INT_SOURCE);
  81              		.loc 1 99 0
  82 0010 93F80021 		ldrb	r2, [r3, #256]	@ zero_extendqisi2
  83 0014 02F0F802 		and	r2, r2, #248
  84 0018 83F80021 		strb	r2, [r3, #256]
  85 001c 93F80021 		ldrb	r2, [r3, #256]	@ zero_extendqisi2
  86 0020 D2B2     		uxtb	r2, r2
  87 0022 83F80021 		strb	r2, [r3, #256]
 100:.\Generated_Source\PSoC5/I2S_1.c ****         #if (I2S_1_CLIP_DETECT_ENABLE)
 101:.\Generated_Source\PSoC5/I2S_1.c ****             I2S_1_SET_POS_THRESHOLD(CH0, I2S_1_posThresholds[I2S_1_STEREO_0]);
  88              		.loc 1 101 0
  89 0026 7822     		movs	r2, #120
  90 0028 83F8A020 		strb	r2, [r3, #160]
 102:.\Generated_Source\PSoC5/I2S_1.c ****             I2S_1_SET_NEG_THRESHOLD(CH0, I2S_1_negThresholds[I2S_1_STEREO_0]);
  91              		.loc 1 102 0
  92 002c 8822     		movs	r2, #136
  93 002e 83F8B020 		strb	r2, [r3, #176]
  94 0032 7047     		bx	lr
  95              	.L6:
  96              		.align	2
  97              	.L5:
  98 0034 85640040 		.word	1073767557
  99              		.cfi_endproc
 100              	.LFE1:
 101              		.size	I2S_1_Init, .-I2S_1_Init
 102              		.section	.text.I2S_1_Start,"ax",%progbits
 103              		.align	1
 104              		.global	I2S_1_Start
 105              		.thumb
 106              		.thumb_func
 107              		.type	I2S_1_Start, %function
 108              	I2S_1_Start:
 109              	.LFB2:
 103:.\Generated_Source\PSoC5/I2S_1.c ****         #endif /* I2S_1_CLIP_DETECT_ENABLE */
 104:.\Generated_Source\PSoC5/I2S_1.c ****         #if (I2S_1_RX_STEREO_1_PRESENT)
 105:.\Generated_Source\PSoC5/I2S_1.c ****             I2S_1_SET_RX_INT_MASK(CH1, I2S_1_RX_INT_SOURCE);
 106:.\Generated_Source\PSoC5/I2S_1.c ****             #if (I2S_1_CLIP_DETECT_ENABLE)
 107:.\Generated_Source\PSoC5/I2S_1.c ****                 I2S_1_SET_POS_THRESHOLD(CH1, I2S_1_posThresholds[I2S_1_STEREO_1]);
 108:.\Generated_Source\PSoC5/I2S_1.c ****                 I2S_1_SET_NEG_THRESHOLD(CH1, I2S_1_negThresholds[I2S_1_STEREO_1]);
 109:.\Generated_Source\PSoC5/I2S_1.c ****             #endif /* I2S_1_CLIP_DETECT_ENABLE */
 110:.\Generated_Source\PSoC5/I2S_1.c ****         #endif /* I2S_1_RX_STEREO_1_PRESENT */
 111:.\Generated_Source\PSoC5/I2S_1.c ****         #if (I2S_1_RX_STEREO_2_PRESENT)
 112:.\Generated_Source\PSoC5/I2S_1.c ****             I2S_1_SET_RX_INT_MASK(CH2, I2S_1_RX_INT_SOURCE);
 113:.\Generated_Source\PSoC5/I2S_1.c ****             #if (I2S_1_CLIP_DETECT_ENABLE)
 114:.\Generated_Source\PSoC5/I2S_1.c ****                 I2S_1_SET_POS_THRESHOLD(CH2, I2S_1_posThresholds[I2S_1_STEREO_2]);
 115:.\Generated_Source\PSoC5/I2S_1.c ****                 I2S_1_SET_NEG_THRESHOLD(CH2, I2S_1_negThresholds[I2S_1_STEREO_2]);
 116:.\Generated_Source\PSoC5/I2S_1.c ****             #endif /* I2S_1_CLIP_DETECT_ENABLE */
 117:.\Generated_Source\PSoC5/I2S_1.c ****         #endif /* I2S_1_RX_STEREO_2_PRESENT */
 118:.\Generated_Source\PSoC5/I2S_1.c ****         #if (I2S_1_RX_STEREO_3_PRESENT)
 119:.\Generated_Source\PSoC5/I2S_1.c ****             I2S_1_SET_RX_INT_MASK(CH3, I2S_1_RX_INT_SOURCE);
ARM GAS  C:\Users\PIET~1.COU\AppData\Local\Temp\ccNby969.s 			page 5


 120:.\Generated_Source\PSoC5/I2S_1.c ****             #if (I2S_1_CLIP_DETECT_ENABLE)
 121:.\Generated_Source\PSoC5/I2S_1.c ****                 I2S_1_SET_POS_THRESHOLD(CH3, I2S_1_posThresholds[I2S_1_STEREO_3]);
 122:.\Generated_Source\PSoC5/I2S_1.c ****                 I2S_1_SET_NEG_THRESHOLD(CH3, I2S_1_negThresholds[I2S_1_STEREO_3]);
 123:.\Generated_Source\PSoC5/I2S_1.c ****             #endif /* I2S_1_CLIP_DETECT_ENABLE */
 124:.\Generated_Source\PSoC5/I2S_1.c ****         #endif /* I2S_1_RX_STEREO_3_PRESENT */
 125:.\Generated_Source\PSoC5/I2S_1.c ****         #if (I2S_1_RX_STEREO_4_PRESENT)
 126:.\Generated_Source\PSoC5/I2S_1.c ****             I2S_1_SET_RX_INT_MASK(CH4, I2S_1_RX_INT_SOURCE);
 127:.\Generated_Source\PSoC5/I2S_1.c ****             #if (I2S_1_CLIP_DETECT_ENABLE)
 128:.\Generated_Source\PSoC5/I2S_1.c ****                 I2S_1_SET_POS_THRESHOLD(CH4, I2S_1_posThresholds[I2S_1_STEREO_4]);
 129:.\Generated_Source\PSoC5/I2S_1.c ****                 I2S_1_SET_NEG_THRESHOLD(CH4, I2S_1_negThresholds[I2S_1_STEREO_4]);
 130:.\Generated_Source\PSoC5/I2S_1.c ****             #endif /* I2S_1_CLIP_DETECT_ENABLE */
 131:.\Generated_Source\PSoC5/I2S_1.c ****         #endif /* I2S_1_RX_STEREO_4_PRESENT */
 132:.\Generated_Source\PSoC5/I2S_1.c ****     #endif /* (I2S_1_RX_DIRECTION_ENABLE) */
 133:.\Generated_Source\PSoC5/I2S_1.c **** }
 134:.\Generated_Source\PSoC5/I2S_1.c **** 
 135:.\Generated_Source\PSoC5/I2S_1.c **** 
 136:.\Generated_Source\PSoC5/I2S_1.c **** /*******************************************************************************
 137:.\Generated_Source\PSoC5/I2S_1.c **** * Function Name: I2S_1_Start
 138:.\Generated_Source\PSoC5/I2S_1.c **** ********************************************************************************
 139:.\Generated_Source\PSoC5/I2S_1.c **** *
 140:.\Generated_Source\PSoC5/I2S_1.c **** * Summary:
 141:.\Generated_Source\PSoC5/I2S_1.c **** *  Starts the I2S interface. Starts the generation of the sck and ws outputs.
 142:.\Generated_Source\PSoC5/I2S_1.c **** *  The Tx and Rx directions remain disabled.
 143:.\Generated_Source\PSoC5/I2S_1.c **** *
 144:.\Generated_Source\PSoC5/I2S_1.c **** * Parameters:
 145:.\Generated_Source\PSoC5/I2S_1.c **** *  None.
 146:.\Generated_Source\PSoC5/I2S_1.c **** *
 147:.\Generated_Source\PSoC5/I2S_1.c **** * Return:
 148:.\Generated_Source\PSoC5/I2S_1.c **** *  None.
 149:.\Generated_Source\PSoC5/I2S_1.c **** *
 150:.\Generated_Source\PSoC5/I2S_1.c **** * Global Variables:
 151:.\Generated_Source\PSoC5/I2S_1.c **** *  I2S_1_initVar - used to check initial configuration, modified on
 152:.\Generated_Source\PSoC5/I2S_1.c **** *  first function call.
 153:.\Generated_Source\PSoC5/I2S_1.c **** *
 154:.\Generated_Source\PSoC5/I2S_1.c **** * Reentrant:
 155:.\Generated_Source\PSoC5/I2S_1.c **** *  No.
 156:.\Generated_Source\PSoC5/I2S_1.c **** *
 157:.\Generated_Source\PSoC5/I2S_1.c **** *******************************************************************************/
 158:.\Generated_Source\PSoC5/I2S_1.c **** void I2S_1_Start(void) 
 159:.\Generated_Source\PSoC5/I2S_1.c **** {
 110              		.loc 1 159 0
 111              		.cfi_startproc
 112              		@ args = 0, pretend = 0, frame = 0
 113              		@ frame_needed = 0, uses_anonymous_args = 0
 114 0000 10B5     		push	{r4, lr}
 115              		.cfi_def_cfa_offset 8
 116              		.cfi_offset 4, -8
 117              		.cfi_offset 14, -4
 160:.\Generated_Source\PSoC5/I2S_1.c ****     if(0u == I2S_1_initVar)
 118              		.loc 1 160 0
 119 0002 054C     		ldr	r4, .L10
 120 0004 2378     		ldrb	r3, [r4]	@ zero_extendqisi2
 121 0006 1BB9     		cbnz	r3, .L8
 161:.\Generated_Source\PSoC5/I2S_1.c ****     {
 162:.\Generated_Source\PSoC5/I2S_1.c ****         I2S_1_Init();
 122              		.loc 1 162 0
 123 0008 FFF7FEFF 		bl	I2S_1_Init
ARM GAS  C:\Users\PIET~1.COU\AppData\Local\Temp\ccNby969.s 			page 6


 124              	.LVL2:
 163:.\Generated_Source\PSoC5/I2S_1.c ****         I2S_1_initVar = 1u;
 125              		.loc 1 163 0
 126 000c 0123     		movs	r3, #1
 127 000e 2370     		strb	r3, [r4]
 128              	.L8:
 164:.\Generated_Source\PSoC5/I2S_1.c ****     }
 165:.\Generated_Source\PSoC5/I2S_1.c **** 
 166:.\Generated_Source\PSoC5/I2S_1.c ****     I2S_1_Enable();
 167:.\Generated_Source\PSoC5/I2S_1.c **** }
 129              		.loc 1 167 0
 130 0010 BDE81040 		pop	{r4, lr}
 131              		.cfi_restore 14
 132              		.cfi_restore 4
 133              		.cfi_def_cfa_offset 0
 166:.\Generated_Source\PSoC5/I2S_1.c **** }
 134              		.loc 1 166 0
 135 0014 FFF7FEBF 		b	I2S_1_Enable
 136              	.LVL3:
 137              	.L11:
 138              		.align	2
 139              	.L10:
 140 0018 00000000 		.word	.LANCHOR0
 141              		.cfi_endproc
 142              	.LFE2:
 143              		.size	I2S_1_Start, .-I2S_1_Start
 144              		.section	.text.I2S_1_EnableTx,"ax",%progbits
 145              		.align	1
 146              		.global	I2S_1_EnableTx
 147              		.thumb
 148              		.thumb_func
 149              		.type	I2S_1_EnableTx, %function
 150              	I2S_1_EnableTx:
 151              	.LFB4:
 168:.\Generated_Source\PSoC5/I2S_1.c **** 
 169:.\Generated_Source\PSoC5/I2S_1.c **** 
 170:.\Generated_Source\PSoC5/I2S_1.c **** /*******************************************************************************
 171:.\Generated_Source\PSoC5/I2S_1.c **** * Function Name: I2S_1_Stop
 172:.\Generated_Source\PSoC5/I2S_1.c **** ********************************************************************************
 173:.\Generated_Source\PSoC5/I2S_1.c **** *
 174:.\Generated_Source\PSoC5/I2S_1.c **** * Summary:
 175:.\Generated_Source\PSoC5/I2S_1.c **** *  Disables the I2S interface. The sck and ws outputs are set to 0. The Tx and
 176:.\Generated_Source\PSoC5/I2S_1.c **** *  Rx directions are disabled and their FIFOs are cleared.
 177:.\Generated_Source\PSoC5/I2S_1.c **** *
 178:.\Generated_Source\PSoC5/I2S_1.c **** * Parameters:
 179:.\Generated_Source\PSoC5/I2S_1.c **** *  None.
 180:.\Generated_Source\PSoC5/I2S_1.c **** *
 181:.\Generated_Source\PSoC5/I2S_1.c **** * Return:
 182:.\Generated_Source\PSoC5/I2S_1.c **** *  None.
 183:.\Generated_Source\PSoC5/I2S_1.c **** *
 184:.\Generated_Source\PSoC5/I2S_1.c **** *******************************************************************************/
 185:.\Generated_Source\PSoC5/I2S_1.c **** void I2S_1_Stop(void) 
 186:.\Generated_Source\PSoC5/I2S_1.c **** {
 187:.\Generated_Source\PSoC5/I2S_1.c ****     uint8 enableInterrupts;
 188:.\Generated_Source\PSoC5/I2S_1.c **** 
 189:.\Generated_Source\PSoC5/I2S_1.c ****     I2S_1_CONTROL_REG &= (uint8)~I2S_1_EN;
 190:.\Generated_Source\PSoC5/I2S_1.c **** 
ARM GAS  C:\Users\PIET~1.COU\AppData\Local\Temp\ccNby969.s 			page 7


 191:.\Generated_Source\PSoC5/I2S_1.c ****     enableInterrupts = CyEnterCriticalSection();
 192:.\Generated_Source\PSoC5/I2S_1.c ****     I2S_1_AUX_CONTROL_REG &= (uint8)~I2S_1_CNT_START;
 193:.\Generated_Source\PSoC5/I2S_1.c ****     CyExitCriticalSection(enableInterrupts);
 194:.\Generated_Source\PSoC5/I2S_1.c **** 
 195:.\Generated_Source\PSoC5/I2S_1.c ****     /* Clear counter value to force reload when component is enabled */
 196:.\Generated_Source\PSoC5/I2S_1.c ****     I2S_1_CNT_COUNT_REG = 0u;
 197:.\Generated_Source\PSoC5/I2S_1.c **** 
 198:.\Generated_Source\PSoC5/I2S_1.c ****     #if (I2S_1_TX_DIRECTION_ENABLE)
 199:.\Generated_Source\PSoC5/I2S_1.c ****         I2S_1_DisableTx();
 200:.\Generated_Source\PSoC5/I2S_1.c ****         I2S_1_ClearTxFIFO();
 201:.\Generated_Source\PSoC5/I2S_1.c ****     #endif /* (I2S_1_TX_DIRECTION_ENABLE) */
 202:.\Generated_Source\PSoC5/I2S_1.c ****     
 203:.\Generated_Source\PSoC5/I2S_1.c ****     #if (I2S_1_RX_DIRECTION_ENABLE)
 204:.\Generated_Source\PSoC5/I2S_1.c ****         I2S_1_DisableRx();
 205:.\Generated_Source\PSoC5/I2S_1.c ****         I2S_1_ClearRxFIFO();
 206:.\Generated_Source\PSoC5/I2S_1.c ****     #endif /* (I2S_1_RX_DIRECTION_ENABLE) */
 207:.\Generated_Source\PSoC5/I2S_1.c **** }
 208:.\Generated_Source\PSoC5/I2S_1.c **** 
 209:.\Generated_Source\PSoC5/I2S_1.c **** #if (I2S_1_DYNAMIC_BIT_RESOLUTION)
 210:.\Generated_Source\PSoC5/I2S_1.c ****     /*******************************************************************************
 211:.\Generated_Source\PSoC5/I2S_1.c ****     * Function Name: I2S_1_SetDataBits
 212:.\Generated_Source\PSoC5/I2S_1.c ****     ********************************************************************************
 213:.\Generated_Source\PSoC5/I2S_1.c ****     *
 214:.\Generated_Source\PSoC5/I2S_1.c ****     * Summary:
 215:.\Generated_Source\PSoC5/I2S_1.c ****     *  Sets the number of data bits for each sample. The component must be stopped
 216:.\Generated_Source\PSoC5/I2S_1.c ****     *  before calling this API.
 217:.\Generated_Source\PSoC5/I2S_1.c ****     *
 218:.\Generated_Source\PSoC5/I2S_1.c ****     * Parameters:
 219:.\Generated_Source\PSoC5/I2S_1.c ****     *  dataBits: the number of data bits for each sample. Valid values - 8/16/24/32.
 220:.\Generated_Source\PSoC5/I2S_1.c ****     *  If Tx or Rx byte swapping is enabled, valid values are 16 and 24.
 221:.\Generated_Source\PSoC5/I2S_1.c ****     *
 222:.\Generated_Source\PSoC5/I2S_1.c ****     * Return:
 223:.\Generated_Source\PSoC5/I2S_1.c ****     *  CYRET_SUCCESS  : Operation is successful
 224:.\Generated_Source\PSoC5/I2S_1.c ****     *  CYRET_BAD_PARAM: Invalid parameter value
 225:.\Generated_Source\PSoC5/I2S_1.c ****     *
 226:.\Generated_Source\PSoC5/I2S_1.c ****     * Side effects:
 227:.\Generated_Source\PSoC5/I2S_1.c ****     *  Calling this API while the component is operating may cause unexpected
 228:.\Generated_Source\PSoC5/I2S_1.c ****     *  behavior.
 229:.\Generated_Source\PSoC5/I2S_1.c ****     *
 230:.\Generated_Source\PSoC5/I2S_1.c ****     *******************************************************************************/
 231:.\Generated_Source\PSoC5/I2S_1.c ****     cystatus I2S_1_SetDataBits(uint8 dataBits)   
 232:.\Generated_Source\PSoC5/I2S_1.c ****     {
 233:.\Generated_Source\PSoC5/I2S_1.c ****         cystatus status;
 234:.\Generated_Source\PSoC5/I2S_1.c **** 
 235:.\Generated_Source\PSoC5/I2S_1.c ****         CYASSERT((dataBits >= I2S_1_MIN_DATA_BITS) && (dataBits <= I2S_1_MAX_DATA_BITS));
 236:.\Generated_Source\PSoC5/I2S_1.c **** 
 237:.\Generated_Source\PSoC5/I2S_1.c ****         status = CYRET_SUCCESS;
 238:.\Generated_Source\PSoC5/I2S_1.c ****         /* The component must be stopped prior calling this API. Therefore
 239:.\Generated_Source\PSoC5/I2S_1.c ****         * all the control bits except the bits modified are zeros.
 240:.\Generated_Source\PSoC5/I2S_1.c ****         */
 241:.\Generated_Source\PSoC5/I2S_1.c ****         switch(dataBits)
 242:.\Generated_Source\PSoC5/I2S_1.c ****         {
 243:.\Generated_Source\PSoC5/I2S_1.c ****         case I2S_1_8BIT_DATA:
 244:.\Generated_Source\PSoC5/I2S_1.c ****             I2S_1_CONTROL_REG = I2S_1_8BIT_MODE;
 245:.\Generated_Source\PSoC5/I2S_1.c ****             break;
 246:.\Generated_Source\PSoC5/I2S_1.c ****         case I2S_1_16BIT_DATA:
 247:.\Generated_Source\PSoC5/I2S_1.c ****             I2S_1_CONTROL_REG = I2S_1_16BIT_MODE;
ARM GAS  C:\Users\PIET~1.COU\AppData\Local\Temp\ccNby969.s 			page 8


 248:.\Generated_Source\PSoC5/I2S_1.c ****             break;
 249:.\Generated_Source\PSoC5/I2S_1.c ****         case I2S_1_24BIT_DATA:
 250:.\Generated_Source\PSoC5/I2S_1.c ****             I2S_1_CONTROL_REG = I2S_1_24BIT_MODE;
 251:.\Generated_Source\PSoC5/I2S_1.c ****             break;
 252:.\Generated_Source\PSoC5/I2S_1.c ****         case I2S_1_32BIT_DATA:
 253:.\Generated_Source\PSoC5/I2S_1.c ****             I2S_1_CONTROL_REG = I2S_1_32BIT_MODE;
 254:.\Generated_Source\PSoC5/I2S_1.c ****             break;
 255:.\Generated_Source\PSoC5/I2S_1.c ****         default: status = CYRET_BAD_PARAM;
 256:.\Generated_Source\PSoC5/I2S_1.c ****             break;
 257:.\Generated_Source\PSoC5/I2S_1.c ****         }
 258:.\Generated_Source\PSoC5/I2S_1.c **** 
 259:.\Generated_Source\PSoC5/I2S_1.c ****         return (status);
 260:.\Generated_Source\PSoC5/I2S_1.c ****     }
 261:.\Generated_Source\PSoC5/I2S_1.c **** 
 262:.\Generated_Source\PSoC5/I2S_1.c **** #endif /* I2S_1_DYNAMIC_BIT_RESOLUTION */
 263:.\Generated_Source\PSoC5/I2S_1.c **** 
 264:.\Generated_Source\PSoC5/I2S_1.c **** #if(I2S_1_TX_DIRECTION_ENABLE)
 265:.\Generated_Source\PSoC5/I2S_1.c ****     /*******************************************************************************
 266:.\Generated_Source\PSoC5/I2S_1.c ****     * Function Name: I2S_1_EnableTx
 267:.\Generated_Source\PSoC5/I2S_1.c ****     ********************************************************************************
 268:.\Generated_Source\PSoC5/I2S_1.c ****     *
 269:.\Generated_Source\PSoC5/I2S_1.c ****     * Summary:
 270:.\Generated_Source\PSoC5/I2S_1.c ****     *  Enables the Tx direction of the I2S interface.  At the next word
 271:.\Generated_Source\PSoC5/I2S_1.c ****     *  select falling edge transmission will begin.
 272:.\Generated_Source\PSoC5/I2S_1.c ****     *
 273:.\Generated_Source\PSoC5/I2S_1.c ****     * Parameters:
 274:.\Generated_Source\PSoC5/I2S_1.c ****     *  None.
 275:.\Generated_Source\PSoC5/I2S_1.c ****     *
 276:.\Generated_Source\PSoC5/I2S_1.c ****     * Return:
 277:.\Generated_Source\PSoC5/I2S_1.c ****     *  None.
 278:.\Generated_Source\PSoC5/I2S_1.c ****     *
 279:.\Generated_Source\PSoC5/I2S_1.c ****     *******************************************************************************/
 280:.\Generated_Source\PSoC5/I2S_1.c ****     void I2S_1_EnableTx(void) 
 281:.\Generated_Source\PSoC5/I2S_1.c ****     {
 152              		.loc 1 281 0
 153              		.cfi_startproc
 154              		@ args = 0, pretend = 0, frame = 0
 155              		@ frame_needed = 0, uses_anonymous_args = 0
 156 0000 08B5     		push	{r3, lr}
 157              		.cfi_def_cfa_offset 8
 158              		.cfi_offset 3, -8
 159              		.cfi_offset 14, -4
 282:.\Generated_Source\PSoC5/I2S_1.c ****         uint8 enableInterrupts;
 283:.\Generated_Source\PSoC5/I2S_1.c **** 
 284:.\Generated_Source\PSoC5/I2S_1.c ****         enableInterrupts = CyEnterCriticalSection();
 160              		.loc 1 284 0
 161 0002 FFF7FEFF 		bl	CyEnterCriticalSection
 162              	.LVL4:
 285:.\Generated_Source\PSoC5/I2S_1.c ****         I2S_1_TX_STS0_1_ACTL_REG |= I2S_1_INT_EN;
 163              		.loc 1 285 0
 164 0006 064A     		ldr	r2, .L13
 165 0008 1378     		ldrb	r3, [r2]	@ zero_extendqisi2
 166 000a 43F01003 		orr	r3, r3, #16
 167 000e 1370     		strb	r3, [r2]
 286:.\Generated_Source\PSoC5/I2S_1.c ****         #ifdef I2S_1_TX_STS2_3_ACTL_REG
 287:.\Generated_Source\PSoC5/I2S_1.c ****             I2S_1_TX_STS2_3_ACTL_REG |= I2S_1_INT_EN;
 288:.\Generated_Source\PSoC5/I2S_1.c ****         #endif /* I2S_1_TX_STS2_3_ACTL_REG */
ARM GAS  C:\Users\PIET~1.COU\AppData\Local\Temp\ccNby969.s 			page 9


 289:.\Generated_Source\PSoC5/I2S_1.c ****         #ifdef I2S_1_TX_STS4_ACTL_REG
 290:.\Generated_Source\PSoC5/I2S_1.c ****             I2S_1_TX_STS4_ACTL_REG |= I2S_1_INT_EN;
 291:.\Generated_Source\PSoC5/I2S_1.c ****         #endif /* I2S_1_TX_STS4_ACTL_REG */
 292:.\Generated_Source\PSoC5/I2S_1.c ****         CyExitCriticalSection(enableInterrupts);
 168              		.loc 1 292 0
 169 0010 FFF7FEFF 		bl	CyExitCriticalSection
 170              	.LVL5:
 293:.\Generated_Source\PSoC5/I2S_1.c ****         
 294:.\Generated_Source\PSoC5/I2S_1.c ****         I2S_1_CONTROL_REG |= I2S_1_TX_EN;
 171              		.loc 1 294 0
 172 0014 034A     		ldr	r2, .L13+4
 173 0016 1378     		ldrb	r3, [r2]	@ zero_extendqisi2
 174 0018 43F00103 		orr	r3, r3, #1
 175 001c 1370     		strb	r3, [r2]
 176 001e 08BD     		pop	{r3, pc}
 177              	.L14:
 178              		.align	2
 179              	.L13:
 180 0020 95640040 		.word	1073767573
 181 0024 77640040 		.word	1073767543
 182              		.cfi_endproc
 183              	.LFE4:
 184              		.size	I2S_1_EnableTx, .-I2S_1_EnableTx
 185              		.section	.text.I2S_1_DisableTx,"ax",%progbits
 186              		.align	1
 187              		.global	I2S_1_DisableTx
 188              		.thumb
 189              		.thumb_func
 190              		.type	I2S_1_DisableTx, %function
 191              	I2S_1_DisableTx:
 192              	.LFB5:
 295:.\Generated_Source\PSoC5/I2S_1.c ****     }
 296:.\Generated_Source\PSoC5/I2S_1.c **** 
 297:.\Generated_Source\PSoC5/I2S_1.c **** 
 298:.\Generated_Source\PSoC5/I2S_1.c ****     /*******************************************************************************
 299:.\Generated_Source\PSoC5/I2S_1.c ****     * Function Name: I2S_1_DisableTx
 300:.\Generated_Source\PSoC5/I2S_1.c ****     ********************************************************************************
 301:.\Generated_Source\PSoC5/I2S_1.c ****     *
 302:.\Generated_Source\PSoC5/I2S_1.c ****     * Summary:
 303:.\Generated_Source\PSoC5/I2S_1.c ****     *  Disables the Tx direction of the I2S interface.  At the next word
 304:.\Generated_Source\PSoC5/I2S_1.c ****     *  select falling edge transmission of data will stop and a constant 0 value
 305:.\Generated_Source\PSoC5/I2S_1.c ****     *  will be transmitted.
 306:.\Generated_Source\PSoC5/I2S_1.c ****     *
 307:.\Generated_Source\PSoC5/I2S_1.c ****     * Parameters:
 308:.\Generated_Source\PSoC5/I2S_1.c ****     *  None.
 309:.\Generated_Source\PSoC5/I2S_1.c ****     *
 310:.\Generated_Source\PSoC5/I2S_1.c ****     * Return:
 311:.\Generated_Source\PSoC5/I2S_1.c ****     *  None.
 312:.\Generated_Source\PSoC5/I2S_1.c ****     *
 313:.\Generated_Source\PSoC5/I2S_1.c ****     *******************************************************************************/
 314:.\Generated_Source\PSoC5/I2S_1.c ****     void I2S_1_DisableTx(void) 
 315:.\Generated_Source\PSoC5/I2S_1.c ****     {
 193              		.loc 1 315 0
 194              		.cfi_startproc
 195              		@ args = 0, pretend = 0, frame = 0
 196              		@ frame_needed = 0, uses_anonymous_args = 0
 197 0000 08B5     		push	{r3, lr}
ARM GAS  C:\Users\PIET~1.COU\AppData\Local\Temp\ccNby969.s 			page 10


 198              		.cfi_def_cfa_offset 8
 199              		.cfi_offset 3, -8
 200              		.cfi_offset 14, -4
 316:.\Generated_Source\PSoC5/I2S_1.c ****         uint8 enableInterrupts;
 317:.\Generated_Source\PSoC5/I2S_1.c **** 
 318:.\Generated_Source\PSoC5/I2S_1.c ****         I2S_1_CONTROL_REG &= (uint8)~I2S_1_TX_EN;
 201              		.loc 1 318 0
 202 0002 084A     		ldr	r2, .L16
 203 0004 1378     		ldrb	r3, [r2]	@ zero_extendqisi2
 204 0006 03F0FE03 		and	r3, r3, #254
 205 000a 1370     		strb	r3, [r2]
 319:.\Generated_Source\PSoC5/I2S_1.c **** 
 320:.\Generated_Source\PSoC5/I2S_1.c ****         enableInterrupts = CyEnterCriticalSection();
 206              		.loc 1 320 0
 207 000c FFF7FEFF 		bl	CyEnterCriticalSection
 208              	.LVL6:
 321:.\Generated_Source\PSoC5/I2S_1.c ****         I2S_1_TX_STS0_1_ACTL_REG &= (uint8)~I2S_1_INT_EN;
 209              		.loc 1 321 0
 210 0010 054A     		ldr	r2, .L16+4
 211 0012 1378     		ldrb	r3, [r2]	@ zero_extendqisi2
 212 0014 03F0EF03 		and	r3, r3, #239
 213 0018 1370     		strb	r3, [r2]
 322:.\Generated_Source\PSoC5/I2S_1.c ****         #ifdef I2S_1_TX_STS2_3_ACTL_REG
 323:.\Generated_Source\PSoC5/I2S_1.c ****             I2S_1_TX_STS2_3_ACTL_REG &= (uint8)~I2S_1_INT_EN;
 324:.\Generated_Source\PSoC5/I2S_1.c ****         #endif /* I2S_1_TX_STS2_3_ACTL_REG */
 325:.\Generated_Source\PSoC5/I2S_1.c ****         #ifdef I2S_1_TX_STS4_ACTL_REG
 326:.\Generated_Source\PSoC5/I2S_1.c ****             I2S_1_TX_STS4_ACTL_REG &= (uint8)~I2S_1_INT_EN;
 327:.\Generated_Source\PSoC5/I2S_1.c ****         #endif /* I2S_1_TX_STS4_ACTL_REG */
 328:.\Generated_Source\PSoC5/I2S_1.c ****         CyExitCriticalSection(enableInterrupts);
 329:.\Generated_Source\PSoC5/I2S_1.c ****     }
 214              		.loc 1 329 0
 215 001a BDE80840 		pop	{r3, lr}
 216              		.cfi_restore 14
 217              		.cfi_restore 3
 218              		.cfi_def_cfa_offset 0
 328:.\Generated_Source\PSoC5/I2S_1.c ****     }
 219              		.loc 1 328 0
 220 001e FFF7FEBF 		b	CyExitCriticalSection
 221              	.LVL7:
 222              	.L17:
 223 0022 00BF     		.align	2
 224              	.L16:
 225 0024 77640040 		.word	1073767543
 226 0028 95640040 		.word	1073767573
 227              		.cfi_endproc
 228              	.LFE5:
 229              		.size	I2S_1_DisableTx, .-I2S_1_DisableTx
 230              		.section	.text.I2S_1_ClearTxFIFO,"ax",%progbits
 231              		.align	1
 232              		.global	I2S_1_ClearTxFIFO
 233              		.thumb
 234              		.thumb_func
 235              		.type	I2S_1_ClearTxFIFO, %function
 236              	I2S_1_ClearTxFIFO:
 237              	.LFB6:
 330:.\Generated_Source\PSoC5/I2S_1.c **** 
 331:.\Generated_Source\PSoC5/I2S_1.c **** 
ARM GAS  C:\Users\PIET~1.COU\AppData\Local\Temp\ccNby969.s 			page 11


 332:.\Generated_Source\PSoC5/I2S_1.c ****     /*******************************************************************************
 333:.\Generated_Source\PSoC5/I2S_1.c ****     * Function Name: I2S_1_ClearTxFIFO
 334:.\Generated_Source\PSoC5/I2S_1.c ****     ********************************************************************************
 335:.\Generated_Source\PSoC5/I2S_1.c ****     *
 336:.\Generated_Source\PSoC5/I2S_1.c ****     * Summary:
 337:.\Generated_Source\PSoC5/I2S_1.c ****     *  Clears out the FIFOs for all Tx channels. Any data present in the FIFO will
 338:.\Generated_Source\PSoC5/I2S_1.c ****     *  not be sent. This call should be made only when the Tx direction is disabled.
 339:.\Generated_Source\PSoC5/I2S_1.c ****     *
 340:.\Generated_Source\PSoC5/I2S_1.c ****     * Parameters:
 341:.\Generated_Source\PSoC5/I2S_1.c ****     *  None.
 342:.\Generated_Source\PSoC5/I2S_1.c ****     *
 343:.\Generated_Source\PSoC5/I2S_1.c ****     * Return:
 344:.\Generated_Source\PSoC5/I2S_1.c ****     *  None.
 345:.\Generated_Source\PSoC5/I2S_1.c ****     *
 346:.\Generated_Source\PSoC5/I2S_1.c ****     *******************************************************************************/
 347:.\Generated_Source\PSoC5/I2S_1.c ****     void I2S_1_ClearTxFIFO(void) 
 348:.\Generated_Source\PSoC5/I2S_1.c ****     {
 238              		.loc 1 348 0
 239              		.cfi_startproc
 240              		@ args = 0, pretend = 0, frame = 0
 241              		@ frame_needed = 0, uses_anonymous_args = 0
 242 0000 08B5     		push	{r3, lr}
 243              		.cfi_def_cfa_offset 8
 244              		.cfi_offset 3, -8
 245              		.cfi_offset 14, -4
 349:.\Generated_Source\PSoC5/I2S_1.c ****         uint8 enableInterrupts;
 350:.\Generated_Source\PSoC5/I2S_1.c **** 
 351:.\Generated_Source\PSoC5/I2S_1.c ****         enableInterrupts = CyEnterCriticalSection();
 246              		.loc 1 351 0
 247 0002 FFF7FEFF 		bl	CyEnterCriticalSection
 248              	.LVL8:
 352:.\Generated_Source\PSoC5/I2S_1.c ****         I2S_1_CLEAR_TX_FIFO(CH0);
 249              		.loc 1 352 0
 250 0006 064B     		ldr	r3, .L19
 251 0008 1A78     		ldrb	r2, [r3]	@ zero_extendqisi2
 252 000a 42F00302 		orr	r2, r2, #3
 253 000e 1A70     		strb	r2, [r3]
 254 0010 1A78     		ldrb	r2, [r3]	@ zero_extendqisi2
 255 0012 02F0FC02 		and	r2, r2, #252
 256 0016 1A70     		strb	r2, [r3]
 353:.\Generated_Source\PSoC5/I2S_1.c ****         #if (I2S_1_TX_STEREO_1_PRESENT)
 354:.\Generated_Source\PSoC5/I2S_1.c ****             I2S_1_CLEAR_TX_FIFO(CH1);
 355:.\Generated_Source\PSoC5/I2S_1.c ****         #endif /* I2S_1_TX_STEREO_1_PRESENT */
 356:.\Generated_Source\PSoC5/I2S_1.c ****         #if (I2S_1_TX_STEREO_2_PRESENT)
 357:.\Generated_Source\PSoC5/I2S_1.c ****             I2S_1_CLEAR_TX_FIFO(CH2);
 358:.\Generated_Source\PSoC5/I2S_1.c ****         #endif /* I2S_1_TX_STEREO_2_PRESENT */
 359:.\Generated_Source\PSoC5/I2S_1.c ****         #if (I2S_1_TX_STEREO_3_PRESENT)
 360:.\Generated_Source\PSoC5/I2S_1.c ****             I2S_1_CLEAR_TX_FIFO(CH3);
 361:.\Generated_Source\PSoC5/I2S_1.c ****         #endif /* I2S_1_TX_STEREO_3_PRESENT */
 362:.\Generated_Source\PSoC5/I2S_1.c ****         #if (I2S_1_TX_STEREO_4_PRESENT)
 363:.\Generated_Source\PSoC5/I2S_1.c ****             I2S_1_CLEAR_TX_FIFO(CH4);
 364:.\Generated_Source\PSoC5/I2S_1.c ****         #endif /* I2S_1_TX_STEREO_4_PRESENT */
 365:.\Generated_Source\PSoC5/I2S_1.c ****         CyExitCriticalSection(enableInterrupts);
 366:.\Generated_Source\PSoC5/I2S_1.c ****     }
 257              		.loc 1 366 0
 258 0018 BDE80840 		pop	{r3, lr}
 259              		.cfi_restore 14
ARM GAS  C:\Users\PIET~1.COU\AppData\Local\Temp\ccNby969.s 			page 12


 260              		.cfi_restore 3
 261              		.cfi_def_cfa_offset 0
 365:.\Generated_Source\PSoC5/I2S_1.c ****     }
 262              		.loc 1 365 0
 263 001c FFF7FEBF 		b	CyExitCriticalSection
 264              	.LVL9:
 265              	.L20:
 266              		.align	2
 267              	.L19:
 268 0020 95640040 		.word	1073767573
 269              		.cfi_endproc
 270              	.LFE6:
 271              		.size	I2S_1_ClearTxFIFO, .-I2S_1_ClearTxFIFO
 272              		.section	.text.I2S_1_EnableRx,"ax",%progbits
 273              		.align	1
 274              		.global	I2S_1_EnableRx
 275              		.thumb
 276              		.thumb_func
 277              		.type	I2S_1_EnableRx, %function
 278              	I2S_1_EnableRx:
 279              	.LFB7:
 367:.\Generated_Source\PSoC5/I2S_1.c **** 
 368:.\Generated_Source\PSoC5/I2S_1.c **** #endif /* (I2S_1_TX_DIRECTION_ENABLE) */
 369:.\Generated_Source\PSoC5/I2S_1.c **** 
 370:.\Generated_Source\PSoC5/I2S_1.c **** 
 371:.\Generated_Source\PSoC5/I2S_1.c **** #if(I2S_1_RX_DIRECTION_ENABLE)
 372:.\Generated_Source\PSoC5/I2S_1.c ****     /*******************************************************************************
 373:.\Generated_Source\PSoC5/I2S_1.c ****     * Function Name: I2S_1_EnableRx
 374:.\Generated_Source\PSoC5/I2S_1.c ****     ********************************************************************************
 375:.\Generated_Source\PSoC5/I2S_1.c ****     *
 376:.\Generated_Source\PSoC5/I2S_1.c ****     * Summary:
 377:.\Generated_Source\PSoC5/I2S_1.c ****     *  Enables the Rx direction of the I2S interface.  At the next word
 378:.\Generated_Source\PSoC5/I2S_1.c ****     *  select falling edge reception of data will begin.
 379:.\Generated_Source\PSoC5/I2S_1.c ****     *
 380:.\Generated_Source\PSoC5/I2S_1.c ****     * Parameters:
 381:.\Generated_Source\PSoC5/I2S_1.c ****     *  None.
 382:.\Generated_Source\PSoC5/I2S_1.c ****     *
 383:.\Generated_Source\PSoC5/I2S_1.c ****     * Return:
 384:.\Generated_Source\PSoC5/I2S_1.c ****     *  None.
 385:.\Generated_Source\PSoC5/I2S_1.c ****     *
 386:.\Generated_Source\PSoC5/I2S_1.c ****     *******************************************************************************/
 387:.\Generated_Source\PSoC5/I2S_1.c ****     void I2S_1_EnableRx(void) 
 388:.\Generated_Source\PSoC5/I2S_1.c ****     {
 280              		.loc 1 388 0
 281              		.cfi_startproc
 282              		@ args = 0, pretend = 0, frame = 0
 283              		@ frame_needed = 0, uses_anonymous_args = 0
 284 0000 08B5     		push	{r3, lr}
 285              		.cfi_def_cfa_offset 8
 286              		.cfi_offset 3, -8
 287              		.cfi_offset 14, -4
 389:.\Generated_Source\PSoC5/I2S_1.c ****         uint8 enableInterrupts;
 390:.\Generated_Source\PSoC5/I2S_1.c **** 
 391:.\Generated_Source\PSoC5/I2S_1.c ****         enableInterrupts = CyEnterCriticalSection();
 288              		.loc 1 391 0
 289 0002 FFF7FEFF 		bl	CyEnterCriticalSection
 290              	.LVL10:
ARM GAS  C:\Users\PIET~1.COU\AppData\Local\Temp\ccNby969.s 			page 13


 392:.\Generated_Source\PSoC5/I2S_1.c ****         I2S_1_RX_STS0_1_ACTL_REG |= I2S_1_INT_EN;
 291              		.loc 1 392 0
 292 0006 064A     		ldr	r2, .L22
 293 0008 1378     		ldrb	r3, [r2]	@ zero_extendqisi2
 294 000a 43F01003 		orr	r3, r3, #16
 295 000e 1370     		strb	r3, [r2]
 393:.\Generated_Source\PSoC5/I2S_1.c ****         #ifdef I2S_1_RX_STS2_3_ACTL_REG
 394:.\Generated_Source\PSoC5/I2S_1.c ****             I2S_1_RX_STS2_3_ACTL_REG |= I2S_1_INT_EN;
 395:.\Generated_Source\PSoC5/I2S_1.c ****         #endif /* I2S_1_RX_STS2_3_ACTL_REG */
 396:.\Generated_Source\PSoC5/I2S_1.c ****         #ifdef I2S_1_RX_STS4_ACTL_REG
 397:.\Generated_Source\PSoC5/I2S_1.c ****             I2S_1_RX_STS4_ACTL_REG |= I2S_1_INT_EN;
 398:.\Generated_Source\PSoC5/I2S_1.c ****         #endif /* I2S_1_RX_STS4_ACTL_REG */
 399:.\Generated_Source\PSoC5/I2S_1.c ****         CyExitCriticalSection(enableInterrupts);
 296              		.loc 1 399 0
 297 0010 FFF7FEFF 		bl	CyExitCriticalSection
 298              	.LVL11:
 400:.\Generated_Source\PSoC5/I2S_1.c ****         
 401:.\Generated_Source\PSoC5/I2S_1.c ****         I2S_1_CONTROL_REG |= I2S_1_RX_EN;
 299              		.loc 1 401 0
 300 0014 034A     		ldr	r2, .L22+4
 301 0016 1378     		ldrb	r3, [r2]	@ zero_extendqisi2
 302 0018 43F00203 		orr	r3, r3, #2
 303 001c 1370     		strb	r3, [r2]
 304 001e 08BD     		pop	{r3, pc}
 305              	.L23:
 306              		.align	2
 307              	.L22:
 308 0020 95650040 		.word	1073767829
 309 0024 77640040 		.word	1073767543
 310              		.cfi_endproc
 311              	.LFE7:
 312              		.size	I2S_1_EnableRx, .-I2S_1_EnableRx
 313              		.section	.text.I2S_1_DisableRx,"ax",%progbits
 314              		.align	1
 315              		.global	I2S_1_DisableRx
 316              		.thumb
 317              		.thumb_func
 318              		.type	I2S_1_DisableRx, %function
 319              	I2S_1_DisableRx:
 320              	.LFB8:
 402:.\Generated_Source\PSoC5/I2S_1.c ****     }
 403:.\Generated_Source\PSoC5/I2S_1.c **** 
 404:.\Generated_Source\PSoC5/I2S_1.c **** 
 405:.\Generated_Source\PSoC5/I2S_1.c ****     /*******************************************************************************
 406:.\Generated_Source\PSoC5/I2S_1.c ****     * Function Name: I2S_1_DisableRx
 407:.\Generated_Source\PSoC5/I2S_1.c ****     ********************************************************************************
 408:.\Generated_Source\PSoC5/I2S_1.c ****     *
 409:.\Generated_Source\PSoC5/I2S_1.c ****     * Summary:
 410:.\Generated_Source\PSoC5/I2S_1.c ****     *  Disables the Rx direction of the I2S interface.
 411:.\Generated_Source\PSoC5/I2S_1.c ****     *
 412:.\Generated_Source\PSoC5/I2S_1.c ****     * Parameters:
 413:.\Generated_Source\PSoC5/I2S_1.c ****     *  None.
 414:.\Generated_Source\PSoC5/I2S_1.c ****     *
 415:.\Generated_Source\PSoC5/I2S_1.c ****     * Return:
 416:.\Generated_Source\PSoC5/I2S_1.c ****     *  None.
 417:.\Generated_Source\PSoC5/I2S_1.c ****     *
 418:.\Generated_Source\PSoC5/I2S_1.c ****     *******************************************************************************/
ARM GAS  C:\Users\PIET~1.COU\AppData\Local\Temp\ccNby969.s 			page 14


 419:.\Generated_Source\PSoC5/I2S_1.c ****     void I2S_1_DisableRx(void) 
 420:.\Generated_Source\PSoC5/I2S_1.c ****     {
 321              		.loc 1 420 0
 322              		.cfi_startproc
 323              		@ args = 0, pretend = 0, frame = 0
 324              		@ frame_needed = 0, uses_anonymous_args = 0
 325 0000 08B5     		push	{r3, lr}
 326              		.cfi_def_cfa_offset 8
 327              		.cfi_offset 3, -8
 328              		.cfi_offset 14, -4
 421:.\Generated_Source\PSoC5/I2S_1.c ****         uint8 enableInterrupts;
 422:.\Generated_Source\PSoC5/I2S_1.c **** 
 423:.\Generated_Source\PSoC5/I2S_1.c ****         I2S_1_CONTROL_REG &= (uint8)~I2S_1_RX_EN;
 329              		.loc 1 423 0
 330 0002 084A     		ldr	r2, .L25
 331 0004 1378     		ldrb	r3, [r2]	@ zero_extendqisi2
 332 0006 03F0FD03 		and	r3, r3, #253
 333 000a 1370     		strb	r3, [r2]
 424:.\Generated_Source\PSoC5/I2S_1.c **** 
 425:.\Generated_Source\PSoC5/I2S_1.c ****         enableInterrupts = CyEnterCriticalSection();
 334              		.loc 1 425 0
 335 000c FFF7FEFF 		bl	CyEnterCriticalSection
 336              	.LVL12:
 426:.\Generated_Source\PSoC5/I2S_1.c ****         I2S_1_RX_STS0_1_ACTL_REG &= (uint8)~I2S_1_INT_EN;
 337              		.loc 1 426 0
 338 0010 054A     		ldr	r2, .L25+4
 339 0012 1378     		ldrb	r3, [r2]	@ zero_extendqisi2
 340 0014 03F0EF03 		and	r3, r3, #239
 341 0018 1370     		strb	r3, [r2]
 427:.\Generated_Source\PSoC5/I2S_1.c ****         #ifdef I2S_1_RX_STS2_3_ACTL_REG
 428:.\Generated_Source\PSoC5/I2S_1.c ****             I2S_1_RX_STS2_3_ACTL_REG &= (uint8)~I2S_1_INT_EN;
 429:.\Generated_Source\PSoC5/I2S_1.c ****         #endif /* I2S_1_RX_STS2_3_ACTL_REG */
 430:.\Generated_Source\PSoC5/I2S_1.c ****         #ifdef I2S_1_RX_STS4_ACTL_REG
 431:.\Generated_Source\PSoC5/I2S_1.c ****             I2S_1_RX_STS4_ACTL_REG &= (uint8)~I2S_1_INT_EN;
 432:.\Generated_Source\PSoC5/I2S_1.c ****         #endif /* I2S_1_RX_STS4_ACTL_REG */
 433:.\Generated_Source\PSoC5/I2S_1.c ****         CyExitCriticalSection(enableInterrupts);
 434:.\Generated_Source\PSoC5/I2S_1.c ****     }
 342              		.loc 1 434 0
 343 001a BDE80840 		pop	{r3, lr}
 344              		.cfi_restore 14
 345              		.cfi_restore 3
 346              		.cfi_def_cfa_offset 0
 433:.\Generated_Source\PSoC5/I2S_1.c ****     }
 347              		.loc 1 433 0
 348 001e FFF7FEBF 		b	CyExitCriticalSection
 349              	.LVL13:
 350              	.L26:
 351 0022 00BF     		.align	2
 352              	.L25:
 353 0024 77640040 		.word	1073767543
 354 0028 95650040 		.word	1073767829
 355              		.cfi_endproc
 356              	.LFE8:
 357              		.size	I2S_1_DisableRx, .-I2S_1_DisableRx
 358              		.section	.text.I2S_1_ClearRxFIFO,"ax",%progbits
 359              		.align	1
 360              		.global	I2S_1_ClearRxFIFO
ARM GAS  C:\Users\PIET~1.COU\AppData\Local\Temp\ccNby969.s 			page 15


 361              		.thumb
 362              		.thumb_func
 363              		.type	I2S_1_ClearRxFIFO, %function
 364              	I2S_1_ClearRxFIFO:
 365              	.LFB9:
 435:.\Generated_Source\PSoC5/I2S_1.c **** 
 436:.\Generated_Source\PSoC5/I2S_1.c **** 
 437:.\Generated_Source\PSoC5/I2S_1.c ****     /*******************************************************************************
 438:.\Generated_Source\PSoC5/I2S_1.c ****     * Function Name: I2S_1_ClearRxFIFO
 439:.\Generated_Source\PSoC5/I2S_1.c ****     ********************************************************************************
 440:.\Generated_Source\PSoC5/I2S_1.c ****     *
 441:.\Generated_Source\PSoC5/I2S_1.c ****     * Summary:
 442:.\Generated_Source\PSoC5/I2S_1.c ****     *  Clears out the Rx FIFO.  Any data present in the FIFO will be lost.
 443:.\Generated_Source\PSoC5/I2S_1.c ****     *  This call should be made only when the Rx direction is disabled.
 444:.\Generated_Source\PSoC5/I2S_1.c ****     *
 445:.\Generated_Source\PSoC5/I2S_1.c ****     * Parameters:
 446:.\Generated_Source\PSoC5/I2S_1.c ****     *  None.
 447:.\Generated_Source\PSoC5/I2S_1.c ****     *
 448:.\Generated_Source\PSoC5/I2S_1.c ****     * Return:
 449:.\Generated_Source\PSoC5/I2S_1.c ****     *  None.
 450:.\Generated_Source\PSoC5/I2S_1.c ****     *
 451:.\Generated_Source\PSoC5/I2S_1.c ****     *******************************************************************************/
 452:.\Generated_Source\PSoC5/I2S_1.c ****     void I2S_1_ClearRxFIFO(void) 
 453:.\Generated_Source\PSoC5/I2S_1.c ****     {
 366              		.loc 1 453 0
 367              		.cfi_startproc
 368              		@ args = 0, pretend = 0, frame = 0
 369              		@ frame_needed = 0, uses_anonymous_args = 0
 370 0000 08B5     		push	{r3, lr}
 371              		.cfi_def_cfa_offset 8
 372              		.cfi_offset 3, -8
 373              		.cfi_offset 14, -4
 454:.\Generated_Source\PSoC5/I2S_1.c ****         uint8 enableInterrupts;
 455:.\Generated_Source\PSoC5/I2S_1.c **** 
 456:.\Generated_Source\PSoC5/I2S_1.c ****         enableInterrupts = CyEnterCriticalSection();
 374              		.loc 1 456 0
 375 0002 FFF7FEFF 		bl	CyEnterCriticalSection
 376              	.LVL14:
 457:.\Generated_Source\PSoC5/I2S_1.c ****         I2S_1_CLEAR_RX_FIFO(CH0);
 377              		.loc 1 457 0
 378 0006 064B     		ldr	r3, .L28
 379 0008 1A78     		ldrb	r2, [r3]	@ zero_extendqisi2
 380 000a 42F00302 		orr	r2, r2, #3
 381 000e 1A70     		strb	r2, [r3]
 382 0010 1A78     		ldrb	r2, [r3]	@ zero_extendqisi2
 383 0012 02F0FC02 		and	r2, r2, #252
 384 0016 1A70     		strb	r2, [r3]
 458:.\Generated_Source\PSoC5/I2S_1.c ****         #if (I2S_1_RX_STEREO_1_PRESENT)
 459:.\Generated_Source\PSoC5/I2S_1.c ****             I2S_1_CLEAR_RX_FIFO(CH1);
 460:.\Generated_Source\PSoC5/I2S_1.c ****         #endif /* I2S_1_RX_STEREO_1_PRESENT */
 461:.\Generated_Source\PSoC5/I2S_1.c ****         #if (I2S_1_RX_STEREO_2_PRESENT)
 462:.\Generated_Source\PSoC5/I2S_1.c ****             I2S_1_CLEAR_RX_FIFO(CH2);
 463:.\Generated_Source\PSoC5/I2S_1.c ****         #endif /* I2S_1_RX_STEREO_2_PRESENT */
 464:.\Generated_Source\PSoC5/I2S_1.c ****         #if (I2S_1_RX_STEREO_3_PRESENT)
 465:.\Generated_Source\PSoC5/I2S_1.c ****             I2S_1_CLEAR_RX_FIFO(CH3);
 466:.\Generated_Source\PSoC5/I2S_1.c ****         #endif /* I2S_1_RX_STEREO_3_PRESENT */
 467:.\Generated_Source\PSoC5/I2S_1.c ****         #if (I2S_1_RX_STEREO_4_PRESENT)
ARM GAS  C:\Users\PIET~1.COU\AppData\Local\Temp\ccNby969.s 			page 16


 468:.\Generated_Source\PSoC5/I2S_1.c ****             I2S_1_CLEAR_RX_FIFO(CH4);
 469:.\Generated_Source\PSoC5/I2S_1.c ****         #endif /* I2S_1_RX_STEREO_4_PRESENT */
 470:.\Generated_Source\PSoC5/I2S_1.c ****         CyExitCriticalSection(enableInterrupts);
 471:.\Generated_Source\PSoC5/I2S_1.c ****     }
 385              		.loc 1 471 0
 386 0018 BDE80840 		pop	{r3, lr}
 387              		.cfi_restore 14
 388              		.cfi_restore 3
 389              		.cfi_def_cfa_offset 0
 470:.\Generated_Source\PSoC5/I2S_1.c ****     }
 390              		.loc 1 470 0
 391 001c FFF7FEBF 		b	CyExitCriticalSection
 392              	.LVL15:
 393              	.L29:
 394              		.align	2
 395              	.L28:
 396 0020 95650040 		.word	1073767829
 397              		.cfi_endproc
 398              	.LFE9:
 399              		.size	I2S_1_ClearRxFIFO, .-I2S_1_ClearRxFIFO
 400              		.section	.text.I2S_1_Stop,"ax",%progbits
 401              		.align	1
 402              		.global	I2S_1_Stop
 403              		.thumb
 404              		.thumb_func
 405              		.type	I2S_1_Stop, %function
 406              	I2S_1_Stop:
 407              	.LFB3:
 186:.\Generated_Source\PSoC5/I2S_1.c ****     uint8 enableInterrupts;
 408              		.loc 1 186 0
 409              		.cfi_startproc
 410              		@ args = 0, pretend = 0, frame = 0
 411              		@ frame_needed = 0, uses_anonymous_args = 0
 412 0000 08B5     		push	{r3, lr}
 413              		.cfi_def_cfa_offset 8
 414              		.cfi_offset 3, -8
 415              		.cfi_offset 14, -4
 189:.\Generated_Source\PSoC5/I2S_1.c **** 
 416              		.loc 1 189 0
 417 0002 0D4A     		ldr	r2, .L31
 418 0004 1378     		ldrb	r3, [r2]	@ zero_extendqisi2
 419 0006 03F0FB03 		and	r3, r3, #251
 420 000a 1370     		strb	r3, [r2]
 191:.\Generated_Source\PSoC5/I2S_1.c ****     I2S_1_AUX_CONTROL_REG &= (uint8)~I2S_1_CNT_START;
 421              		.loc 1 191 0
 422 000c FFF7FEFF 		bl	CyEnterCriticalSection
 423              	.LVL16:
 192:.\Generated_Source\PSoC5/I2S_1.c ****     CyExitCriticalSection(enableInterrupts);
 424              		.loc 1 192 0
 425 0010 0A4A     		ldr	r2, .L31+4
 426 0012 1378     		ldrb	r3, [r2]	@ zero_extendqisi2
 427 0014 03F0DF03 		and	r3, r3, #223
 428 0018 1370     		strb	r3, [r2]
 193:.\Generated_Source\PSoC5/I2S_1.c **** 
 429              		.loc 1 193 0
 430 001a FFF7FEFF 		bl	CyExitCriticalSection
 431              	.LVL17:
ARM GAS  C:\Users\PIET~1.COU\AppData\Local\Temp\ccNby969.s 			page 17


 196:.\Generated_Source\PSoC5/I2S_1.c **** 
 432              		.loc 1 196 0
 433 001e 084B     		ldr	r3, .L31+8
 434 0020 0022     		movs	r2, #0
 435 0022 1A70     		strb	r2, [r3]
 199:.\Generated_Source\PSoC5/I2S_1.c ****         I2S_1_ClearTxFIFO();
 436              		.loc 1 199 0
 437 0024 FFF7FEFF 		bl	I2S_1_DisableTx
 438              	.LVL18:
 200:.\Generated_Source\PSoC5/I2S_1.c ****     #endif /* (I2S_1_TX_DIRECTION_ENABLE) */
 439              		.loc 1 200 0
 440 0028 FFF7FEFF 		bl	I2S_1_ClearTxFIFO
 441              	.LVL19:
 204:.\Generated_Source\PSoC5/I2S_1.c ****         I2S_1_ClearRxFIFO();
 442              		.loc 1 204 0
 443 002c FFF7FEFF 		bl	I2S_1_DisableRx
 444              	.LVL20:
 207:.\Generated_Source\PSoC5/I2S_1.c **** 
 445              		.loc 1 207 0
 446 0030 BDE80840 		pop	{r3, lr}
 447              		.cfi_restore 14
 448              		.cfi_restore 3
 449              		.cfi_def_cfa_offset 0
 205:.\Generated_Source\PSoC5/I2S_1.c ****     #endif /* (I2S_1_RX_DIRECTION_ENABLE) */
 450              		.loc 1 205 0
 451 0034 FFF7FEBF 		b	I2S_1_ClearRxFIFO
 452              	.LVL21:
 453              	.L32:
 454              		.align	2
 455              	.L31:
 456 0038 77640040 		.word	1073767543
 457 003c 96640040 		.word	1073767574
 458 0040 76640040 		.word	1073767542
 459              		.cfi_endproc
 460              	.LFE3:
 461              		.size	I2S_1_Stop, .-I2S_1_Stop
 462              		.global	I2S_1_initVar
 463              		.bss
 464              		.set	.LANCHOR0,. + 0
 465              		.type	I2S_1_initVar, %object
 466              		.size	I2S_1_initVar, 1
 467              	I2S_1_initVar:
 468 0000 00       		.space	1
 469              		.text
 470              	.Letext0:
 471              		.file 2 ".\\Generated_Source\\PSoC5\\cytypes.h"
 472              		.file 3 ".\\Generated_Source\\PSoC5\\CyLib.h"
 473              		.section	.debug_info,"",%progbits
 474              	.Ldebug_info0:
 475 0000 3E030000 		.4byte	0x33e
 476 0004 0400     		.2byte	0x4
 477 0006 00000000 		.4byte	.Ldebug_abbrev0
 478 000a 04       		.byte	0x4
 479 000b 01       		.uleb128 0x1
 480 000c B3010000 		.4byte	.LASF29
 481 0010 01       		.byte	0x1
 482 0011 9A000000 		.4byte	.LASF30
ARM GAS  C:\Users\PIET~1.COU\AppData\Local\Temp\ccNby969.s 			page 18


 483 0015 57000000 		.4byte	.LASF31
 484 0019 00000000 		.4byte	.Ldebug_ranges0+0
 485 001d 00000000 		.4byte	0
 486 0021 00000000 		.4byte	.Ldebug_line0
 487 0025 02       		.uleb128 0x2
 488 0026 04       		.byte	0x4
 489 0027 05       		.byte	0x5
 490 0028 696E7400 		.ascii	"int\000"
 491 002c 03       		.uleb128 0x3
 492 002d 04       		.byte	0x4
 493 002e 07       		.byte	0x7
 494 002f 30010000 		.4byte	.LASF0
 495 0033 03       		.uleb128 0x3
 496 0034 01       		.byte	0x1
 497 0035 06       		.byte	0x6
 498 0036 6C020000 		.4byte	.LASF1
 499 003a 03       		.uleb128 0x3
 500 003b 01       		.byte	0x1
 501 003c 08       		.byte	0x8
 502 003d 49000000 		.4byte	.LASF2
 503 0041 03       		.uleb128 0x3
 504 0042 02       		.byte	0x2
 505 0043 05       		.byte	0x5
 506 0044 A9010000 		.4byte	.LASF3
 507 0048 03       		.uleb128 0x3
 508 0049 02       		.byte	0x2
 509 004a 07       		.byte	0x7
 510 004b 19000000 		.4byte	.LASF4
 511 004f 03       		.uleb128 0x3
 512 0050 04       		.byte	0x4
 513 0051 05       		.byte	0x5
 514 0052 53020000 		.4byte	.LASF5
 515 0056 03       		.uleb128 0x3
 516 0057 04       		.byte	0x4
 517 0058 07       		.byte	0x7
 518 0059 88000000 		.4byte	.LASF6
 519 005d 03       		.uleb128 0x3
 520 005e 08       		.byte	0x8
 521 005f 05       		.byte	0x5
 522 0060 87010000 		.4byte	.LASF7
 523 0064 03       		.uleb128 0x3
 524 0065 08       		.byte	0x8
 525 0066 07       		.byte	0x7
 526 0067 32000000 		.4byte	.LASF8
 527 006b 03       		.uleb128 0x3
 528 006c 04       		.byte	0x4
 529 006d 07       		.byte	0x7
 530 006e 6F010000 		.4byte	.LASF9
 531 0072 03       		.uleb128 0x3
 532 0073 01       		.byte	0x1
 533 0074 08       		.byte	0x8
 534 0075 95010000 		.4byte	.LASF10
 535 0079 04       		.uleb128 0x4
 536 007a BB000000 		.4byte	.LASF11
 537 007e 02       		.byte	0x2
 538 007f C2       		.byte	0xc2
 539 0080 3A000000 		.4byte	0x3a
ARM GAS  C:\Users\PIET~1.COU\AppData\Local\Temp\ccNby969.s 			page 19


 540 0084 04       		.uleb128 0x4
 541 0085 05010000 		.4byte	.LASF12
 542 0089 02       		.byte	0x2
 543 008a C5       		.byte	0xc5
 544 008b 33000000 		.4byte	0x33
 545 008f 03       		.uleb128 0x3
 546 0090 04       		.byte	0x4
 547 0091 04       		.byte	0x4
 548 0092 2C000000 		.4byte	.LASF13
 549 0096 03       		.uleb128 0x3
 550 0097 08       		.byte	0x8
 551 0098 04       		.byte	0x4
 552 0099 E6000000 		.4byte	.LASF14
 553 009d 05       		.uleb128 0x5
 554 009e 6A010000 		.4byte	.LASF15
 555 00a2 02       		.byte	0x2
 556 00a3 6C01     		.2byte	0x16c
 557 00a5 A9000000 		.4byte	0xa9
 558 00a9 06       		.uleb128 0x6
 559 00aa 79000000 		.4byte	0x79
 560 00ae 07       		.uleb128 0x7
 561 00af F8000000 		.4byte	.LASF16
 562 00b3 01       		.byte	0x1
 563 00b4 29       		.byte	0x29
 564 00b5 00000000 		.4byte	.LFB0
 565 00b9 28000000 		.4byte	.LFE0-.LFB0
 566 00bd 01       		.uleb128 0x1
 567 00be 9C       		.byte	0x9c
 568 00bf E5000000 		.4byte	0xe5
 569 00c3 08       		.uleb128 0x8
 570 00c4 D5000000 		.4byte	.LASF18
 571 00c8 01       		.byte	0x1
 572 00c9 2B       		.byte	0x2b
 573 00ca 79000000 		.4byte	0x79
 574 00ce 00000000 		.4byte	.LLST0
 575 00d2 09       		.uleb128 0x9
 576 00d3 06000000 		.4byte	.LVL0
 577 00d7 29030000 		.4byte	0x329
 578 00db 09       		.uleb128 0x9
 579 00dc 14000000 		.4byte	.LVL1
 580 00e0 34030000 		.4byte	0x334
 581 00e4 00       		.byte	0
 582 00e5 07       		.uleb128 0x7
 583 00e6 0E000000 		.4byte	.LASF17
 584 00ea 01       		.byte	0x1
 585 00eb 45       		.byte	0x45
 586 00ec 00000000 		.4byte	.LFB1
 587 00f0 38000000 		.4byte	.LFE1-.LFB1
 588 00f4 01       		.uleb128 0x1
 589 00f5 9C       		.byte	0x9c
 590 00f6 15010000 		.4byte	0x115
 591 00fa 0A       		.uleb128 0xa
 592 00fb 0A010000 		.4byte	.LASF19
 593 00ff 01       		.byte	0x1
 594 0100 48       		.byte	0x48
 595 0101 25010000 		.4byte	0x125
 596 0105 01       		.byte	0x1
ARM GAS  C:\Users\PIET~1.COU\AppData\Local\Temp\ccNby969.s 			page 20


 597 0106 78       		.byte	0x78
 598 0107 0A       		.uleb128 0xa
 599 0108 C1000000 		.4byte	.LASF20
 600 010c 01       		.byte	0x1
 601 010d 49       		.byte	0x49
 602 010e 3A010000 		.4byte	0x13a
 603 0112 01       		.byte	0x1
 604 0113 88       		.byte	0x88
 605 0114 00       		.byte	0
 606 0115 0B       		.uleb128 0xb
 607 0116 79000000 		.4byte	0x79
 608 011a 25010000 		.4byte	0x125
 609 011e 0C       		.uleb128 0xc
 610 011f 6B000000 		.4byte	0x6b
 611 0123 00       		.byte	0
 612 0124 00       		.byte	0
 613 0125 0D       		.uleb128 0xd
 614 0126 15010000 		.4byte	0x115
 615 012a 0B       		.uleb128 0xb
 616 012b 84000000 		.4byte	0x84
 617 012f 3A010000 		.4byte	0x13a
 618 0133 0C       		.uleb128 0xc
 619 0134 6B000000 		.4byte	0x6b
 620 0138 00       		.byte	0
 621 0139 00       		.byte	0
 622 013a 0D       		.uleb128 0xd
 623 013b 2A010000 		.4byte	0x12a
 624 013f 07       		.uleb128 0x7
 625 0140 88020000 		.4byte	.LASF21
 626 0144 01       		.byte	0x1
 627 0145 9E       		.byte	0x9e
 628 0146 00000000 		.4byte	.LFB2
 629 014a 1C000000 		.4byte	.LFE2-.LFB2
 630 014e 01       		.uleb128 0x1
 631 014f 9C       		.byte	0x9c
 632 0150 67010000 		.4byte	0x167
 633 0154 09       		.uleb128 0x9
 634 0155 0C000000 		.4byte	.LVL2
 635 0159 E5000000 		.4byte	0xe5
 636 015d 0E       		.uleb128 0xe
 637 015e 18000000 		.4byte	.LVL3
 638 0162 AE000000 		.4byte	0xae
 639 0166 00       		.byte	0
 640 0167 0F       		.uleb128 0xf
 641 0168 9A010000 		.4byte	.LASF22
 642 016c 01       		.byte	0x1
 643 016d 1801     		.2byte	0x118
 644 016f 00000000 		.4byte	.LFB4
 645 0173 28000000 		.4byte	.LFE4-.LFB4
 646 0177 01       		.uleb128 0x1
 647 0178 9C       		.byte	0x9c
 648 0179 A0010000 		.4byte	0x1a0
 649 017d 10       		.uleb128 0x10
 650 017e D5000000 		.4byte	.LASF18
 651 0182 01       		.byte	0x1
 652 0183 1A01     		.2byte	0x11a
 653 0185 79000000 		.4byte	0x79
ARM GAS  C:\Users\PIET~1.COU\AppData\Local\Temp\ccNby969.s 			page 21


 654 0189 13000000 		.4byte	.LLST1
 655 018d 09       		.uleb128 0x9
 656 018e 06000000 		.4byte	.LVL4
 657 0192 29030000 		.4byte	0x329
 658 0196 09       		.uleb128 0x9
 659 0197 14000000 		.4byte	.LVL5
 660 019b 34030000 		.4byte	0x334
 661 019f 00       		.byte	0
 662 01a0 0F       		.uleb128 0xf
 663 01a1 78020000 		.4byte	.LASF23
 664 01a5 01       		.byte	0x1
 665 01a6 3A01     		.2byte	0x13a
 666 01a8 00000000 		.4byte	.LFB5
 667 01ac 2C000000 		.4byte	.LFE5-.LFB5
 668 01b0 01       		.uleb128 0x1
 669 01b1 9C       		.byte	0x9c
 670 01b2 D9010000 		.4byte	0x1d9
 671 01b6 10       		.uleb128 0x10
 672 01b7 D5000000 		.4byte	.LASF18
 673 01bb 01       		.byte	0x1
 674 01bc 3C01     		.2byte	0x13c
 675 01be 79000000 		.4byte	0x79
 676 01c2 26000000 		.4byte	.LLST2
 677 01c6 09       		.uleb128 0x9
 678 01c7 10000000 		.4byte	.LVL6
 679 01cb 29030000 		.4byte	0x329
 680 01cf 0E       		.uleb128 0xe
 681 01d0 22000000 		.4byte	.LVL7
 682 01d4 34030000 		.4byte	0x334
 683 01d8 00       		.byte	0
 684 01d9 0F       		.uleb128 0xf
 685 01da 1E010000 		.4byte	.LASF24
 686 01de 01       		.byte	0x1
 687 01df 5B01     		.2byte	0x15b
 688 01e1 00000000 		.4byte	.LFB6
 689 01e5 24000000 		.4byte	.LFE6-.LFB6
 690 01e9 01       		.uleb128 0x1
 691 01ea 9C       		.byte	0x9c
 692 01eb 12020000 		.4byte	0x212
 693 01ef 10       		.uleb128 0x10
 694 01f0 D5000000 		.4byte	.LASF18
 695 01f4 01       		.byte	0x1
 696 01f5 5D01     		.2byte	0x15d
 697 01f7 79000000 		.4byte	0x79
 698 01fb 39000000 		.4byte	.LLST3
 699 01ff 09       		.uleb128 0x9
 700 0200 06000000 		.4byte	.LVL8
 701 0204 29030000 		.4byte	0x329
 702 0208 0E       		.uleb128 0xe
 703 0209 20000000 		.4byte	.LVL9
 704 020d 34030000 		.4byte	0x334
 705 0211 00       		.byte	0
 706 0212 0F       		.uleb128 0xf
 707 0213 78010000 		.4byte	.LASF25
 708 0217 01       		.byte	0x1
 709 0218 8301     		.2byte	0x183
 710 021a 00000000 		.4byte	.LFB7
ARM GAS  C:\Users\PIET~1.COU\AppData\Local\Temp\ccNby969.s 			page 22


 711 021e 28000000 		.4byte	.LFE7-.LFB7
 712 0222 01       		.uleb128 0x1
 713 0223 9C       		.byte	0x9c
 714 0224 4B020000 		.4byte	0x24b
 715 0228 10       		.uleb128 0x10
 716 0229 D5000000 		.4byte	.LASF18
 717 022d 01       		.byte	0x1
 718 022e 8501     		.2byte	0x185
 719 0230 79000000 		.4byte	0x79
 720 0234 4C000000 		.4byte	.LLST4
 721 0238 09       		.uleb128 0x9
 722 0239 06000000 		.4byte	.LVL10
 723 023d 29030000 		.4byte	0x329
 724 0241 09       		.uleb128 0x9
 725 0242 14000000 		.4byte	.LVL11
 726 0246 34030000 		.4byte	0x334
 727 024a 00       		.byte	0
 728 024b 0F       		.uleb128 0xf
 729 024c 5C020000 		.4byte	.LASF26
 730 0250 01       		.byte	0x1
 731 0251 A301     		.2byte	0x1a3
 732 0253 00000000 		.4byte	.LFB8
 733 0257 2C000000 		.4byte	.LFE8-.LFB8
 734 025b 01       		.uleb128 0x1
 735 025c 9C       		.byte	0x9c
 736 025d 84020000 		.4byte	0x284
 737 0261 10       		.uleb128 0x10
 738 0262 D5000000 		.4byte	.LASF18
 739 0266 01       		.byte	0x1
 740 0267 A501     		.2byte	0x1a5
 741 0269 79000000 		.4byte	0x79
 742 026d 5F000000 		.4byte	.LLST5
 743 0271 09       		.uleb128 0x9
 744 0272 10000000 		.4byte	.LVL12
 745 0276 29030000 		.4byte	0x329
 746 027a 0E       		.uleb128 0xe
 747 027b 22000000 		.4byte	.LVL13
 748 027f 34030000 		.4byte	0x334
 749 0283 00       		.byte	0
 750 0284 0F       		.uleb128 0xf
 751 0285 41020000 		.4byte	.LASF27
 752 0289 01       		.byte	0x1
 753 028a C401     		.2byte	0x1c4
 754 028c 00000000 		.4byte	.LFB9
 755 0290 24000000 		.4byte	.LFE9-.LFB9
 756 0294 01       		.uleb128 0x1
 757 0295 9C       		.byte	0x9c
 758 0296 BD020000 		.4byte	0x2bd
 759 029a 10       		.uleb128 0x10
 760 029b D5000000 		.4byte	.LASF18
 761 029f 01       		.byte	0x1
 762 02a0 C601     		.2byte	0x1c6
 763 02a2 79000000 		.4byte	0x79
 764 02a6 72000000 		.4byte	.LLST6
 765 02aa 09       		.uleb128 0x9
 766 02ab 06000000 		.4byte	.LVL14
 767 02af 29030000 		.4byte	0x329
ARM GAS  C:\Users\PIET~1.COU\AppData\Local\Temp\ccNby969.s 			page 23


 768 02b3 0E       		.uleb128 0xe
 769 02b4 20000000 		.4byte	.LVL15
 770 02b8 34030000 		.4byte	0x334
 771 02bc 00       		.byte	0
 772 02bd 07       		.uleb128 0x7
 773 02be ED000000 		.4byte	.LASF28
 774 02c2 01       		.byte	0x1
 775 02c3 B9       		.byte	0xb9
 776 02c4 00000000 		.4byte	.LFB3
 777 02c8 44000000 		.4byte	.LFE3-.LFB3
 778 02cc 01       		.uleb128 0x1
 779 02cd 9C       		.byte	0x9c
 780 02ce 18030000 		.4byte	0x318
 781 02d2 08       		.uleb128 0x8
 782 02d3 D5000000 		.4byte	.LASF18
 783 02d7 01       		.byte	0x1
 784 02d8 BB       		.byte	0xbb
 785 02d9 79000000 		.4byte	0x79
 786 02dd 85000000 		.4byte	.LLST7
 787 02e1 09       		.uleb128 0x9
 788 02e2 10000000 		.4byte	.LVL16
 789 02e6 29030000 		.4byte	0x329
 790 02ea 09       		.uleb128 0x9
 791 02eb 1E000000 		.4byte	.LVL17
 792 02ef 34030000 		.4byte	0x334
 793 02f3 09       		.uleb128 0x9
 794 02f4 28000000 		.4byte	.LVL18
 795 02f8 A0010000 		.4byte	0x1a0
 796 02fc 09       		.uleb128 0x9
 797 02fd 2C000000 		.4byte	.LVL19
 798 0301 D9010000 		.4byte	0x1d9
 799 0305 09       		.uleb128 0x9
 800 0306 30000000 		.4byte	.LVL20
 801 030a 4B020000 		.4byte	0x24b
 802 030e 0E       		.uleb128 0xe
 803 030f 38000000 		.4byte	.LVL21
 804 0313 84020000 		.4byte	0x284
 805 0317 00       		.byte	0
 806 0318 11       		.uleb128 0x11
 807 0319 00000000 		.4byte	.LASF32
 808 031d 01       		.byte	0x1
 809 031e 15       		.byte	0x15
 810 031f 79000000 		.4byte	0x79
 811 0323 05       		.uleb128 0x5
 812 0324 03       		.byte	0x3
 813 0325 00000000 		.4byte	I2S_1_initVar
 814 0329 12       		.uleb128 0x12
 815 032a 53010000 		.4byte	.LASF33
 816 032e 03       		.byte	0x3
 817 032f 7E       		.byte	0x7e
 818 0330 79000000 		.4byte	0x79
 819 0334 13       		.uleb128 0x13
 820 0335 3D010000 		.4byte	.LASF34
 821 0339 03       		.byte	0x3
 822 033a 7F       		.byte	0x7f
 823 033b 14       		.uleb128 0x14
 824 033c 79000000 		.4byte	0x79
ARM GAS  C:\Users\PIET~1.COU\AppData\Local\Temp\ccNby969.s 			page 24


 825 0340 00       		.byte	0
 826 0341 00       		.byte	0
 827              		.section	.debug_abbrev,"",%progbits
 828              	.Ldebug_abbrev0:
 829 0000 01       		.uleb128 0x1
 830 0001 11       		.uleb128 0x11
 831 0002 01       		.byte	0x1
 832 0003 25       		.uleb128 0x25
 833 0004 0E       		.uleb128 0xe
 834 0005 13       		.uleb128 0x13
 835 0006 0B       		.uleb128 0xb
 836 0007 03       		.uleb128 0x3
 837 0008 0E       		.uleb128 0xe
 838 0009 1B       		.uleb128 0x1b
 839 000a 0E       		.uleb128 0xe
 840 000b 55       		.uleb128 0x55
 841 000c 17       		.uleb128 0x17
 842 000d 11       		.uleb128 0x11
 843 000e 01       		.uleb128 0x1
 844 000f 10       		.uleb128 0x10
 845 0010 17       		.uleb128 0x17
 846 0011 00       		.byte	0
 847 0012 00       		.byte	0
 848 0013 02       		.uleb128 0x2
 849 0014 24       		.uleb128 0x24
 850 0015 00       		.byte	0
 851 0016 0B       		.uleb128 0xb
 852 0017 0B       		.uleb128 0xb
 853 0018 3E       		.uleb128 0x3e
 854 0019 0B       		.uleb128 0xb
 855 001a 03       		.uleb128 0x3
 856 001b 08       		.uleb128 0x8
 857 001c 00       		.byte	0
 858 001d 00       		.byte	0
 859 001e 03       		.uleb128 0x3
 860 001f 24       		.uleb128 0x24
 861 0020 00       		.byte	0
 862 0021 0B       		.uleb128 0xb
 863 0022 0B       		.uleb128 0xb
 864 0023 3E       		.uleb128 0x3e
 865 0024 0B       		.uleb128 0xb
 866 0025 03       		.uleb128 0x3
 867 0026 0E       		.uleb128 0xe
 868 0027 00       		.byte	0
 869 0028 00       		.byte	0
 870 0029 04       		.uleb128 0x4
 871 002a 16       		.uleb128 0x16
 872 002b 00       		.byte	0
 873 002c 03       		.uleb128 0x3
 874 002d 0E       		.uleb128 0xe
 875 002e 3A       		.uleb128 0x3a
 876 002f 0B       		.uleb128 0xb
 877 0030 3B       		.uleb128 0x3b
 878 0031 0B       		.uleb128 0xb
 879 0032 49       		.uleb128 0x49
 880 0033 13       		.uleb128 0x13
 881 0034 00       		.byte	0
ARM GAS  C:\Users\PIET~1.COU\AppData\Local\Temp\ccNby969.s 			page 25


 882 0035 00       		.byte	0
 883 0036 05       		.uleb128 0x5
 884 0037 16       		.uleb128 0x16
 885 0038 00       		.byte	0
 886 0039 03       		.uleb128 0x3
 887 003a 0E       		.uleb128 0xe
 888 003b 3A       		.uleb128 0x3a
 889 003c 0B       		.uleb128 0xb
 890 003d 3B       		.uleb128 0x3b
 891 003e 05       		.uleb128 0x5
 892 003f 49       		.uleb128 0x49
 893 0040 13       		.uleb128 0x13
 894 0041 00       		.byte	0
 895 0042 00       		.byte	0
 896 0043 06       		.uleb128 0x6
 897 0044 35       		.uleb128 0x35
 898 0045 00       		.byte	0
 899 0046 49       		.uleb128 0x49
 900 0047 13       		.uleb128 0x13
 901 0048 00       		.byte	0
 902 0049 00       		.byte	0
 903 004a 07       		.uleb128 0x7
 904 004b 2E       		.uleb128 0x2e
 905 004c 01       		.byte	0x1
 906 004d 3F       		.uleb128 0x3f
 907 004e 19       		.uleb128 0x19
 908 004f 03       		.uleb128 0x3
 909 0050 0E       		.uleb128 0xe
 910 0051 3A       		.uleb128 0x3a
 911 0052 0B       		.uleb128 0xb
 912 0053 3B       		.uleb128 0x3b
 913 0054 0B       		.uleb128 0xb
 914 0055 27       		.uleb128 0x27
 915 0056 19       		.uleb128 0x19
 916 0057 11       		.uleb128 0x11
 917 0058 01       		.uleb128 0x1
 918 0059 12       		.uleb128 0x12
 919 005a 06       		.uleb128 0x6
 920 005b 40       		.uleb128 0x40
 921 005c 18       		.uleb128 0x18
 922 005d 9742     		.uleb128 0x2117
 923 005f 19       		.uleb128 0x19
 924 0060 01       		.uleb128 0x1
 925 0061 13       		.uleb128 0x13
 926 0062 00       		.byte	0
 927 0063 00       		.byte	0
 928 0064 08       		.uleb128 0x8
 929 0065 34       		.uleb128 0x34
 930 0066 00       		.byte	0
 931 0067 03       		.uleb128 0x3
 932 0068 0E       		.uleb128 0xe
 933 0069 3A       		.uleb128 0x3a
 934 006a 0B       		.uleb128 0xb
 935 006b 3B       		.uleb128 0x3b
 936 006c 0B       		.uleb128 0xb
 937 006d 49       		.uleb128 0x49
 938 006e 13       		.uleb128 0x13
ARM GAS  C:\Users\PIET~1.COU\AppData\Local\Temp\ccNby969.s 			page 26


 939 006f 02       		.uleb128 0x2
 940 0070 17       		.uleb128 0x17
 941 0071 00       		.byte	0
 942 0072 00       		.byte	0
 943 0073 09       		.uleb128 0x9
 944 0074 898201   		.uleb128 0x4109
 945 0077 00       		.byte	0
 946 0078 11       		.uleb128 0x11
 947 0079 01       		.uleb128 0x1
 948 007a 31       		.uleb128 0x31
 949 007b 13       		.uleb128 0x13
 950 007c 00       		.byte	0
 951 007d 00       		.byte	0
 952 007e 0A       		.uleb128 0xa
 953 007f 34       		.uleb128 0x34
 954 0080 00       		.byte	0
 955 0081 03       		.uleb128 0x3
 956 0082 0E       		.uleb128 0xe
 957 0083 3A       		.uleb128 0x3a
 958 0084 0B       		.uleb128 0xb
 959 0085 3B       		.uleb128 0x3b
 960 0086 0B       		.uleb128 0xb
 961 0087 49       		.uleb128 0x49
 962 0088 13       		.uleb128 0x13
 963 0089 1C       		.uleb128 0x1c
 964 008a 0A       		.uleb128 0xa
 965 008b 00       		.byte	0
 966 008c 00       		.byte	0
 967 008d 0B       		.uleb128 0xb
 968 008e 01       		.uleb128 0x1
 969 008f 01       		.byte	0x1
 970 0090 49       		.uleb128 0x49
 971 0091 13       		.uleb128 0x13
 972 0092 01       		.uleb128 0x1
 973 0093 13       		.uleb128 0x13
 974 0094 00       		.byte	0
 975 0095 00       		.byte	0
 976 0096 0C       		.uleb128 0xc
 977 0097 21       		.uleb128 0x21
 978 0098 00       		.byte	0
 979 0099 49       		.uleb128 0x49
 980 009a 13       		.uleb128 0x13
 981 009b 2F       		.uleb128 0x2f
 982 009c 0B       		.uleb128 0xb
 983 009d 00       		.byte	0
 984 009e 00       		.byte	0
 985 009f 0D       		.uleb128 0xd
 986 00a0 26       		.uleb128 0x26
 987 00a1 00       		.byte	0
 988 00a2 49       		.uleb128 0x49
 989 00a3 13       		.uleb128 0x13
 990 00a4 00       		.byte	0
 991 00a5 00       		.byte	0
 992 00a6 0E       		.uleb128 0xe
 993 00a7 898201   		.uleb128 0x4109
 994 00aa 00       		.byte	0
 995 00ab 11       		.uleb128 0x11
ARM GAS  C:\Users\PIET~1.COU\AppData\Local\Temp\ccNby969.s 			page 27


 996 00ac 01       		.uleb128 0x1
 997 00ad 9542     		.uleb128 0x2115
 998 00af 19       		.uleb128 0x19
 999 00b0 31       		.uleb128 0x31
 1000 00b1 13       		.uleb128 0x13
 1001 00b2 00       		.byte	0
 1002 00b3 00       		.byte	0
 1003 00b4 0F       		.uleb128 0xf
 1004 00b5 2E       		.uleb128 0x2e
 1005 00b6 01       		.byte	0x1
 1006 00b7 3F       		.uleb128 0x3f
 1007 00b8 19       		.uleb128 0x19
 1008 00b9 03       		.uleb128 0x3
 1009 00ba 0E       		.uleb128 0xe
 1010 00bb 3A       		.uleb128 0x3a
 1011 00bc 0B       		.uleb128 0xb
 1012 00bd 3B       		.uleb128 0x3b
 1013 00be 05       		.uleb128 0x5
 1014 00bf 27       		.uleb128 0x27
 1015 00c0 19       		.uleb128 0x19
 1016 00c1 11       		.uleb128 0x11
 1017 00c2 01       		.uleb128 0x1
 1018 00c3 12       		.uleb128 0x12
 1019 00c4 06       		.uleb128 0x6
 1020 00c5 40       		.uleb128 0x40
 1021 00c6 18       		.uleb128 0x18
 1022 00c7 9742     		.uleb128 0x2117
 1023 00c9 19       		.uleb128 0x19
 1024 00ca 01       		.uleb128 0x1
 1025 00cb 13       		.uleb128 0x13
 1026 00cc 00       		.byte	0
 1027 00cd 00       		.byte	0
 1028 00ce 10       		.uleb128 0x10
 1029 00cf 34       		.uleb128 0x34
 1030 00d0 00       		.byte	0
 1031 00d1 03       		.uleb128 0x3
 1032 00d2 0E       		.uleb128 0xe
 1033 00d3 3A       		.uleb128 0x3a
 1034 00d4 0B       		.uleb128 0xb
 1035 00d5 3B       		.uleb128 0x3b
 1036 00d6 05       		.uleb128 0x5
 1037 00d7 49       		.uleb128 0x49
 1038 00d8 13       		.uleb128 0x13
 1039 00d9 02       		.uleb128 0x2
 1040 00da 17       		.uleb128 0x17
 1041 00db 00       		.byte	0
 1042 00dc 00       		.byte	0
 1043 00dd 11       		.uleb128 0x11
 1044 00de 34       		.uleb128 0x34
 1045 00df 00       		.byte	0
 1046 00e0 03       		.uleb128 0x3
 1047 00e1 0E       		.uleb128 0xe
 1048 00e2 3A       		.uleb128 0x3a
 1049 00e3 0B       		.uleb128 0xb
 1050 00e4 3B       		.uleb128 0x3b
 1051 00e5 0B       		.uleb128 0xb
 1052 00e6 49       		.uleb128 0x49
ARM GAS  C:\Users\PIET~1.COU\AppData\Local\Temp\ccNby969.s 			page 28


 1053 00e7 13       		.uleb128 0x13
 1054 00e8 3F       		.uleb128 0x3f
 1055 00e9 19       		.uleb128 0x19
 1056 00ea 02       		.uleb128 0x2
 1057 00eb 18       		.uleb128 0x18
 1058 00ec 00       		.byte	0
 1059 00ed 00       		.byte	0
 1060 00ee 12       		.uleb128 0x12
 1061 00ef 2E       		.uleb128 0x2e
 1062 00f0 00       		.byte	0
 1063 00f1 3F       		.uleb128 0x3f
 1064 00f2 19       		.uleb128 0x19
 1065 00f3 03       		.uleb128 0x3
 1066 00f4 0E       		.uleb128 0xe
 1067 00f5 3A       		.uleb128 0x3a
 1068 00f6 0B       		.uleb128 0xb
 1069 00f7 3B       		.uleb128 0x3b
 1070 00f8 0B       		.uleb128 0xb
 1071 00f9 27       		.uleb128 0x27
 1072 00fa 19       		.uleb128 0x19
 1073 00fb 49       		.uleb128 0x49
 1074 00fc 13       		.uleb128 0x13
 1075 00fd 3C       		.uleb128 0x3c
 1076 00fe 19       		.uleb128 0x19
 1077 00ff 00       		.byte	0
 1078 0100 00       		.byte	0
 1079 0101 13       		.uleb128 0x13
 1080 0102 2E       		.uleb128 0x2e
 1081 0103 01       		.byte	0x1
 1082 0104 3F       		.uleb128 0x3f
 1083 0105 19       		.uleb128 0x19
 1084 0106 03       		.uleb128 0x3
 1085 0107 0E       		.uleb128 0xe
 1086 0108 3A       		.uleb128 0x3a
 1087 0109 0B       		.uleb128 0xb
 1088 010a 3B       		.uleb128 0x3b
 1089 010b 0B       		.uleb128 0xb
 1090 010c 27       		.uleb128 0x27
 1091 010d 19       		.uleb128 0x19
 1092 010e 3C       		.uleb128 0x3c
 1093 010f 19       		.uleb128 0x19
 1094 0110 00       		.byte	0
 1095 0111 00       		.byte	0
 1096 0112 14       		.uleb128 0x14
 1097 0113 05       		.uleb128 0x5
 1098 0114 00       		.byte	0
 1099 0115 49       		.uleb128 0x49
 1100 0116 13       		.uleb128 0x13
 1101 0117 00       		.byte	0
 1102 0118 00       		.byte	0
 1103 0119 00       		.byte	0
 1104              		.section	.debug_loc,"",%progbits
 1105              	.Ldebug_loc0:
 1106              	.LLST0:
 1107 0000 06000000 		.4byte	.LVL0
 1108 0004 13000000 		.4byte	.LVL1-1
 1109 0008 0100     		.2byte	0x1
ARM GAS  C:\Users\PIET~1.COU\AppData\Local\Temp\ccNby969.s 			page 29


 1110 000a 50       		.byte	0x50
 1111 000b 00000000 		.4byte	0
 1112 000f 00000000 		.4byte	0
 1113              	.LLST1:
 1114 0013 06000000 		.4byte	.LVL4
 1115 0017 13000000 		.4byte	.LVL5-1
 1116 001b 0100     		.2byte	0x1
 1117 001d 50       		.byte	0x50
 1118 001e 00000000 		.4byte	0
 1119 0022 00000000 		.4byte	0
 1120              	.LLST2:
 1121 0026 10000000 		.4byte	.LVL6
 1122 002a 21000000 		.4byte	.LVL7-1
 1123 002e 0100     		.2byte	0x1
 1124 0030 50       		.byte	0x50
 1125 0031 00000000 		.4byte	0
 1126 0035 00000000 		.4byte	0
 1127              	.LLST3:
 1128 0039 06000000 		.4byte	.LVL8
 1129 003d 1F000000 		.4byte	.LVL9-1
 1130 0041 0100     		.2byte	0x1
 1131 0043 50       		.byte	0x50
 1132 0044 00000000 		.4byte	0
 1133 0048 00000000 		.4byte	0
 1134              	.LLST4:
 1135 004c 06000000 		.4byte	.LVL10
 1136 0050 13000000 		.4byte	.LVL11-1
 1137 0054 0100     		.2byte	0x1
 1138 0056 50       		.byte	0x50
 1139 0057 00000000 		.4byte	0
 1140 005b 00000000 		.4byte	0
 1141              	.LLST5:
 1142 005f 10000000 		.4byte	.LVL12
 1143 0063 21000000 		.4byte	.LVL13-1
 1144 0067 0100     		.2byte	0x1
 1145 0069 50       		.byte	0x50
 1146 006a 00000000 		.4byte	0
 1147 006e 00000000 		.4byte	0
 1148              	.LLST6:
 1149 0072 06000000 		.4byte	.LVL14
 1150 0076 1F000000 		.4byte	.LVL15-1
 1151 007a 0100     		.2byte	0x1
 1152 007c 50       		.byte	0x50
 1153 007d 00000000 		.4byte	0
 1154 0081 00000000 		.4byte	0
 1155              	.LLST7:
 1156 0085 10000000 		.4byte	.LVL16
 1157 0089 1D000000 		.4byte	.LVL17-1
 1158 008d 0100     		.2byte	0x1
 1159 008f 50       		.byte	0x50
 1160 0090 00000000 		.4byte	0
 1161 0094 00000000 		.4byte	0
 1162              		.section	.debug_aranges,"",%progbits
 1163 0000 64000000 		.4byte	0x64
 1164 0004 0200     		.2byte	0x2
 1165 0006 00000000 		.4byte	.Ldebug_info0
 1166 000a 04       		.byte	0x4
ARM GAS  C:\Users\PIET~1.COU\AppData\Local\Temp\ccNby969.s 			page 30


 1167 000b 00       		.byte	0
 1168 000c 0000     		.2byte	0
 1169 000e 0000     		.2byte	0
 1170 0010 00000000 		.4byte	.LFB0
 1171 0014 28000000 		.4byte	.LFE0-.LFB0
 1172 0018 00000000 		.4byte	.LFB1
 1173 001c 38000000 		.4byte	.LFE1-.LFB1
 1174 0020 00000000 		.4byte	.LFB2
 1175 0024 1C000000 		.4byte	.LFE2-.LFB2
 1176 0028 00000000 		.4byte	.LFB4
 1177 002c 28000000 		.4byte	.LFE4-.LFB4
 1178 0030 00000000 		.4byte	.LFB5
 1179 0034 2C000000 		.4byte	.LFE5-.LFB5
 1180 0038 00000000 		.4byte	.LFB6
 1181 003c 24000000 		.4byte	.LFE6-.LFB6
 1182 0040 00000000 		.4byte	.LFB7
 1183 0044 28000000 		.4byte	.LFE7-.LFB7
 1184 0048 00000000 		.4byte	.LFB8
 1185 004c 2C000000 		.4byte	.LFE8-.LFB8
 1186 0050 00000000 		.4byte	.LFB9
 1187 0054 24000000 		.4byte	.LFE9-.LFB9
 1188 0058 00000000 		.4byte	.LFB3
 1189 005c 44000000 		.4byte	.LFE3-.LFB3
 1190 0060 00000000 		.4byte	0
 1191 0064 00000000 		.4byte	0
 1192              		.section	.debug_ranges,"",%progbits
 1193              	.Ldebug_ranges0:
 1194 0000 00000000 		.4byte	.LFB0
 1195 0004 28000000 		.4byte	.LFE0
 1196 0008 00000000 		.4byte	.LFB1
 1197 000c 38000000 		.4byte	.LFE1
 1198 0010 00000000 		.4byte	.LFB2
 1199 0014 1C000000 		.4byte	.LFE2
 1200 0018 00000000 		.4byte	.LFB4
 1201 001c 28000000 		.4byte	.LFE4
 1202 0020 00000000 		.4byte	.LFB5
 1203 0024 2C000000 		.4byte	.LFE5
 1204 0028 00000000 		.4byte	.LFB6
 1205 002c 24000000 		.4byte	.LFE6
 1206 0030 00000000 		.4byte	.LFB7
 1207 0034 28000000 		.4byte	.LFE7
 1208 0038 00000000 		.4byte	.LFB8
 1209 003c 2C000000 		.4byte	.LFE8
 1210 0040 00000000 		.4byte	.LFB9
 1211 0044 24000000 		.4byte	.LFE9
 1212 0048 00000000 		.4byte	.LFB3
 1213 004c 44000000 		.4byte	.LFE3
 1214 0050 00000000 		.4byte	0
 1215 0054 00000000 		.4byte	0
 1216              		.section	.debug_line,"",%progbits
 1217              	.Ldebug_line0:
 1218 0000 2D010000 		.section	.debug_str,"MS",%progbits,1
 1218      02004F00 
 1218      00000201 
 1218      FB0E0D00 
 1218      01010101 
 1219              	.LASF32:
ARM GAS  C:\Users\PIET~1.COU\AppData\Local\Temp\ccNby969.s 			page 31


 1220 0000 4932535F 		.ascii	"I2S_1_initVar\000"
 1220      315F696E 
 1220      69745661 
 1220      7200
 1221              	.LASF17:
 1222 000e 4932535F 		.ascii	"I2S_1_Init\000"
 1222      315F496E 
 1222      697400
 1223              	.LASF4:
 1224 0019 73686F72 		.ascii	"short unsigned int\000"
 1224      7420756E 
 1224      7369676E 
 1224      65642069 
 1224      6E7400
 1225              	.LASF13:
 1226 002c 666C6F61 		.ascii	"float\000"
 1226      7400
 1227              	.LASF8:
 1228 0032 6C6F6E67 		.ascii	"long long unsigned int\000"
 1228      206C6F6E 
 1228      6720756E 
 1228      7369676E 
 1228      65642069 
 1229              	.LASF2:
 1230 0049 756E7369 		.ascii	"unsigned char\000"
 1230      676E6564 
 1230      20636861 
 1230      7200
 1231              	.LASF31:
 1232 0057 473A5C50 		.ascii	"G:\\PSoC_5LP\\I2S_DMA_example\\InterIcSound01.cydsn"
 1232      536F435F 
 1232      354C505C 
 1232      4932535F 
 1232      444D415F 
 1233 0087 00       		.ascii	"\000"
 1234              	.LASF6:
 1235 0088 6C6F6E67 		.ascii	"long unsigned int\000"
 1235      20756E73 
 1235      69676E65 
 1235      6420696E 
 1235      7400
 1236              	.LASF30:
 1237 009a 2E5C4765 		.ascii	".\\Generated_Source\\PSoC5\\I2S_1.c\000"
 1237      6E657261 
 1237      7465645F 
 1237      536F7572 
 1237      63655C50 
 1238              	.LASF11:
 1239 00bb 75696E74 		.ascii	"uint8\000"
 1239      3800
 1240              	.LASF20:
 1241 00c1 4932535F 		.ascii	"I2S_1_negThresholds\000"
 1241      315F6E65 
 1241      67546872 
 1241      6573686F 
 1241      6C647300 
 1242              	.LASF18:
ARM GAS  C:\Users\PIET~1.COU\AppData\Local\Temp\ccNby969.s 			page 32


 1243 00d5 656E6162 		.ascii	"enableInterrupts\000"
 1243      6C65496E 
 1243      74657272 
 1243      75707473 
 1243      00
 1244              	.LASF14:
 1245 00e6 646F7562 		.ascii	"double\000"
 1245      6C6500
 1246              	.LASF28:
 1247 00ed 4932535F 		.ascii	"I2S_1_Stop\000"
 1247      315F5374 
 1247      6F7000
 1248              	.LASF16:
 1249 00f8 4932535F 		.ascii	"I2S_1_Enable\000"
 1249      315F456E 
 1249      61626C65 
 1249      00
 1250              	.LASF12:
 1251 0105 696E7438 		.ascii	"int8\000"
 1251      00
 1252              	.LASF19:
 1253 010a 4932535F 		.ascii	"I2S_1_posThresholds\000"
 1253      315F706F 
 1253      73546872 
 1253      6573686F 
 1253      6C647300 
 1254              	.LASF24:
 1255 011e 4932535F 		.ascii	"I2S_1_ClearTxFIFO\000"
 1255      315F436C 
 1255      65617254 
 1255      78464946 
 1255      4F00
 1256              	.LASF0:
 1257 0130 756E7369 		.ascii	"unsigned int\000"
 1257      676E6564 
 1257      20696E74 
 1257      00
 1258              	.LASF34:
 1259 013d 43794578 		.ascii	"CyExitCriticalSection\000"
 1259      69744372 
 1259      69746963 
 1259      616C5365 
 1259      6374696F 
 1260              	.LASF33:
 1261 0153 4379456E 		.ascii	"CyEnterCriticalSection\000"
 1261      74657243 
 1261      72697469 
 1261      63616C53 
 1261      65637469 
 1262              	.LASF15:
 1263 016a 72656738 		.ascii	"reg8\000"
 1263      00
 1264              	.LASF9:
 1265 016f 73697A65 		.ascii	"sizetype\000"
 1265      74797065 
 1265      00
 1266              	.LASF25:
ARM GAS  C:\Users\PIET~1.COU\AppData\Local\Temp\ccNby969.s 			page 33


 1267 0178 4932535F 		.ascii	"I2S_1_EnableRx\000"
 1267      315F456E 
 1267      61626C65 
 1267      527800
 1268              	.LASF7:
 1269 0187 6C6F6E67 		.ascii	"long long int\000"
 1269      206C6F6E 
 1269      6720696E 
 1269      7400
 1270              	.LASF10:
 1271 0195 63686172 		.ascii	"char\000"
 1271      00
 1272              	.LASF22:
 1273 019a 4932535F 		.ascii	"I2S_1_EnableTx\000"
 1273      315F456E 
 1273      61626C65 
 1273      547800
 1274              	.LASF3:
 1275 01a9 73686F72 		.ascii	"short int\000"
 1275      7420696E 
 1275      7400
 1276              	.LASF29:
 1277 01b3 474E5520 		.ascii	"GNU C 4.9.3 20150303 (release) [ARM/embedded-4_9-br"
 1277      4320342E 
 1277      392E3320 
 1277      32303135 
 1277      30333033 
 1278 01e6 616E6368 		.ascii	"anch revision 221220] -mcpu=cortex-m3 -mthumb -g -O"
 1278      20726576 
 1278      6973696F 
 1278      6E203232 
 1278      31323230 
 1279 0219 73202D66 		.ascii	"s -ffunction-sections -ffat-lto-objects\000"
 1279      66756E63 
 1279      74696F6E 
 1279      2D736563 
 1279      74696F6E 
 1280              	.LASF27:
 1281 0241 4932535F 		.ascii	"I2S_1_ClearRxFIFO\000"
 1281      315F436C 
 1281      65617252 
 1281      78464946 
 1281      4F00
 1282              	.LASF5:
 1283 0253 6C6F6E67 		.ascii	"long int\000"
 1283      20696E74 
 1283      00
 1284              	.LASF26:
 1285 025c 4932535F 		.ascii	"I2S_1_DisableRx\000"
 1285      315F4469 
 1285      7361626C 
 1285      65527800 
 1286              	.LASF1:
 1287 026c 7369676E 		.ascii	"signed char\000"
 1287      65642063 
 1287      68617200 
 1288              	.LASF23:
ARM GAS  C:\Users\PIET~1.COU\AppData\Local\Temp\ccNby969.s 			page 34


 1289 0278 4932535F 		.ascii	"I2S_1_DisableTx\000"
 1289      315F4469 
 1289      7361626C 
 1289      65547800 
 1290              	.LASF21:
 1291 0288 4932535F 		.ascii	"I2S_1_Start\000"
 1291      315F5374 
 1291      61727400 
 1292              		.ident	"GCC: (GNU Tools for ARM Embedded Processors) 4.9.3 20150303 (release) [ARM/embedded-4_9-br
