ARM GAS  C:\Users\PIET~1.COU\AppData\Local\Temp\ccAsXtz4.s 			page 1


   1              		.syntax unified
   2              		.cpu cortex-m3
   3              		.fpu softvfp
   4              		.eabi_attribute 20, 1
   5              		.eabi_attribute 21, 1
   6              		.eabi_attribute 23, 3
   7              		.eabi_attribute 24, 1
   8              		.eabi_attribute 25, 1
   9              		.eabi_attribute 26, 1
  10              		.eabi_attribute 30, 4
  11              		.eabi_attribute 34, 1
  12              		.eabi_attribute 18, 4
  13              		.thumb
  14              		.file	"isr_1.c"
  15              		.text
  16              	.Ltext0:
  17              		.cfi_sections	.debug_frame
  18              		.section	.text.isr_1_Interrupt,"ax",%progbits
  19              		.align	1
  20              		.global	isr_1_Interrupt
  21              		.thumb
  22              		.thumb_func
  23              		.type	isr_1_Interrupt, %function
  24              	isr_1_Interrupt:
  25              	.LFB66:
  26              		.file 1 ".\\Generated_Source\\PSoC5\\isr_1.c"
   1:.\Generated_Source\PSoC5/isr_1.c **** /*******************************************************************************
   2:.\Generated_Source\PSoC5/isr_1.c **** * File Name: isr_1.c  
   3:.\Generated_Source\PSoC5/isr_1.c **** * Version 1.70
   4:.\Generated_Source\PSoC5/isr_1.c **** *
   5:.\Generated_Source\PSoC5/isr_1.c **** *  Description:
   6:.\Generated_Source\PSoC5/isr_1.c **** *   API for controlling the state of an interrupt.
   7:.\Generated_Source\PSoC5/isr_1.c **** *
   8:.\Generated_Source\PSoC5/isr_1.c **** *
   9:.\Generated_Source\PSoC5/isr_1.c **** *  Note:
  10:.\Generated_Source\PSoC5/isr_1.c **** *
  11:.\Generated_Source\PSoC5/isr_1.c **** ********************************************************************************
  12:.\Generated_Source\PSoC5/isr_1.c **** * Copyright 2008-2015, Cypress Semiconductor Corporation.  All rights reserved.
  13:.\Generated_Source\PSoC5/isr_1.c **** * You may use this file only in accordance with the license, terms, conditions, 
  14:.\Generated_Source\PSoC5/isr_1.c **** * disclaimers, and limitations in the end user license agreement accompanying 
  15:.\Generated_Source\PSoC5/isr_1.c **** * the software package with which this file was provided.
  16:.\Generated_Source\PSoC5/isr_1.c **** *******************************************************************************/
  17:.\Generated_Source\PSoC5/isr_1.c **** 
  18:.\Generated_Source\PSoC5/isr_1.c **** 
  19:.\Generated_Source\PSoC5/isr_1.c **** #include <cydevice_trm.h>
  20:.\Generated_Source\PSoC5/isr_1.c **** #include <CyLib.h>
  21:.\Generated_Source\PSoC5/isr_1.c **** #include <isr_1.h>
  22:.\Generated_Source\PSoC5/isr_1.c **** #include "cyapicallbacks.h"
  23:.\Generated_Source\PSoC5/isr_1.c **** 
  24:.\Generated_Source\PSoC5/isr_1.c **** #if !defined(isr_1__REMOVED) /* Check for removal by optimization */
  25:.\Generated_Source\PSoC5/isr_1.c **** 
  26:.\Generated_Source\PSoC5/isr_1.c **** /*******************************************************************************
  27:.\Generated_Source\PSoC5/isr_1.c **** *  Place your includes, defines and code here 
  28:.\Generated_Source\PSoC5/isr_1.c **** ********************************************************************************/
  29:.\Generated_Source\PSoC5/isr_1.c **** /* `#START isr_1_intc` */
  30:.\Generated_Source\PSoC5/isr_1.c **** 
  31:.\Generated_Source\PSoC5/isr_1.c **** /* `#END` */
ARM GAS  C:\Users\PIET~1.COU\AppData\Local\Temp\ccAsXtz4.s 			page 2


  32:.\Generated_Source\PSoC5/isr_1.c **** 
  33:.\Generated_Source\PSoC5/isr_1.c **** #ifndef CYINT_IRQ_BASE
  34:.\Generated_Source\PSoC5/isr_1.c **** #define CYINT_IRQ_BASE      16
  35:.\Generated_Source\PSoC5/isr_1.c **** #endif /* CYINT_IRQ_BASE */
  36:.\Generated_Source\PSoC5/isr_1.c **** #ifndef CYINT_VECT_TABLE
  37:.\Generated_Source\PSoC5/isr_1.c **** #define CYINT_VECT_TABLE    ((cyisraddress **) CYREG_NVIC_VECT_OFFSET)
  38:.\Generated_Source\PSoC5/isr_1.c **** #endif /* CYINT_VECT_TABLE */
  39:.\Generated_Source\PSoC5/isr_1.c **** 
  40:.\Generated_Source\PSoC5/isr_1.c **** /* Declared in startup, used to set unused interrupts to. */
  41:.\Generated_Source\PSoC5/isr_1.c **** CY_ISR_PROTO(IntDefaultHandler);
  42:.\Generated_Source\PSoC5/isr_1.c **** 
  43:.\Generated_Source\PSoC5/isr_1.c **** 
  44:.\Generated_Source\PSoC5/isr_1.c **** /*******************************************************************************
  45:.\Generated_Source\PSoC5/isr_1.c **** * Function Name: isr_1_Start
  46:.\Generated_Source\PSoC5/isr_1.c **** ********************************************************************************
  47:.\Generated_Source\PSoC5/isr_1.c **** *
  48:.\Generated_Source\PSoC5/isr_1.c **** * Summary:
  49:.\Generated_Source\PSoC5/isr_1.c **** *  Set up the interrupt and enable it. This function disables the interrupt, 
  50:.\Generated_Source\PSoC5/isr_1.c **** *  sets the default interrupt vector, sets the priority from the value in the
  51:.\Generated_Source\PSoC5/isr_1.c **** *  Design Wide Resources Interrupt Editor, then enables the interrupt to the 
  52:.\Generated_Source\PSoC5/isr_1.c **** *  interrupt controller.
  53:.\Generated_Source\PSoC5/isr_1.c **** *
  54:.\Generated_Source\PSoC5/isr_1.c **** * Parameters:  
  55:.\Generated_Source\PSoC5/isr_1.c **** *   None
  56:.\Generated_Source\PSoC5/isr_1.c **** *
  57:.\Generated_Source\PSoC5/isr_1.c **** * Return:
  58:.\Generated_Source\PSoC5/isr_1.c **** *   None
  59:.\Generated_Source\PSoC5/isr_1.c **** *
  60:.\Generated_Source\PSoC5/isr_1.c **** *******************************************************************************/
  61:.\Generated_Source\PSoC5/isr_1.c **** void isr_1_Start(void)
  62:.\Generated_Source\PSoC5/isr_1.c **** {
  63:.\Generated_Source\PSoC5/isr_1.c ****     /* For all we know the interrupt is active. */
  64:.\Generated_Source\PSoC5/isr_1.c ****     isr_1_Disable();
  65:.\Generated_Source\PSoC5/isr_1.c **** 
  66:.\Generated_Source\PSoC5/isr_1.c ****     /* Set the ISR to point to the isr_1 Interrupt. */
  67:.\Generated_Source\PSoC5/isr_1.c ****     isr_1_SetVector(&isr_1_Interrupt);
  68:.\Generated_Source\PSoC5/isr_1.c **** 
  69:.\Generated_Source\PSoC5/isr_1.c ****     /* Set the priority. */
  70:.\Generated_Source\PSoC5/isr_1.c ****     isr_1_SetPriority((uint8)isr_1_INTC_PRIOR_NUMBER);
  71:.\Generated_Source\PSoC5/isr_1.c **** 
  72:.\Generated_Source\PSoC5/isr_1.c ****     /* Enable it. */
  73:.\Generated_Source\PSoC5/isr_1.c ****     isr_1_Enable();
  74:.\Generated_Source\PSoC5/isr_1.c **** }
  75:.\Generated_Source\PSoC5/isr_1.c **** 
  76:.\Generated_Source\PSoC5/isr_1.c **** 
  77:.\Generated_Source\PSoC5/isr_1.c **** /*******************************************************************************
  78:.\Generated_Source\PSoC5/isr_1.c **** * Function Name: isr_1_StartEx
  79:.\Generated_Source\PSoC5/isr_1.c **** ********************************************************************************
  80:.\Generated_Source\PSoC5/isr_1.c **** *
  81:.\Generated_Source\PSoC5/isr_1.c **** * Summary:
  82:.\Generated_Source\PSoC5/isr_1.c **** *  Sets up the interrupt and enables it. This function disables the interrupt,
  83:.\Generated_Source\PSoC5/isr_1.c **** *  sets the interrupt vector based on the address passed in, sets the priority 
  84:.\Generated_Source\PSoC5/isr_1.c **** *  from the value in the Design Wide Resources Interrupt Editor, then enables 
  85:.\Generated_Source\PSoC5/isr_1.c **** *  the interrupt to the interrupt controller.
  86:.\Generated_Source\PSoC5/isr_1.c **** *  
  87:.\Generated_Source\PSoC5/isr_1.c **** *  When defining ISR functions, the CY_ISR and CY_ISR_PROTO macros should be 
  88:.\Generated_Source\PSoC5/isr_1.c **** *  used to provide consistent definition across compilers:
ARM GAS  C:\Users\PIET~1.COU\AppData\Local\Temp\ccAsXtz4.s 			page 3


  89:.\Generated_Source\PSoC5/isr_1.c **** *  
  90:.\Generated_Source\PSoC5/isr_1.c **** *  Function definition example:
  91:.\Generated_Source\PSoC5/isr_1.c **** *   CY_ISR(MyISR)
  92:.\Generated_Source\PSoC5/isr_1.c **** *   {
  93:.\Generated_Source\PSoC5/isr_1.c **** *   }
  94:.\Generated_Source\PSoC5/isr_1.c **** *   Function prototype example:
  95:.\Generated_Source\PSoC5/isr_1.c **** *   CY_ISR_PROTO(MyISR);
  96:.\Generated_Source\PSoC5/isr_1.c **** *
  97:.\Generated_Source\PSoC5/isr_1.c **** * Parameters:  
  98:.\Generated_Source\PSoC5/isr_1.c **** *   address: Address of the ISR to set in the interrupt vector table.
  99:.\Generated_Source\PSoC5/isr_1.c **** *
 100:.\Generated_Source\PSoC5/isr_1.c **** * Return:
 101:.\Generated_Source\PSoC5/isr_1.c **** *   None
 102:.\Generated_Source\PSoC5/isr_1.c **** *
 103:.\Generated_Source\PSoC5/isr_1.c **** *******************************************************************************/
 104:.\Generated_Source\PSoC5/isr_1.c **** void isr_1_StartEx(cyisraddress address)
 105:.\Generated_Source\PSoC5/isr_1.c **** {
 106:.\Generated_Source\PSoC5/isr_1.c ****     /* For all we know the interrupt is active. */
 107:.\Generated_Source\PSoC5/isr_1.c ****     isr_1_Disable();
 108:.\Generated_Source\PSoC5/isr_1.c **** 
 109:.\Generated_Source\PSoC5/isr_1.c ****     /* Set the ISR to point to the isr_1 Interrupt. */
 110:.\Generated_Source\PSoC5/isr_1.c ****     isr_1_SetVector(address);
 111:.\Generated_Source\PSoC5/isr_1.c **** 
 112:.\Generated_Source\PSoC5/isr_1.c ****     /* Set the priority. */
 113:.\Generated_Source\PSoC5/isr_1.c ****     isr_1_SetPriority((uint8)isr_1_INTC_PRIOR_NUMBER);
 114:.\Generated_Source\PSoC5/isr_1.c **** 
 115:.\Generated_Source\PSoC5/isr_1.c ****     /* Enable it. */
 116:.\Generated_Source\PSoC5/isr_1.c ****     isr_1_Enable();
 117:.\Generated_Source\PSoC5/isr_1.c **** }
 118:.\Generated_Source\PSoC5/isr_1.c **** 
 119:.\Generated_Source\PSoC5/isr_1.c **** 
 120:.\Generated_Source\PSoC5/isr_1.c **** /*******************************************************************************
 121:.\Generated_Source\PSoC5/isr_1.c **** * Function Name: isr_1_Stop
 122:.\Generated_Source\PSoC5/isr_1.c **** ********************************************************************************
 123:.\Generated_Source\PSoC5/isr_1.c **** *
 124:.\Generated_Source\PSoC5/isr_1.c **** * Summary:
 125:.\Generated_Source\PSoC5/isr_1.c **** *   Disables and removes the interrupt.
 126:.\Generated_Source\PSoC5/isr_1.c **** *
 127:.\Generated_Source\PSoC5/isr_1.c **** * Parameters:  
 128:.\Generated_Source\PSoC5/isr_1.c **** *   None
 129:.\Generated_Source\PSoC5/isr_1.c **** *
 130:.\Generated_Source\PSoC5/isr_1.c **** * Return:
 131:.\Generated_Source\PSoC5/isr_1.c **** *   None
 132:.\Generated_Source\PSoC5/isr_1.c **** *
 133:.\Generated_Source\PSoC5/isr_1.c **** *******************************************************************************/
 134:.\Generated_Source\PSoC5/isr_1.c **** void isr_1_Stop(void)
 135:.\Generated_Source\PSoC5/isr_1.c **** {
 136:.\Generated_Source\PSoC5/isr_1.c ****     /* Disable this interrupt. */
 137:.\Generated_Source\PSoC5/isr_1.c ****     isr_1_Disable();
 138:.\Generated_Source\PSoC5/isr_1.c **** 
 139:.\Generated_Source\PSoC5/isr_1.c ****     /* Set the ISR to point to the passive one. */
 140:.\Generated_Source\PSoC5/isr_1.c ****     isr_1_SetVector(&IntDefaultHandler);
 141:.\Generated_Source\PSoC5/isr_1.c **** }
 142:.\Generated_Source\PSoC5/isr_1.c **** 
 143:.\Generated_Source\PSoC5/isr_1.c **** 
 144:.\Generated_Source\PSoC5/isr_1.c **** /*******************************************************************************
 145:.\Generated_Source\PSoC5/isr_1.c **** * Function Name: isr_1_Interrupt
ARM GAS  C:\Users\PIET~1.COU\AppData\Local\Temp\ccAsXtz4.s 			page 4


 146:.\Generated_Source\PSoC5/isr_1.c **** ********************************************************************************
 147:.\Generated_Source\PSoC5/isr_1.c **** *
 148:.\Generated_Source\PSoC5/isr_1.c **** * Summary:
 149:.\Generated_Source\PSoC5/isr_1.c **** *   The default Interrupt Service Routine for isr_1.
 150:.\Generated_Source\PSoC5/isr_1.c **** *
 151:.\Generated_Source\PSoC5/isr_1.c **** *   Add custom code between the coments to keep the next version of this file
 152:.\Generated_Source\PSoC5/isr_1.c **** *   from over writting your code.
 153:.\Generated_Source\PSoC5/isr_1.c **** *
 154:.\Generated_Source\PSoC5/isr_1.c **** * Parameters:  
 155:.\Generated_Source\PSoC5/isr_1.c **** *
 156:.\Generated_Source\PSoC5/isr_1.c **** * Return:
 157:.\Generated_Source\PSoC5/isr_1.c **** *   None
 158:.\Generated_Source\PSoC5/isr_1.c **** *
 159:.\Generated_Source\PSoC5/isr_1.c **** *******************************************************************************/
 160:.\Generated_Source\PSoC5/isr_1.c **** CY_ISR(isr_1_Interrupt)
 161:.\Generated_Source\PSoC5/isr_1.c **** {
  27              		.loc 1 161 0
  28              		.cfi_startproc
  29              		@ args = 0, pretend = 0, frame = 0
  30              		@ frame_needed = 0, uses_anonymous_args = 0
  31 0000 08B5     		push	{r3, lr}
  32              		.cfi_def_cfa_offset 8
  33              		.cfi_offset 3, -8
  34              		.cfi_offset 14, -4
 162:.\Generated_Source\PSoC5/isr_1.c ****     #ifdef isr_1_INTERRUPT_INTERRUPT_CALLBACK
 163:.\Generated_Source\PSoC5/isr_1.c ****         isr_1_Interrupt_InterruptCallback();
 164:.\Generated_Source\PSoC5/isr_1.c ****     #endif /* isr_1_INTERRUPT_INTERRUPT_CALLBACK */ 
 165:.\Generated_Source\PSoC5/isr_1.c **** 
 166:.\Generated_Source\PSoC5/isr_1.c ****     /*  Place your Interrupt code here. */
 167:.\Generated_Source\PSoC5/isr_1.c ****     /* `#START isr_1_Interrupt` */
 168:.\Generated_Source\PSoC5/isr_1.c ****     LEDs_Write (LEDs_Read() ^ 0x3);
  35              		.loc 1 168 0
  36 0002 FFF7FEFF 		bl	LEDs_Read
  37              	.LVL0:
 169:.\Generated_Source\PSoC5/isr_1.c ****     /* `#END` */
 170:.\Generated_Source\PSoC5/isr_1.c **** }
  38              		.loc 1 170 0
  39 0006 BDE80840 		pop	{r3, lr}
  40              		.cfi_restore 14
  41              		.cfi_restore 3
  42              		.cfi_def_cfa_offset 0
 168:.\Generated_Source\PSoC5/isr_1.c ****     /* `#END` */
  43              		.loc 1 168 0
  44 000a 80F00300 		eor	r0, r0, #3
  45 000e C0B2     		uxtb	r0, r0
  46 0010 FFF7FEBF 		b	LEDs_Write
  47              	.LVL1:
  48              		.cfi_endproc
  49              	.LFE66:
  50              		.size	isr_1_Interrupt, .-isr_1_Interrupt
  51              		.section	.text.isr_1_Start,"ax",%progbits
  52              		.align	1
  53              		.global	isr_1_Start
  54              		.thumb
  55              		.thumb_func
  56              		.type	isr_1_Start, %function
  57              	isr_1_Start:
ARM GAS  C:\Users\PIET~1.COU\AppData\Local\Temp\ccAsXtz4.s 			page 5


  58              	.LFB63:
  62:.\Generated_Source\PSoC5/isr_1.c ****     /* For all we know the interrupt is active. */
  59              		.loc 1 62 0
  60              		.cfi_startproc
  61              		@ args = 0, pretend = 0, frame = 0
  62              		@ frame_needed = 0, uses_anonymous_args = 0
  63              		@ link register save eliminated.
  64              	.LBB22:
  65              	.LBB23:
 171:.\Generated_Source\PSoC5/isr_1.c **** 
 172:.\Generated_Source\PSoC5/isr_1.c **** 
 173:.\Generated_Source\PSoC5/isr_1.c **** /*******************************************************************************
 174:.\Generated_Source\PSoC5/isr_1.c **** * Function Name: isr_1_SetVector
 175:.\Generated_Source\PSoC5/isr_1.c **** ********************************************************************************
 176:.\Generated_Source\PSoC5/isr_1.c **** *
 177:.\Generated_Source\PSoC5/isr_1.c **** * Summary:
 178:.\Generated_Source\PSoC5/isr_1.c **** *   Change the ISR vector for the Interrupt. Note calling isr_1_Start
 179:.\Generated_Source\PSoC5/isr_1.c **** *   will override any effect this method would have had. To set the vector 
 180:.\Generated_Source\PSoC5/isr_1.c **** *   before the component has been started use isr_1_StartEx instead.
 181:.\Generated_Source\PSoC5/isr_1.c **** * 
 182:.\Generated_Source\PSoC5/isr_1.c **** *   When defining ISR functions, the CY_ISR and CY_ISR_PROTO macros should be 
 183:.\Generated_Source\PSoC5/isr_1.c **** *   used to provide consistent definition across compilers:
 184:.\Generated_Source\PSoC5/isr_1.c **** *
 185:.\Generated_Source\PSoC5/isr_1.c **** *   Function definition example:
 186:.\Generated_Source\PSoC5/isr_1.c **** *   CY_ISR(MyISR)
 187:.\Generated_Source\PSoC5/isr_1.c **** *   {
 188:.\Generated_Source\PSoC5/isr_1.c **** *   }
 189:.\Generated_Source\PSoC5/isr_1.c **** *
 190:.\Generated_Source\PSoC5/isr_1.c **** *   Function prototype example:
 191:.\Generated_Source\PSoC5/isr_1.c **** *     CY_ISR_PROTO(MyISR);
 192:.\Generated_Source\PSoC5/isr_1.c **** *
 193:.\Generated_Source\PSoC5/isr_1.c **** * Parameters:
 194:.\Generated_Source\PSoC5/isr_1.c **** *   address: Address of the ISR to set in the interrupt vector table.
 195:.\Generated_Source\PSoC5/isr_1.c **** *
 196:.\Generated_Source\PSoC5/isr_1.c **** * Return:
 197:.\Generated_Source\PSoC5/isr_1.c **** *   None
 198:.\Generated_Source\PSoC5/isr_1.c **** *
 199:.\Generated_Source\PSoC5/isr_1.c **** *******************************************************************************/
 200:.\Generated_Source\PSoC5/isr_1.c **** void isr_1_SetVector(cyisraddress address)
 201:.\Generated_Source\PSoC5/isr_1.c **** {
 202:.\Generated_Source\PSoC5/isr_1.c ****     cyisraddress * ramVectorTable;
 203:.\Generated_Source\PSoC5/isr_1.c **** 
 204:.\Generated_Source\PSoC5/isr_1.c ****     ramVectorTable = (cyisraddress *) *CYINT_VECT_TABLE;
 205:.\Generated_Source\PSoC5/isr_1.c **** 
 206:.\Generated_Source\PSoC5/isr_1.c ****     ramVectorTable[CYINT_IRQ_BASE + (uint32)isr_1__INTC_NUMBER] = address;
 207:.\Generated_Source\PSoC5/isr_1.c **** }
 208:.\Generated_Source\PSoC5/isr_1.c **** 
 209:.\Generated_Source\PSoC5/isr_1.c **** 
 210:.\Generated_Source\PSoC5/isr_1.c **** /*******************************************************************************
 211:.\Generated_Source\PSoC5/isr_1.c **** * Function Name: isr_1_GetVector
 212:.\Generated_Source\PSoC5/isr_1.c **** ********************************************************************************
 213:.\Generated_Source\PSoC5/isr_1.c **** *
 214:.\Generated_Source\PSoC5/isr_1.c **** * Summary:
 215:.\Generated_Source\PSoC5/isr_1.c **** *   Gets the "address" of the current ISR vector for the Interrupt.
 216:.\Generated_Source\PSoC5/isr_1.c **** *
 217:.\Generated_Source\PSoC5/isr_1.c **** * Parameters:
 218:.\Generated_Source\PSoC5/isr_1.c **** *   None
ARM GAS  C:\Users\PIET~1.COU\AppData\Local\Temp\ccAsXtz4.s 			page 6


 219:.\Generated_Source\PSoC5/isr_1.c **** *
 220:.\Generated_Source\PSoC5/isr_1.c **** * Return:
 221:.\Generated_Source\PSoC5/isr_1.c **** *   Address of the ISR in the interrupt vector table.
 222:.\Generated_Source\PSoC5/isr_1.c **** *
 223:.\Generated_Source\PSoC5/isr_1.c **** *******************************************************************************/
 224:.\Generated_Source\PSoC5/isr_1.c **** cyisraddress isr_1_GetVector(void)
 225:.\Generated_Source\PSoC5/isr_1.c **** {
 226:.\Generated_Source\PSoC5/isr_1.c ****     cyisraddress * ramVectorTable;
 227:.\Generated_Source\PSoC5/isr_1.c **** 
 228:.\Generated_Source\PSoC5/isr_1.c ****     ramVectorTable = (cyisraddress *) *CYINT_VECT_TABLE;
 229:.\Generated_Source\PSoC5/isr_1.c **** 
 230:.\Generated_Source\PSoC5/isr_1.c ****     return ramVectorTable[CYINT_IRQ_BASE + (uint32)isr_1__INTC_NUMBER];
 231:.\Generated_Source\PSoC5/isr_1.c **** }
 232:.\Generated_Source\PSoC5/isr_1.c **** 
 233:.\Generated_Source\PSoC5/isr_1.c **** 
 234:.\Generated_Source\PSoC5/isr_1.c **** /*******************************************************************************
 235:.\Generated_Source\PSoC5/isr_1.c **** * Function Name: isr_1_SetPriority
 236:.\Generated_Source\PSoC5/isr_1.c **** ********************************************************************************
 237:.\Generated_Source\PSoC5/isr_1.c **** *
 238:.\Generated_Source\PSoC5/isr_1.c **** * Summary:
 239:.\Generated_Source\PSoC5/isr_1.c **** *   Sets the Priority of the Interrupt. 
 240:.\Generated_Source\PSoC5/isr_1.c **** *
 241:.\Generated_Source\PSoC5/isr_1.c **** *   Note calling isr_1_Start or isr_1_StartEx will 
 242:.\Generated_Source\PSoC5/isr_1.c **** *   override any effect this API would have had. This API should only be called
 243:.\Generated_Source\PSoC5/isr_1.c **** *   after isr_1_Start or isr_1_StartEx has been called. 
 244:.\Generated_Source\PSoC5/isr_1.c **** *   To set the initial priority for the component, use the Design-Wide Resources
 245:.\Generated_Source\PSoC5/isr_1.c **** *   Interrupt Editor.
 246:.\Generated_Source\PSoC5/isr_1.c **** *
 247:.\Generated_Source\PSoC5/isr_1.c **** *   Note This API has no effect on Non-maskable interrupt NMI).
 248:.\Generated_Source\PSoC5/isr_1.c **** *
 249:.\Generated_Source\PSoC5/isr_1.c **** * Parameters:
 250:.\Generated_Source\PSoC5/isr_1.c **** *   priority: Priority of the interrupt, 0 being the highest priority
 251:.\Generated_Source\PSoC5/isr_1.c **** *             PSoC 3 and PSoC 5LP: Priority is from 0 to 7.
 252:.\Generated_Source\PSoC5/isr_1.c **** *             PSoC 4: Priority is from 0 to 3.
 253:.\Generated_Source\PSoC5/isr_1.c **** *
 254:.\Generated_Source\PSoC5/isr_1.c **** * Return:
 255:.\Generated_Source\PSoC5/isr_1.c **** *   None
 256:.\Generated_Source\PSoC5/isr_1.c **** *
 257:.\Generated_Source\PSoC5/isr_1.c **** *******************************************************************************/
 258:.\Generated_Source\PSoC5/isr_1.c **** void isr_1_SetPriority(uint8 priority)
 259:.\Generated_Source\PSoC5/isr_1.c **** {
 260:.\Generated_Source\PSoC5/isr_1.c ****     *isr_1_INTC_PRIOR = priority << 5;
 261:.\Generated_Source\PSoC5/isr_1.c **** }
 262:.\Generated_Source\PSoC5/isr_1.c **** 
 263:.\Generated_Source\PSoC5/isr_1.c **** 
 264:.\Generated_Source\PSoC5/isr_1.c **** /*******************************************************************************
 265:.\Generated_Source\PSoC5/isr_1.c **** * Function Name: isr_1_GetPriority
 266:.\Generated_Source\PSoC5/isr_1.c **** ********************************************************************************
 267:.\Generated_Source\PSoC5/isr_1.c **** *
 268:.\Generated_Source\PSoC5/isr_1.c **** * Summary:
 269:.\Generated_Source\PSoC5/isr_1.c **** *   Gets the Priority of the Interrupt.
 270:.\Generated_Source\PSoC5/isr_1.c **** *
 271:.\Generated_Source\PSoC5/isr_1.c **** * Parameters:
 272:.\Generated_Source\PSoC5/isr_1.c **** *   None
 273:.\Generated_Source\PSoC5/isr_1.c **** *
 274:.\Generated_Source\PSoC5/isr_1.c **** * Return:
 275:.\Generated_Source\PSoC5/isr_1.c **** *   Priority of the interrupt, 0 being the highest priority
ARM GAS  C:\Users\PIET~1.COU\AppData\Local\Temp\ccAsXtz4.s 			page 7


 276:.\Generated_Source\PSoC5/isr_1.c **** *    PSoC 3 and PSoC 5LP: Priority is from 0 to 7.
 277:.\Generated_Source\PSoC5/isr_1.c **** *    PSoC 4: Priority is from 0 to 3.
 278:.\Generated_Source\PSoC5/isr_1.c **** *
 279:.\Generated_Source\PSoC5/isr_1.c **** *******************************************************************************/
 280:.\Generated_Source\PSoC5/isr_1.c **** uint8 isr_1_GetPriority(void)
 281:.\Generated_Source\PSoC5/isr_1.c **** {
 282:.\Generated_Source\PSoC5/isr_1.c ****     uint8 priority;
 283:.\Generated_Source\PSoC5/isr_1.c **** 
 284:.\Generated_Source\PSoC5/isr_1.c **** 
 285:.\Generated_Source\PSoC5/isr_1.c ****     priority = *isr_1_INTC_PRIOR >> 5;
 286:.\Generated_Source\PSoC5/isr_1.c **** 
 287:.\Generated_Source\PSoC5/isr_1.c ****     return priority;
 288:.\Generated_Source\PSoC5/isr_1.c **** }
 289:.\Generated_Source\PSoC5/isr_1.c **** 
 290:.\Generated_Source\PSoC5/isr_1.c **** 
 291:.\Generated_Source\PSoC5/isr_1.c **** /*******************************************************************************
 292:.\Generated_Source\PSoC5/isr_1.c **** * Function Name: isr_1_Enable
 293:.\Generated_Source\PSoC5/isr_1.c **** ********************************************************************************
 294:.\Generated_Source\PSoC5/isr_1.c **** *
 295:.\Generated_Source\PSoC5/isr_1.c **** * Summary:
 296:.\Generated_Source\PSoC5/isr_1.c **** *   Enables the interrupt to the interrupt controller. Do not call this function
 297:.\Generated_Source\PSoC5/isr_1.c **** *   unless ISR_Start() has been called or the functionality of the ISR_Start() 
 298:.\Generated_Source\PSoC5/isr_1.c **** *   function, which sets the vector and the priority, has been called.
 299:.\Generated_Source\PSoC5/isr_1.c **** *
 300:.\Generated_Source\PSoC5/isr_1.c **** * Parameters:
 301:.\Generated_Source\PSoC5/isr_1.c **** *   None
 302:.\Generated_Source\PSoC5/isr_1.c **** *
 303:.\Generated_Source\PSoC5/isr_1.c **** * Return:
 304:.\Generated_Source\PSoC5/isr_1.c **** *   None
 305:.\Generated_Source\PSoC5/isr_1.c **** *
 306:.\Generated_Source\PSoC5/isr_1.c **** *******************************************************************************/
 307:.\Generated_Source\PSoC5/isr_1.c **** void isr_1_Enable(void)
 308:.\Generated_Source\PSoC5/isr_1.c **** {
 309:.\Generated_Source\PSoC5/isr_1.c ****     /* Enable the general interrupt. */
 310:.\Generated_Source\PSoC5/isr_1.c ****     *isr_1_INTC_SET_EN = isr_1__INTC_MASK;
 311:.\Generated_Source\PSoC5/isr_1.c **** }
 312:.\Generated_Source\PSoC5/isr_1.c **** 
 313:.\Generated_Source\PSoC5/isr_1.c **** 
 314:.\Generated_Source\PSoC5/isr_1.c **** /*******************************************************************************
 315:.\Generated_Source\PSoC5/isr_1.c **** * Function Name: isr_1_GetState
 316:.\Generated_Source\PSoC5/isr_1.c **** ********************************************************************************
 317:.\Generated_Source\PSoC5/isr_1.c **** *
 318:.\Generated_Source\PSoC5/isr_1.c **** * Summary:
 319:.\Generated_Source\PSoC5/isr_1.c **** *   Gets the state (enabled, disabled) of the Interrupt.
 320:.\Generated_Source\PSoC5/isr_1.c **** *
 321:.\Generated_Source\PSoC5/isr_1.c **** * Parameters:
 322:.\Generated_Source\PSoC5/isr_1.c **** *   None
 323:.\Generated_Source\PSoC5/isr_1.c **** *
 324:.\Generated_Source\PSoC5/isr_1.c **** * Return:
 325:.\Generated_Source\PSoC5/isr_1.c **** *   1 if enabled, 0 if disabled.
 326:.\Generated_Source\PSoC5/isr_1.c **** *
 327:.\Generated_Source\PSoC5/isr_1.c **** *******************************************************************************/
 328:.\Generated_Source\PSoC5/isr_1.c **** uint8 isr_1_GetState(void)
 329:.\Generated_Source\PSoC5/isr_1.c **** {
 330:.\Generated_Source\PSoC5/isr_1.c ****     /* Get the state of the general interrupt. */
 331:.\Generated_Source\PSoC5/isr_1.c ****     return ((*isr_1_INTC_SET_EN & (uint32)isr_1__INTC_MASK) != 0u) ? 1u:0u;
 332:.\Generated_Source\PSoC5/isr_1.c **** }
ARM GAS  C:\Users\PIET~1.COU\AppData\Local\Temp\ccAsXtz4.s 			page 8


 333:.\Generated_Source\PSoC5/isr_1.c **** 
 334:.\Generated_Source\PSoC5/isr_1.c **** 
 335:.\Generated_Source\PSoC5/isr_1.c **** /*******************************************************************************
 336:.\Generated_Source\PSoC5/isr_1.c **** * Function Name: isr_1_Disable
 337:.\Generated_Source\PSoC5/isr_1.c **** ********************************************************************************
 338:.\Generated_Source\PSoC5/isr_1.c **** *
 339:.\Generated_Source\PSoC5/isr_1.c **** * Summary:
 340:.\Generated_Source\PSoC5/isr_1.c **** *   Disables the Interrupt in the interrupt controller.
 341:.\Generated_Source\PSoC5/isr_1.c **** *
 342:.\Generated_Source\PSoC5/isr_1.c **** * Parameters:
 343:.\Generated_Source\PSoC5/isr_1.c **** *   None
 344:.\Generated_Source\PSoC5/isr_1.c **** *
 345:.\Generated_Source\PSoC5/isr_1.c **** * Return:
 346:.\Generated_Source\PSoC5/isr_1.c **** *   None
 347:.\Generated_Source\PSoC5/isr_1.c **** *
 348:.\Generated_Source\PSoC5/isr_1.c **** *******************************************************************************/
 349:.\Generated_Source\PSoC5/isr_1.c **** void isr_1_Disable(void)
 350:.\Generated_Source\PSoC5/isr_1.c **** {
 351:.\Generated_Source\PSoC5/isr_1.c ****     /* Disable the general interrupt. */
 352:.\Generated_Source\PSoC5/isr_1.c ****     *isr_1_INTC_CLR_EN = isr_1__INTC_MASK;
  66              		.loc 1 352 0
  67 0000 074A     		ldr	r2, .L3
  68 0002 0123     		movs	r3, #1
  69 0004 1360     		str	r3, [r2]
  70              	.LVL2:
  71              	.LBE23:
  72              	.LBE22:
  73              	.LBB24:
  74              	.LBB25:
 204:.\Generated_Source\PSoC5/isr_1.c **** 
  75              		.loc 1 204 0
  76 0006 02F68832 		addw	r2, r2, #2952
  77 000a 1268     		ldr	r2, [r2]
  78              	.LVL3:
 206:.\Generated_Source\PSoC5/isr_1.c **** }
  79              		.loc 1 206 0
  80 000c 0549     		ldr	r1, .L3+4
  81 000e 1164     		str	r1, [r2, #64]
  82              	.LVL4:
  83              	.LBE25:
  84              	.LBE24:
  85              	.LBB26:
  86              	.LBB27:
 260:.\Generated_Source\PSoC5/isr_1.c **** }
  87              		.loc 1 260 0
  88 0010 054A     		ldr	r2, .L3+8
  89              	.LVL5:
  90 0012 4021     		movs	r1, #64
  91 0014 1170     		strb	r1, [r2]
  92              	.LBE27:
  93              	.LBE26:
  94              	.LBB28:
  95              	.LBB29:
 310:.\Generated_Source\PSoC5/isr_1.c **** }
  96              		.loc 1 310 0
  97 0016 A2F54072 		sub	r2, r2, #768
  98 001a 1360     		str	r3, [r2]
ARM GAS  C:\Users\PIET~1.COU\AppData\Local\Temp\ccAsXtz4.s 			page 9


  99 001c 7047     		bx	lr
 100              	.L4:
 101 001e 00BF     		.align	2
 102              	.L3:
 103 0020 80E100E0 		.word	-536813184
 104 0024 00000000 		.word	isr_1_Interrupt
 105 0028 00E400E0 		.word	-536812544
 106              	.LBE29:
 107              	.LBE28:
 108              		.cfi_endproc
 109              	.LFE63:
 110              		.size	isr_1_Start, .-isr_1_Start
 111              		.section	.text.isr_1_StartEx,"ax",%progbits
 112              		.align	1
 113              		.global	isr_1_StartEx
 114              		.thumb
 115              		.thumb_func
 116              		.type	isr_1_StartEx, %function
 117              	isr_1_StartEx:
 118              	.LFB64:
 105:.\Generated_Source\PSoC5/isr_1.c ****     /* For all we know the interrupt is active. */
 119              		.loc 1 105 0
 120              		.cfi_startproc
 121              		@ args = 0, pretend = 0, frame = 0
 122              		@ frame_needed = 0, uses_anonymous_args = 0
 123              		@ link register save eliminated.
 124              	.LVL6:
 125              	.LBB30:
 126              	.LBB31:
 127              		.loc 1 352 0
 128 0000 064A     		ldr	r2, .L6
 129 0002 0123     		movs	r3, #1
 130 0004 1360     		str	r3, [r2]
 131              	.LVL7:
 132              	.LBE31:
 133              	.LBE30:
 134              	.LBB32:
 135              	.LBB33:
 204:.\Generated_Source\PSoC5/isr_1.c **** 
 136              		.loc 1 204 0
 137 0006 02F68832 		addw	r2, r2, #2952
 138 000a 1268     		ldr	r2, [r2]
 139              	.LVL8:
 140              	.LBE33:
 141              	.LBE32:
 142              	.LBB35:
 143              	.LBB36:
 260:.\Generated_Source\PSoC5/isr_1.c **** }
 144              		.loc 1 260 0
 145 000c 4021     		movs	r1, #64
 146              	.LBE36:
 147              	.LBE35:
 148              	.LBB38:
 149              	.LBB34:
 206:.\Generated_Source\PSoC5/isr_1.c **** }
 150              		.loc 1 206 0
 151 000e 1064     		str	r0, [r2, #64]
ARM GAS  C:\Users\PIET~1.COU\AppData\Local\Temp\ccAsXtz4.s 			page 10


 152              	.LVL9:
 153              	.LBE34:
 154              	.LBE38:
 155              	.LBB39:
 156              	.LBB37:
 260:.\Generated_Source\PSoC5/isr_1.c **** }
 157              		.loc 1 260 0
 158 0010 034A     		ldr	r2, .L6+4
 159              	.LVL10:
 160 0012 1170     		strb	r1, [r2]
 161              	.LBE37:
 162              	.LBE39:
 163              	.LBB40:
 164              	.LBB41:
 310:.\Generated_Source\PSoC5/isr_1.c **** }
 165              		.loc 1 310 0
 166 0014 A2F54072 		sub	r2, r2, #768
 167 0018 1360     		str	r3, [r2]
 168 001a 7047     		bx	lr
 169              	.L7:
 170              		.align	2
 171              	.L6:
 172 001c 80E100E0 		.word	-536813184
 173 0020 00E400E0 		.word	-536812544
 174              	.LBE41:
 175              	.LBE40:
 176              		.cfi_endproc
 177              	.LFE64:
 178              		.size	isr_1_StartEx, .-isr_1_StartEx
 179              		.section	.text.isr_1_Stop,"ax",%progbits
 180              		.align	1
 181              		.global	isr_1_Stop
 182              		.thumb
 183              		.thumb_func
 184              		.type	isr_1_Stop, %function
 185              	isr_1_Stop:
 186              	.LFB65:
 135:.\Generated_Source\PSoC5/isr_1.c ****     /* Disable this interrupt. */
 187              		.loc 1 135 0
 188              		.cfi_startproc
 189              		@ args = 0, pretend = 0, frame = 0
 190              		@ frame_needed = 0, uses_anonymous_args = 0
 191              		@ link register save eliminated.
 192              	.LBB42:
 193              	.LBB43:
 194              		.loc 1 352 0
 195 0000 044B     		ldr	r3, .L9
 196 0002 0122     		movs	r2, #1
 197 0004 1A60     		str	r2, [r3]
 198              	.LVL11:
 199              	.LBE43:
 200              	.LBE42:
 201              	.LBB44:
 202              	.LBB45:
 204:.\Generated_Source\PSoC5/isr_1.c **** 
 203              		.loc 1 204 0
 204 0006 03F68833 		addw	r3, r3, #2952
ARM GAS  C:\Users\PIET~1.COU\AppData\Local\Temp\ccAsXtz4.s 			page 11


 205 000a 1B68     		ldr	r3, [r3]
 206              	.LVL12:
 206:.\Generated_Source\PSoC5/isr_1.c **** }
 207              		.loc 1 206 0
 208 000c 024A     		ldr	r2, .L9+4
 209 000e 1A64     		str	r2, [r3, #64]
 210 0010 7047     		bx	lr
 211              	.L10:
 212 0012 00BF     		.align	2
 213              	.L9:
 214 0014 80E100E0 		.word	-536813184
 215 0018 00000000 		.word	IntDefaultHandler
 216              	.LBE45:
 217              	.LBE44:
 218              		.cfi_endproc
 219              	.LFE65:
 220              		.size	isr_1_Stop, .-isr_1_Stop
 221              		.section	.text.isr_1_SetVector,"ax",%progbits
 222              		.align	1
 223              		.global	isr_1_SetVector
 224              		.thumb
 225              		.thumb_func
 226              		.type	isr_1_SetVector, %function
 227              	isr_1_SetVector:
 228              	.LFB67:
 201:.\Generated_Source\PSoC5/isr_1.c ****     cyisraddress * ramVectorTable;
 229              		.loc 1 201 0
 230              		.cfi_startproc
 231              		@ args = 0, pretend = 0, frame = 0
 232              		@ frame_needed = 0, uses_anonymous_args = 0
 233              		@ link register save eliminated.
 234              	.LVL13:
 204:.\Generated_Source\PSoC5/isr_1.c **** 
 235              		.loc 1 204 0
 236 0000 014B     		ldr	r3, .L12
 237 0002 1B68     		ldr	r3, [r3]
 238              	.LVL14:
 206:.\Generated_Source\PSoC5/isr_1.c **** }
 239              		.loc 1 206 0
 240 0004 1864     		str	r0, [r3, #64]
 241 0006 7047     		bx	lr
 242              	.L13:
 243              		.align	2
 244              	.L12:
 245 0008 08ED00E0 		.word	-536810232
 246              		.cfi_endproc
 247              	.LFE67:
 248              		.size	isr_1_SetVector, .-isr_1_SetVector
 249              		.section	.text.isr_1_GetVector,"ax",%progbits
 250              		.align	1
 251              		.global	isr_1_GetVector
 252              		.thumb
 253              		.thumb_func
 254              		.type	isr_1_GetVector, %function
 255              	isr_1_GetVector:
 256              	.LFB68:
 225:.\Generated_Source\PSoC5/isr_1.c ****     cyisraddress * ramVectorTable;
ARM GAS  C:\Users\PIET~1.COU\AppData\Local\Temp\ccAsXtz4.s 			page 12


 257              		.loc 1 225 0
 258              		.cfi_startproc
 259              		@ args = 0, pretend = 0, frame = 0
 260              		@ frame_needed = 0, uses_anonymous_args = 0
 261              		@ link register save eliminated.
 262              	.LVL15:
 228:.\Generated_Source\PSoC5/isr_1.c **** 
 263              		.loc 1 228 0
 264 0000 014B     		ldr	r3, .L15
 265              	.LVL16:
 230:.\Generated_Source\PSoC5/isr_1.c **** }
 266              		.loc 1 230 0
 267 0002 1B68     		ldr	r3, [r3]
 268              	.LVL17:
 231:.\Generated_Source\PSoC5/isr_1.c **** 
 269              		.loc 1 231 0
 270 0004 186C     		ldr	r0, [r3, #64]
 271 0006 7047     		bx	lr
 272              	.L16:
 273              		.align	2
 274              	.L15:
 275 0008 08ED00E0 		.word	-536810232
 276              		.cfi_endproc
 277              	.LFE68:
 278              		.size	isr_1_GetVector, .-isr_1_GetVector
 279              		.section	.text.isr_1_SetPriority,"ax",%progbits
 280              		.align	1
 281              		.global	isr_1_SetPriority
 282              		.thumb
 283              		.thumb_func
 284              		.type	isr_1_SetPriority, %function
 285              	isr_1_SetPriority:
 286              	.LFB69:
 259:.\Generated_Source\PSoC5/isr_1.c ****     *isr_1_INTC_PRIOR = priority << 5;
 287              		.loc 1 259 0
 288              		.cfi_startproc
 289              		@ args = 0, pretend = 0, frame = 0
 290              		@ frame_needed = 0, uses_anonymous_args = 0
 291              		@ link register save eliminated.
 292              	.LVL18:
 260:.\Generated_Source\PSoC5/isr_1.c **** }
 293              		.loc 1 260 0
 294 0000 4001     		lsls	r0, r0, #5
 295              	.LVL19:
 296 0002 024B     		ldr	r3, .L18
 297 0004 C0B2     		uxtb	r0, r0
 298 0006 1870     		strb	r0, [r3]
 299 0008 7047     		bx	lr
 300              	.L19:
 301 000a 00BF     		.align	2
 302              	.L18:
 303 000c 00E400E0 		.word	-536812544
 304              		.cfi_endproc
 305              	.LFE69:
 306              		.size	isr_1_SetPriority, .-isr_1_SetPriority
 307              		.section	.text.isr_1_GetPriority,"ax",%progbits
 308              		.align	1
ARM GAS  C:\Users\PIET~1.COU\AppData\Local\Temp\ccAsXtz4.s 			page 13


 309              		.global	isr_1_GetPriority
 310              		.thumb
 311              		.thumb_func
 312              		.type	isr_1_GetPriority, %function
 313              	isr_1_GetPriority:
 314              	.LFB70:
 281:.\Generated_Source\PSoC5/isr_1.c ****     uint8 priority;
 315              		.loc 1 281 0
 316              		.cfi_startproc
 317              		@ args = 0, pretend = 0, frame = 0
 318              		@ frame_needed = 0, uses_anonymous_args = 0
 319              		@ link register save eliminated.
 285:.\Generated_Source\PSoC5/isr_1.c **** 
 320              		.loc 1 285 0
 321 0000 014B     		ldr	r3, .L21
 322 0002 1878     		ldrb	r0, [r3]	@ zero_extendqisi2
 323              	.LVL20:
 288:.\Generated_Source\PSoC5/isr_1.c **** 
 324              		.loc 1 288 0
 325 0004 4009     		lsrs	r0, r0, #5
 326              	.LVL21:
 327 0006 7047     		bx	lr
 328              	.L22:
 329              		.align	2
 330              	.L21:
 331 0008 00E400E0 		.word	-536812544
 332              		.cfi_endproc
 333              	.LFE70:
 334              		.size	isr_1_GetPriority, .-isr_1_GetPriority
 335              		.section	.text.isr_1_Enable,"ax",%progbits
 336              		.align	1
 337              		.global	isr_1_Enable
 338              		.thumb
 339              		.thumb_func
 340              		.type	isr_1_Enable, %function
 341              	isr_1_Enable:
 342              	.LFB71:
 308:.\Generated_Source\PSoC5/isr_1.c ****     /* Enable the general interrupt. */
 343              		.loc 1 308 0
 344              		.cfi_startproc
 345              		@ args = 0, pretend = 0, frame = 0
 346              		@ frame_needed = 0, uses_anonymous_args = 0
 347              		@ link register save eliminated.
 310:.\Generated_Source\PSoC5/isr_1.c **** }
 348              		.loc 1 310 0
 349 0000 014B     		ldr	r3, .L24
 350 0002 0122     		movs	r2, #1
 351 0004 1A60     		str	r2, [r3]
 352 0006 7047     		bx	lr
 353              	.L25:
 354              		.align	2
 355              	.L24:
 356 0008 00E100E0 		.word	-536813312
 357              		.cfi_endproc
 358              	.LFE71:
 359              		.size	isr_1_Enable, .-isr_1_Enable
 360              		.section	.text.isr_1_GetState,"ax",%progbits
ARM GAS  C:\Users\PIET~1.COU\AppData\Local\Temp\ccAsXtz4.s 			page 14


 361              		.align	1
 362              		.global	isr_1_GetState
 363              		.thumb
 364              		.thumb_func
 365              		.type	isr_1_GetState, %function
 366              	isr_1_GetState:
 367              	.LFB72:
 329:.\Generated_Source\PSoC5/isr_1.c ****     /* Get the state of the general interrupt. */
 368              		.loc 1 329 0
 369              		.cfi_startproc
 370              		@ args = 0, pretend = 0, frame = 0
 371              		@ frame_needed = 0, uses_anonymous_args = 0
 372              		@ link register save eliminated.
 331:.\Generated_Source\PSoC5/isr_1.c **** }
 373              		.loc 1 331 0
 374 0000 024B     		ldr	r3, .L27
 375 0002 1868     		ldr	r0, [r3]
 332:.\Generated_Source\PSoC5/isr_1.c **** 
 376              		.loc 1 332 0
 377 0004 00F00100 		and	r0, r0, #1
 378 0008 7047     		bx	lr
 379              	.L28:
 380 000a 00BF     		.align	2
 381              	.L27:
 382 000c 00E100E0 		.word	-536813312
 383              		.cfi_endproc
 384              	.LFE72:
 385              		.size	isr_1_GetState, .-isr_1_GetState
 386              		.section	.text.isr_1_Disable,"ax",%progbits
 387              		.align	1
 388              		.global	isr_1_Disable
 389              		.thumb
 390              		.thumb_func
 391              		.type	isr_1_Disable, %function
 392              	isr_1_Disable:
 393              	.LFB73:
 350:.\Generated_Source\PSoC5/isr_1.c ****     /* Disable the general interrupt. */
 394              		.loc 1 350 0
 395              		.cfi_startproc
 396              		@ args = 0, pretend = 0, frame = 0
 397              		@ frame_needed = 0, uses_anonymous_args = 0
 398              		@ link register save eliminated.
 399              		.loc 1 352 0
 400 0000 014B     		ldr	r3, .L30
 401 0002 0122     		movs	r2, #1
 402 0004 1A60     		str	r2, [r3]
 403 0006 7047     		bx	lr
 404              	.L31:
 405              		.align	2
 406              	.L30:
 407 0008 80E100E0 		.word	-536813184
 408              		.cfi_endproc
 409              	.LFE73:
 410              		.size	isr_1_Disable, .-isr_1_Disable
 411              		.section	.text.isr_1_SetPending,"ax",%progbits
 412              		.align	1
 413              		.global	isr_1_SetPending
ARM GAS  C:\Users\PIET~1.COU\AppData\Local\Temp\ccAsXtz4.s 			page 15


 414              		.thumb
 415              		.thumb_func
 416              		.type	isr_1_SetPending, %function
 417              	isr_1_SetPending:
 418              	.LFB74:
 353:.\Generated_Source\PSoC5/isr_1.c **** }
 354:.\Generated_Source\PSoC5/isr_1.c **** 
 355:.\Generated_Source\PSoC5/isr_1.c **** 
 356:.\Generated_Source\PSoC5/isr_1.c **** /*******************************************************************************
 357:.\Generated_Source\PSoC5/isr_1.c **** * Function Name: isr_1_SetPending
 358:.\Generated_Source\PSoC5/isr_1.c **** ********************************************************************************
 359:.\Generated_Source\PSoC5/isr_1.c **** *
 360:.\Generated_Source\PSoC5/isr_1.c **** * Summary:
 361:.\Generated_Source\PSoC5/isr_1.c **** *   Causes the Interrupt to enter the pending state, a software method of
 362:.\Generated_Source\PSoC5/isr_1.c **** *   generating the interrupt.
 363:.\Generated_Source\PSoC5/isr_1.c **** *
 364:.\Generated_Source\PSoC5/isr_1.c **** * Parameters:
 365:.\Generated_Source\PSoC5/isr_1.c **** *   None
 366:.\Generated_Source\PSoC5/isr_1.c **** *
 367:.\Generated_Source\PSoC5/isr_1.c **** * Return:
 368:.\Generated_Source\PSoC5/isr_1.c **** *   None
 369:.\Generated_Source\PSoC5/isr_1.c **** *
 370:.\Generated_Source\PSoC5/isr_1.c **** * Side Effects:
 371:.\Generated_Source\PSoC5/isr_1.c **** *   If interrupts are enabled and the interrupt is set up properly, the ISR is
 372:.\Generated_Source\PSoC5/isr_1.c **** *   entered (depending on the priority of this interrupt and other pending 
 373:.\Generated_Source\PSoC5/isr_1.c **** *   interrupts).
 374:.\Generated_Source\PSoC5/isr_1.c **** *
 375:.\Generated_Source\PSoC5/isr_1.c **** *******************************************************************************/
 376:.\Generated_Source\PSoC5/isr_1.c **** void isr_1_SetPending(void)
 377:.\Generated_Source\PSoC5/isr_1.c **** {
 419              		.loc 1 377 0
 420              		.cfi_startproc
 421              		@ args = 0, pretend = 0, frame = 0
 422              		@ frame_needed = 0, uses_anonymous_args = 0
 423              		@ link register save eliminated.
 378:.\Generated_Source\PSoC5/isr_1.c ****     *isr_1_INTC_SET_PD = isr_1__INTC_MASK;
 424              		.loc 1 378 0
 425 0000 014B     		ldr	r3, .L33
 426 0002 0122     		movs	r2, #1
 427 0004 1A60     		str	r2, [r3]
 428 0006 7047     		bx	lr
 429              	.L34:
 430              		.align	2
 431              	.L33:
 432 0008 00E200E0 		.word	-536813056
 433              		.cfi_endproc
 434              	.LFE74:
 435              		.size	isr_1_SetPending, .-isr_1_SetPending
 436              		.section	.text.isr_1_ClearPending,"ax",%progbits
 437              		.align	1
 438              		.global	isr_1_ClearPending
 439              		.thumb
 440              		.thumb_func
 441              		.type	isr_1_ClearPending, %function
 442              	isr_1_ClearPending:
 443              	.LFB75:
 379:.\Generated_Source\PSoC5/isr_1.c **** }
ARM GAS  C:\Users\PIET~1.COU\AppData\Local\Temp\ccAsXtz4.s 			page 16


 380:.\Generated_Source\PSoC5/isr_1.c **** 
 381:.\Generated_Source\PSoC5/isr_1.c **** 
 382:.\Generated_Source\PSoC5/isr_1.c **** /*******************************************************************************
 383:.\Generated_Source\PSoC5/isr_1.c **** * Function Name: isr_1_ClearPending
 384:.\Generated_Source\PSoC5/isr_1.c **** ********************************************************************************
 385:.\Generated_Source\PSoC5/isr_1.c **** *
 386:.\Generated_Source\PSoC5/isr_1.c **** * Summary:
 387:.\Generated_Source\PSoC5/isr_1.c **** *   Clears a pending interrupt in the interrupt controller.
 388:.\Generated_Source\PSoC5/isr_1.c **** *
 389:.\Generated_Source\PSoC5/isr_1.c **** *   Note Some interrupt sources are clear-on-read and require the block 
 390:.\Generated_Source\PSoC5/isr_1.c **** *   interrupt/status register to be read/cleared with the appropriate block API 
 391:.\Generated_Source\PSoC5/isr_1.c **** *   (GPIO, UART, and so on). Otherwise the ISR will continue to remain in 
 392:.\Generated_Source\PSoC5/isr_1.c **** *   pending state even though the interrupt itself is cleared using this API.
 393:.\Generated_Source\PSoC5/isr_1.c **** *
 394:.\Generated_Source\PSoC5/isr_1.c **** * Parameters:
 395:.\Generated_Source\PSoC5/isr_1.c **** *   None
 396:.\Generated_Source\PSoC5/isr_1.c **** *
 397:.\Generated_Source\PSoC5/isr_1.c **** * Return:
 398:.\Generated_Source\PSoC5/isr_1.c **** *   None
 399:.\Generated_Source\PSoC5/isr_1.c **** *
 400:.\Generated_Source\PSoC5/isr_1.c **** *******************************************************************************/
 401:.\Generated_Source\PSoC5/isr_1.c **** void isr_1_ClearPending(void)
 402:.\Generated_Source\PSoC5/isr_1.c **** {
 444              		.loc 1 402 0
 445              		.cfi_startproc
 446              		@ args = 0, pretend = 0, frame = 0
 447              		@ frame_needed = 0, uses_anonymous_args = 0
 448              		@ link register save eliminated.
 403:.\Generated_Source\PSoC5/isr_1.c ****     *isr_1_INTC_CLR_PD = isr_1__INTC_MASK;
 449              		.loc 1 403 0
 450 0000 014B     		ldr	r3, .L36
 451 0002 0122     		movs	r2, #1
 452 0004 1A60     		str	r2, [r3]
 453 0006 7047     		bx	lr
 454              	.L37:
 455              		.align	2
 456              	.L36:
 457 0008 80E200E0 		.word	-536812928
 458              		.cfi_endproc
 459              	.LFE75:
 460              		.size	isr_1_ClearPending, .-isr_1_ClearPending
 461              		.text
 462              	.Letext0:
 463              		.file 2 "c:\\program files (x86)\\cypress\\psoc creator\\3.3\\psoc creator\\import\\gnu\\arm\\4.9.
 464              		.file 3 "c:\\program files (x86)\\cypress\\psoc creator\\3.3\\psoc creator\\import\\gnu\\arm\\4.9.
 465              		.file 4 "Generated_Source\\PSoC5/cytypes.h"
 466              		.file 5 "Generated_Source\\PSoC5/core_cm3.h"
 467              		.file 6 "Generated_Source\\PSoC5/LEDs.h"
 468              		.section	.debug_info,"",%progbits
 469              	.Ldebug_info0:
 470 0000 C7030000 		.4byte	0x3c7
 471 0004 0400     		.2byte	0x4
 472 0006 00000000 		.4byte	.Ldebug_abbrev0
 473 000a 04       		.byte	0x4
 474 000b 01       		.uleb128 0x1
 475 000c EC010000 		.4byte	.LASF35
 476 0010 01       		.byte	0x1
ARM GAS  C:\Users\PIET~1.COU\AppData\Local\Temp\ccAsXtz4.s 			page 17


 477 0011 39000000 		.4byte	.LASF36
 478 0015 26010000 		.4byte	.LASF37
 479 0019 30000000 		.4byte	.Ldebug_ranges0+0x30
 480 001d 00000000 		.4byte	0
 481 0021 00000000 		.4byte	.Ldebug_line0
 482 0025 02       		.uleb128 0x2
 483 0026 04       		.byte	0x4
 484 0027 05       		.byte	0x5
 485 0028 696E7400 		.ascii	"int\000"
 486 002c 03       		.uleb128 0x3
 487 002d 04       		.byte	0x4
 488 002e 07       		.byte	0x7
 489 002f 5E010000 		.4byte	.LASF0
 490 0033 03       		.uleb128 0x3
 491 0034 01       		.byte	0x1
 492 0035 06       		.byte	0x6
 493 0036 93020000 		.4byte	.LASF1
 494 003a 03       		.uleb128 0x3
 495 003b 01       		.byte	0x1
 496 003c 08       		.byte	0x8
 497 003d B6000000 		.4byte	.LASF2
 498 0041 03       		.uleb128 0x3
 499 0042 02       		.byte	0x2
 500 0043 05       		.byte	0x5
 501 0044 E2010000 		.4byte	.LASF3
 502 0048 03       		.uleb128 0x3
 503 0049 02       		.byte	0x2
 504 004a 07       		.byte	0x7
 505 004b DB000000 		.4byte	.LASF4
 506 004f 04       		.uleb128 0x4
 507 0050 68000000 		.4byte	.LASF11
 508 0054 02       		.byte	0x2
 509 0055 3F       		.byte	0x3f
 510 0056 5A000000 		.4byte	0x5a
 511 005a 03       		.uleb128 0x3
 512 005b 04       		.byte	0x4
 513 005c 05       		.byte	0x5
 514 005d 8A020000 		.4byte	.LASF5
 515 0061 03       		.uleb128 0x3
 516 0062 04       		.byte	0x4
 517 0063 07       		.byte	0x7
 518 0064 C9000000 		.4byte	.LASF6
 519 0068 03       		.uleb128 0x3
 520 0069 08       		.byte	0x8
 521 006a 05       		.byte	0x5
 522 006b B5010000 		.4byte	.LASF7
 523 006f 03       		.uleb128 0x3
 524 0070 08       		.byte	0x8
 525 0071 07       		.byte	0x7
 526 0072 73010000 		.4byte	.LASF8
 527 0076 03       		.uleb128 0x3
 528 0077 04       		.byte	0x4
 529 0078 07       		.byte	0x7
 530 0079 AC010000 		.4byte	.LASF9
 531 007d 05       		.uleb128 0x5
 532 007e 04       		.byte	0x4
 533 007f 83000000 		.4byte	0x83
ARM GAS  C:\Users\PIET~1.COU\AppData\Local\Temp\ccAsXtz4.s 			page 18


 534 0083 06       		.uleb128 0x6
 535 0084 03       		.uleb128 0x3
 536 0085 01       		.byte	0x1
 537 0086 08       		.byte	0x8
 538 0087 C3010000 		.4byte	.LASF10
 539 008b 04       		.uleb128 0x4
 540 008c A4010000 		.4byte	.LASF12
 541 0090 03       		.byte	0x3
 542 0091 2C       		.byte	0x2c
 543 0092 4F000000 		.4byte	0x4f
 544 0096 04       		.uleb128 0x4
 545 0097 B0000000 		.4byte	.LASF13
 546 009b 04       		.byte	0x4
 547 009c C2       		.byte	0xc2
 548 009d 3A000000 		.4byte	0x3a
 549 00a1 04       		.uleb128 0x4
 550 00a2 57010000 		.4byte	.LASF14
 551 00a6 04       		.byte	0x4
 552 00a7 C4       		.byte	0xc4
 553 00a8 61000000 		.4byte	0x61
 554 00ac 03       		.uleb128 0x3
 555 00ad 04       		.byte	0x4
 556 00ae 04       		.byte	0x4
 557 00af AA000000 		.4byte	.LASF15
 558 00b3 03       		.uleb128 0x3
 559 00b4 08       		.byte	0x8
 560 00b5 04       		.byte	0x4
 561 00b6 9F020000 		.4byte	.LASF16
 562 00ba 07       		.uleb128 0x7
 563 00bb C4000000 		.4byte	.LASF17
 564 00bf 04       		.byte	0x4
 565 00c0 6C01     		.2byte	0x16c
 566 00c2 C6000000 		.4byte	0xc6
 567 00c6 08       		.uleb128 0x8
 568 00c7 96000000 		.4byte	0x96
 569 00cb 07       		.uleb128 0x7
 570 00cc 13000000 		.4byte	.LASF18
 571 00d0 04       		.byte	0x4
 572 00d1 6E01     		.2byte	0x16e
 573 00d3 D7000000 		.4byte	0xd7
 574 00d7 08       		.uleb128 0x8
 575 00d8 A1000000 		.4byte	0xa1
 576 00dc 07       		.uleb128 0x7
 577 00dd 8A010000 		.4byte	.LASF19
 578 00e1 04       		.byte	0x4
 579 00e2 7E01     		.2byte	0x17e
 580 00e4 7D000000 		.4byte	0x7d
 581 00e8 09       		.uleb128 0x9
 582 00e9 5A000000 		.4byte	.LASF24
 583 00ed 01       		.byte	0x1
 584 00ee 5D01     		.2byte	0x15d
 585 00f0 01       		.byte	0x1
 586 00f1 0A       		.uleb128 0xa
 587 00f2 FB000000 		.4byte	.LASF20
 588 00f6 01       		.byte	0x1
 589 00f7 C8       		.byte	0xc8
 590 00f8 01       		.byte	0x1
ARM GAS  C:\Users\PIET~1.COU\AppData\Local\Temp\ccAsXtz4.s 			page 19


 591 00f9 14010000 		.4byte	0x114
 592 00fd 0B       		.uleb128 0xb
 593 00fe 6B010000 		.4byte	.LASF22
 594 0102 01       		.byte	0x1
 595 0103 C8       		.byte	0xc8
 596 0104 DC000000 		.4byte	0xdc
 597 0108 0C       		.uleb128 0xc
 598 0109 C8010000 		.4byte	.LASF32
 599 010d 01       		.byte	0x1
 600 010e CA       		.byte	0xca
 601 010f 14010000 		.4byte	0x114
 602 0113 00       		.byte	0
 603 0114 05       		.uleb128 0x5
 604 0115 04       		.byte	0x4
 605 0116 DC000000 		.4byte	0xdc
 606 011a 0D       		.uleb128 0xd
 607 011b 0B010000 		.4byte	.LASF21
 608 011f 01       		.byte	0x1
 609 0120 0201     		.2byte	0x102
 610 0122 01       		.byte	0x1
 611 0123 34010000 		.4byte	0x134
 612 0127 0E       		.uleb128 0xe
 613 0128 1D010000 		.4byte	.LASF23
 614 012c 01       		.byte	0x1
 615 012d 0201     		.2byte	0x102
 616 012f 96000000 		.4byte	0x96
 617 0133 00       		.byte	0
 618 0134 09       		.uleb128 0x9
 619 0135 EE000000 		.4byte	.LASF25
 620 0139 01       		.byte	0x1
 621 013a 3301     		.2byte	0x133
 622 013c 01       		.byte	0x1
 623 013d 0F       		.uleb128 0xf
 624 013e 7A020000 		.4byte	.LASF26
 625 0142 01       		.byte	0x1
 626 0143 A0       		.byte	0xa0
 627 0144 00000000 		.4byte	.LFB66
 628 0148 14000000 		.4byte	.LFE66-.LFB66
 629 014c 01       		.uleb128 0x1
 630 014d 9C       		.byte	0x9c
 631 014e 65010000 		.4byte	0x165
 632 0152 10       		.uleb128 0x10
 633 0153 06000000 		.4byte	.LVL0
 634 0157 B2030000 		.4byte	0x3b2
 635 015b 11       		.uleb128 0x11
 636 015c 14000000 		.4byte	.LVL1
 637 0160 BD030000 		.4byte	0x3bd
 638 0164 00       		.byte	0
 639 0165 0F       		.uleb128 0xf
 640 0166 7C000000 		.4byte	.LASF27
 641 016a 01       		.byte	0x1
 642 016b 3D       		.byte	0x3d
 643 016c 00000000 		.4byte	.LFB63
 644 0170 2C000000 		.4byte	.LFE63-.LFB63
 645 0174 01       		.uleb128 0x1
 646 0175 9C       		.byte	0x9c
 647 0176 E6010000 		.4byte	0x1e6
ARM GAS  C:\Users\PIET~1.COU\AppData\Local\Temp\ccAsXtz4.s 			page 20


 648 017a 12       		.uleb128 0x12
 649 017b E8000000 		.4byte	0xe8
 650 017f 00000000 		.4byte	.LBB22
 651 0183 06000000 		.4byte	.LBE22-.LBB22
 652 0187 01       		.byte	0x1
 653 0188 40       		.byte	0x40
 654 0189 13       		.uleb128 0x13
 655 018a F1000000 		.4byte	0xf1
 656 018e 06000000 		.4byte	.LBB24
 657 0192 0A000000 		.4byte	.LBE24-.LBB24
 658 0196 01       		.byte	0x1
 659 0197 43       		.byte	0x43
 660 0198 BC010000 		.4byte	0x1bc
 661 019c 14       		.uleb128 0x14
 662 019d FD000000 		.4byte	0xfd
 663 01a1 06       		.uleb128 0x6
 664 01a2 03       		.byte	0x3
 665 01a3 00000000 		.4byte	isr_1_Interrupt
 666 01a7 9F       		.byte	0x9f
 667 01a8 15       		.uleb128 0x15
 668 01a9 06000000 		.4byte	.LBB25
 669 01ad 0A000000 		.4byte	.LBE25-.LBB25
 670 01b1 16       		.uleb128 0x16
 671 01b2 08010000 		.4byte	0x108
 672 01b6 00000000 		.4byte	.LLST0
 673 01ba 00       		.byte	0
 674 01bb 00       		.byte	0
 675 01bc 13       		.uleb128 0x13
 676 01bd 1A010000 		.4byte	0x11a
 677 01c1 10000000 		.4byte	.LBB26
 678 01c5 06000000 		.4byte	.LBE26-.LBB26
 679 01c9 01       		.byte	0x1
 680 01ca 46       		.byte	0x46
 681 01cb D6010000 		.4byte	0x1d6
 682 01cf 17       		.uleb128 0x17
 683 01d0 27010000 		.4byte	0x127
 684 01d4 02       		.byte	0x2
 685 01d5 00       		.byte	0
 686 01d6 12       		.uleb128 0x12
 687 01d7 34010000 		.4byte	0x134
 688 01db 16000000 		.4byte	.LBB28
 689 01df 16000000 		.4byte	.LBE28-.LBB28
 690 01e3 01       		.byte	0x1
 691 01e4 49       		.byte	0x49
 692 01e5 00       		.byte	0
 693 01e6 0F       		.uleb128 0xf
 694 01e7 A6020000 		.4byte	.LASF28
 695 01eb 01       		.byte	0x1
 696 01ec 68       		.byte	0x68
 697 01ed 00000000 		.4byte	.LFB64
 698 01f1 24000000 		.4byte	.LFE64-.LFB64
 699 01f5 01       		.uleb128 0x1
 700 01f6 9C       		.byte	0x9c
 701 01f7 6B020000 		.4byte	0x26b
 702 01fb 18       		.uleb128 0x18
 703 01fc 6B010000 		.4byte	.LASF22
 704 0200 01       		.byte	0x1
ARM GAS  C:\Users\PIET~1.COU\AppData\Local\Temp\ccAsXtz4.s 			page 21


 705 0201 68       		.byte	0x68
 706 0202 DC000000 		.4byte	0xdc
 707 0206 01       		.uleb128 0x1
 708 0207 50       		.byte	0x50
 709 0208 12       		.uleb128 0x12
 710 0209 E8000000 		.4byte	0xe8
 711 020d 00000000 		.4byte	.LBB30
 712 0211 06000000 		.4byte	.LBE30-.LBB30
 713 0215 01       		.byte	0x1
 714 0216 6B       		.byte	0x6b
 715 0217 19       		.uleb128 0x19
 716 0218 F1000000 		.4byte	0xf1
 717 021c 06000000 		.4byte	.LBB32
 718 0220 00000000 		.4byte	.Ldebug_ranges0+0
 719 0224 01       		.byte	0x1
 720 0225 6E       		.byte	0x6e
 721 0226 41020000 		.4byte	0x241
 722 022a 14       		.uleb128 0x14
 723 022b FD000000 		.4byte	0xfd
 724 022f 01       		.uleb128 0x1
 725 0230 50       		.byte	0x50
 726 0231 1A       		.uleb128 0x1a
 727 0232 00000000 		.4byte	.Ldebug_ranges0+0
 728 0236 16       		.uleb128 0x16
 729 0237 08010000 		.4byte	0x108
 730 023b 13000000 		.4byte	.LLST1
 731 023f 00       		.byte	0
 732 0240 00       		.byte	0
 733 0241 19       		.uleb128 0x19
 734 0242 1A010000 		.4byte	0x11a
 735 0246 0C000000 		.4byte	.LBB35
 736 024a 18000000 		.4byte	.Ldebug_ranges0+0x18
 737 024e 01       		.byte	0x1
 738 024f 71       		.byte	0x71
 739 0250 5B020000 		.4byte	0x25b
 740 0254 17       		.uleb128 0x17
 741 0255 27010000 		.4byte	0x127
 742 0259 02       		.byte	0x2
 743 025a 00       		.byte	0
 744 025b 12       		.uleb128 0x12
 745 025c 34010000 		.4byte	0x134
 746 0260 14000000 		.4byte	.LBB40
 747 0264 10000000 		.4byte	.LBE40-.LBB40
 748 0268 01       		.byte	0x1
 749 0269 74       		.byte	0x74
 750 026a 00       		.byte	0
 751 026b 0F       		.uleb128 0xf
 752 026c B4020000 		.4byte	.LASF29
 753 0270 01       		.byte	0x1
 754 0271 86       		.byte	0x86
 755 0272 00000000 		.4byte	.LFB65
 756 0276 1C000000 		.4byte	.LFE65-.LFB65
 757 027a 01       		.uleb128 0x1
 758 027b 9C       		.byte	0x9c
 759 027c B6020000 		.4byte	0x2b6
 760 0280 12       		.uleb128 0x12
 761 0281 E8000000 		.4byte	0xe8
ARM GAS  C:\Users\PIET~1.COU\AppData\Local\Temp\ccAsXtz4.s 			page 22


 762 0285 00000000 		.4byte	.LBB42
 763 0289 06000000 		.4byte	.LBE42-.LBB42
 764 028d 01       		.byte	0x1
 765 028e 89       		.byte	0x89
 766 028f 1B       		.uleb128 0x1b
 767 0290 F1000000 		.4byte	0xf1
 768 0294 06000000 		.4byte	.LBB44
 769 0298 16000000 		.4byte	.LBE44-.LBB44
 770 029c 01       		.byte	0x1
 771 029d 8C       		.byte	0x8c
 772 029e 1C       		.uleb128 0x1c
 773 029f FD000000 		.4byte	0xfd
 774 02a3 15       		.uleb128 0x15
 775 02a4 06000000 		.4byte	.LBB45
 776 02a8 16000000 		.4byte	.LBE45-.LBB45
 777 02ac 1D       		.uleb128 0x1d
 778 02ad 08010000 		.4byte	0x108
 779 02b1 01       		.uleb128 0x1
 780 02b2 53       		.byte	0x53
 781 02b3 00       		.byte	0
 782 02b4 00       		.byte	0
 783 02b5 00       		.byte	0
 784 02b6 1E       		.uleb128 0x1e
 785 02b7 F1000000 		.4byte	0xf1
 786 02bb 00000000 		.4byte	.LFB67
 787 02bf 0C000000 		.4byte	.LFE67-.LFB67
 788 02c3 01       		.uleb128 0x1
 789 02c4 9C       		.byte	0x9c
 790 02c5 D8020000 		.4byte	0x2d8
 791 02c9 14       		.uleb128 0x14
 792 02ca FD000000 		.4byte	0xfd
 793 02ce 01       		.uleb128 0x1
 794 02cf 50       		.byte	0x50
 795 02d0 1D       		.uleb128 0x1d
 796 02d1 08010000 		.4byte	0x108
 797 02d5 01       		.uleb128 0x1
 798 02d6 53       		.byte	0x53
 799 02d7 00       		.byte	0
 800 02d8 1F       		.uleb128 0x1f
 801 02d9 9A000000 		.4byte	.LASF30
 802 02dd 01       		.byte	0x1
 803 02de E0       		.byte	0xe0
 804 02df DC000000 		.4byte	0xdc
 805 02e3 00000000 		.4byte	.LFB68
 806 02e7 0C000000 		.4byte	.LFE68-.LFB68
 807 02eb 01       		.uleb128 0x1
 808 02ec 9C       		.byte	0x9c
 809 02ed 01030000 		.4byte	0x301
 810 02f1 20       		.uleb128 0x20
 811 02f2 C8010000 		.4byte	.LASF32
 812 02f6 01       		.byte	0x1
 813 02f7 E2       		.byte	0xe2
 814 02f8 14010000 		.4byte	0x114
 815 02fc 26000000 		.4byte	.LLST2
 816 0300 00       		.byte	0
 817 0301 1E       		.uleb128 0x1e
 818 0302 1A010000 		.4byte	0x11a
ARM GAS  C:\Users\PIET~1.COU\AppData\Local\Temp\ccAsXtz4.s 			page 23


 819 0306 00000000 		.4byte	.LFB69
 820 030a 10000000 		.4byte	.LFE69-.LFB69
 821 030e 01       		.uleb128 0x1
 822 030f 9C       		.byte	0x9c
 823 0310 1E030000 		.4byte	0x31e
 824 0314 21       		.uleb128 0x21
 825 0315 27010000 		.4byte	0x127
 826 0319 55000000 		.4byte	.LLST3
 827 031d 00       		.byte	0
 828 031e 22       		.uleb128 0x22
 829 031f 88000000 		.4byte	.LASF31
 830 0323 01       		.byte	0x1
 831 0324 1801     		.2byte	0x118
 832 0326 96000000 		.4byte	0x96
 833 032a 00000000 		.4byte	.LFB70
 834 032e 0C000000 		.4byte	.LFE70-.LFB70
 835 0332 01       		.uleb128 0x1
 836 0333 9C       		.byte	0x9c
 837 0334 49030000 		.4byte	0x349
 838 0338 23       		.uleb128 0x23
 839 0339 1D010000 		.4byte	.LASF23
 840 033d 01       		.byte	0x1
 841 033e 1A01     		.2byte	0x11a
 842 0340 96000000 		.4byte	0x96
 843 0344 76000000 		.4byte	.LLST4
 844 0348 00       		.byte	0
 845 0349 24       		.uleb128 0x24
 846 034a 34010000 		.4byte	0x134
 847 034e 00000000 		.4byte	.LFB71
 848 0352 0C000000 		.4byte	.LFE71-.LFB71
 849 0356 01       		.uleb128 0x1
 850 0357 9C       		.byte	0x9c
 851 0358 25       		.uleb128 0x25
 852 0359 2A000000 		.4byte	.LASF38
 853 035d 01       		.byte	0x1
 854 035e 4801     		.2byte	0x148
 855 0360 96000000 		.4byte	0x96
 856 0364 00000000 		.4byte	.LFB72
 857 0368 10000000 		.4byte	.LFE72-.LFB72
 858 036c 01       		.uleb128 0x1
 859 036d 9C       		.byte	0x9c
 860 036e 24       		.uleb128 0x24
 861 036f E8000000 		.4byte	0xe8
 862 0373 00000000 		.4byte	.LFB73
 863 0377 0C000000 		.4byte	.LFE73-.LFB73
 864 037b 01       		.uleb128 0x1
 865 037c 9C       		.byte	0x9c
 866 037d 26       		.uleb128 0x26
 867 037e 19000000 		.4byte	.LASF33
 868 0382 01       		.byte	0x1
 869 0383 7801     		.2byte	0x178
 870 0385 00000000 		.4byte	.LFB74
 871 0389 0C000000 		.4byte	.LFE74-.LFB74
 872 038d 01       		.uleb128 0x1
 873 038e 9C       		.byte	0x9c
 874 038f 26       		.uleb128 0x26
 875 0390 00000000 		.4byte	.LASF34
ARM GAS  C:\Users\PIET~1.COU\AppData\Local\Temp\ccAsXtz4.s 			page 24


 876 0394 01       		.byte	0x1
 877 0395 9101     		.2byte	0x191
 878 0397 00000000 		.4byte	.LFB75
 879 039b 0C000000 		.4byte	.LFE75-.LFB75
 880 039f 01       		.uleb128 0x1
 881 03a0 9C       		.byte	0x9c
 882 03a1 27       		.uleb128 0x27
 883 03a2 97010000 		.4byte	.LASF39
 884 03a6 05       		.byte	0x5
 885 03a7 2A06     		.2byte	0x62a
 886 03a9 AD030000 		.4byte	0x3ad
 887 03ad 08       		.uleb128 0x8
 888 03ae 8B000000 		.4byte	0x8b
 889 03b2 28       		.uleb128 0x28
 890 03b3 72000000 		.4byte	.LASF40
 891 03b7 06       		.byte	0x6
 892 03b8 28       		.byte	0x28
 893 03b9 96000000 		.4byte	0x96
 894 03bd 29       		.uleb128 0x29
 895 03be D7010000 		.4byte	.LASF41
 896 03c2 06       		.byte	0x6
 897 03c3 27       		.byte	0x27
 898 03c4 2A       		.uleb128 0x2a
 899 03c5 96000000 		.4byte	0x96
 900 03c9 00       		.byte	0
 901 03ca 00       		.byte	0
 902              		.section	.debug_abbrev,"",%progbits
 903              	.Ldebug_abbrev0:
 904 0000 01       		.uleb128 0x1
 905 0001 11       		.uleb128 0x11
 906 0002 01       		.byte	0x1
 907 0003 25       		.uleb128 0x25
 908 0004 0E       		.uleb128 0xe
 909 0005 13       		.uleb128 0x13
 910 0006 0B       		.uleb128 0xb
 911 0007 03       		.uleb128 0x3
 912 0008 0E       		.uleb128 0xe
 913 0009 1B       		.uleb128 0x1b
 914 000a 0E       		.uleb128 0xe
 915 000b 55       		.uleb128 0x55
 916 000c 17       		.uleb128 0x17
 917 000d 11       		.uleb128 0x11
 918 000e 01       		.uleb128 0x1
 919 000f 10       		.uleb128 0x10
 920 0010 17       		.uleb128 0x17
 921 0011 00       		.byte	0
 922 0012 00       		.byte	0
 923 0013 02       		.uleb128 0x2
 924 0014 24       		.uleb128 0x24
 925 0015 00       		.byte	0
 926 0016 0B       		.uleb128 0xb
 927 0017 0B       		.uleb128 0xb
 928 0018 3E       		.uleb128 0x3e
 929 0019 0B       		.uleb128 0xb
 930 001a 03       		.uleb128 0x3
 931 001b 08       		.uleb128 0x8
 932 001c 00       		.byte	0
ARM GAS  C:\Users\PIET~1.COU\AppData\Local\Temp\ccAsXtz4.s 			page 25


 933 001d 00       		.byte	0
 934 001e 03       		.uleb128 0x3
 935 001f 24       		.uleb128 0x24
 936 0020 00       		.byte	0
 937 0021 0B       		.uleb128 0xb
 938 0022 0B       		.uleb128 0xb
 939 0023 3E       		.uleb128 0x3e
 940 0024 0B       		.uleb128 0xb
 941 0025 03       		.uleb128 0x3
 942 0026 0E       		.uleb128 0xe
 943 0027 00       		.byte	0
 944 0028 00       		.byte	0
 945 0029 04       		.uleb128 0x4
 946 002a 16       		.uleb128 0x16
 947 002b 00       		.byte	0
 948 002c 03       		.uleb128 0x3
 949 002d 0E       		.uleb128 0xe
 950 002e 3A       		.uleb128 0x3a
 951 002f 0B       		.uleb128 0xb
 952 0030 3B       		.uleb128 0x3b
 953 0031 0B       		.uleb128 0xb
 954 0032 49       		.uleb128 0x49
 955 0033 13       		.uleb128 0x13
 956 0034 00       		.byte	0
 957 0035 00       		.byte	0
 958 0036 05       		.uleb128 0x5
 959 0037 0F       		.uleb128 0xf
 960 0038 00       		.byte	0
 961 0039 0B       		.uleb128 0xb
 962 003a 0B       		.uleb128 0xb
 963 003b 49       		.uleb128 0x49
 964 003c 13       		.uleb128 0x13
 965 003d 00       		.byte	0
 966 003e 00       		.byte	0
 967 003f 06       		.uleb128 0x6
 968 0040 15       		.uleb128 0x15
 969 0041 00       		.byte	0
 970 0042 27       		.uleb128 0x27
 971 0043 19       		.uleb128 0x19
 972 0044 00       		.byte	0
 973 0045 00       		.byte	0
 974 0046 07       		.uleb128 0x7
 975 0047 16       		.uleb128 0x16
 976 0048 00       		.byte	0
 977 0049 03       		.uleb128 0x3
 978 004a 0E       		.uleb128 0xe
 979 004b 3A       		.uleb128 0x3a
 980 004c 0B       		.uleb128 0xb
 981 004d 3B       		.uleb128 0x3b
 982 004e 05       		.uleb128 0x5
 983 004f 49       		.uleb128 0x49
 984 0050 13       		.uleb128 0x13
 985 0051 00       		.byte	0
 986 0052 00       		.byte	0
 987 0053 08       		.uleb128 0x8
 988 0054 35       		.uleb128 0x35
 989 0055 00       		.byte	0
ARM GAS  C:\Users\PIET~1.COU\AppData\Local\Temp\ccAsXtz4.s 			page 26


 990 0056 49       		.uleb128 0x49
 991 0057 13       		.uleb128 0x13
 992 0058 00       		.byte	0
 993 0059 00       		.byte	0
 994 005a 09       		.uleb128 0x9
 995 005b 2E       		.uleb128 0x2e
 996 005c 00       		.byte	0
 997 005d 3F       		.uleb128 0x3f
 998 005e 19       		.uleb128 0x19
 999 005f 03       		.uleb128 0x3
 1000 0060 0E       		.uleb128 0xe
 1001 0061 3A       		.uleb128 0x3a
 1002 0062 0B       		.uleb128 0xb
 1003 0063 3B       		.uleb128 0x3b
 1004 0064 05       		.uleb128 0x5
 1005 0065 27       		.uleb128 0x27
 1006 0066 19       		.uleb128 0x19
 1007 0067 20       		.uleb128 0x20
 1008 0068 0B       		.uleb128 0xb
 1009 0069 00       		.byte	0
 1010 006a 00       		.byte	0
 1011 006b 0A       		.uleb128 0xa
 1012 006c 2E       		.uleb128 0x2e
 1013 006d 01       		.byte	0x1
 1014 006e 3F       		.uleb128 0x3f
 1015 006f 19       		.uleb128 0x19
 1016 0070 03       		.uleb128 0x3
 1017 0071 0E       		.uleb128 0xe
 1018 0072 3A       		.uleb128 0x3a
 1019 0073 0B       		.uleb128 0xb
 1020 0074 3B       		.uleb128 0x3b
 1021 0075 0B       		.uleb128 0xb
 1022 0076 27       		.uleb128 0x27
 1023 0077 19       		.uleb128 0x19
 1024 0078 20       		.uleb128 0x20
 1025 0079 0B       		.uleb128 0xb
 1026 007a 01       		.uleb128 0x1
 1027 007b 13       		.uleb128 0x13
 1028 007c 00       		.byte	0
 1029 007d 00       		.byte	0
 1030 007e 0B       		.uleb128 0xb
 1031 007f 05       		.uleb128 0x5
 1032 0080 00       		.byte	0
 1033 0081 03       		.uleb128 0x3
 1034 0082 0E       		.uleb128 0xe
 1035 0083 3A       		.uleb128 0x3a
 1036 0084 0B       		.uleb128 0xb
 1037 0085 3B       		.uleb128 0x3b
 1038 0086 0B       		.uleb128 0xb
 1039 0087 49       		.uleb128 0x49
 1040 0088 13       		.uleb128 0x13
 1041 0089 00       		.byte	0
 1042 008a 00       		.byte	0
 1043 008b 0C       		.uleb128 0xc
 1044 008c 34       		.uleb128 0x34
 1045 008d 00       		.byte	0
 1046 008e 03       		.uleb128 0x3
ARM GAS  C:\Users\PIET~1.COU\AppData\Local\Temp\ccAsXtz4.s 			page 27


 1047 008f 0E       		.uleb128 0xe
 1048 0090 3A       		.uleb128 0x3a
 1049 0091 0B       		.uleb128 0xb
 1050 0092 3B       		.uleb128 0x3b
 1051 0093 0B       		.uleb128 0xb
 1052 0094 49       		.uleb128 0x49
 1053 0095 13       		.uleb128 0x13
 1054 0096 00       		.byte	0
 1055 0097 00       		.byte	0
 1056 0098 0D       		.uleb128 0xd
 1057 0099 2E       		.uleb128 0x2e
 1058 009a 01       		.byte	0x1
 1059 009b 3F       		.uleb128 0x3f
 1060 009c 19       		.uleb128 0x19
 1061 009d 03       		.uleb128 0x3
 1062 009e 0E       		.uleb128 0xe
 1063 009f 3A       		.uleb128 0x3a
 1064 00a0 0B       		.uleb128 0xb
 1065 00a1 3B       		.uleb128 0x3b
 1066 00a2 05       		.uleb128 0x5
 1067 00a3 27       		.uleb128 0x27
 1068 00a4 19       		.uleb128 0x19
 1069 00a5 20       		.uleb128 0x20
 1070 00a6 0B       		.uleb128 0xb
 1071 00a7 01       		.uleb128 0x1
 1072 00a8 13       		.uleb128 0x13
 1073 00a9 00       		.byte	0
 1074 00aa 00       		.byte	0
 1075 00ab 0E       		.uleb128 0xe
 1076 00ac 05       		.uleb128 0x5
 1077 00ad 00       		.byte	0
 1078 00ae 03       		.uleb128 0x3
 1079 00af 0E       		.uleb128 0xe
 1080 00b0 3A       		.uleb128 0x3a
 1081 00b1 0B       		.uleb128 0xb
 1082 00b2 3B       		.uleb128 0x3b
 1083 00b3 05       		.uleb128 0x5
 1084 00b4 49       		.uleb128 0x49
 1085 00b5 13       		.uleb128 0x13
 1086 00b6 00       		.byte	0
 1087 00b7 00       		.byte	0
 1088 00b8 0F       		.uleb128 0xf
 1089 00b9 2E       		.uleb128 0x2e
 1090 00ba 01       		.byte	0x1
 1091 00bb 3F       		.uleb128 0x3f
 1092 00bc 19       		.uleb128 0x19
 1093 00bd 03       		.uleb128 0x3
 1094 00be 0E       		.uleb128 0xe
 1095 00bf 3A       		.uleb128 0x3a
 1096 00c0 0B       		.uleb128 0xb
 1097 00c1 3B       		.uleb128 0x3b
 1098 00c2 0B       		.uleb128 0xb
 1099 00c3 27       		.uleb128 0x27
 1100 00c4 19       		.uleb128 0x19
 1101 00c5 11       		.uleb128 0x11
 1102 00c6 01       		.uleb128 0x1
 1103 00c7 12       		.uleb128 0x12
ARM GAS  C:\Users\PIET~1.COU\AppData\Local\Temp\ccAsXtz4.s 			page 28


 1104 00c8 06       		.uleb128 0x6
 1105 00c9 40       		.uleb128 0x40
 1106 00ca 18       		.uleb128 0x18
 1107 00cb 9742     		.uleb128 0x2117
 1108 00cd 19       		.uleb128 0x19
 1109 00ce 01       		.uleb128 0x1
 1110 00cf 13       		.uleb128 0x13
 1111 00d0 00       		.byte	0
 1112 00d1 00       		.byte	0
 1113 00d2 10       		.uleb128 0x10
 1114 00d3 898201   		.uleb128 0x4109
 1115 00d6 00       		.byte	0
 1116 00d7 11       		.uleb128 0x11
 1117 00d8 01       		.uleb128 0x1
 1118 00d9 31       		.uleb128 0x31
 1119 00da 13       		.uleb128 0x13
 1120 00db 00       		.byte	0
 1121 00dc 00       		.byte	0
 1122 00dd 11       		.uleb128 0x11
 1123 00de 898201   		.uleb128 0x4109
 1124 00e1 00       		.byte	0
 1125 00e2 11       		.uleb128 0x11
 1126 00e3 01       		.uleb128 0x1
 1127 00e4 9542     		.uleb128 0x2115
 1128 00e6 19       		.uleb128 0x19
 1129 00e7 31       		.uleb128 0x31
 1130 00e8 13       		.uleb128 0x13
 1131 00e9 00       		.byte	0
 1132 00ea 00       		.byte	0
 1133 00eb 12       		.uleb128 0x12
 1134 00ec 1D       		.uleb128 0x1d
 1135 00ed 00       		.byte	0
 1136 00ee 31       		.uleb128 0x31
 1137 00ef 13       		.uleb128 0x13
 1138 00f0 11       		.uleb128 0x11
 1139 00f1 01       		.uleb128 0x1
 1140 00f2 12       		.uleb128 0x12
 1141 00f3 06       		.uleb128 0x6
 1142 00f4 58       		.uleb128 0x58
 1143 00f5 0B       		.uleb128 0xb
 1144 00f6 59       		.uleb128 0x59
 1145 00f7 0B       		.uleb128 0xb
 1146 00f8 00       		.byte	0
 1147 00f9 00       		.byte	0
 1148 00fa 13       		.uleb128 0x13
 1149 00fb 1D       		.uleb128 0x1d
 1150 00fc 01       		.byte	0x1
 1151 00fd 31       		.uleb128 0x31
 1152 00fe 13       		.uleb128 0x13
 1153 00ff 11       		.uleb128 0x11
 1154 0100 01       		.uleb128 0x1
 1155 0101 12       		.uleb128 0x12
 1156 0102 06       		.uleb128 0x6
 1157 0103 58       		.uleb128 0x58
 1158 0104 0B       		.uleb128 0xb
 1159 0105 59       		.uleb128 0x59
 1160 0106 0B       		.uleb128 0xb
ARM GAS  C:\Users\PIET~1.COU\AppData\Local\Temp\ccAsXtz4.s 			page 29


 1161 0107 01       		.uleb128 0x1
 1162 0108 13       		.uleb128 0x13
 1163 0109 00       		.byte	0
 1164 010a 00       		.byte	0
 1165 010b 14       		.uleb128 0x14
 1166 010c 05       		.uleb128 0x5
 1167 010d 00       		.byte	0
 1168 010e 31       		.uleb128 0x31
 1169 010f 13       		.uleb128 0x13
 1170 0110 02       		.uleb128 0x2
 1171 0111 18       		.uleb128 0x18
 1172 0112 00       		.byte	0
 1173 0113 00       		.byte	0
 1174 0114 15       		.uleb128 0x15
 1175 0115 0B       		.uleb128 0xb
 1176 0116 01       		.byte	0x1
 1177 0117 11       		.uleb128 0x11
 1178 0118 01       		.uleb128 0x1
 1179 0119 12       		.uleb128 0x12
 1180 011a 06       		.uleb128 0x6
 1181 011b 00       		.byte	0
 1182 011c 00       		.byte	0
 1183 011d 16       		.uleb128 0x16
 1184 011e 34       		.uleb128 0x34
 1185 011f 00       		.byte	0
 1186 0120 31       		.uleb128 0x31
 1187 0121 13       		.uleb128 0x13
 1188 0122 02       		.uleb128 0x2
 1189 0123 17       		.uleb128 0x17
 1190 0124 00       		.byte	0
 1191 0125 00       		.byte	0
 1192 0126 17       		.uleb128 0x17
 1193 0127 05       		.uleb128 0x5
 1194 0128 00       		.byte	0
 1195 0129 31       		.uleb128 0x31
 1196 012a 13       		.uleb128 0x13
 1197 012b 1C       		.uleb128 0x1c
 1198 012c 0B       		.uleb128 0xb
 1199 012d 00       		.byte	0
 1200 012e 00       		.byte	0
 1201 012f 18       		.uleb128 0x18
 1202 0130 05       		.uleb128 0x5
 1203 0131 00       		.byte	0
 1204 0132 03       		.uleb128 0x3
 1205 0133 0E       		.uleb128 0xe
 1206 0134 3A       		.uleb128 0x3a
 1207 0135 0B       		.uleb128 0xb
 1208 0136 3B       		.uleb128 0x3b
 1209 0137 0B       		.uleb128 0xb
 1210 0138 49       		.uleb128 0x49
 1211 0139 13       		.uleb128 0x13
 1212 013a 02       		.uleb128 0x2
 1213 013b 18       		.uleb128 0x18
 1214 013c 00       		.byte	0
 1215 013d 00       		.byte	0
 1216 013e 19       		.uleb128 0x19
 1217 013f 1D       		.uleb128 0x1d
ARM GAS  C:\Users\PIET~1.COU\AppData\Local\Temp\ccAsXtz4.s 			page 30


 1218 0140 01       		.byte	0x1
 1219 0141 31       		.uleb128 0x31
 1220 0142 13       		.uleb128 0x13
 1221 0143 52       		.uleb128 0x52
 1222 0144 01       		.uleb128 0x1
 1223 0145 55       		.uleb128 0x55
 1224 0146 17       		.uleb128 0x17
 1225 0147 58       		.uleb128 0x58
 1226 0148 0B       		.uleb128 0xb
 1227 0149 59       		.uleb128 0x59
 1228 014a 0B       		.uleb128 0xb
 1229 014b 01       		.uleb128 0x1
 1230 014c 13       		.uleb128 0x13
 1231 014d 00       		.byte	0
 1232 014e 00       		.byte	0
 1233 014f 1A       		.uleb128 0x1a
 1234 0150 0B       		.uleb128 0xb
 1235 0151 01       		.byte	0x1
 1236 0152 55       		.uleb128 0x55
 1237 0153 17       		.uleb128 0x17
 1238 0154 00       		.byte	0
 1239 0155 00       		.byte	0
 1240 0156 1B       		.uleb128 0x1b
 1241 0157 1D       		.uleb128 0x1d
 1242 0158 01       		.byte	0x1
 1243 0159 31       		.uleb128 0x31
 1244 015a 13       		.uleb128 0x13
 1245 015b 11       		.uleb128 0x11
 1246 015c 01       		.uleb128 0x1
 1247 015d 12       		.uleb128 0x12
 1248 015e 06       		.uleb128 0x6
 1249 015f 58       		.uleb128 0x58
 1250 0160 0B       		.uleb128 0xb
 1251 0161 59       		.uleb128 0x59
 1252 0162 0B       		.uleb128 0xb
 1253 0163 00       		.byte	0
 1254 0164 00       		.byte	0
 1255 0165 1C       		.uleb128 0x1c
 1256 0166 05       		.uleb128 0x5
 1257 0167 00       		.byte	0
 1258 0168 31       		.uleb128 0x31
 1259 0169 13       		.uleb128 0x13
 1260 016a 00       		.byte	0
 1261 016b 00       		.byte	0
 1262 016c 1D       		.uleb128 0x1d
 1263 016d 34       		.uleb128 0x34
 1264 016e 00       		.byte	0
 1265 016f 31       		.uleb128 0x31
 1266 0170 13       		.uleb128 0x13
 1267 0171 02       		.uleb128 0x2
 1268 0172 18       		.uleb128 0x18
 1269 0173 00       		.byte	0
 1270 0174 00       		.byte	0
 1271 0175 1E       		.uleb128 0x1e
 1272 0176 2E       		.uleb128 0x2e
 1273 0177 01       		.byte	0x1
 1274 0178 31       		.uleb128 0x31
ARM GAS  C:\Users\PIET~1.COU\AppData\Local\Temp\ccAsXtz4.s 			page 31


 1275 0179 13       		.uleb128 0x13
 1276 017a 11       		.uleb128 0x11
 1277 017b 01       		.uleb128 0x1
 1278 017c 12       		.uleb128 0x12
 1279 017d 06       		.uleb128 0x6
 1280 017e 40       		.uleb128 0x40
 1281 017f 18       		.uleb128 0x18
 1282 0180 9742     		.uleb128 0x2117
 1283 0182 19       		.uleb128 0x19
 1284 0183 01       		.uleb128 0x1
 1285 0184 13       		.uleb128 0x13
 1286 0185 00       		.byte	0
 1287 0186 00       		.byte	0
 1288 0187 1F       		.uleb128 0x1f
 1289 0188 2E       		.uleb128 0x2e
 1290 0189 01       		.byte	0x1
 1291 018a 3F       		.uleb128 0x3f
 1292 018b 19       		.uleb128 0x19
 1293 018c 03       		.uleb128 0x3
 1294 018d 0E       		.uleb128 0xe
 1295 018e 3A       		.uleb128 0x3a
 1296 018f 0B       		.uleb128 0xb
 1297 0190 3B       		.uleb128 0x3b
 1298 0191 0B       		.uleb128 0xb
 1299 0192 27       		.uleb128 0x27
 1300 0193 19       		.uleb128 0x19
 1301 0194 49       		.uleb128 0x49
 1302 0195 13       		.uleb128 0x13
 1303 0196 11       		.uleb128 0x11
 1304 0197 01       		.uleb128 0x1
 1305 0198 12       		.uleb128 0x12
 1306 0199 06       		.uleb128 0x6
 1307 019a 40       		.uleb128 0x40
 1308 019b 18       		.uleb128 0x18
 1309 019c 9742     		.uleb128 0x2117
 1310 019e 19       		.uleb128 0x19
 1311 019f 01       		.uleb128 0x1
 1312 01a0 13       		.uleb128 0x13
 1313 01a1 00       		.byte	0
 1314 01a2 00       		.byte	0
 1315 01a3 20       		.uleb128 0x20
 1316 01a4 34       		.uleb128 0x34
 1317 01a5 00       		.byte	0
 1318 01a6 03       		.uleb128 0x3
 1319 01a7 0E       		.uleb128 0xe
 1320 01a8 3A       		.uleb128 0x3a
 1321 01a9 0B       		.uleb128 0xb
 1322 01aa 3B       		.uleb128 0x3b
 1323 01ab 0B       		.uleb128 0xb
 1324 01ac 49       		.uleb128 0x49
 1325 01ad 13       		.uleb128 0x13
 1326 01ae 02       		.uleb128 0x2
 1327 01af 17       		.uleb128 0x17
 1328 01b0 00       		.byte	0
 1329 01b1 00       		.byte	0
 1330 01b2 21       		.uleb128 0x21
 1331 01b3 05       		.uleb128 0x5
ARM GAS  C:\Users\PIET~1.COU\AppData\Local\Temp\ccAsXtz4.s 			page 32


 1332 01b4 00       		.byte	0
 1333 01b5 31       		.uleb128 0x31
 1334 01b6 13       		.uleb128 0x13
 1335 01b7 02       		.uleb128 0x2
 1336 01b8 17       		.uleb128 0x17
 1337 01b9 00       		.byte	0
 1338 01ba 00       		.byte	0
 1339 01bb 22       		.uleb128 0x22
 1340 01bc 2E       		.uleb128 0x2e
 1341 01bd 01       		.byte	0x1
 1342 01be 3F       		.uleb128 0x3f
 1343 01bf 19       		.uleb128 0x19
 1344 01c0 03       		.uleb128 0x3
 1345 01c1 0E       		.uleb128 0xe
 1346 01c2 3A       		.uleb128 0x3a
 1347 01c3 0B       		.uleb128 0xb
 1348 01c4 3B       		.uleb128 0x3b
 1349 01c5 05       		.uleb128 0x5
 1350 01c6 27       		.uleb128 0x27
 1351 01c7 19       		.uleb128 0x19
 1352 01c8 49       		.uleb128 0x49
 1353 01c9 13       		.uleb128 0x13
 1354 01ca 11       		.uleb128 0x11
 1355 01cb 01       		.uleb128 0x1
 1356 01cc 12       		.uleb128 0x12
 1357 01cd 06       		.uleb128 0x6
 1358 01ce 40       		.uleb128 0x40
 1359 01cf 18       		.uleb128 0x18
 1360 01d0 9742     		.uleb128 0x2117
 1361 01d2 19       		.uleb128 0x19
 1362 01d3 01       		.uleb128 0x1
 1363 01d4 13       		.uleb128 0x13
 1364 01d5 00       		.byte	0
 1365 01d6 00       		.byte	0
 1366 01d7 23       		.uleb128 0x23
 1367 01d8 34       		.uleb128 0x34
 1368 01d9 00       		.byte	0
 1369 01da 03       		.uleb128 0x3
 1370 01db 0E       		.uleb128 0xe
 1371 01dc 3A       		.uleb128 0x3a
 1372 01dd 0B       		.uleb128 0xb
 1373 01de 3B       		.uleb128 0x3b
 1374 01df 05       		.uleb128 0x5
 1375 01e0 49       		.uleb128 0x49
 1376 01e1 13       		.uleb128 0x13
 1377 01e2 02       		.uleb128 0x2
 1378 01e3 17       		.uleb128 0x17
 1379 01e4 00       		.byte	0
 1380 01e5 00       		.byte	0
 1381 01e6 24       		.uleb128 0x24
 1382 01e7 2E       		.uleb128 0x2e
 1383 01e8 00       		.byte	0
 1384 01e9 31       		.uleb128 0x31
 1385 01ea 13       		.uleb128 0x13
 1386 01eb 11       		.uleb128 0x11
 1387 01ec 01       		.uleb128 0x1
 1388 01ed 12       		.uleb128 0x12
ARM GAS  C:\Users\PIET~1.COU\AppData\Local\Temp\ccAsXtz4.s 			page 33


 1389 01ee 06       		.uleb128 0x6
 1390 01ef 40       		.uleb128 0x40
 1391 01f0 18       		.uleb128 0x18
 1392 01f1 9742     		.uleb128 0x2117
 1393 01f3 19       		.uleb128 0x19
 1394 01f4 00       		.byte	0
 1395 01f5 00       		.byte	0
 1396 01f6 25       		.uleb128 0x25
 1397 01f7 2E       		.uleb128 0x2e
 1398 01f8 00       		.byte	0
 1399 01f9 3F       		.uleb128 0x3f
 1400 01fa 19       		.uleb128 0x19
 1401 01fb 03       		.uleb128 0x3
 1402 01fc 0E       		.uleb128 0xe
 1403 01fd 3A       		.uleb128 0x3a
 1404 01fe 0B       		.uleb128 0xb
 1405 01ff 3B       		.uleb128 0x3b
 1406 0200 05       		.uleb128 0x5
 1407 0201 27       		.uleb128 0x27
 1408 0202 19       		.uleb128 0x19
 1409 0203 49       		.uleb128 0x49
 1410 0204 13       		.uleb128 0x13
 1411 0205 11       		.uleb128 0x11
 1412 0206 01       		.uleb128 0x1
 1413 0207 12       		.uleb128 0x12
 1414 0208 06       		.uleb128 0x6
 1415 0209 40       		.uleb128 0x40
 1416 020a 18       		.uleb128 0x18
 1417 020b 9742     		.uleb128 0x2117
 1418 020d 19       		.uleb128 0x19
 1419 020e 00       		.byte	0
 1420 020f 00       		.byte	0
 1421 0210 26       		.uleb128 0x26
 1422 0211 2E       		.uleb128 0x2e
 1423 0212 00       		.byte	0
 1424 0213 3F       		.uleb128 0x3f
 1425 0214 19       		.uleb128 0x19
 1426 0215 03       		.uleb128 0x3
 1427 0216 0E       		.uleb128 0xe
 1428 0217 3A       		.uleb128 0x3a
 1429 0218 0B       		.uleb128 0xb
 1430 0219 3B       		.uleb128 0x3b
 1431 021a 05       		.uleb128 0x5
 1432 021b 27       		.uleb128 0x27
 1433 021c 19       		.uleb128 0x19
 1434 021d 11       		.uleb128 0x11
 1435 021e 01       		.uleb128 0x1
 1436 021f 12       		.uleb128 0x12
 1437 0220 06       		.uleb128 0x6
 1438 0221 40       		.uleb128 0x40
 1439 0222 18       		.uleb128 0x18
 1440 0223 9742     		.uleb128 0x2117
 1441 0225 19       		.uleb128 0x19
 1442 0226 00       		.byte	0
 1443 0227 00       		.byte	0
 1444 0228 27       		.uleb128 0x27
 1445 0229 34       		.uleb128 0x34
ARM GAS  C:\Users\PIET~1.COU\AppData\Local\Temp\ccAsXtz4.s 			page 34


 1446 022a 00       		.byte	0
 1447 022b 03       		.uleb128 0x3
 1448 022c 0E       		.uleb128 0xe
 1449 022d 3A       		.uleb128 0x3a
 1450 022e 0B       		.uleb128 0xb
 1451 022f 3B       		.uleb128 0x3b
 1452 0230 05       		.uleb128 0x5
 1453 0231 49       		.uleb128 0x49
 1454 0232 13       		.uleb128 0x13
 1455 0233 3F       		.uleb128 0x3f
 1456 0234 19       		.uleb128 0x19
 1457 0235 3C       		.uleb128 0x3c
 1458 0236 19       		.uleb128 0x19
 1459 0237 00       		.byte	0
 1460 0238 00       		.byte	0
 1461 0239 28       		.uleb128 0x28
 1462 023a 2E       		.uleb128 0x2e
 1463 023b 00       		.byte	0
 1464 023c 3F       		.uleb128 0x3f
 1465 023d 19       		.uleb128 0x19
 1466 023e 03       		.uleb128 0x3
 1467 023f 0E       		.uleb128 0xe
 1468 0240 3A       		.uleb128 0x3a
 1469 0241 0B       		.uleb128 0xb
 1470 0242 3B       		.uleb128 0x3b
 1471 0243 0B       		.uleb128 0xb
 1472 0244 27       		.uleb128 0x27
 1473 0245 19       		.uleb128 0x19
 1474 0246 49       		.uleb128 0x49
 1475 0247 13       		.uleb128 0x13
 1476 0248 3C       		.uleb128 0x3c
 1477 0249 19       		.uleb128 0x19
 1478 024a 00       		.byte	0
 1479 024b 00       		.byte	0
 1480 024c 29       		.uleb128 0x29
 1481 024d 2E       		.uleb128 0x2e
 1482 024e 01       		.byte	0x1
 1483 024f 3F       		.uleb128 0x3f
 1484 0250 19       		.uleb128 0x19
 1485 0251 03       		.uleb128 0x3
 1486 0252 0E       		.uleb128 0xe
 1487 0253 3A       		.uleb128 0x3a
 1488 0254 0B       		.uleb128 0xb
 1489 0255 3B       		.uleb128 0x3b
 1490 0256 0B       		.uleb128 0xb
 1491 0257 27       		.uleb128 0x27
 1492 0258 19       		.uleb128 0x19
 1493 0259 3C       		.uleb128 0x3c
 1494 025a 19       		.uleb128 0x19
 1495 025b 00       		.byte	0
 1496 025c 00       		.byte	0
 1497 025d 2A       		.uleb128 0x2a
 1498 025e 05       		.uleb128 0x5
 1499 025f 00       		.byte	0
 1500 0260 49       		.uleb128 0x49
 1501 0261 13       		.uleb128 0x13
 1502 0262 00       		.byte	0
ARM GAS  C:\Users\PIET~1.COU\AppData\Local\Temp\ccAsXtz4.s 			page 35


 1503 0263 00       		.byte	0
 1504 0264 00       		.byte	0
 1505              		.section	.debug_loc,"",%progbits
 1506              	.Ldebug_loc0:
 1507              	.LLST0:
 1508 0000 0C000000 		.4byte	.LVL3
 1509 0004 12000000 		.4byte	.LVL5
 1510 0008 0100     		.2byte	0x1
 1511 000a 52       		.byte	0x52
 1512 000b 00000000 		.4byte	0
 1513 000f 00000000 		.4byte	0
 1514              	.LLST1:
 1515 0013 0C000000 		.4byte	.LVL8
 1516 0017 12000000 		.4byte	.LVL10
 1517 001b 0100     		.2byte	0x1
 1518 001d 52       		.byte	0x52
 1519 001e 00000000 		.4byte	0
 1520 0022 00000000 		.4byte	0
 1521              	.LLST2:
 1522 0026 00000000 		.4byte	.LVL15
 1523 002a 02000000 		.4byte	.LVL16
 1524 002e 0600     		.2byte	0x6
 1525 0030 11       		.byte	0x11
 1526 0031 88DA8380 		.sleb128 -536810232
 1526      7E
 1527 0036 02000000 		.4byte	.LVL16
 1528 003a 04000000 		.4byte	.LVL17
 1529 003e 0200     		.2byte	0x2
 1530 0040 73       		.byte	0x73
 1531 0041 00       		.sleb128 0
 1532 0042 04000000 		.4byte	.LVL17
 1533 0046 0C000000 		.4byte	.LFE68
 1534 004a 0100     		.2byte	0x1
 1535 004c 53       		.byte	0x53
 1536 004d 00000000 		.4byte	0
 1537 0051 00000000 		.4byte	0
 1538              	.LLST3:
 1539 0055 00000000 		.4byte	.LVL18
 1540 0059 02000000 		.4byte	.LVL19
 1541 005d 0100     		.2byte	0x1
 1542 005f 50       		.byte	0x50
 1543 0060 02000000 		.4byte	.LVL19
 1544 0064 10000000 		.4byte	.LFE69
 1545 0068 0400     		.2byte	0x4
 1546 006a F3       		.byte	0xf3
 1547 006b 01       		.uleb128 0x1
 1548 006c 50       		.byte	0x50
 1549 006d 9F       		.byte	0x9f
 1550 006e 00000000 		.4byte	0
 1551 0072 00000000 		.4byte	0
 1552              	.LLST4:
 1553 0076 04000000 		.4byte	.LVL20
 1554 007a 06000000 		.4byte	.LVL21
 1555 007e 0500     		.2byte	0x5
 1556 0080 70       		.byte	0x70
 1557 0081 00       		.sleb128 0
 1558 0082 35       		.byte	0x35
ARM GAS  C:\Users\PIET~1.COU\AppData\Local\Temp\ccAsXtz4.s 			page 36


 1559 0083 25       		.byte	0x25
 1560 0084 9F       		.byte	0x9f
 1561 0085 00000000 		.4byte	0
 1562 0089 00000000 		.4byte	0
 1563              		.section	.debug_aranges,"",%progbits
 1564 0000 7C000000 		.4byte	0x7c
 1565 0004 0200     		.2byte	0x2
 1566 0006 00000000 		.4byte	.Ldebug_info0
 1567 000a 04       		.byte	0x4
 1568 000b 00       		.byte	0
 1569 000c 0000     		.2byte	0
 1570 000e 0000     		.2byte	0
 1571 0010 00000000 		.4byte	.LFB66
 1572 0014 14000000 		.4byte	.LFE66-.LFB66
 1573 0018 00000000 		.4byte	.LFB63
 1574 001c 2C000000 		.4byte	.LFE63-.LFB63
 1575 0020 00000000 		.4byte	.LFB64
 1576 0024 24000000 		.4byte	.LFE64-.LFB64
 1577 0028 00000000 		.4byte	.LFB65
 1578 002c 1C000000 		.4byte	.LFE65-.LFB65
 1579 0030 00000000 		.4byte	.LFB67
 1580 0034 0C000000 		.4byte	.LFE67-.LFB67
 1581 0038 00000000 		.4byte	.LFB68
 1582 003c 0C000000 		.4byte	.LFE68-.LFB68
 1583 0040 00000000 		.4byte	.LFB69
 1584 0044 10000000 		.4byte	.LFE69-.LFB69
 1585 0048 00000000 		.4byte	.LFB70
 1586 004c 0C000000 		.4byte	.LFE70-.LFB70
 1587 0050 00000000 		.4byte	.LFB71
 1588 0054 0C000000 		.4byte	.LFE71-.LFB71
 1589 0058 00000000 		.4byte	.LFB72
 1590 005c 10000000 		.4byte	.LFE72-.LFB72
 1591 0060 00000000 		.4byte	.LFB73
 1592 0064 0C000000 		.4byte	.LFE73-.LFB73
 1593 0068 00000000 		.4byte	.LFB74
 1594 006c 0C000000 		.4byte	.LFE74-.LFB74
 1595 0070 00000000 		.4byte	.LFB75
 1596 0074 0C000000 		.4byte	.LFE75-.LFB75
 1597 0078 00000000 		.4byte	0
 1598 007c 00000000 		.4byte	0
 1599              		.section	.debug_ranges,"",%progbits
 1600              	.Ldebug_ranges0:
 1601 0000 06000000 		.4byte	.LBB32
 1602 0004 0C000000 		.4byte	.LBE32
 1603 0008 0E000000 		.4byte	.LBB38
 1604 000c 10000000 		.4byte	.LBE38
 1605 0010 00000000 		.4byte	0
 1606 0014 00000000 		.4byte	0
 1607 0018 0C000000 		.4byte	.LBB35
 1608 001c 0E000000 		.4byte	.LBE35
 1609 0020 10000000 		.4byte	.LBB39
 1610 0024 14000000 		.4byte	.LBE39
 1611 0028 00000000 		.4byte	0
 1612 002c 00000000 		.4byte	0
 1613 0030 00000000 		.4byte	.LFB66
 1614 0034 14000000 		.4byte	.LFE66
 1615 0038 00000000 		.4byte	.LFB63
ARM GAS  C:\Users\PIET~1.COU\AppData\Local\Temp\ccAsXtz4.s 			page 37


 1616 003c 2C000000 		.4byte	.LFE63
 1617 0040 00000000 		.4byte	.LFB64
 1618 0044 24000000 		.4byte	.LFE64
 1619 0048 00000000 		.4byte	.LFB65
 1620 004c 1C000000 		.4byte	.LFE65
 1621 0050 00000000 		.4byte	.LFB67
 1622 0054 0C000000 		.4byte	.LFE67
 1623 0058 00000000 		.4byte	.LFB68
 1624 005c 0C000000 		.4byte	.LFE68
 1625 0060 00000000 		.4byte	.LFB69
 1626 0064 10000000 		.4byte	.LFE69
 1627 0068 00000000 		.4byte	.LFB70
 1628 006c 0C000000 		.4byte	.LFE70
 1629 0070 00000000 		.4byte	.LFB71
 1630 0074 0C000000 		.4byte	.LFE71
 1631 0078 00000000 		.4byte	.LFB72
 1632 007c 10000000 		.4byte	.LFE72
 1633 0080 00000000 		.4byte	.LFB73
 1634 0084 0C000000 		.4byte	.LFE73
 1635 0088 00000000 		.4byte	.LFB74
 1636 008c 0C000000 		.4byte	.LFE74
 1637 0090 00000000 		.4byte	.LFB75
 1638 0094 0C000000 		.4byte	.LFE75
 1639 0098 00000000 		.4byte	0
 1640 009c 00000000 		.4byte	0
 1641              		.section	.debug_line,"",%progbits
 1642              	.Ldebug_line0:
 1643 0000 7D020000 		.section	.debug_str,"MS",%progbits,1
 1643      02006B01 
 1643      00000201 
 1643      FB0E0D00 
 1643      01010101 
 1644              	.LASF34:
 1645 0000 6973725F 		.ascii	"isr_1_ClearPending\000"
 1645      315F436C 
 1645      65617250 
 1645      656E6469 
 1645      6E6700
 1646              	.LASF18:
 1647 0013 72656733 		.ascii	"reg32\000"
 1647      3200
 1648              	.LASF33:
 1649 0019 6973725F 		.ascii	"isr_1_SetPending\000"
 1649      315F5365 
 1649      7450656E 
 1649      64696E67 
 1649      00
 1650              	.LASF38:
 1651 002a 6973725F 		.ascii	"isr_1_GetState\000"
 1651      315F4765 
 1651      74537461 
 1651      746500
 1652              	.LASF36:
 1653 0039 2E5C4765 		.ascii	".\\Generated_Source\\PSoC5\\isr_1.c\000"
 1653      6E657261 
 1653      7465645F 
 1653      536F7572 
ARM GAS  C:\Users\PIET~1.COU\AppData\Local\Temp\ccAsXtz4.s 			page 38


 1653      63655C50 
 1654              	.LASF24:
 1655 005a 6973725F 		.ascii	"isr_1_Disable\000"
 1655      315F4469 
 1655      7361626C 
 1655      6500
 1656              	.LASF11:
 1657 0068 5F5F696E 		.ascii	"__int32_t\000"
 1657      7433325F 
 1657      7400
 1658              	.LASF40:
 1659 0072 4C454473 		.ascii	"LEDs_Read\000"
 1659      5F526561 
 1659      6400
 1660              	.LASF27:
 1661 007c 6973725F 		.ascii	"isr_1_Start\000"
 1661      315F5374 
 1661      61727400 
 1662              	.LASF31:
 1663 0088 6973725F 		.ascii	"isr_1_GetPriority\000"
 1663      315F4765 
 1663      74507269 
 1663      6F726974 
 1663      7900
 1664              	.LASF30:
 1665 009a 6973725F 		.ascii	"isr_1_GetVector\000"
 1665      315F4765 
 1665      74566563 
 1665      746F7200 
 1666              	.LASF15:
 1667 00aa 666C6F61 		.ascii	"float\000"
 1667      7400
 1668              	.LASF13:
 1669 00b0 75696E74 		.ascii	"uint8\000"
 1669      3800
 1670              	.LASF2:
 1671 00b6 756E7369 		.ascii	"unsigned char\000"
 1671      676E6564 
 1671      20636861 
 1671      7200
 1672              	.LASF17:
 1673 00c4 72656738 		.ascii	"reg8\000"
 1673      00
 1674              	.LASF6:
 1675 00c9 6C6F6E67 		.ascii	"long unsigned int\000"
 1675      20756E73 
 1675      69676E65 
 1675      6420696E 
 1675      7400
 1676              	.LASF4:
 1677 00db 73686F72 		.ascii	"short unsigned int\000"
 1677      7420756E 
 1677      7369676E 
 1677      65642069 
 1677      6E7400
 1678              	.LASF25:
 1679 00ee 6973725F 		.ascii	"isr_1_Enable\000"
ARM GAS  C:\Users\PIET~1.COU\AppData\Local\Temp\ccAsXtz4.s 			page 39


 1679      315F456E 
 1679      61626C65 
 1679      00
 1680              	.LASF20:
 1681 00fb 6973725F 		.ascii	"isr_1_SetVector\000"
 1681      315F5365 
 1681      74566563 
 1681      746F7200 
 1682              	.LASF21:
 1683 010b 6973725F 		.ascii	"isr_1_SetPriority\000"
 1683      315F5365 
 1683      74507269 
 1683      6F726974 
 1683      7900
 1684              	.LASF23:
 1685 011d 7072696F 		.ascii	"priority\000"
 1685      72697479 
 1685      00
 1686              	.LASF37:
 1687 0126 473A5C50 		.ascii	"G:\\PSoC_5LP\\I2S_DMA_example\\InterIcSound01.cydsn"
 1687      536F435F 
 1687      354C505C 
 1687      4932535F 
 1687      444D415F 
 1688 0156 00       		.ascii	"\000"
 1689              	.LASF14:
 1690 0157 75696E74 		.ascii	"uint32\000"
 1690      333200
 1691              	.LASF0:
 1692 015e 756E7369 		.ascii	"unsigned int\000"
 1692      676E6564 
 1692      20696E74 
 1692      00
 1693              	.LASF22:
 1694 016b 61646472 		.ascii	"address\000"
 1694      65737300 
 1695              	.LASF8:
 1696 0173 6C6F6E67 		.ascii	"long long unsigned int\000"
 1696      206C6F6E 
 1696      6720756E 
 1696      7369676E 
 1696      65642069 
 1697              	.LASF19:
 1698 018a 63796973 		.ascii	"cyisraddress\000"
 1698      72616464 
 1698      72657373 
 1698      00
 1699              	.LASF39:
 1700 0197 49544D5F 		.ascii	"ITM_RxBuffer\000"
 1700      52784275 
 1700      66666572 
 1700      00
 1701              	.LASF12:
 1702 01a4 696E7433 		.ascii	"int32_t\000"
 1702      325F7400 
 1703              	.LASF9:
 1704 01ac 73697A65 		.ascii	"sizetype\000"
ARM GAS  C:\Users\PIET~1.COU\AppData\Local\Temp\ccAsXtz4.s 			page 40


 1704      74797065 
 1704      00
 1705              	.LASF7:
 1706 01b5 6C6F6E67 		.ascii	"long long int\000"
 1706      206C6F6E 
 1706      6720696E 
 1706      7400
 1707              	.LASF10:
 1708 01c3 63686172 		.ascii	"char\000"
 1708      00
 1709              	.LASF32:
 1710 01c8 72616D56 		.ascii	"ramVectorTable\000"
 1710      6563746F 
 1710      72546162 
 1710      6C6500
 1711              	.LASF41:
 1712 01d7 4C454473 		.ascii	"LEDs_Write\000"
 1712      5F577269 
 1712      746500
 1713              	.LASF3:
 1714 01e2 73686F72 		.ascii	"short int\000"
 1714      7420696E 
 1714      7400
 1715              	.LASF35:
 1716 01ec 474E5520 		.ascii	"GNU C 4.9.3 20150303 (release) [ARM/embedded-4_9-br"
 1716      4320342E 
 1716      392E3320 
 1716      32303135 
 1716      30333033 
 1717 021f 616E6368 		.ascii	"anch revision 221220] -mcpu=cortex-m3 -mthumb -g -O"
 1717      20726576 
 1717      6973696F 
 1717      6E203232 
 1717      31323230 
 1718 0252 73202D66 		.ascii	"s -ffunction-sections -ffat-lto-objects\000"
 1718      66756E63 
 1718      74696F6E 
 1718      2D736563 
 1718      74696F6E 
 1719              	.LASF26:
 1720 027a 6973725F 		.ascii	"isr_1_Interrupt\000"
 1720      315F496E 
 1720      74657272 
 1720      75707400 
 1721              	.LASF5:
 1722 028a 6C6F6E67 		.ascii	"long int\000"
 1722      20696E74 
 1722      00
 1723              	.LASF1:
 1724 0293 7369676E 		.ascii	"signed char\000"
 1724      65642063 
 1724      68617200 
 1725              	.LASF16:
 1726 029f 646F7562 		.ascii	"double\000"
 1726      6C6500
 1727              	.LASF28:
 1728 02a6 6973725F 		.ascii	"isr_1_StartEx\000"
ARM GAS  C:\Users\PIET~1.COU\AppData\Local\Temp\ccAsXtz4.s 			page 41


 1728      315F5374 
 1728      61727445 
 1728      7800
 1729              	.LASF29:
 1730 02b4 6973725F 		.ascii	"isr_1_Stop\000"
 1730      315F5374 
 1730      6F7000
 1731              		.ident	"GCC: (GNU Tools for ARM Embedded Processors) 4.9.3 20150303 (release) [ARM/embedded-4_9-br
