#***************************************************************************

#sjplacer

#Version:            1.1

#Build Date:         Jul 19 2017 14:31:00

#File Generated:     Feb 21 2018 10:32:22

#Purpose:            

#Copyright (C) 2010-2011 by Softjin Technologies Pvt Ltd. All rights reserved.

#***************************************************************************

Executing : C:\Program Files (x86)\Cypress\PSoC Creator\4.1\PSoC Creator\bin/sjplacer.exe --proj-name basisDSPproject_labo1_opg2 --netlist-vh2 basisDSPproject_labo1_opg2_p.vh2 --arch p35_udb4x6 --arch-file C:\Program Files (x86)\Cypress\PSoC Creator\4.1\PSoC Creator\dev\arch/udbdsi_4x6_24.cydata --ip-file C:\Program Files (x86)\Cypress\PSoC Creator\4.1\PSoC Creator\dev\psoc5/psoc5lp/ip_blocks.cydata --rrg-file C:\Program Files (x86)\Cypress\PSoC Creator\4.1\PSoC Creator\dev\psoc5/psoc5lp/route_arch-rrg.cydata --irq-file C:\Program Files (x86)\Cypress\PSoC Creator\4.1\PSoC Creator\dev\psoc5/psoc5lp/irqconn.cydata --drq-file C:\Program Files (x86)\Cypress\PSoC Creator\4.1\PSoC Creator\dev\psoc5/psoc5lp/dmaconn.cydata --dsi-conn-file C:\Program Files (x86)\Cypress\PSoC Creator\4.1\PSoC Creator\dev\psoc5/psoc5lp/dsiconn.cydata --pins-file pins_68-QFN.xml --lib-file basisDSPproject_labo1_opg2_p.lib --sdc-file basisDSPproject_labo1_opg2.sdc --io-pcf basisDSPproject_labo1_opg2.pci --outdir .

		Softjin Techologies Placer, Version 1.1

Build Date : Jul 19 2017	14:29:55

D2004: Option and Settings Summary
=============================================================
Netlist vh2 file          - basisDSPproject_labo1_opg2_p.vh2
Architecture file         - C:\Program Files (x86)\Cypress\PSoC Creator\4.1\PSoC Creator\dev\arch/udbdsi_4x6_24.cydata
Package                   - 
Defparam file             - 
SDC file                  - basisDSPproject_labo1_opg2.sdc
Output directory          - .
Timing library            - basisDSPproject_labo1_opg2_p.lib
IO Placement file         - basisDSPproject_labo1_opg2.pci

D2050: Starting reading inputs for placer
=============================================================
D2065: Reading netlist file : "basisDSPproject_labo1_opg2_p.vh2"
D2065: Reading arch file : "C:\Program Files (x86)\Cypress\PSoC Creator\4.1\PSoC Creator\dev\arch/udbdsi_4x6_24.cydata"
D2051: Reading of inputs for placer completed successfully

D2053: Starting placement of the design
=============================================================

Phase 2
Phase 3

Design Statistics after Packing
    Number of Combinational MCs 	:	17
    Number of Sequential MCs    	:	57
    Number of DPs               	:	4
    Number of Controls          	:	6
    Number of Status            	:	5
    Number of SyncCells         	:	8
    Number of count7cells       	:	1

Device Utilization Summary after Packing
    Macrocells                  :	74/192
    UDBS                        :	13/24
    IOs                         :	26/72


D2088: Phase 3, elapsed time : 0.0 (sec)

Phase 4
D2088: Phase 4, elapsed time : 0.0 (sec)

Phase 5
D2088: Phase 5, elapsed time : 0.0 (sec)

Phase 6

######################################################################
Placement Timing Summary

The timing summary is based on estimated routing delays after
placement. For final timing report, please carry out the timing
analysis after routing.
======================================================================

######################################################################
                     Clock Summary 
======================================================================
Number of clocks: 11
Clock: CyBUS_CLK            | Frequency:  76.0 MHz | Target:  78.0 MHz
Clock: CyILO                | Frequency: N/A       | Target:   0.0 MHz
Clock: CyIMO                | Frequency: N/A       | Target:   3.0 MHz
Clock: CyMASTER_CLK         | Frequency: N/A       | Target:  78.0 MHz
Clock: CyPLL_OUT            | Frequency: N/A       | Target:  78.0 MHz
Clock: Debounce             | Frequency:  94.4 MHz | Target:   0.0 MHz
Clock: I2C_Codec_control_IntClock | Frequency:  37.3 MHz | Target:  15.6 MHz
Clock: LINE_theACLK         | Frequency: N/A       | Target:   1.6 MHz
Clock: LINE_theACLK(fixed-function) | Frequency: N/A       | Target:   1.6 MHz
Clock: VOL_theACLK          | Frequency: N/A       | Target:   1.6 MHz
Clock: VOL_theACLK(fixed-function) | Frequency: N/A       | Target:   1.6 MHz

======================================================================
                     End of Clock Summary
######################################################################

D2088: Phase 6, elapsed time : 0.2 (sec)

Phase 7
######################################################################
                     Clock Summary 
======================================================================
Number of clocks: 11
Clock: CyBUS_CLK            | Frequency:   7.4 MHz | Target:  78.0 MHz
Clock: CyILO                | Frequency: N/A       | Target:   0.0 MHz
Clock: CyIMO                | Frequency: N/A       | Target:   3.0 MHz
Clock: CyMASTER_CLK         | Frequency: N/A       | Target:  78.0 MHz
Clock: CyPLL_OUT            | Frequency: N/A       | Target:  78.0 MHz
Clock: Debounce             | Frequency:   7.4 MHz | Target:   0.0 MHz
Clock: I2C_Codec_control_IntClock | Frequency:   9.9 MHz | Target:  15.6 MHz
Clock: LINE_theACLK         | Frequency: N/A       | Target:   1.6 MHz
Clock: LINE_theACLK(fixed-function) | Frequency: N/A       | Target:   1.6 MHz
Clock: VOL_theACLK          | Frequency: N/A       | Target:   1.6 MHz
Clock: VOL_theACLK(fixed-function) | Frequency: N/A       | Target:   1.6 MHz

======================================================================
                     End of Clock Summary
######################################################################
D2088: Phase 7, elapsed time : 4.6 (sec)

Final Design Statistics
    Number of Combinational MCs 	:	17
    Number of Sequential MCs    	:	57
    Number of DPs               	:	4
    Number of Controls          	:	6
    Number of Status            	:	5
    Number of SyncCells         	:	8
    Number of count7cells       	:	1
    Number of IOs       	:	26

Device Utilization Summary
    Macrocells                  :	74/192
    IOs                         :	26/72



######################################################################
Placement Timing Summary

The timing summary is based on estimated routing delays after
placement. For final timing report, please carry out the timing
analysis after routing.
======================================================================


######################################################################
                     Clock Summary 
======================================================================
Number of clocks: 11
Clock: CyBUS_CLK            | Frequency:   9.9 MHz | Target:  78.0 MHz
Clock: CyILO                | Frequency: N/A       | Target:   0.0 MHz
Clock: CyIMO                | Frequency: N/A       | Target:   3.0 MHz
Clock: CyMASTER_CLK         | Frequency: N/A       | Target:  78.0 MHz
Clock: CyPLL_OUT            | Frequency: N/A       | Target:  78.0 MHz
Clock: Debounce             | Frequency:  11.5 MHz | Target:   0.0 MHz
Clock: I2C_Codec_control_IntClock | Frequency:   9.9 MHz | Target:  15.6 MHz
Clock: LINE_theACLK         | Frequency: N/A       | Target:   1.6 MHz
Clock: LINE_theACLK(fixed-function) | Frequency: N/A       | Target:   1.6 MHz
Clock: VOL_theACLK          | Frequency: N/A       | Target:   1.6 MHz
Clock: VOL_theACLK(fixed-function) | Frequency: N/A       | Target:   1.6 MHz

======================================================================
                     End of Clock Summary
######################################################################

Phase 8
D2088: Phase 8, elapsed time : 0.0 (sec)

D2054: Placement of the design completed successfully

I2076: Total run-time: 6.7 sec.

