ARM GAS  C:\Users\Jona\AppData\Local\Temp\ccQ2oYG3.s 			page 1


   1              		.syntax unified
   2              		.cpu cortex-m3
   3              		.fpu softvfp
   4              		.eabi_attribute 20, 1
   5              		.eabi_attribute 21, 1
   6              		.eabi_attribute 23, 3
   7              		.eabi_attribute 24, 1
   8              		.eabi_attribute 25, 1
   9              		.eabi_attribute 26, 1
  10              		.eabi_attribute 30, 6
  11              		.eabi_attribute 34, 1
  12              		.eabi_attribute 18, 4
  13              		.thumb
  14              		.syntax unified
  15              		.file	"AnalogeIngang_R_PM.c"
  16              		.text
  17              	.Ltext0:
  18              		.cfi_sections	.debug_frame
  19              		.bss
  20              		.align	2
  21              	AnalogeIngang_R_backup:
  22 0000 00       		.space	1
  23              		.section	.text.AnalogeIngang_R_SaveConfig,"ax",%progbits
  24              		.align	2
  25              		.global	AnalogeIngang_R_SaveConfig
  26              		.thumb
  27              		.thumb_func
  28              		.type	AnalogeIngang_R_SaveConfig, %function
  29              	AnalogeIngang_R_SaveConfig:
  30              	.LFB0:
  31              		.file 1 "Generated_Source\\PSoC5\\AnalogeIngang_R_PM.c"
   1:Generated_Source\PSoC5/AnalogeIngang_R_PM.c **** /*******************************************************************************
   2:Generated_Source\PSoC5/AnalogeIngang_R_PM.c **** * File Name: AnalogeIngang_R_PM.c
   3:Generated_Source\PSoC5/AnalogeIngang_R_PM.c **** * Version 1.90
   4:Generated_Source\PSoC5/AnalogeIngang_R_PM.c **** *
   5:Generated_Source\PSoC5/AnalogeIngang_R_PM.c **** * Description:
   6:Generated_Source\PSoC5/AnalogeIngang_R_PM.c **** *  This file provides the power management source code to the API for the 
   7:Generated_Source\PSoC5/AnalogeIngang_R_PM.c **** *  OpAmp (Analog Buffer) component.
   8:Generated_Source\PSoC5/AnalogeIngang_R_PM.c **** *
   9:Generated_Source\PSoC5/AnalogeIngang_R_PM.c **** * Note:
  10:Generated_Source\PSoC5/AnalogeIngang_R_PM.c **** *
  11:Generated_Source\PSoC5/AnalogeIngang_R_PM.c **** ********************************************************************************
  12:Generated_Source\PSoC5/AnalogeIngang_R_PM.c **** * Copyright 2008-2012, Cypress Semiconductor Corporation.  All rights reserved.
  13:Generated_Source\PSoC5/AnalogeIngang_R_PM.c **** * You may use this file only in accordance with the license, terms, conditions, 
  14:Generated_Source\PSoC5/AnalogeIngang_R_PM.c **** * disclaimers, and limitations in the end user license agreement accompanying 
  15:Generated_Source\PSoC5/AnalogeIngang_R_PM.c **** * the software package with which this file was provided.
  16:Generated_Source\PSoC5/AnalogeIngang_R_PM.c **** *******************************************************************************/
  17:Generated_Source\PSoC5/AnalogeIngang_R_PM.c **** 
  18:Generated_Source\PSoC5/AnalogeIngang_R_PM.c **** #include "AnalogeIngang_R.h"
  19:Generated_Source\PSoC5/AnalogeIngang_R_PM.c **** 
  20:Generated_Source\PSoC5/AnalogeIngang_R_PM.c **** static AnalogeIngang_R_BACKUP_STRUCT  AnalogeIngang_R_backup;
  21:Generated_Source\PSoC5/AnalogeIngang_R_PM.c **** 
  22:Generated_Source\PSoC5/AnalogeIngang_R_PM.c **** 
  23:Generated_Source\PSoC5/AnalogeIngang_R_PM.c **** /*******************************************************************************  
  24:Generated_Source\PSoC5/AnalogeIngang_R_PM.c **** * Function Name: AnalogeIngang_R_SaveConfig
  25:Generated_Source\PSoC5/AnalogeIngang_R_PM.c **** ********************************************************************************
  26:Generated_Source\PSoC5/AnalogeIngang_R_PM.c **** *
ARM GAS  C:\Users\Jona\AppData\Local\Temp\ccQ2oYG3.s 			page 2


  27:Generated_Source\PSoC5/AnalogeIngang_R_PM.c **** * Summary:
  28:Generated_Source\PSoC5/AnalogeIngang_R_PM.c **** *  Saves the current user configuration registers.
  29:Generated_Source\PSoC5/AnalogeIngang_R_PM.c **** * 
  30:Generated_Source\PSoC5/AnalogeIngang_R_PM.c **** * Parameters:
  31:Generated_Source\PSoC5/AnalogeIngang_R_PM.c **** *  void
  32:Generated_Source\PSoC5/AnalogeIngang_R_PM.c **** * 
  33:Generated_Source\PSoC5/AnalogeIngang_R_PM.c **** * Return:
  34:Generated_Source\PSoC5/AnalogeIngang_R_PM.c **** *  void
  35:Generated_Source\PSoC5/AnalogeIngang_R_PM.c **** *
  36:Generated_Source\PSoC5/AnalogeIngang_R_PM.c **** *******************************************************************************/
  37:Generated_Source\PSoC5/AnalogeIngang_R_PM.c **** void AnalogeIngang_R_SaveConfig(void) 
  38:Generated_Source\PSoC5/AnalogeIngang_R_PM.c **** {
  32              		.loc 1 38 0
  33              		.cfi_startproc
  34              		@ args = 0, pretend = 0, frame = 0
  35              		@ frame_needed = 1, uses_anonymous_args = 0
  36              		@ link register save eliminated.
  37 0000 80B4     		push	{r7}
  38              		.cfi_def_cfa_offset 4
  39              		.cfi_offset 7, -4
  40 0002 00AF     		add	r7, sp, #0
  41              		.cfi_def_cfa_register 7
  39:Generated_Source\PSoC5/AnalogeIngang_R_PM.c ****     /* Nothing to save as registers are System reset on retention flops */
  40:Generated_Source\PSoC5/AnalogeIngang_R_PM.c **** }
  42              		.loc 1 40 0
  43 0004 00BF     		nop
  44 0006 BD46     		mov	sp, r7
  45              		.cfi_def_cfa_register 13
  46              		@ sp needed
  47 0008 80BC     		pop	{r7}
  48              		.cfi_restore 7
  49              		.cfi_def_cfa_offset 0
  50 000a 7047     		bx	lr
  51              		.cfi_endproc
  52              	.LFE0:
  53              		.size	AnalogeIngang_R_SaveConfig, .-AnalogeIngang_R_SaveConfig
  54              		.section	.text.AnalogeIngang_R_RestoreConfig,"ax",%progbits
  55              		.align	2
  56              		.global	AnalogeIngang_R_RestoreConfig
  57              		.thumb
  58              		.thumb_func
  59              		.type	AnalogeIngang_R_RestoreConfig, %function
  60              	AnalogeIngang_R_RestoreConfig:
  61              	.LFB1:
  41:Generated_Source\PSoC5/AnalogeIngang_R_PM.c **** 
  42:Generated_Source\PSoC5/AnalogeIngang_R_PM.c **** 
  43:Generated_Source\PSoC5/AnalogeIngang_R_PM.c **** /*******************************************************************************  
  44:Generated_Source\PSoC5/AnalogeIngang_R_PM.c **** * Function Name: AnalogeIngang_R_RestoreConfig
  45:Generated_Source\PSoC5/AnalogeIngang_R_PM.c **** ********************************************************************************
  46:Generated_Source\PSoC5/AnalogeIngang_R_PM.c **** *
  47:Generated_Source\PSoC5/AnalogeIngang_R_PM.c **** * Summary:
  48:Generated_Source\PSoC5/AnalogeIngang_R_PM.c **** *  Restores the current user configuration registers.
  49:Generated_Source\PSoC5/AnalogeIngang_R_PM.c **** *
  50:Generated_Source\PSoC5/AnalogeIngang_R_PM.c **** * Parameters:
  51:Generated_Source\PSoC5/AnalogeIngang_R_PM.c **** *  void
  52:Generated_Source\PSoC5/AnalogeIngang_R_PM.c **** *
  53:Generated_Source\PSoC5/AnalogeIngang_R_PM.c **** * Return:
ARM GAS  C:\Users\Jona\AppData\Local\Temp\ccQ2oYG3.s 			page 3


  54:Generated_Source\PSoC5/AnalogeIngang_R_PM.c **** *  void
  55:Generated_Source\PSoC5/AnalogeIngang_R_PM.c **** *
  56:Generated_Source\PSoC5/AnalogeIngang_R_PM.c **** *******************************************************************************/
  57:Generated_Source\PSoC5/AnalogeIngang_R_PM.c **** void AnalogeIngang_R_RestoreConfig(void) 
  58:Generated_Source\PSoC5/AnalogeIngang_R_PM.c **** {
  62              		.loc 1 58 0
  63              		.cfi_startproc
  64              		@ args = 0, pretend = 0, frame = 0
  65              		@ frame_needed = 1, uses_anonymous_args = 0
  66              		@ link register save eliminated.
  67 0000 80B4     		push	{r7}
  68              		.cfi_def_cfa_offset 4
  69              		.cfi_offset 7, -4
  70 0002 00AF     		add	r7, sp, #0
  71              		.cfi_def_cfa_register 7
  59:Generated_Source\PSoC5/AnalogeIngang_R_PM.c ****     /* Nothing to restore */
  60:Generated_Source\PSoC5/AnalogeIngang_R_PM.c **** }
  72              		.loc 1 60 0
  73 0004 00BF     		nop
  74 0006 BD46     		mov	sp, r7
  75              		.cfi_def_cfa_register 13
  76              		@ sp needed
  77 0008 80BC     		pop	{r7}
  78              		.cfi_restore 7
  79              		.cfi_def_cfa_offset 0
  80 000a 7047     		bx	lr
  81              		.cfi_endproc
  82              	.LFE1:
  83              		.size	AnalogeIngang_R_RestoreConfig, .-AnalogeIngang_R_RestoreConfig
  84              		.section	.text.AnalogeIngang_R_Sleep,"ax",%progbits
  85              		.align	2
  86              		.global	AnalogeIngang_R_Sleep
  87              		.thumb
  88              		.thumb_func
  89              		.type	AnalogeIngang_R_Sleep, %function
  90              	AnalogeIngang_R_Sleep:
  91              	.LFB2:
  61:Generated_Source\PSoC5/AnalogeIngang_R_PM.c **** 
  62:Generated_Source\PSoC5/AnalogeIngang_R_PM.c **** 
  63:Generated_Source\PSoC5/AnalogeIngang_R_PM.c **** /*******************************************************************************   
  64:Generated_Source\PSoC5/AnalogeIngang_R_PM.c **** * Function Name: AnalogeIngang_R_Sleep
  65:Generated_Source\PSoC5/AnalogeIngang_R_PM.c **** ********************************************************************************
  66:Generated_Source\PSoC5/AnalogeIngang_R_PM.c **** *
  67:Generated_Source\PSoC5/AnalogeIngang_R_PM.c **** * Summary:
  68:Generated_Source\PSoC5/AnalogeIngang_R_PM.c **** *  Disables block's operation and saves its configuration. Should be called 
  69:Generated_Source\PSoC5/AnalogeIngang_R_PM.c **** *  just prior to entering sleep.
  70:Generated_Source\PSoC5/AnalogeIngang_R_PM.c **** *
  71:Generated_Source\PSoC5/AnalogeIngang_R_PM.c **** * Parameters:
  72:Generated_Source\PSoC5/AnalogeIngang_R_PM.c **** *  void
  73:Generated_Source\PSoC5/AnalogeIngang_R_PM.c **** *
  74:Generated_Source\PSoC5/AnalogeIngang_R_PM.c **** * Return:
  75:Generated_Source\PSoC5/AnalogeIngang_R_PM.c **** *  void
  76:Generated_Source\PSoC5/AnalogeIngang_R_PM.c **** *
  77:Generated_Source\PSoC5/AnalogeIngang_R_PM.c **** * Global variables:
  78:Generated_Source\PSoC5/AnalogeIngang_R_PM.c **** *  AnalogeIngang_R_backup: The structure field 'enableState' is modified 
  79:Generated_Source\PSoC5/AnalogeIngang_R_PM.c **** *  depending on the enable state of the block before entering to sleep mode.
  80:Generated_Source\PSoC5/AnalogeIngang_R_PM.c **** *
ARM GAS  C:\Users\Jona\AppData\Local\Temp\ccQ2oYG3.s 			page 4


  81:Generated_Source\PSoC5/AnalogeIngang_R_PM.c **** *******************************************************************************/
  82:Generated_Source\PSoC5/AnalogeIngang_R_PM.c **** void AnalogeIngang_R_Sleep(void) 
  83:Generated_Source\PSoC5/AnalogeIngang_R_PM.c **** {
  92              		.loc 1 83 0
  93              		.cfi_startproc
  94              		@ args = 0, pretend = 0, frame = 0
  95              		@ frame_needed = 1, uses_anonymous_args = 0
  96 0000 80B5     		push	{r7, lr}
  97              		.cfi_def_cfa_offset 8
  98              		.cfi_offset 7, -8
  99              		.cfi_offset 14, -4
 100 0002 00AF     		add	r7, sp, #0
 101              		.cfi_def_cfa_register 7
  84:Generated_Source\PSoC5/AnalogeIngang_R_PM.c ****     /* Save OpAmp enable state */
  85:Generated_Source\PSoC5/AnalogeIngang_R_PM.c ****     if((AnalogeIngang_R_PM_ACT_CFG_REG & AnalogeIngang_R_ACT_PWR_EN) != 0u)
 102              		.loc 1 85 0
 103 0004 094B     		ldr	r3, .L6
 104 0006 1B78     		ldrb	r3, [r3]
 105 0008 DBB2     		uxtb	r3, r3
 106 000a 03F00203 		and	r3, r3, #2
 107 000e 002B     		cmp	r3, #0
 108 0010 05D0     		beq	.L4
  86:Generated_Source\PSoC5/AnalogeIngang_R_PM.c ****     {
  87:Generated_Source\PSoC5/AnalogeIngang_R_PM.c ****         /* Component is enabled */
  88:Generated_Source\PSoC5/AnalogeIngang_R_PM.c ****         AnalogeIngang_R_backup.enableState = 1u;
 109              		.loc 1 88 0
 110 0012 074B     		ldr	r3, .L6+4
 111 0014 0122     		movs	r2, #1
 112 0016 1A70     		strb	r2, [r3]
  89:Generated_Source\PSoC5/AnalogeIngang_R_PM.c ****          /* Stops the component */
  90:Generated_Source\PSoC5/AnalogeIngang_R_PM.c ****          AnalogeIngang_R_Stop();
 113              		.loc 1 90 0
 114 0018 FFF7FEFF 		bl	AnalogeIngang_R_Stop
 115 001c 02E0     		b	.L5
 116              	.L4:
  91:Generated_Source\PSoC5/AnalogeIngang_R_PM.c ****     }
  92:Generated_Source\PSoC5/AnalogeIngang_R_PM.c ****     else
  93:Generated_Source\PSoC5/AnalogeIngang_R_PM.c ****     {
  94:Generated_Source\PSoC5/AnalogeIngang_R_PM.c ****         /* Component is disabled */
  95:Generated_Source\PSoC5/AnalogeIngang_R_PM.c ****         AnalogeIngang_R_backup.enableState = 0u;
 117              		.loc 1 95 0
 118 001e 044B     		ldr	r3, .L6+4
 119 0020 0022     		movs	r2, #0
 120 0022 1A70     		strb	r2, [r3]
 121              	.L5:
  96:Generated_Source\PSoC5/AnalogeIngang_R_PM.c ****     }
  97:Generated_Source\PSoC5/AnalogeIngang_R_PM.c ****     /* Saves the configuration */
  98:Generated_Source\PSoC5/AnalogeIngang_R_PM.c ****     AnalogeIngang_R_SaveConfig();
 122              		.loc 1 98 0
 123 0024 FFF7FEFF 		bl	AnalogeIngang_R_SaveConfig
  99:Generated_Source\PSoC5/AnalogeIngang_R_PM.c **** }
 124              		.loc 1 99 0
 125 0028 00BF     		nop
 126 002a 80BD     		pop	{r7, pc}
 127              	.L7:
 128              		.align	2
 129              	.L6:
ARM GAS  C:\Users\Jona\AppData\Local\Temp\ccQ2oYG3.s 			page 5


 130 002c A4430040 		.word	1073759140
 131 0030 00000000 		.word	AnalogeIngang_R_backup
 132              		.cfi_endproc
 133              	.LFE2:
 134              		.size	AnalogeIngang_R_Sleep, .-AnalogeIngang_R_Sleep
 135              		.section	.text.AnalogeIngang_R_Wakeup,"ax",%progbits
 136              		.align	2
 137              		.global	AnalogeIngang_R_Wakeup
 138              		.thumb
 139              		.thumb_func
 140              		.type	AnalogeIngang_R_Wakeup, %function
 141              	AnalogeIngang_R_Wakeup:
 142              	.LFB3:
 100:Generated_Source\PSoC5/AnalogeIngang_R_PM.c **** 
 101:Generated_Source\PSoC5/AnalogeIngang_R_PM.c **** 
 102:Generated_Source\PSoC5/AnalogeIngang_R_PM.c **** /*******************************************************************************  
 103:Generated_Source\PSoC5/AnalogeIngang_R_PM.c **** * Function Name: AnalogeIngang_R_Wakeup
 104:Generated_Source\PSoC5/AnalogeIngang_R_PM.c **** ********************************************************************************
 105:Generated_Source\PSoC5/AnalogeIngang_R_PM.c **** *
 106:Generated_Source\PSoC5/AnalogeIngang_R_PM.c **** * Summary:
 107:Generated_Source\PSoC5/AnalogeIngang_R_PM.c **** *  Enables block's operation and restores its configuration. Should be called
 108:Generated_Source\PSoC5/AnalogeIngang_R_PM.c **** *  just after awaking from sleep.
 109:Generated_Source\PSoC5/AnalogeIngang_R_PM.c **** *
 110:Generated_Source\PSoC5/AnalogeIngang_R_PM.c **** * Parameters:
 111:Generated_Source\PSoC5/AnalogeIngang_R_PM.c **** *  void
 112:Generated_Source\PSoC5/AnalogeIngang_R_PM.c **** *
 113:Generated_Source\PSoC5/AnalogeIngang_R_PM.c **** * Return:
 114:Generated_Source\PSoC5/AnalogeIngang_R_PM.c **** *  void
 115:Generated_Source\PSoC5/AnalogeIngang_R_PM.c **** *
 116:Generated_Source\PSoC5/AnalogeIngang_R_PM.c **** * Global variables:
 117:Generated_Source\PSoC5/AnalogeIngang_R_PM.c **** *  AnalogeIngang_R_backup: The structure field 'enableState' is used to 
 118:Generated_Source\PSoC5/AnalogeIngang_R_PM.c **** *  restore the enable state of block after wakeup from sleep mode.
 119:Generated_Source\PSoC5/AnalogeIngang_R_PM.c **** *
 120:Generated_Source\PSoC5/AnalogeIngang_R_PM.c **** *******************************************************************************/
 121:Generated_Source\PSoC5/AnalogeIngang_R_PM.c **** void AnalogeIngang_R_Wakeup(void) 
 122:Generated_Source\PSoC5/AnalogeIngang_R_PM.c **** {
 143              		.loc 1 122 0
 144              		.cfi_startproc
 145              		@ args = 0, pretend = 0, frame = 0
 146              		@ frame_needed = 1, uses_anonymous_args = 0
 147 0000 80B5     		push	{r7, lr}
 148              		.cfi_def_cfa_offset 8
 149              		.cfi_offset 7, -8
 150              		.cfi_offset 14, -4
 151 0002 00AF     		add	r7, sp, #0
 152              		.cfi_def_cfa_register 7
 123:Generated_Source\PSoC5/AnalogeIngang_R_PM.c ****     /* Restore the user configuration */
 124:Generated_Source\PSoC5/AnalogeIngang_R_PM.c ****     AnalogeIngang_R_RestoreConfig();
 153              		.loc 1 124 0
 154 0004 FFF7FEFF 		bl	AnalogeIngang_R_RestoreConfig
 125:Generated_Source\PSoC5/AnalogeIngang_R_PM.c **** 
 126:Generated_Source\PSoC5/AnalogeIngang_R_PM.c ****     /* Enables the component operation */
 127:Generated_Source\PSoC5/AnalogeIngang_R_PM.c ****     if(AnalogeIngang_R_backup.enableState == 1u)
 155              		.loc 1 127 0
 156 0008 034B     		ldr	r3, .L11
 157 000a 1B78     		ldrb	r3, [r3]	@ zero_extendqisi2
 158 000c 012B     		cmp	r3, #1
ARM GAS  C:\Users\Jona\AppData\Local\Temp\ccQ2oYG3.s 			page 6


 159 000e 01D1     		bne	.L10
 128:Generated_Source\PSoC5/AnalogeIngang_R_PM.c ****     {
 129:Generated_Source\PSoC5/AnalogeIngang_R_PM.c ****         AnalogeIngang_R_Enable();
 160              		.loc 1 129 0
 161 0010 FFF7FEFF 		bl	AnalogeIngang_R_Enable
 162              	.L10:
 130:Generated_Source\PSoC5/AnalogeIngang_R_PM.c ****     } /* Do nothing if component was disable before */
 131:Generated_Source\PSoC5/AnalogeIngang_R_PM.c **** }
 163              		.loc 1 131 0
 164 0014 00BF     		nop
 165 0016 80BD     		pop	{r7, pc}
 166              	.L12:
 167              		.align	2
 168              	.L11:
 169 0018 00000000 		.word	AnalogeIngang_R_backup
 170              		.cfi_endproc
 171              	.LFE3:
 172              		.size	AnalogeIngang_R_Wakeup, .-AnalogeIngang_R_Wakeup
 173              		.text
 174              	.Letext0:
 175              		.file 2 "Generated_Source\\PSoC5\\cytypes.h"
 176              		.file 3 "Generated_Source\\PSoC5\\AnalogeIngang_R.h"
 177              		.section	.debug_info,"",%progbits
 178              	.Ldebug_info0:
 179 0000 1D010000 		.4byte	0x11d
 180 0004 0400     		.2byte	0x4
 181 0006 00000000 		.4byte	.Ldebug_abbrev0
 182 000a 04       		.byte	0x4
 183 000b 01       		.uleb128 0x1
 184 000c D4000000 		.4byte	.LASF21
 185 0010 0C       		.byte	0xc
 186 0011 30000000 		.4byte	.LASF22
 187 0015 62010000 		.4byte	.LASF23
 188 0019 00000000 		.4byte	.Ldebug_ranges0+0
 189 001d 00000000 		.4byte	0
 190 0021 00000000 		.4byte	.Ldebug_line0
 191 0025 02       		.uleb128 0x2
 192 0026 01       		.byte	0x1
 193 0027 06       		.byte	0x6
 194 0028 2D020000 		.4byte	.LASF0
 195 002c 02       		.uleb128 0x2
 196 002d 01       		.byte	0x1
 197 002e 08       		.byte	0x8
 198 002f 5C000000 		.4byte	.LASF1
 199 0033 02       		.uleb128 0x2
 200 0034 02       		.byte	0x2
 201 0035 05       		.byte	0x5
 202 0036 63020000 		.4byte	.LASF2
 203 003a 02       		.uleb128 0x2
 204 003b 02       		.byte	0x2
 205 003c 07       		.byte	0x7
 206 003d 1A020000 		.4byte	.LASF3
 207 0041 02       		.uleb128 0x2
 208 0042 04       		.byte	0x4
 209 0043 05       		.byte	0x5
 210 0044 0A020000 		.4byte	.LASF4
 211 0048 02       		.uleb128 0x2
ARM GAS  C:\Users\Jona\AppData\Local\Temp\ccQ2oYG3.s 			page 7


 212 0049 04       		.byte	0x4
 213 004a 07       		.byte	0x7
 214 004b 8E000000 		.4byte	.LASF5
 215 004f 02       		.uleb128 0x2
 216 0050 08       		.byte	0x8
 217 0051 05       		.byte	0x5
 218 0052 00000000 		.4byte	.LASF6
 219 0056 02       		.uleb128 0x2
 220 0057 08       		.byte	0x8
 221 0058 07       		.byte	0x7
 222 0059 A0000000 		.4byte	.LASF7
 223 005d 03       		.uleb128 0x3
 224 005e 04       		.byte	0x4
 225 005f 05       		.byte	0x5
 226 0060 696E7400 		.ascii	"int\000"
 227 0064 02       		.uleb128 0x2
 228 0065 04       		.byte	0x4
 229 0066 07       		.byte	0x7
 230 0067 72020000 		.4byte	.LASF8
 231 006b 04       		.uleb128 0x4
 232 006c 88000000 		.4byte	.LASF12
 233 0070 02       		.byte	0x2
 234 0071 9201     		.2byte	0x192
 235 0073 2C000000 		.4byte	0x2c
 236 0077 02       		.uleb128 0x2
 237 0078 04       		.byte	0x4
 238 0079 04       		.byte	0x4
 239 007a CE000000 		.4byte	.LASF9
 240 007e 02       		.uleb128 0x2
 241 007f 08       		.byte	0x8
 242 0080 04       		.byte	0x4
 243 0081 13020000 		.4byte	.LASF10
 244 0085 02       		.uleb128 0x2
 245 0086 01       		.byte	0x1
 246 0087 08       		.byte	0x8
 247 0088 EA010000 		.4byte	.LASF11
 248 008c 04       		.uleb128 0x4
 249 008d 6D020000 		.4byte	.LASF13
 250 0091 02       		.byte	0x2
 251 0092 3C02     		.2byte	0x23c
 252 0094 98000000 		.4byte	0x98
 253 0098 05       		.uleb128 0x5
 254 0099 6B000000 		.4byte	0x6b
 255 009d 02       		.uleb128 0x2
 256 009e 08       		.byte	0x8
 257 009f 04       		.byte	0x4
 258 00a0 39020000 		.4byte	.LASF14
 259 00a4 02       		.uleb128 0x2
 260 00a5 04       		.byte	0x4
 261 00a6 07       		.byte	0x7
 262 00a7 7F020000 		.4byte	.LASF15
 263 00ab 06       		.uleb128 0x6
 264 00ac 01       		.byte	0x1
 265 00ad 03       		.byte	0x3
 266 00ae 26       		.byte	0x26
 267 00af C0000000 		.4byte	0xc0
 268 00b3 07       		.uleb128 0x7
ARM GAS  C:\Users\Jona\AppData\Local\Temp\ccQ2oYG3.s 			page 8


 269 00b4 0E000000 		.4byte	.LASF24
 270 00b8 03       		.byte	0x3
 271 00b9 28       		.byte	0x28
 272 00ba 6B000000 		.4byte	0x6b
 273 00be 00       		.byte	0
 274 00bf 00       		.byte	0
 275 00c0 08       		.uleb128 0x8
 276 00c1 45020000 		.4byte	.LASF16
 277 00c5 03       		.byte	0x3
 278 00c6 29       		.byte	0x29
 279 00c7 AB000000 		.4byte	0xab
 280 00cb 09       		.uleb128 0x9
 281 00cc EF010000 		.4byte	.LASF17
 282 00d0 01       		.byte	0x1
 283 00d1 25       		.byte	0x25
 284 00d2 00000000 		.4byte	.LFB0
 285 00d6 0C000000 		.4byte	.LFE0-.LFB0
 286 00da 01       		.uleb128 0x1
 287 00db 9C       		.byte	0x9c
 288 00dc 09       		.uleb128 0x9
 289 00dd 6A000000 		.4byte	.LASF18
 290 00e1 01       		.byte	0x1
 291 00e2 39       		.byte	0x39
 292 00e3 00000000 		.4byte	.LFB1
 293 00e7 0C000000 		.4byte	.LFE1-.LFB1
 294 00eb 01       		.uleb128 0x1
 295 00ec 9C       		.byte	0x9c
 296 00ed 0A       		.uleb128 0xa
 297 00ee 1A000000 		.4byte	.LASF19
 298 00f2 01       		.byte	0x1
 299 00f3 52       		.byte	0x52
 300 00f4 00000000 		.4byte	.LFB2
 301 00f8 34000000 		.4byte	.LFE2-.LFB2
 302 00fc 01       		.uleb128 0x1
 303 00fd 9C       		.byte	0x9c
 304 00fe 0A       		.uleb128 0xa
 305 00ff B7000000 		.4byte	.LASF20
 306 0103 01       		.byte	0x1
 307 0104 79       		.byte	0x79
 308 0105 00000000 		.4byte	.LFB3
 309 0109 1C000000 		.4byte	.LFE3-.LFB3
 310 010d 01       		.uleb128 0x1
 311 010e 9C       		.byte	0x9c
 312 010f 0B       		.uleb128 0xb
 313 0110 D3010000 		.4byte	.LASF25
 314 0114 01       		.byte	0x1
 315 0115 14       		.byte	0x14
 316 0116 C0000000 		.4byte	0xc0
 317 011a 05       		.uleb128 0x5
 318 011b 03       		.byte	0x3
 319 011c 00000000 		.4byte	AnalogeIngang_R_backup
 320 0120 00       		.byte	0
 321              		.section	.debug_abbrev,"",%progbits
 322              	.Ldebug_abbrev0:
 323 0000 01       		.uleb128 0x1
 324 0001 11       		.uleb128 0x11
 325 0002 01       		.byte	0x1
ARM GAS  C:\Users\Jona\AppData\Local\Temp\ccQ2oYG3.s 			page 9


 326 0003 25       		.uleb128 0x25
 327 0004 0E       		.uleb128 0xe
 328 0005 13       		.uleb128 0x13
 329 0006 0B       		.uleb128 0xb
 330 0007 03       		.uleb128 0x3
 331 0008 0E       		.uleb128 0xe
 332 0009 1B       		.uleb128 0x1b
 333 000a 0E       		.uleb128 0xe
 334 000b 55       		.uleb128 0x55
 335 000c 17       		.uleb128 0x17
 336 000d 11       		.uleb128 0x11
 337 000e 01       		.uleb128 0x1
 338 000f 10       		.uleb128 0x10
 339 0010 17       		.uleb128 0x17
 340 0011 00       		.byte	0
 341 0012 00       		.byte	0
 342 0013 02       		.uleb128 0x2
 343 0014 24       		.uleb128 0x24
 344 0015 00       		.byte	0
 345 0016 0B       		.uleb128 0xb
 346 0017 0B       		.uleb128 0xb
 347 0018 3E       		.uleb128 0x3e
 348 0019 0B       		.uleb128 0xb
 349 001a 03       		.uleb128 0x3
 350 001b 0E       		.uleb128 0xe
 351 001c 00       		.byte	0
 352 001d 00       		.byte	0
 353 001e 03       		.uleb128 0x3
 354 001f 24       		.uleb128 0x24
 355 0020 00       		.byte	0
 356 0021 0B       		.uleb128 0xb
 357 0022 0B       		.uleb128 0xb
 358 0023 3E       		.uleb128 0x3e
 359 0024 0B       		.uleb128 0xb
 360 0025 03       		.uleb128 0x3
 361 0026 08       		.uleb128 0x8
 362 0027 00       		.byte	0
 363 0028 00       		.byte	0
 364 0029 04       		.uleb128 0x4
 365 002a 16       		.uleb128 0x16
 366 002b 00       		.byte	0
 367 002c 03       		.uleb128 0x3
 368 002d 0E       		.uleb128 0xe
 369 002e 3A       		.uleb128 0x3a
 370 002f 0B       		.uleb128 0xb
 371 0030 3B       		.uleb128 0x3b
 372 0031 05       		.uleb128 0x5
 373 0032 49       		.uleb128 0x49
 374 0033 13       		.uleb128 0x13
 375 0034 00       		.byte	0
 376 0035 00       		.byte	0
 377 0036 05       		.uleb128 0x5
 378 0037 35       		.uleb128 0x35
 379 0038 00       		.byte	0
 380 0039 49       		.uleb128 0x49
 381 003a 13       		.uleb128 0x13
 382 003b 00       		.byte	0
ARM GAS  C:\Users\Jona\AppData\Local\Temp\ccQ2oYG3.s 			page 10


 383 003c 00       		.byte	0
 384 003d 06       		.uleb128 0x6
 385 003e 13       		.uleb128 0x13
 386 003f 01       		.byte	0x1
 387 0040 0B       		.uleb128 0xb
 388 0041 0B       		.uleb128 0xb
 389 0042 3A       		.uleb128 0x3a
 390 0043 0B       		.uleb128 0xb
 391 0044 3B       		.uleb128 0x3b
 392 0045 0B       		.uleb128 0xb
 393 0046 01       		.uleb128 0x1
 394 0047 13       		.uleb128 0x13
 395 0048 00       		.byte	0
 396 0049 00       		.byte	0
 397 004a 07       		.uleb128 0x7
 398 004b 0D       		.uleb128 0xd
 399 004c 00       		.byte	0
 400 004d 03       		.uleb128 0x3
 401 004e 0E       		.uleb128 0xe
 402 004f 3A       		.uleb128 0x3a
 403 0050 0B       		.uleb128 0xb
 404 0051 3B       		.uleb128 0x3b
 405 0052 0B       		.uleb128 0xb
 406 0053 49       		.uleb128 0x49
 407 0054 13       		.uleb128 0x13
 408 0055 38       		.uleb128 0x38
 409 0056 0B       		.uleb128 0xb
 410 0057 00       		.byte	0
 411 0058 00       		.byte	0
 412 0059 08       		.uleb128 0x8
 413 005a 16       		.uleb128 0x16
 414 005b 00       		.byte	0
 415 005c 03       		.uleb128 0x3
 416 005d 0E       		.uleb128 0xe
 417 005e 3A       		.uleb128 0x3a
 418 005f 0B       		.uleb128 0xb
 419 0060 3B       		.uleb128 0x3b
 420 0061 0B       		.uleb128 0xb
 421 0062 49       		.uleb128 0x49
 422 0063 13       		.uleb128 0x13
 423 0064 00       		.byte	0
 424 0065 00       		.byte	0
 425 0066 09       		.uleb128 0x9
 426 0067 2E       		.uleb128 0x2e
 427 0068 00       		.byte	0
 428 0069 3F       		.uleb128 0x3f
 429 006a 19       		.uleb128 0x19
 430 006b 03       		.uleb128 0x3
 431 006c 0E       		.uleb128 0xe
 432 006d 3A       		.uleb128 0x3a
 433 006e 0B       		.uleb128 0xb
 434 006f 3B       		.uleb128 0x3b
 435 0070 0B       		.uleb128 0xb
 436 0071 27       		.uleb128 0x27
 437 0072 19       		.uleb128 0x19
 438 0073 11       		.uleb128 0x11
 439 0074 01       		.uleb128 0x1
ARM GAS  C:\Users\Jona\AppData\Local\Temp\ccQ2oYG3.s 			page 11


 440 0075 12       		.uleb128 0x12
 441 0076 06       		.uleb128 0x6
 442 0077 40       		.uleb128 0x40
 443 0078 18       		.uleb128 0x18
 444 0079 9742     		.uleb128 0x2117
 445 007b 19       		.uleb128 0x19
 446 007c 00       		.byte	0
 447 007d 00       		.byte	0
 448 007e 0A       		.uleb128 0xa
 449 007f 2E       		.uleb128 0x2e
 450 0080 00       		.byte	0
 451 0081 3F       		.uleb128 0x3f
 452 0082 19       		.uleb128 0x19
 453 0083 03       		.uleb128 0x3
 454 0084 0E       		.uleb128 0xe
 455 0085 3A       		.uleb128 0x3a
 456 0086 0B       		.uleb128 0xb
 457 0087 3B       		.uleb128 0x3b
 458 0088 0B       		.uleb128 0xb
 459 0089 27       		.uleb128 0x27
 460 008a 19       		.uleb128 0x19
 461 008b 11       		.uleb128 0x11
 462 008c 01       		.uleb128 0x1
 463 008d 12       		.uleb128 0x12
 464 008e 06       		.uleb128 0x6
 465 008f 40       		.uleb128 0x40
 466 0090 18       		.uleb128 0x18
 467 0091 9642     		.uleb128 0x2116
 468 0093 19       		.uleb128 0x19
 469 0094 00       		.byte	0
 470 0095 00       		.byte	0
 471 0096 0B       		.uleb128 0xb
 472 0097 34       		.uleb128 0x34
 473 0098 00       		.byte	0
 474 0099 03       		.uleb128 0x3
 475 009a 0E       		.uleb128 0xe
 476 009b 3A       		.uleb128 0x3a
 477 009c 0B       		.uleb128 0xb
 478 009d 3B       		.uleb128 0x3b
 479 009e 0B       		.uleb128 0xb
 480 009f 49       		.uleb128 0x49
 481 00a0 13       		.uleb128 0x13
 482 00a1 02       		.uleb128 0x2
 483 00a2 18       		.uleb128 0x18
 484 00a3 00       		.byte	0
 485 00a4 00       		.byte	0
 486 00a5 00       		.byte	0
 487              		.section	.debug_aranges,"",%progbits
 488 0000 34000000 		.4byte	0x34
 489 0004 0200     		.2byte	0x2
 490 0006 00000000 		.4byte	.Ldebug_info0
 491 000a 04       		.byte	0x4
 492 000b 00       		.byte	0
 493 000c 0000     		.2byte	0
 494 000e 0000     		.2byte	0
 495 0010 00000000 		.4byte	.LFB0
 496 0014 0C000000 		.4byte	.LFE0-.LFB0
ARM GAS  C:\Users\Jona\AppData\Local\Temp\ccQ2oYG3.s 			page 12


 497 0018 00000000 		.4byte	.LFB1
 498 001c 0C000000 		.4byte	.LFE1-.LFB1
 499 0020 00000000 		.4byte	.LFB2
 500 0024 34000000 		.4byte	.LFE2-.LFB2
 501 0028 00000000 		.4byte	.LFB3
 502 002c 1C000000 		.4byte	.LFE3-.LFB3
 503 0030 00000000 		.4byte	0
 504 0034 00000000 		.4byte	0
 505              		.section	.debug_ranges,"",%progbits
 506              	.Ldebug_ranges0:
 507 0000 00000000 		.4byte	.LFB0
 508 0004 0C000000 		.4byte	.LFE0
 509 0008 00000000 		.4byte	.LFB1
 510 000c 0C000000 		.4byte	.LFE1
 511 0010 00000000 		.4byte	.LFB2
 512 0014 34000000 		.4byte	.LFE2
 513 0018 00000000 		.4byte	.LFB3
 514 001c 1C000000 		.4byte	.LFE3
 515 0020 00000000 		.4byte	0
 516 0024 00000000 		.4byte	0
 517              		.section	.debug_line,"",%progbits
 518              	.Ldebug_line0:
 519 0000 B4000000 		.section	.debug_str,"MS",%progbits,1
 519      02006400 
 519      00000201 
 519      FB0E0D00 
 519      01010101 
 520              	.LASF6:
 521 0000 6C6F6E67 		.ascii	"long long int\000"
 521      206C6F6E 
 521      6720696E 
 521      7400
 522              	.LASF24:
 523 000e 656E6162 		.ascii	"enableState\000"
 523      6C655374 
 523      61746500 
 524              	.LASF19:
 525 001a 416E616C 		.ascii	"AnalogeIngang_R_Sleep\000"
 525      6F676549 
 525      6E67616E 
 525      675F525F 
 525      536C6565 
 526              	.LASF22:
 527 0030 47656E65 		.ascii	"Generated_Source\\PSoC5\\AnalogeIngang_R_PM.c\000"
 527      72617465 
 527      645F536F 
 527      75726365 
 527      5C50536F 
 528              	.LASF1:
 529 005c 756E7369 		.ascii	"unsigned char\000"
 529      676E6564 
 529      20636861 
 529      7200
 530              	.LASF18:
 531 006a 416E616C 		.ascii	"AnalogeIngang_R_RestoreConfig\000"
 531      6F676549 
 531      6E67616E 
ARM GAS  C:\Users\Jona\AppData\Local\Temp\ccQ2oYG3.s 			page 13


 531      675F525F 
 531      52657374 
 532              	.LASF12:
 533 0088 75696E74 		.ascii	"uint8\000"
 533      3800
 534              	.LASF5:
 535 008e 6C6F6E67 		.ascii	"long unsigned int\000"
 535      20756E73 
 535      69676E65 
 535      6420696E 
 535      7400
 536              	.LASF7:
 537 00a0 6C6F6E67 		.ascii	"long long unsigned int\000"
 537      206C6F6E 
 537      6720756E 
 537      7369676E 
 537      65642069 
 538              	.LASF20:
 539 00b7 416E616C 		.ascii	"AnalogeIngang_R_Wakeup\000"
 539      6F676549 
 539      6E67616E 
 539      675F525F 
 539      57616B65 
 540              	.LASF9:
 541 00ce 666C6F61 		.ascii	"float\000"
 541      7400
 542              	.LASF21:
 543 00d4 474E5520 		.ascii	"GNU C11 5.4.1 20160609 (release) [ARM/embedded-5-br"
 543      43313120 
 543      352E342E 
 543      31203230 
 543      31363036 
 544 0107 616E6368 		.ascii	"anch revision 237715] -mcpu=cortex-m3 -mthumb -g -O"
 544      20726576 
 544      6973696F 
 544      6E203233 
 544      37373135 
 545 013a 30202D66 		.ascii	"0 -ffunction-sections -ffat-lto-objects\000"
 545      66756E63 
 545      74696F6E 
 545      2D736563 
 545      74696F6E 
 546              	.LASF23:
 547 0162 433A5C55 		.ascii	"C:\\Users\\Jona\\Documents\\GitHub\\Signaalverwerki"
 547      73657273 
 547      5C4A6F6E 
 547      615C446F 
 547      63756D65 
 548 0190 6E675C4C 		.ascii	"ng\\Labo6\\Opgave1\\IIR_filterProject_DFB\\IIR_filt"
 548      61626F36 
 548      5C4F7067 
 548      61766531 
 548      5C494952 
 549 01bf 65725072 		.ascii	"erProject_DFB.cydsn\000"
 549      6F6A6563 
 549      745F4446 
 549      422E6379 
ARM GAS  C:\Users\Jona\AppData\Local\Temp\ccQ2oYG3.s 			page 14


 549      64736E00 
 550              	.LASF25:
 551 01d3 416E616C 		.ascii	"AnalogeIngang_R_backup\000"
 551      6F676549 
 551      6E67616E 
 551      675F525F 
 551      6261636B 
 552              	.LASF11:
 553 01ea 63686172 		.ascii	"char\000"
 553      00
 554              	.LASF17:
 555 01ef 416E616C 		.ascii	"AnalogeIngang_R_SaveConfig\000"
 555      6F676549 
 555      6E67616E 
 555      675F525F 
 555      53617665 
 556              	.LASF4:
 557 020a 6C6F6E67 		.ascii	"long int\000"
 557      20696E74 
 557      00
 558              	.LASF10:
 559 0213 646F7562 		.ascii	"double\000"
 559      6C6500
 560              	.LASF3:
 561 021a 73686F72 		.ascii	"short unsigned int\000"
 561      7420756E 
 561      7369676E 
 561      65642069 
 561      6E7400
 562              	.LASF0:
 563 022d 7369676E 		.ascii	"signed char\000"
 563      65642063 
 563      68617200 
 564              	.LASF14:
 565 0239 6C6F6E67 		.ascii	"long double\000"
 565      20646F75 
 565      626C6500 
 566              	.LASF16:
 567 0245 416E616C 		.ascii	"AnalogeIngang_R_BACKUP_STRUCT\000"
 567      6F676549 
 567      6E67616E 
 567      675F525F 
 567      4241434B 
 568              	.LASF2:
 569 0263 73686F72 		.ascii	"short int\000"
 569      7420696E 
 569      7400
 570              	.LASF13:
 571 026d 72656738 		.ascii	"reg8\000"
 571      00
 572              	.LASF8:
 573 0272 756E7369 		.ascii	"unsigned int\000"
 573      676E6564 
 573      20696E74 
 573      00
 574              	.LASF15:
 575 027f 73697A65 		.ascii	"sizetype\000"
ARM GAS  C:\Users\Jona\AppData\Local\Temp\ccQ2oYG3.s 			page 15


 575      74797065 
 575      00
 576              		.ident	"GCC: (GNU Tools for ARM Embedded Processors) 5.4.1 20160609 (release) [ARM/embedded-5-bran
