ARM GAS  C:\Users\Jona\AppData\Local\Temp\cc65Fz1e.s 			page 1


   1              		.syntax unified
   2              		.cpu cortex-m3
   3              		.fpu softvfp
   4              		.eabi_attribute 20, 1
   5              		.eabi_attribute 21, 1
   6              		.eabi_attribute 23, 3
   7              		.eabi_attribute 24, 1
   8              		.eabi_attribute 25, 1
   9              		.eabi_attribute 26, 1
  10              		.eabi_attribute 30, 6
  11              		.eabi_attribute 34, 1
  12              		.eabi_attribute 18, 4
  13              		.thumb
  14              		.syntax unified
  15              		.file	"Filter_Coefficients.c"
  16              		.text
  17              	.Ltext0:
  18              		.cfi_sections	.debug_frame
  19              		.global	Filter_ChannelABiquadCoefficients
  20              		.section	.rodata
  21              		.align	2
  22              		.type	Filter_ChannelABiquadCoefficients, %object
  23              		.size	Filter_ChannelABiquadCoefficients, 40
  24              	Filter_ChannelABiquadCoefficients:
  25 0000 BA       		.byte	-70
  26 0001 34       		.byte	52
  27 0002 00       		.byte	0
  28 0003 00       		.byte	0
  29 0004 75       		.byte	117
  30 0005 69       		.byte	105
  31 0006 00       		.byte	0
  32 0007 00       		.byte	0
  33 0008 BA       		.byte	-70
  34 0009 34       		.byte	52
  35 000a 00       		.byte	0
  36 000b 00       		.byte	0
  37 000c 4B       		.byte	75
  38 000d E8       		.byte	-24
  39 000e 6E       		.byte	110
  40 000f 00       		.byte	0
  41 0010 B0       		.byte	-80
  42 0011 6E       		.byte	110
  43 0012 CC       		.byte	-52
  44 0013 00       		.byte	0
  45 0014 55       		.byte	85
  46 0015 CB       		.byte	-53
  47 0016 05       		.byte	5
  48 0017 00       		.byte	0
  49 0018 AB       		.byte	-85
  50 0019 96       		.byte	-106
  51 001a 0B       		.byte	11
  52 001b 00       		.byte	0
  53 001c 55       		.byte	85
  54 001d CB       		.byte	-53
  55 001e 05       		.byte	5
  56 001f 00       		.byte	0
  57 0020 57       		.byte	87
ARM GAS  C:\Users\Jona\AppData\Local\Temp\cc65Fz1e.s 			page 2


  58 0021 83       		.byte	-125
  59 0022 61       		.byte	97
  60 0023 00       		.byte	0
  61 0024 B9       		.byte	-71
  62 0025 63       		.byte	99
  63 0026 DA       		.byte	-38
  64 0027 00       		.byte	0
  65              		.text
  66              	.Letext0:
  67              		.file 1 "Generated_Source\\PSoC5\\cytypes.h"
  68              		.file 2 "Generated_Source\\PSoC5\\Filter_Coefficients.c"
  69              		.section	.debug_info,"",%progbits
  70              	.Ldebug_info0:
  71 0000 BA000000 		.4byte	0xba
  72 0004 0400     		.2byte	0x4
  73 0006 00000000 		.4byte	.Ldebug_abbrev0
  74 000a 04       		.byte	0x4
  75 000b 01       		.uleb128 0x1
  76 000c 50000000 		.4byte	.LASF14
  77 0010 0C       		.byte	0xc
  78 0011 D2010000 		.4byte	.LASF15
  79 0015 DE000000 		.4byte	.LASF16
  80 0019 00000000 		.4byte	.Ldebug_line0
  81 001d 02       		.uleb128 0x2
  82 001e 04       		.byte	0x4
  83 001f 05       		.byte	0x5
  84 0020 696E7400 		.ascii	"int\000"
  85 0024 03       		.uleb128 0x3
  86 0025 04       		.byte	0x4
  87 0026 07       		.byte	0x7
  88 0027 0E000000 		.4byte	.LASF0
  89 002b 03       		.uleb128 0x3
  90 002c 08       		.byte	0x8
  91 002d 05       		.byte	0x5
  92 002e 00000000 		.4byte	.LASF1
  93 0032 03       		.uleb128 0x3
  94 0033 08       		.byte	0x8
  95 0034 04       		.byte	0x4
  96 0035 91010000 		.4byte	.LASF2
  97 0039 03       		.uleb128 0x3
  98 003a 01       		.byte	0x1
  99 003b 06       		.byte	0x6
 100 003c 85010000 		.4byte	.LASF3
 101 0040 03       		.uleb128 0x3
 102 0041 01       		.byte	0x1
 103 0042 08       		.byte	0x8
 104 0043 4F010000 		.4byte	.LASF4
 105 0047 03       		.uleb128 0x3
 106 0048 02       		.byte	0x2
 107 0049 05       		.byte	0x5
 108 004a 9D010000 		.4byte	.LASF5
 109 004e 03       		.uleb128 0x3
 110 004f 02       		.byte	0x2
 111 0050 07       		.byte	0x7
 112 0051 72010000 		.4byte	.LASF6
 113 0055 03       		.uleb128 0x3
 114 0056 04       		.byte	0x4
ARM GAS  C:\Users\Jona\AppData\Local\Temp\cc65Fz1e.s 			page 3


 115 0057 05       		.byte	0x5
 116 0058 62010000 		.4byte	.LASF7
 117 005c 03       		.uleb128 0x3
 118 005d 04       		.byte	0x4
 119 005e 07       		.byte	0x7
 120 005f 21000000 		.4byte	.LASF8
 121 0063 03       		.uleb128 0x3
 122 0064 08       		.byte	0x8
 123 0065 07       		.byte	0x7
 124 0066 33000000 		.4byte	.LASF9
 125 006a 03       		.uleb128 0x3
 126 006b 04       		.byte	0x4
 127 006c 07       		.byte	0x7
 128 006d C9010000 		.4byte	.LASF10
 129 0071 03       		.uleb128 0x3
 130 0072 01       		.byte	0x1
 131 0073 08       		.byte	0x8
 132 0074 5D010000 		.4byte	.LASF11
 133 0078 04       		.uleb128 0x4
 134 0079 1B000000 		.4byte	.LASF17
 135 007d 01       		.byte	0x1
 136 007e 9201     		.2byte	0x192
 137 0080 40000000 		.4byte	0x40
 138 0084 03       		.uleb128 0x3
 139 0085 04       		.byte	0x4
 140 0086 04       		.byte	0x4
 141 0087 4A000000 		.4byte	.LASF12
 142 008b 03       		.uleb128 0x3
 143 008c 08       		.byte	0x8
 144 008d 04       		.byte	0x4
 145 008e 6B010000 		.4byte	.LASF13
 146 0092 05       		.uleb128 0x5
 147 0093 A2000000 		.4byte	0xa2
 148 0097 A2000000 		.4byte	0xa2
 149 009b 06       		.uleb128 0x6
 150 009c 6A000000 		.4byte	0x6a
 151 00a0 27       		.byte	0x27
 152 00a1 00       		.byte	0
 153 00a2 07       		.uleb128 0x7
 154 00a3 78000000 		.4byte	0x78
 155 00a7 08       		.uleb128 0x8
 156 00a8 A7010000 		.4byte	.LASF18
 157 00ac 02       		.byte	0x2
 158 00ad 11       		.byte	0x11
 159 00ae B8000000 		.4byte	0xb8
 160 00b2 05       		.uleb128 0x5
 161 00b3 03       		.byte	0x3
 162 00b4 00000000 		.4byte	Filter_ChannelABiquadCoefficients
 163 00b8 07       		.uleb128 0x7
 164 00b9 92000000 		.4byte	0x92
 165 00bd 00       		.byte	0
 166              		.section	.debug_abbrev,"",%progbits
 167              	.Ldebug_abbrev0:
 168 0000 01       		.uleb128 0x1
 169 0001 11       		.uleb128 0x11
 170 0002 01       		.byte	0x1
 171 0003 25       		.uleb128 0x25
ARM GAS  C:\Users\Jona\AppData\Local\Temp\cc65Fz1e.s 			page 4


 172 0004 0E       		.uleb128 0xe
 173 0005 13       		.uleb128 0x13
 174 0006 0B       		.uleb128 0xb
 175 0007 03       		.uleb128 0x3
 176 0008 0E       		.uleb128 0xe
 177 0009 1B       		.uleb128 0x1b
 178 000a 0E       		.uleb128 0xe
 179 000b 10       		.uleb128 0x10
 180 000c 17       		.uleb128 0x17
 181 000d 00       		.byte	0
 182 000e 00       		.byte	0
 183 000f 02       		.uleb128 0x2
 184 0010 24       		.uleb128 0x24
 185 0011 00       		.byte	0
 186 0012 0B       		.uleb128 0xb
 187 0013 0B       		.uleb128 0xb
 188 0014 3E       		.uleb128 0x3e
 189 0015 0B       		.uleb128 0xb
 190 0016 03       		.uleb128 0x3
 191 0017 08       		.uleb128 0x8
 192 0018 00       		.byte	0
 193 0019 00       		.byte	0
 194 001a 03       		.uleb128 0x3
 195 001b 24       		.uleb128 0x24
 196 001c 00       		.byte	0
 197 001d 0B       		.uleb128 0xb
 198 001e 0B       		.uleb128 0xb
 199 001f 3E       		.uleb128 0x3e
 200 0020 0B       		.uleb128 0xb
 201 0021 03       		.uleb128 0x3
 202 0022 0E       		.uleb128 0xe
 203 0023 00       		.byte	0
 204 0024 00       		.byte	0
 205 0025 04       		.uleb128 0x4
 206 0026 16       		.uleb128 0x16
 207 0027 00       		.byte	0
 208 0028 03       		.uleb128 0x3
 209 0029 0E       		.uleb128 0xe
 210 002a 3A       		.uleb128 0x3a
 211 002b 0B       		.uleb128 0xb
 212 002c 3B       		.uleb128 0x3b
 213 002d 05       		.uleb128 0x5
 214 002e 49       		.uleb128 0x49
 215 002f 13       		.uleb128 0x13
 216 0030 00       		.byte	0
 217 0031 00       		.byte	0
 218 0032 05       		.uleb128 0x5
 219 0033 01       		.uleb128 0x1
 220 0034 01       		.byte	0x1
 221 0035 49       		.uleb128 0x49
 222 0036 13       		.uleb128 0x13
 223 0037 01       		.uleb128 0x1
 224 0038 13       		.uleb128 0x13
 225 0039 00       		.byte	0
 226 003a 00       		.byte	0
 227 003b 06       		.uleb128 0x6
 228 003c 21       		.uleb128 0x21
ARM GAS  C:\Users\Jona\AppData\Local\Temp\cc65Fz1e.s 			page 5


 229 003d 00       		.byte	0
 230 003e 49       		.uleb128 0x49
 231 003f 13       		.uleb128 0x13
 232 0040 2F       		.uleb128 0x2f
 233 0041 0B       		.uleb128 0xb
 234 0042 00       		.byte	0
 235 0043 00       		.byte	0
 236 0044 07       		.uleb128 0x7
 237 0045 26       		.uleb128 0x26
 238 0046 00       		.byte	0
 239 0047 49       		.uleb128 0x49
 240 0048 13       		.uleb128 0x13
 241 0049 00       		.byte	0
 242 004a 00       		.byte	0
 243 004b 08       		.uleb128 0x8
 244 004c 34       		.uleb128 0x34
 245 004d 00       		.byte	0
 246 004e 03       		.uleb128 0x3
 247 004f 0E       		.uleb128 0xe
 248 0050 3A       		.uleb128 0x3a
 249 0051 0B       		.uleb128 0xb
 250 0052 3B       		.uleb128 0x3b
 251 0053 0B       		.uleb128 0xb
 252 0054 49       		.uleb128 0x49
 253 0055 13       		.uleb128 0x13
 254 0056 3F       		.uleb128 0x3f
 255 0057 19       		.uleb128 0x19
 256 0058 02       		.uleb128 0x2
 257 0059 18       		.uleb128 0x18
 258 005a 00       		.byte	0
 259 005b 00       		.byte	0
 260 005c 00       		.byte	0
 261              		.section	.debug_aranges,"",%progbits
 262 0000 14000000 		.4byte	0x14
 263 0004 0200     		.2byte	0x2
 264 0006 00000000 		.4byte	.Ldebug_info0
 265 000a 04       		.byte	0x4
 266 000b 00       		.byte	0
 267 000c 0000     		.2byte	0
 268 000e 0000     		.2byte	0
 269 0010 00000000 		.4byte	0
 270 0014 00000000 		.4byte	0
 271              		.section	.debug_line,"",%progbits
 272              	.Ldebug_line0:
 273 0000 56000000 		.section	.debug_str,"MS",%progbits,1
 273      02005000 
 273      00000201 
 273      FB0E0D00 
 273      01010101 
 274              	.LASF1:
 275 0000 6C6F6E67 		.ascii	"long long int\000"
 275      206C6F6E 
 275      6720696E 
 275      7400
 276              	.LASF0:
 277 000e 756E7369 		.ascii	"unsigned int\000"
 277      676E6564 
ARM GAS  C:\Users\Jona\AppData\Local\Temp\cc65Fz1e.s 			page 6


 277      20696E74 
 277      00
 278              	.LASF17:
 279 001b 75696E74 		.ascii	"uint8\000"
 279      3800
 280              	.LASF8:
 281 0021 6C6F6E67 		.ascii	"long unsigned int\000"
 281      20756E73 
 281      69676E65 
 281      6420696E 
 281      7400
 282              	.LASF9:
 283 0033 6C6F6E67 		.ascii	"long long unsigned int\000"
 283      206C6F6E 
 283      6720756E 
 283      7369676E 
 283      65642069 
 284              	.LASF12:
 285 004a 666C6F61 		.ascii	"float\000"
 285      7400
 286              	.LASF14:
 287 0050 474E5520 		.ascii	"GNU C11 5.4.1 20160609 (release) [ARM/embedded-5-br"
 287      43313120 
 287      352E342E 
 287      31203230 
 287      31363036 
 288 0083 616E6368 		.ascii	"anch revision 237715] -mcpu=cortex-m3 -mthumb -g -O"
 288      20726576 
 288      6973696F 
 288      6E203233 
 288      37373135 
 289 00b6 30202D66 		.ascii	"0 -ffunction-sections -ffat-lto-objects\000"
 289      66756E63 
 289      74696F6E 
 289      2D736563 
 289      74696F6E 
 290              	.LASF16:
 291 00de 433A5C55 		.ascii	"C:\\Users\\Jona\\Documents\\GitHub\\Signaalverwerki"
 291      73657273 
 291      5C4A6F6E 
 291      615C446F 
 291      63756D65 
 292 010c 6E675C4C 		.ascii	"ng\\Labo6\\Opgave1\\IIR_filterProject_DFB\\IIR_filt"
 292      61626F36 
 292      5C4F7067 
 292      61766531 
 292      5C494952 
 293 013b 65725072 		.ascii	"erProject_DFB.cydsn\000"
 293      6F6A6563 
 293      745F4446 
 293      422E6379 
 293      64736E00 
 294              	.LASF4:
 295 014f 756E7369 		.ascii	"unsigned char\000"
 295      676E6564 
 295      20636861 
 295      7200
ARM GAS  C:\Users\Jona\AppData\Local\Temp\cc65Fz1e.s 			page 7


 296              	.LASF11:
 297 015d 63686172 		.ascii	"char\000"
 297      00
 298              	.LASF7:
 299 0162 6C6F6E67 		.ascii	"long int\000"
 299      20696E74 
 299      00
 300              	.LASF13:
 301 016b 646F7562 		.ascii	"double\000"
 301      6C6500
 302              	.LASF6:
 303 0172 73686F72 		.ascii	"short unsigned int\000"
 303      7420756E 
 303      7369676E 
 303      65642069 
 303      6E7400
 304              	.LASF3:
 305 0185 7369676E 		.ascii	"signed char\000"
 305      65642063 
 305      68617200 
 306              	.LASF2:
 307 0191 6C6F6E67 		.ascii	"long double\000"
 307      20646F75 
 307      626C6500 
 308              	.LASF5:
 309 019d 73686F72 		.ascii	"short int\000"
 309      7420696E 
 309      7400
 310              	.LASF18:
 311 01a7 46696C74 		.ascii	"Filter_ChannelABiquadCoefficients\000"
 311      65725F43 
 311      68616E6E 
 311      656C4142 
 311      69717561 
 312              	.LASF10:
 313 01c9 73697A65 		.ascii	"sizetype\000"
 313      74797065 
 313      00
 314              	.LASF15:
 315 01d2 47656E65 		.ascii	"Generated_Source\\PSoC5\\Filter_Coefficients.c\000"
 315      72617465 
 315      645F536F 
 315      75726365 
 315      5C50536F 
 316              		.ident	"GCC: (GNU Tools for ARM Embedded Processors) 5.4.1 20160609 (release) [ARM/embedded-5-bran
